[2.101s] Invoking command in '/home/foiegreis/ros2_fndm_ws/src/py_actions': PYTHONPATH=/home/foiegreis/ros2_fndm_ws/build/py_actions/prefix_override:/home/foiegreis/ros2_fndm_ws/install/py_actions/lib/python3.10/site-packages:${PYTHONPATH} /usr/bin/python3 setup.py egg_info --egg-base ../../build/py_actions build --build-base /home/foiegreis/ros2_fndm_ws/build/py_actions/build install --record /home/foiegreis/ros2_fndm_ws/build/py_actions/install.log --single-version-externally-managed
[2.774s] running egg_info
[2.774s] creating ../../build/py_actions/py_actions.egg-info
[2.774s] writing ../../build/py_actions/py_actions.egg-info/PKG-INFO
[2.774s] writing dependency_links to ../../build/py_actions/py_actions.egg-info/dependency_links.txt
[2.775s] writing entry points to ../../build/py_actions/py_actions.egg-info/entry_points.txt
[2.775s] writing requirements to ../../build/py_actions/py_actions.egg-info/requires.txt
[2.775s] writing top-level names to ../../build/py_actions/py_actions.egg-info/top_level.txt
[2.775s] writing manifest file '../../build/py_actions/py_actions.egg-info/SOURCES.txt'
[2.778s] reading manifest file '../../build/py_actions/py_actions.egg-info/SOURCES.txt'
[2.781s] writing manifest file '../../build/py_actions/py_actions.egg-info/SOURCES.txt'
[2.781s] running build
[2.781s] running build_py
[2.792s] creating /home/foiegreis/ros2_fndm_ws/build/py_actions/build
[2.792s] creating /home/foiegreis/ros2_fndm_ws/build/py_actions/build/lib
[2.794s] creating /home/foiegreis/ros2_fndm_ws/build/py_actions/build/lib/py_actions
[2.794s] copying py_actions/fibonacci_server.py -> /home/foiegreis/ros2_fndm_ws/build/py_actions/build/lib/py_actions
[2.795s] copying py_actions/__init__.py -> /home/foiegreis/ros2_fndm_ws/build/py_actions/build/lib/py_actions
[2.795s] copying py_actions/fibonacci_client.py -> /home/foiegreis/ros2_fndm_ws/build/py_actions/build/lib/py_actions
[2.795s] copying py_actions/fibonacci_cancel_server.py -> /home/foiegreis/ros2_fndm_ws/build/py_actions/build/lib/py_actions
[2.795s] copying py_actions/fibonacci_cancel_client.py -> /home/foiegreis/ros2_fndm_ws/build/py_actions/build/lib/py_actions
[2.795s] running install
[2.795s] running install_lib
[2.795s] creating /home/foiegreis/ros2_fndm_ws/install/py_actions/lib/python3.10/site-packages/py_actions
[2.796s] copying /home/foiegreis/ros2_fndm_ws/build/py_actions/build/lib/py_actions/fibonacci_server.py -> /home/foiegreis/ros2_fndm_ws/install/py_actions/lib/python3.10/site-packages/py_actions
[2.796s] copying /home/foiegreis/ros2_fndm_ws/build/py_actions/build/lib/py_actions/__init__.py -> /home/foiegreis/ros2_fndm_ws/install/py_actions/lib/python3.10/site-packages/py_actions
[2.796s] copying /home/foiegreis/ros2_fndm_ws/build/py_actions/build/lib/py_actions/fibonacci_client.py -> /home/foiegreis/ros2_fndm_ws/install/py_actions/lib/python3.10/site-packages/py_actions
[2.796s] copying /home/foiegreis/ros2_fndm_ws/build/py_actions/build/lib/py_actions/fibonacci_cancel_server.py -> /home/foiegreis/ros2_fndm_ws/install/py_actions/lib/python3.10/site-packages/py_actions
[2.796s] copying /home/foiegreis/ros2_fndm_ws/build/py_actions/build/lib/py_actions/fibonacci_cancel_client.py -> /home/foiegreis/ros2_fndm_ws/install/py_actions/lib/python3.10/site-packages/py_actions
[2.796s] byte-compiling /home/foiegreis/ros2_fndm_ws/install/py_actions/lib/python3.10/site-packages/py_actions/fibonacci_server.py to fibonacci_server.cpython-310.pyc
[2.797s] byte-compiling /home/foiegreis/ros2_fndm_ws/install/py_actions/lib/python3.10/site-packages/py_actions/__init__.py to __init__.cpython-310.pyc
[2.797s] byte-compiling /home/foiegreis/ros2_fndm_ws/install/py_actions/lib/python3.10/site-packages/py_actions/fibonacci_client.py to fibonacci_client.cpython-310.pyc
[2.797s] byte-compiling /home/foiegreis/ros2_fndm_ws/install/py_actions/lib/python3.10/site-packages/py_actions/fibonacci_cancel_server.py to fibonacci_cancel_server.cpython-310.pyc
[2.797s] byte-compiling /home/foiegreis/ros2_fndm_ws/install/py_actions/lib/python3.10/site-packages/py_actions/fibonacci_cancel_client.py to fibonacci_cancel_client.cpython-310.pyc
[2.797s] running install_data
[2.797s] creating /home/foiegreis/ros2_fndm_ws/install/py_actions/share/ament_index
[2.797s] creating /home/foiegreis/ros2_fndm_ws/install/py_actions/share/ament_index/resource_index
[2.798s] creating /home/foiegreis/ros2_fndm_ws/install/py_actions/share/ament_index/resource_index/packages
[2.798s] copying resource/py_actions -> /home/foiegreis/ros2_fndm_ws/install/py_actions/share/ament_index/resource_index/packages
[2.798s] copying package.xml -> /home/foiegreis/ros2_fndm_ws/install/py_actions/share/py_actions
[2.798s] running install_egg_info
[2.801s] Copying ../../build/py_actions/py_actions.egg-info to /home/foiegreis/ros2_fndm_ws/install/py_actions/lib/python3.10/site-packages/py_actions-0.0.0-py3.10.egg-info
[2.804s] running install_scripts
[2.851s] Installing fibonacci_cancel_client script to /home/foiegreis/ros2_fndm_ws/install/py_actions/lib/py_actions
[2.852s] Installing fibonacci_cancel_server script to /home/foiegreis/ros2_fndm_ws/install/py_actions/lib/py_actions
[2.852s] Installing fibonacci_client script to /home/foiegreis/ros2_fndm_ws/install/py_actions/lib/py_actions
[2.852s] Installing fibonacci_server script to /home/foiegreis/ros2_fndm_ws/install/py_actions/lib/py_actions
[2.853s] writing list of installed files to '/home/foiegreis/ros2_fndm_ws/build/py_actions/install.log'
[2.911s] Invoked command in '/home/foiegreis/ros2_fndm_ws/src/py_actions' returned '0': PYTHONPATH=/home/foiegreis/ros2_fndm_ws/build/py_actions/prefix_override:/home/foiegreis/ros2_fndm_ws/install/py_actions/lib/python3.10/site-packages:${PYTHONPATH} /usr/bin/python3 setup.py egg_info --egg-base ../../build/py_actions build --build-base /home/foiegreis/ros2_fndm_ws/build/py_actions/build install --record /home/foiegreis/ros2_fndm_ws/build/py_actions/install.log --single-version-externally-managed
