running egg_info
creating ../build/py_pkg/py_pkg.egg-info
writing ../build/py_pkg/py_pkg.egg-info/PKG-INFO
writing dependency_links to ../build/py_pkg/py_pkg.egg-info/dependency_links.txt
writing entry points to ../build/py_pkg/py_pkg.egg-info/entry_points.txt
writing requirements to ../build/py_pkg/py_pkg.egg-info/requires.txt
writing top-level names to ../build/py_pkg/py_pkg.egg-info/top_level.txt
writing manifest file '../build/py_pkg/py_pkg.egg-info/SOURCES.txt'
reading manifest file '../build/py_pkg/py_pkg.egg-info/SOURCES.txt'
writing manifest file '../build/py_pkg/py_pkg.egg-info/SOURCES.txt'
running build
running build_py
creating /home/foiegreis/ros2_fndm_ws/src/build/py_pkg/build
creating /home/foiegreis/ros2_fndm_ws/src/build/py_pkg/build/lib
creating /home/foiegreis/ros2_fndm_ws/src/build/py_pkg/build/lib/py_pkg
copying py_pkg/__init__.py -> /home/foiegreis/ros2_fndm_ws/src/build/py_pkg/build/lib/py_pkg
copying py_pkg/talker.py -> /home/foiegreis/ros2_fndm_ws/src/build/py_pkg/build/lib/py_pkg
copying py_pkg/simple_node.py -> /home/foiegreis/ros2_fndm_ws/src/build/py_pkg/build/lib/py_pkg
copying py_pkg/sum_server.py -> /home/foiegreis/ros2_fndm_ws/src/build/py_pkg/build/lib/py_pkg
copying py_pkg/sum_client.py -> /home/foiegreis/ros2_fndm_ws/src/build/py_pkg/build/lib/py_pkg
copying py_pkg/listener.py -> /home/foiegreis/ros2_fndm_ws/src/build/py_pkg/build/lib/py_pkg
running install
running install_lib
creating /home/foiegreis/ros2_fndm_ws/src/install/py_pkg/lib/python3.10/site-packages/py_pkg
copying /home/foiegreis/ros2_fndm_ws/src/build/py_pkg/build/lib/py_pkg/__init__.py -> /home/foiegreis/ros2_fndm_ws/src/install/py_pkg/lib/python3.10/site-packages/py_pkg
copying /home/foiegreis/ros2_fndm_ws/src/build/py_pkg/build/lib/py_pkg/talker.py -> /home/foiegreis/ros2_fndm_ws/src/install/py_pkg/lib/python3.10/site-packages/py_pkg
copying /home/foiegreis/ros2_fndm_ws/src/build/py_pkg/build/lib/py_pkg/simple_node.py -> /home/foiegreis/ros2_fndm_ws/src/install/py_pkg/lib/python3.10/site-packages/py_pkg
copying /home/foiegreis/ros2_fndm_ws/src/build/py_pkg/build/lib/py_pkg/sum_server.py -> /home/foiegreis/ros2_fndm_ws/src/install/py_pkg/lib/python3.10/site-packages/py_pkg
copying /home/foiegreis/ros2_fndm_ws/src/build/py_pkg/build/lib/py_pkg/sum_client.py -> /home/foiegreis/ros2_fndm_ws/src/install/py_pkg/lib/python3.10/site-packages/py_pkg
copying /home/foiegreis/ros2_fndm_ws/src/build/py_pkg/build/lib/py_pkg/listener.py -> /home/foiegreis/ros2_fndm_ws/src/install/py_pkg/lib/python3.10/site-packages/py_pkg
byte-compiling /home/foiegreis/ros2_fndm_ws/src/install/py_pkg/lib/python3.10/site-packages/py_pkg/__init__.py to __init__.cpython-310.pyc
byte-compiling /home/foiegreis/ros2_fndm_ws/src/install/py_pkg/lib/python3.10/site-packages/py_pkg/talker.py to talker.cpython-310.pyc
byte-compiling /home/foiegreis/ros2_fndm_ws/src/install/py_pkg/lib/python3.10/site-packages/py_pkg/simple_node.py to simple_node.cpython-310.pyc
byte-compiling /home/foiegreis/ros2_fndm_ws/src/install/py_pkg/lib/python3.10/site-packages/py_pkg/sum_server.py to sum_server.cpython-310.pyc
byte-compiling /home/foiegreis/ros2_fndm_ws/src/install/py_pkg/lib/python3.10/site-packages/py_pkg/sum_client.py to sum_client.cpython-310.pyc
byte-compiling /home/foiegreis/ros2_fndm_ws/src/install/py_pkg/lib/python3.10/site-packages/py_pkg/listener.py to listener.cpython-310.pyc
running install_data
creating /home/foiegreis/ros2_fndm_ws/src/install/py_pkg/share/ament_index
creating /home/foiegreis/ros2_fndm_ws/src/install/py_pkg/share/ament_index/resource_index
creating /home/foiegreis/ros2_fndm_ws/src/install/py_pkg/share/ament_index/resource_index/packages
copying resource/py_pkg -> /home/foiegreis/ros2_fndm_ws/src/install/py_pkg/share/ament_index/resource_index/packages
copying package.xml -> /home/foiegreis/ros2_fndm_ws/src/install/py_pkg/share/py_pkg
running install_egg_info
Copying ../build/py_pkg/py_pkg.egg-info to /home/foiegreis/ros2_fndm_ws/src/install/py_pkg/lib/python3.10/site-packages/py_pkg-0.0.0-py3.10.egg-info
running install_scripts
Installing listener_py script to /home/foiegreis/ros2_fndm_ws/src/install/py_pkg/lib/py_pkg
Installing simple_node_py script to /home/foiegreis/ros2_fndm_ws/src/install/py_pkg/lib/py_pkg
Installing sum_client_py script to /home/foiegreis/ros2_fndm_ws/src/install/py_pkg/lib/py_pkg
Installing sum_server_py script to /home/foiegreis/ros2_fndm_ws/src/install/py_pkg/lib/py_pkg
Installing talker_py script to /home/foiegreis/ros2_fndm_ws/src/install/py_pkg/lib/py_pkg
writing list of installed files to '/home/foiegreis/ros2_fndm_ws/src/build/py_pkg/install.log'
