[0.209s] Invoking command in '/home/foiegreis/ros2_fndm_ws/src/build/my_ros2_bringup': AMENT_PREFIX_PATH=/home/foiegreis/ros2_fndm_ws/src/install/py_pkg:/home/foiegreis/ros2_fndm_ws/src/install/cpp_pkg:${AMENT_PREFIX_PATH} CMAKE_PREFIX_PATH=/home/foiegreis/ros2_fndm_ws/src/install/cpp_pkg:/home/foiegreis/my_ros2_ws/install/my_ros2_bringup:/home/foiegreis/my_ros2_ws/install/cpp_actions:/home/foiegreis/my_ros2_ws/install/my_ros2_interface:/home/foiegreis/my_ros2_ws/install/cpp_py_pkg:/home/foiegreis/my_ros2_ws/install/cpp_pkg:/home/foiegreis/my_ros2_ws/src/install/cpp_py_pkg:/home/foiegreis/my_ros2_ws/src/install/cpp_pkg:/home/foiegreis/ros2_ws_book/install/cpp_pkg:/home/foiegreis/ros2_ws/install/my_bringup:/home/foiegreis/ros2_ws/install/my_interface:/home/foiegreis/ros2_ws/install/my_description:/home/foiegreis/ros2_ws_yolo3d/install/yolo3d:/home/foiegreis/ros2_ws_yolo3d/install/omni_robot_description:/home/foiegreis/ros2_ws_yolo3d/install/omni_control:/home/foiegreis/ros2_ws_yolo3d/install/gazebo_simulation:/home/foiegreis/my_ros2_ws/install/py_pkg:/home/foiegreis/my_ros2_ws/install/py_actions:/home/foiegreis/my_ros2_ws/src/install/py_pkg:/home/foiegreis/ros2_ws_book/install/py_pkg:/home/foiegreis/ros2_ws/install/my_py_pkg:/home/foiegreis/ros2_ws/install/lab4:/home/foiegreis/ros2_ws/install/lab3:/home/foiegreis/ros2_ws/install/lab2:/home/foiegreis/ros2_ws/install/lab1:/opt/ros/iron PYTHONPATH=/home/foiegreis/ros2_fndm_ws/src/install/py_pkg/lib/python3.10/site-packages:${PYTHONPATH} /usr/bin/cmake /home/foiegreis/ros2_fndm_ws/src/ros2_fndm_bringup -DCMAKE_INSTALL_PREFIX=/home/foiegreis/ros2_fndm_ws/src/install/my_ros2_bringup
[0.263s] -- The C compiler identification is GNU 11.4.0
[0.314s] -- The CXX compiler identification is GNU 11.4.0
[0.320s] -- Detecting C compiler ABI info
[0.383s] -- Detecting C compiler ABI info - done
[0.390s] -- Check for working C compiler: /usr/bin/cc - skipped
[0.390s] -- Detecting C compile features
[0.391s] -- Detecting C compile features - done
[0.393s] -- Detecting CXX compiler ABI info
[0.467s] -- Detecting CXX compiler ABI info - done
[0.474s] -- Check for working CXX compiler: /usr/bin/c++ - skipped
[0.474s] -- Detecting CXX compile features
[0.475s] -- Detecting CXX compile features - done
[0.479s] -- Found ament_cmake: 2.0.4 (/opt/ros/iron/share/ament_cmake/cmake)
[0.679s] -- Found Python3: /usr/bin/python3.10 (found version "3.10.12") found components: Interpreter 
[0.880s] -- Configuring done
[0.883s] -- Generating done
[0.884s] -- Build files have been written to: /home/foiegreis/ros2_fndm_ws/src/build/my_ros2_bringup
[0.888s] Invoked command in '/home/foiegreis/ros2_fndm_ws/src/build/my_ros2_bringup' returned '0': AMENT_PREFIX_PATH=/home/foiegreis/ros2_fndm_ws/src/install/py_pkg:/home/foiegreis/ros2_fndm_ws/src/install/cpp_pkg:${AMENT_PREFIX_PATH} CMAKE_PREFIX_PATH=/home/foiegreis/ros2_fndm_ws/src/install/cpp_pkg:/home/foiegreis/my_ros2_ws/install/my_ros2_bringup:/home/foiegreis/my_ros2_ws/install/cpp_actions:/home/foiegreis/my_ros2_ws/install/my_ros2_interface:/home/foiegreis/my_ros2_ws/install/cpp_py_pkg:/home/foiegreis/my_ros2_ws/install/cpp_pkg:/home/foiegreis/my_ros2_ws/src/install/cpp_py_pkg:/home/foiegreis/my_ros2_ws/src/install/cpp_pkg:/home/foiegreis/ros2_ws_book/install/cpp_pkg:/home/foiegreis/ros2_ws/install/my_bringup:/home/foiegreis/ros2_ws/install/my_interface:/home/foiegreis/ros2_ws/install/my_description:/home/foiegreis/ros2_ws_yolo3d/install/yolo3d:/home/foiegreis/ros2_ws_yolo3d/install/omni_robot_description:/home/foiegreis/ros2_ws_yolo3d/install/omni_control:/home/foiegreis/ros2_ws_yolo3d/install/gazebo_simulation:/home/foiegreis/my_ros2_ws/install/py_pkg:/home/foiegreis/my_ros2_ws/install/py_actions:/home/foiegreis/my_ros2_ws/src/install/py_pkg:/home/foiegreis/ros2_ws_book/install/py_pkg:/home/foiegreis/ros2_ws/install/my_py_pkg:/home/foiegreis/ros2_ws/install/lab4:/home/foiegreis/ros2_ws/install/lab3:/home/foiegreis/ros2_ws/install/lab2:/home/foiegreis/ros2_ws/install/lab1:/opt/ros/iron PYTHONPATH=/home/foiegreis/ros2_fndm_ws/src/install/py_pkg/lib/python3.10/site-packages:${PYTHONPATH} /usr/bin/cmake /home/foiegreis/ros2_fndm_ws/src/ros2_fndm_bringup -DCMAKE_INSTALL_PREFIX=/home/foiegreis/ros2_fndm_ws/src/install/my_ros2_bringup
[0.890s] Invoking command in '/home/foiegreis/ros2_fndm_ws/src/build/my_ros2_bringup': AMENT_PREFIX_PATH=/home/foiegreis/ros2_fndm_ws/src/install/py_pkg:/home/foiegreis/ros2_fndm_ws/src/install/cpp_pkg:${AMENT_PREFIX_PATH} CMAKE_PREFIX_PATH=/home/foiegreis/ros2_fndm_ws/src/install/cpp_pkg:/home/foiegreis/my_ros2_ws/install/my_ros2_bringup:/home/foiegreis/my_ros2_ws/install/cpp_actions:/home/foiegreis/my_ros2_ws/install/my_ros2_interface:/home/foiegreis/my_ros2_ws/install/cpp_py_pkg:/home/foiegreis/my_ros2_ws/install/cpp_pkg:/home/foiegreis/my_ros2_ws/src/install/cpp_py_pkg:/home/foiegreis/my_ros2_ws/src/install/cpp_pkg:/home/foiegreis/ros2_ws_book/install/cpp_pkg:/home/foiegreis/ros2_ws/install/my_bringup:/home/foiegreis/ros2_ws/install/my_interface:/home/foiegreis/ros2_ws/install/my_description:/home/foiegreis/ros2_ws_yolo3d/install/yolo3d:/home/foiegreis/ros2_ws_yolo3d/install/omni_robot_description:/home/foiegreis/ros2_ws_yolo3d/install/omni_control:/home/foiegreis/ros2_ws_yolo3d/install/gazebo_simulation:/home/foiegreis/my_ros2_ws/install/py_pkg:/home/foiegreis/my_ros2_ws/install/py_actions:/home/foiegreis/my_ros2_ws/src/install/py_pkg:/home/foiegreis/ros2_ws_book/install/py_pkg:/home/foiegreis/ros2_ws/install/my_py_pkg:/home/foiegreis/ros2_ws/install/lab4:/home/foiegreis/ros2_ws/install/lab3:/home/foiegreis/ros2_ws/install/lab2:/home/foiegreis/ros2_ws/install/lab1:/opt/ros/iron PYTHONPATH=/home/foiegreis/ros2_fndm_ws/src/install/py_pkg/lib/python3.10/site-packages:${PYTHONPATH} /usr/bin/cmake --build /home/foiegreis/ros2_fndm_ws/src/build/my_ros2_bringup -- -j12 -l12
[0.929s] Invoked command in '/home/foiegreis/ros2_fndm_ws/src/build/my_ros2_bringup' returned '0': AMENT_PREFIX_PATH=/home/foiegreis/ros2_fndm_ws/src/install/py_pkg:/home/foiegreis/ros2_fndm_ws/src/install/cpp_pkg:${AMENT_PREFIX_PATH} CMAKE_PREFIX_PATH=/home/foiegreis/ros2_fndm_ws/src/install/cpp_pkg:/home/foiegreis/my_ros2_ws/install/my_ros2_bringup:/home/foiegreis/my_ros2_ws/install/cpp_actions:/home/foiegreis/my_ros2_ws/install/my_ros2_interface:/home/foiegreis/my_ros2_ws/install/cpp_py_pkg:/home/foiegreis/my_ros2_ws/install/cpp_pkg:/home/foiegreis/my_ros2_ws/src/install/cpp_py_pkg:/home/foiegreis/my_ros2_ws/src/install/cpp_pkg:/home/foiegreis/ros2_ws_book/install/cpp_pkg:/home/foiegreis/ros2_ws/install/my_bringup:/home/foiegreis/ros2_ws/install/my_interface:/home/foiegreis/ros2_ws/install/my_description:/home/foiegreis/ros2_ws_yolo3d/install/yolo3d:/home/foiegreis/ros2_ws_yolo3d/install/omni_robot_description:/home/foiegreis/ros2_ws_yolo3d/install/omni_control:/home/foiegreis/ros2_ws_yolo3d/install/gazebo_simulation:/home/foiegreis/my_ros2_ws/install/py_pkg:/home/foiegreis/my_ros2_ws/install/py_actions:/home/foiegreis/my_ros2_ws/src/install/py_pkg:/home/foiegreis/ros2_ws_book/install/py_pkg:/home/foiegreis/ros2_ws/install/my_py_pkg:/home/foiegreis/ros2_ws/install/lab4:/home/foiegreis/ros2_ws/install/lab3:/home/foiegreis/ros2_ws/install/lab2:/home/foiegreis/ros2_ws/install/lab1:/opt/ros/iron PYTHONPATH=/home/foiegreis/ros2_fndm_ws/src/install/py_pkg/lib/python3.10/site-packages:${PYTHONPATH} /usr/bin/cmake --build /home/foiegreis/ros2_fndm_ws/src/build/my_ros2_bringup -- -j12 -l12
[0.957s] Invoking command in '/home/foiegreis/ros2_fndm_ws/src/build/my_ros2_bringup': AMENT_PREFIX_PATH=/home/foiegreis/ros2_fndm_ws/src/install/py_pkg:/home/foiegreis/ros2_fndm_ws/src/install/cpp_pkg:${AMENT_PREFIX_PATH} CMAKE_PREFIX_PATH=/home/foiegreis/ros2_fndm_ws/src/install/cpp_pkg:/home/foiegreis/my_ros2_ws/install/my_ros2_bringup:/home/foiegreis/my_ros2_ws/install/cpp_actions:/home/foiegreis/my_ros2_ws/install/my_ros2_interface:/home/foiegreis/my_ros2_ws/install/cpp_py_pkg:/home/foiegreis/my_ros2_ws/install/cpp_pkg:/home/foiegreis/my_ros2_ws/src/install/cpp_py_pkg:/home/foiegreis/my_ros2_ws/src/install/cpp_pkg:/home/foiegreis/ros2_ws_book/install/cpp_pkg:/home/foiegreis/ros2_ws/install/my_bringup:/home/foiegreis/ros2_ws/install/my_interface:/home/foiegreis/ros2_ws/install/my_description:/home/foiegreis/ros2_ws_yolo3d/install/yolo3d:/home/foiegreis/ros2_ws_yolo3d/install/omni_robot_description:/home/foiegreis/ros2_ws_yolo3d/install/omni_control:/home/foiegreis/ros2_ws_yolo3d/install/gazebo_simulation:/home/foiegreis/my_ros2_ws/install/py_pkg:/home/foiegreis/my_ros2_ws/install/py_actions:/home/foiegreis/my_ros2_ws/src/install/py_pkg:/home/foiegreis/ros2_ws_book/install/py_pkg:/home/foiegreis/ros2_ws/install/my_py_pkg:/home/foiegreis/ros2_ws/install/lab4:/home/foiegreis/ros2_ws/install/lab3:/home/foiegreis/ros2_ws/install/lab2:/home/foiegreis/ros2_ws/install/lab1:/opt/ros/iron PYTHONPATH=/home/foiegreis/ros2_fndm_ws/src/install/py_pkg/lib/python3.10/site-packages:${PYTHONPATH} /usr/bin/cmake --install /home/foiegreis/ros2_fndm_ws/src/build/my_ros2_bringup
[0.965s] -- Install configuration: ""
[0.965s] -- Installing: /home/foiegreis/ros2_fndm_ws/src/install/my_ros2_bringup/share/my_ros2_bringup/launch
[0.966s] -- Installing: /home/foiegreis/ros2_fndm_ws/src/install/my_ros2_bringup/share/my_ros2_bringup/launch/sum_app_launch.xml
[0.966s] -- Installing: /home/foiegreis/ros2_fndm_ws/src/install/my_ros2_bringup/share/my_ros2_bringup/launch/launch_py.py
[0.966s] -- Installing: /home/foiegreis/ros2_fndm_ws/src/install/my_ros2_bringup/share/my_ros2_bringup/launch/launch_xml.xml
[0.966s] -- Installing: /home/foiegreis/ros2_fndm_ws/src/install/my_ros2_bringup/share/my_ros2_bringup/launch/launch_yaml.yaml
[0.966s] -- Installing: /home/foiegreis/ros2_fndm_ws/src/install/my_ros2_bringup/share/my_ros2_bringup/launch/sum_app_launch.py
[0.966s] -- Installing: /home/foiegreis/ros2_fndm_ws/src/install/my_ros2_bringup/share/my_ros2_bringup/launch/sum_app_launch.yaml
[0.966s] -- Installing: /home/foiegreis/ros2_fndm_ws/src/install/my_ros2_bringup/share/ament_index/resource_index/package_run_dependencies/my_ros2_bringup
[0.966s] -- Installing: /home/foiegreis/ros2_fndm_ws/src/install/my_ros2_bringup/share/ament_index/resource_index/parent_prefix_path/my_ros2_bringup
[0.966s] -- Installing: /home/foiegreis/ros2_fndm_ws/src/install/my_ros2_bringup/share/my_ros2_bringup/environment/ament_prefix_path.sh
[0.967s] -- Installing: /home/foiegreis/ros2_fndm_ws/src/install/my_ros2_bringup/share/my_ros2_bringup/environment/ament_prefix_path.dsv
[0.967s] -- Installing: /home/foiegreis/ros2_fndm_ws/src/install/my_ros2_bringup/share/my_ros2_bringup/environment/path.sh
[0.967s] -- Installing: /home/foiegreis/ros2_fndm_ws/src/install/my_ros2_bringup/share/my_ros2_bringup/environment/path.dsv
[0.967s] -- Installing: /home/foiegreis/ros2_fndm_ws/src/install/my_ros2_bringup/share/my_ros2_bringup/local_setup.bash
[0.967s] -- Installing: /home/foiegreis/ros2_fndm_ws/src/install/my_ros2_bringup/share/my_ros2_bringup/local_setup.sh
[0.967s] -- Installing: /home/foiegreis/ros2_fndm_ws/src/install/my_ros2_bringup/share/my_ros2_bringup/local_setup.zsh
[0.968s] -- Installing: /home/foiegreis/ros2_fndm_ws/src/install/my_ros2_bringup/share/my_ros2_bringup/local_setup.dsv
[0.968s] -- Installing: /home/foiegreis/ros2_fndm_ws/src/install/my_ros2_bringup/share/my_ros2_bringup/package.dsv
[0.968s] -- Installing: /home/foiegreis/ros2_fndm_ws/src/install/my_ros2_bringup/share/ament_index/resource_index/packages/my_ros2_bringup
[0.968s] -- Installing: /home/foiegreis/ros2_fndm_ws/src/install/my_ros2_bringup/share/my_ros2_bringup/cmake/my_ros2_bringupConfig.cmake
[0.968s] -- Installing: /home/foiegreis/ros2_fndm_ws/src/install/my_ros2_bringup/share/my_ros2_bringup/cmake/my_ros2_bringupConfig-version.cmake
[0.968s] -- Installing: /home/foiegreis/ros2_fndm_ws/src/install/my_ros2_bringup/share/my_ros2_bringup/package.xml
[0.971s] Invoked command in '/home/foiegreis/ros2_fndm_ws/src/build/my_ros2_bringup' returned '0': AMENT_PREFIX_PATH=/home/foiegreis/ros2_fndm_ws/src/install/py_pkg:/home/foiegreis/ros2_fndm_ws/src/install/cpp_pkg:${AMENT_PREFIX_PATH} CMAKE_PREFIX_PATH=/home/foiegreis/ros2_fndm_ws/src/install/cpp_pkg:/home/foiegreis/my_ros2_ws/install/my_ros2_bringup:/home/foiegreis/my_ros2_ws/install/cpp_actions:/home/foiegreis/my_ros2_ws/install/my_ros2_interface:/home/foiegreis/my_ros2_ws/install/cpp_py_pkg:/home/foiegreis/my_ros2_ws/install/cpp_pkg:/home/foiegreis/my_ros2_ws/src/install/cpp_py_pkg:/home/foiegreis/my_ros2_ws/src/install/cpp_pkg:/home/foiegreis/ros2_ws_book/install/cpp_pkg:/home/foiegreis/ros2_ws/install/my_bringup:/home/foiegreis/ros2_ws/install/my_interface:/home/foiegreis/ros2_ws/install/my_description:/home/foiegreis/ros2_ws_yolo3d/install/yolo3d:/home/foiegreis/ros2_ws_yolo3d/install/omni_robot_description:/home/foiegreis/ros2_ws_yolo3d/install/omni_control:/home/foiegreis/ros2_ws_yolo3d/install/gazebo_simulation:/home/foiegreis/my_ros2_ws/install/py_pkg:/home/foiegreis/my_ros2_ws/install/py_actions:/home/foiegreis/my_ros2_ws/src/install/py_pkg:/home/foiegreis/ros2_ws_book/install/py_pkg:/home/foiegreis/ros2_ws/install/my_py_pkg:/home/foiegreis/ros2_ws/install/lab4:/home/foiegreis/ros2_ws/install/lab3:/home/foiegreis/ros2_ws/install/lab2:/home/foiegreis/ros2_ws/install/lab1:/opt/ros/iron PYTHONPATH=/home/foiegreis/ros2_fndm_ws/src/install/py_pkg/lib/python3.10/site-packages:${PYTHONPATH} /usr/bin/cmake --install /home/foiegreis/ros2_fndm_ws/src/build/my_ros2_bringup
