[2.409s] Invoking command in '/home/foiegreis/ros2_fndm_ws/src/py_pkg': PYTHONPATH=/home/foiegreis/ros2_fndm_ws/build/py_pkg/prefix_override:/home/foiegreis/ros2_fndm_ws/install/py_pkg/lib/python3.10/site-packages:${PYTHONPATH} /usr/bin/python3 setup.py egg_info --egg-base ../../build/py_pkg build --build-base /home/foiegreis/ros2_fndm_ws/build/py_pkg/build install --record /home/foiegreis/ros2_fndm_ws/build/py_pkg/install.log --single-version-externally-managed
[2.931s] running egg_info
[2.931s] creating ../../build/py_pkg/py_pkg.egg-info
[2.932s] writing ../../build/py_pkg/py_pkg.egg-info/PKG-INFO
[2.932s] writing dependency_links to ../../build/py_pkg/py_pkg.egg-info/dependency_links.txt
[2.932s] writing entry points to ../../build/py_pkg/py_pkg.egg-info/entry_points.txt
[2.932s] writing requirements to ../../build/py_pkg/py_pkg.egg-info/requires.txt
[2.933s] writing top-level names to ../../build/py_pkg/py_pkg.egg-info/top_level.txt
[2.933s] writing manifest file '../../build/py_pkg/py_pkg.egg-info/SOURCES.txt'
[2.937s] reading manifest file '../../build/py_pkg/py_pkg.egg-info/SOURCES.txt'
[2.939s] writing manifest file '../../build/py_pkg/py_pkg.egg-info/SOURCES.txt'
[2.939s] running build
[2.939s] running build_py
[2.940s] creating /home/foiegreis/ros2_fndm_ws/build/py_pkg/build
[2.940s] creating /home/foiegreis/ros2_fndm_ws/build/py_pkg/build/lib
[2.940s] creating /home/foiegreis/ros2_fndm_ws/build/py_pkg/build/lib/py_pkg
[2.940s] copying py_pkg/__init__.py -> /home/foiegreis/ros2_fndm_ws/build/py_pkg/build/lib/py_pkg
[2.940s] copying py_pkg/talker.py -> /home/foiegreis/ros2_fndm_ws/build/py_pkg/build/lib/py_pkg
[2.940s] copying py_pkg/simple_node.py -> /home/foiegreis/ros2_fndm_ws/build/py_pkg/build/lib/py_pkg
[2.941s] copying py_pkg/sum_server.py -> /home/foiegreis/ros2_fndm_ws/build/py_pkg/build/lib/py_pkg
[2.941s] copying py_pkg/sum_client.py -> /home/foiegreis/ros2_fndm_ws/build/py_pkg/build/lib/py_pkg
[2.942s] copying py_pkg/listener.py -> /home/foiegreis/ros2_fndm_ws/build/py_pkg/build/lib/py_pkg
[2.942s] running install
[2.943s] running install_lib
[2.945s] creating /home/foiegreis/ros2_fndm_ws/install/py_pkg/lib/python3.10/site-packages/py_pkg
[2.945s] copying /home/foiegreis/ros2_fndm_ws/build/py_pkg/build/lib/py_pkg/__init__.py -> /home/foiegreis/ros2_fndm_ws/install/py_pkg/lib/python3.10/site-packages/py_pkg
[2.946s] copying /home/foiegreis/ros2_fndm_ws/build/py_pkg/build/lib/py_pkg/talker.py -> /home/foiegreis/ros2_fndm_ws/install/py_pkg/lib/python3.10/site-packages/py_pkg
[2.946s] copying /home/foiegreis/ros2_fndm_ws/build/py_pkg/build/lib/py_pkg/simple_node.py -> /home/foiegreis/ros2_fndm_ws/install/py_pkg/lib/python3.10/site-packages/py_pkg
[2.946s] copying /home/foiegreis/ros2_fndm_ws/build/py_pkg/build/lib/py_pkg/sum_server.py -> /home/foiegreis/ros2_fndm_ws/install/py_pkg/lib/python3.10/site-packages/py_pkg
[2.946s] copying /home/foiegreis/ros2_fndm_ws/build/py_pkg/build/lib/py_pkg/sum_client.py -> /home/foiegreis/ros2_fndm_ws/install/py_pkg/lib/python3.10/site-packages/py_pkg
[2.946s] copying /home/foiegreis/ros2_fndm_ws/build/py_pkg/build/lib/py_pkg/listener.py -> /home/foiegreis/ros2_fndm_ws/install/py_pkg/lib/python3.10/site-packages/py_pkg
[2.948s] byte-compiling /home/foiegreis/ros2_fndm_ws/install/py_pkg/lib/python3.10/site-packages/py_pkg/__init__.py to __init__.cpython-310.pyc
[2.948s] byte-compiling /home/foiegreis/ros2_fndm_ws/install/py_pkg/lib/python3.10/site-packages/py_pkg/talker.py to talker.cpython-310.pyc
[2.949s] byte-compiling /home/foiegreis/ros2_fndm_ws/install/py_pkg/lib/python3.10/site-packages/py_pkg/simple_node.py to simple_node.cpython-310.pyc
[2.950s] byte-compiling /home/foiegreis/ros2_fndm_ws/install/py_pkg/lib/python3.10/site-packages/py_pkg/sum_server.py to sum_server.cpython-310.pyc
[2.951s] byte-compiling /home/foiegreis/ros2_fndm_ws/install/py_pkg/lib/python3.10/site-packages/py_pkg/sum_client.py to sum_client.cpython-310.pyc
[2.952s] byte-compiling /home/foiegreis/ros2_fndm_ws/install/py_pkg/lib/python3.10/site-packages/py_pkg/listener.py to listener.cpython-310.pyc
[2.953s] running install_data
[2.956s] creating /home/foiegreis/ros2_fndm_ws/install/py_pkg/share/ament_index
[2.956s] creating /home/foiegreis/ros2_fndm_ws/install/py_pkg/share/ament_index/resource_index
[2.956s] creating /home/foiegreis/ros2_fndm_ws/install/py_pkg/share/ament_index/resource_index/packages
[2.957s] copying resource/py_pkg -> /home/foiegreis/ros2_fndm_ws/install/py_pkg/share/ament_index/resource_index/packages
[2.957s] copying package.xml -> /home/foiegreis/ros2_fndm_ws/install/py_pkg/share/py_pkg
[2.957s] running install_egg_info
[2.960s] Copying ../../build/py_pkg/py_pkg.egg-info to /home/foiegreis/ros2_fndm_ws/install/py_pkg/lib/python3.10/site-packages/py_pkg-0.0.0-py3.10.egg-info
[2.962s] running install_scripts
[3.028s] Installing listener_py script to /home/foiegreis/ros2_fndm_ws/install/py_pkg/lib/py_pkg
[3.029s] Installing simple_node_py script to /home/foiegreis/ros2_fndm_ws/install/py_pkg/lib/py_pkg
[3.029s] Installing sum_client_py script to /home/foiegreis/ros2_fndm_ws/install/py_pkg/lib/py_pkg
[3.029s] Installing sum_server_py script to /home/foiegreis/ros2_fndm_ws/install/py_pkg/lib/py_pkg
[3.029s] Installing talker_py script to /home/foiegreis/ros2_fndm_ws/install/py_pkg/lib/py_pkg
[3.030s] writing list of installed files to '/home/foiegreis/ros2_fndm_ws/build/py_pkg/install.log'
[3.097s] Invoked command in '/home/foiegreis/ros2_fndm_ws/src/py_pkg' returned '0': PYTHONPATH=/home/foiegreis/ros2_fndm_ws/build/py_pkg/prefix_override:/home/foiegreis/ros2_fndm_ws/install/py_pkg/lib/python3.10/site-packages:${PYTHONPATH} /usr/bin/python3 setup.py egg_info --egg-base ../../build/py_pkg build --build-base /home/foiegreis/ros2_fndm_ws/build/py_pkg/build install --record /home/foiegreis/ros2_fndm_ws/build/py_pkg/install.log --single-version-externally-managed
