[0.515s] Invoking command in '/home/foiegreis/ros2_fndm_ws/build/cpp_pkg': CMAKE_PREFIX_PATH=${CMAKE_PREFIX_PATH}:/home/foiegreis/ros2_fndm_ws/install/py_actions:/home/foiegreis/ros2_fndm_ws/install/py_pkg:/home/foiegreis/ros2_ws_book/install/py_pkg:/home/foiegreis/ros2_ws/install/my_py_pkg:/home/foiegreis/ros2_ws/install/lab4:/home/foiegreis/ros2_ws/install/lab3:/home/foiegreis/ros2_ws/install/lab2:/home/foiegreis/ros2_ws/install/lab1:/opt/ros/iron /usr/bin/cmake --build /home/foiegreis/ros2_fndm_ws/build/cpp_pkg -- -j12 -l12
[1.089s] [35m[1mConsolidate compiler generated dependencies of target listener_cpp[0m
[1.090s] [35m[1mConsolidate compiler generated dependencies of target talker_cpp[0m
[1.090s] [35m[1mConsolidate compiler generated dependencies of target simple_node_cpp[0m
[1.090s] [35m[1mConsolidate compiler generated dependencies of target sum_client_cpp[0m
[1.090s] [35m[1mConsolidate compiler generated dependencies of target sum_server_cpp[0m
[1.090s] [ 10%] [32mBuilding CXX object CMakeFiles/listener_cpp.dir/src/listener.cpp.o[0m
[1.090s] [ 30%] Built target simple_node_cpp
[1.091s] [ 50%] Built target talker_cpp
[1.091s] [ 70%] Built target sum_server_cpp
[1.091s] [ 90%] Built target sum_client_cpp
[7.291s] [100%] [32m[1mLinking CXX executable listener_cpp[0m
[7.644s] [100%] Built target listener_cpp
[7.656s] Invoked command in '/home/foiegreis/ros2_fndm_ws/build/cpp_pkg' returned '0': CMAKE_PREFIX_PATH=${CMAKE_PREFIX_PATH}:/home/foiegreis/ros2_fndm_ws/install/py_actions:/home/foiegreis/ros2_fndm_ws/install/py_pkg:/home/foiegreis/ros2_ws_book/install/py_pkg:/home/foiegreis/ros2_ws/install/my_py_pkg:/home/foiegreis/ros2_ws/install/lab4:/home/foiegreis/ros2_ws/install/lab3:/home/foiegreis/ros2_ws/install/lab2:/home/foiegreis/ros2_ws/install/lab1:/opt/ros/iron /usr/bin/cmake --build /home/foiegreis/ros2_fndm_ws/build/cpp_pkg -- -j12 -l12
[7.697s] Invoking command in '/home/foiegreis/ros2_fndm_ws/build/cpp_pkg': CMAKE_PREFIX_PATH=${CMAKE_PREFIX_PATH}:/home/foiegreis/ros2_fndm_ws/install/py_actions:/home/foiegreis/ros2_fndm_ws/install/py_pkg:/home/foiegreis/ros2_ws_book/install/py_pkg:/home/foiegreis/ros2_ws/install/my_py_pkg:/home/foiegreis/ros2_ws/install/lab4:/home/foiegreis/ros2_ws/install/lab3:/home/foiegreis/ros2_ws/install/lab2:/home/foiegreis/ros2_ws/install/lab1:/opt/ros/iron /usr/bin/cmake --install /home/foiegreis/ros2_fndm_ws/build/cpp_pkg
[7.706s] -- Install configuration: ""
[7.706s] -- Installing: /home/foiegreis/ros2_fndm_ws/install/cpp_pkg/lib/cpp_pkg/simple_node_cpp
[7.707s] -- Set runtime path of "/home/foiegreis/ros2_fndm_ws/install/cpp_pkg/lib/cpp_pkg/simple_node_cpp" to ""
[7.707s] -- Installing: /home/foiegreis/ros2_fndm_ws/install/cpp_pkg/lib/cpp_pkg/talker_cpp
[7.708s] -- Set runtime path of "/home/foiegreis/ros2_fndm_ws/install/cpp_pkg/lib/cpp_pkg/talker_cpp" to ""
[7.708s] -- Installing: /home/foiegreis/ros2_fndm_ws/install/cpp_pkg/lib/cpp_pkg/listener_cpp
[7.713s] -- Set runtime path of "/home/foiegreis/ros2_fndm_ws/install/cpp_pkg/lib/cpp_pkg/listener_cpp" to ""
[7.713s] -- Installing: /home/foiegreis/ros2_fndm_ws/install/cpp_pkg/lib/cpp_pkg/sum_server_cpp
[7.714s] -- Set runtime path of "/home/foiegreis/ros2_fndm_ws/install/cpp_pkg/lib/cpp_pkg/sum_server_cpp" to ""
[7.714s] -- Installing: /home/foiegreis/ros2_fndm_ws/install/cpp_pkg/lib/cpp_pkg/sum_client_cpp
[7.715s] -- Set runtime path of "/home/foiegreis/ros2_fndm_ws/install/cpp_pkg/lib/cpp_pkg/sum_client_cpp" to ""
[7.715s] -- Installing: /home/foiegreis/ros2_fndm_ws/install/cpp_pkg/share/ament_index/resource_index/package_run_dependencies/cpp_pkg
[7.715s] -- Installing: /home/foiegreis/ros2_fndm_ws/install/cpp_pkg/share/ament_index/resource_index/parent_prefix_path/cpp_pkg
[7.716s] -- Installing: /home/foiegreis/ros2_fndm_ws/install/cpp_pkg/share/cpp_pkg/environment/ament_prefix_path.sh
[7.716s] -- Installing: /home/foiegreis/ros2_fndm_ws/install/cpp_pkg/share/cpp_pkg/environment/ament_prefix_path.dsv
[7.716s] -- Installing: /home/foiegreis/ros2_fndm_ws/install/cpp_pkg/share/cpp_pkg/environment/path.sh
[7.716s] -- Installing: /home/foiegreis/ros2_fndm_ws/install/cpp_pkg/share/cpp_pkg/environment/path.dsv
[7.716s] -- Installing: /home/foiegreis/ros2_fndm_ws/install/cpp_pkg/share/cpp_pkg/local_setup.bash
[7.716s] -- Installing: /home/foiegreis/ros2_fndm_ws/install/cpp_pkg/share/cpp_pkg/local_setup.sh
[7.716s] -- Installing: /home/foiegreis/ros2_fndm_ws/install/cpp_pkg/share/cpp_pkg/local_setup.zsh
[7.716s] -- Installing: /home/foiegreis/ros2_fndm_ws/install/cpp_pkg/share/cpp_pkg/local_setup.dsv
[7.717s] -- Installing: /home/foiegreis/ros2_fndm_ws/install/cpp_pkg/share/cpp_pkg/package.dsv
[7.717s] -- Installing: /home/foiegreis/ros2_fndm_ws/install/cpp_pkg/share/ament_index/resource_index/packages/cpp_pkg
[7.717s] -- Installing: /home/foiegreis/ros2_fndm_ws/install/cpp_pkg/share/cpp_pkg/cmake/ament_cmake_export_dependencies-extras.cmake
[7.717s] -- Installing: /home/foiegreis/ros2_fndm_ws/install/cpp_pkg/share/cpp_pkg/cmake/cpp_pkgConfig.cmake
[7.717s] -- Installing: /home/foiegreis/ros2_fndm_ws/install/cpp_pkg/share/cpp_pkg/cmake/cpp_pkgConfig-version.cmake
[7.718s] -- Installing: /home/foiegreis/ros2_fndm_ws/install/cpp_pkg/share/cpp_pkg/package.xml
[7.720s] Invoked command in '/home/foiegreis/ros2_fndm_ws/build/cpp_pkg' returned '0': CMAKE_PREFIX_PATH=${CMAKE_PREFIX_PATH}:/home/foiegreis/ros2_fndm_ws/install/py_actions:/home/foiegreis/ros2_fndm_ws/install/py_pkg:/home/foiegreis/ros2_ws_book/install/py_pkg:/home/foiegreis/ros2_ws/install/my_py_pkg:/home/foiegreis/ros2_ws/install/lab4:/home/foiegreis/ros2_ws/install/lab3:/home/foiegreis/ros2_ws/install/lab2:/home/foiegreis/ros2_ws/install/lab1:/opt/ros/iron /usr/bin/cmake --install /home/foiegreis/ros2_fndm_ws/build/cpp_pkg
