[1.395s] DEBUG:colcon:Command line arguments: ['/usr/bin/colcon', 'build', '--packages-select', 'ros2_fndm_bringup']
[1.395s] DEBUG:colcon:Parsed command line arguments: Namespace(log_base=None, log_level=None, verb_name='build', build_base='build', install_base='install', merge_install=False, symlink_install=False, test_result_base=None, continue_on_error=False, executor='parallel', parallel_workers=12, event_handlers=None, ignore_user_meta=False, metas=['./colcon.meta'], base_paths=['.'], packages_ignore=None, packages_ignore_regex=None, paths=None, packages_up_to=None, packages_up_to_regex=None, packages_above=None, packages_above_and_dependencies=None, packages_above_depth=None, packages_select_by_dep=None, packages_skip_by_dep=None, packages_skip_up_to=None, packages_select_build_failed=False, packages_skip_build_finished=False, packages_select_test_failures=False, packages_skip_test_passed=False, packages_select=['ros2_fndm_bringup'], packages_skip=None, packages_select_regex=None, packages_skip_regex=None, packages_start=None, packages_end=None, allow_overriding=[], cmake_args=None, cmake_target=None, cmake_target_skip_unavailable=False, cmake_clean_cache=False, cmake_clean_first=False, cmake_force_configure=False, ament_cmake_args=None, catkin_cmake_args=None, catkin_skip_building_tests=False, verb_parser=<colcon_defaults.argument_parser.defaults.DefaultArgumentsDecorator object at 0x7200e082b790>, verb_extension=<colcon_core.verb.build.BuildVerb object at 0x7200e09f0c40>, main=<bound method BuildVerb.main of <colcon_core.verb.build.BuildVerb object at 0x7200e09f0c40>>)
[1.457s] Level 1:colcon.colcon_core.package_discovery:discover_packages(colcon_meta) check parameters
[1.457s] Level 1:colcon.colcon_core.package_discovery:discover_packages(recursive) check parameters
[1.457s] Level 1:colcon.colcon_core.package_discovery:discover_packages(ignore) check parameters
[1.457s] Level 1:colcon.colcon_core.package_discovery:discover_packages(path) check parameters
[1.457s] Level 1:colcon.colcon_core.package_discovery:discover_packages(colcon_meta) discover
[1.457s] Level 1:colcon.colcon_core.package_discovery:discover_packages(recursive) discover
[1.457s] INFO:colcon.colcon_core.package_discovery:Crawling recursively for packages in '/home/foiegreis/ros2_fndm_ws'
[1.457s] Level 1:colcon.colcon_core.package_identification:_identify(.) by extensions ['ignore', 'ignore_ament_install']
[1.457s] Level 1:colcon.colcon_core.package_identification:_identify(.) by extension 'ignore'
[1.457s] Level 1:colcon.colcon_core.package_identification:_identify(.) by extension 'ignore_ament_install'
[1.457s] Level 1:colcon.colcon_core.package_identification:_identify(.) by extensions ['colcon_pkg']
[1.457s] Level 1:colcon.colcon_core.package_identification:_identify(.) by extension 'colcon_pkg'
[1.457s] Level 1:colcon.colcon_core.package_identification:_identify(.) by extensions ['colcon_meta']
[1.457s] Level 1:colcon.colcon_core.package_identification:_identify(.) by extension 'colcon_meta'
[1.457s] Level 1:colcon.colcon_core.package_identification:_identify(.) by extensions ['ros']
[1.457s] Level 1:colcon.colcon_core.package_identification:_identify(.) by extension 'ros'
[1.467s] Level 1:colcon.colcon_core.package_identification:_identify(.) by extensions ['cmake', 'python']
[1.467s] Level 1:colcon.colcon_core.package_identification:_identify(.) by extension 'cmake'
[1.467s] Level 1:colcon.colcon_core.package_identification:_identify(.) by extension 'python'
[1.467s] Level 1:colcon.colcon_core.package_identification:_identify(.) by extensions ['python_setup_py']
[1.467s] Level 1:colcon.colcon_core.package_identification:_identify(.) by extension 'python_setup_py'
[1.467s] Level 1:colcon.colcon_core.package_identification:_identify(build) by extensions ['ignore', 'ignore_ament_install']
[1.468s] Level 1:colcon.colcon_core.package_identification:_identify(build) by extension 'ignore'
[1.468s] Level 1:colcon.colcon_core.package_identification:_identify(build) ignored
[1.468s] Level 1:colcon.colcon_core.package_identification:_identify(install) by extensions ['ignore', 'ignore_ament_install']
[1.468s] Level 1:colcon.colcon_core.package_identification:_identify(install) by extension 'ignore'
[1.468s] Level 1:colcon.colcon_core.package_identification:_identify(install) ignored
[1.468s] Level 1:colcon.colcon_core.package_identification:_identify(log) by extensions ['ignore', 'ignore_ament_install']
[1.468s] Level 1:colcon.colcon_core.package_identification:_identify(log) by extension 'ignore'
[1.468s] Level 1:colcon.colcon_core.package_identification:_identify(log) ignored
[1.468s] Level 1:colcon.colcon_core.package_identification:_identify(src) by extensions ['ignore', 'ignore_ament_install']
[1.468s] Level 1:colcon.colcon_core.package_identification:_identify(src) by extension 'ignore'
[1.468s] Level 1:colcon.colcon_core.package_identification:_identify(src) by extension 'ignore_ament_install'
[1.468s] Level 1:colcon.colcon_core.package_identification:_identify(src) by extensions ['colcon_pkg']
[1.468s] Level 1:colcon.colcon_core.package_identification:_identify(src) by extension 'colcon_pkg'
[1.468s] Level 1:colcon.colcon_core.package_identification:_identify(src) by extensions ['colcon_meta']
[1.468s] Level 1:colcon.colcon_core.package_identification:_identify(src) by extension 'colcon_meta'
[1.468s] Level 1:colcon.colcon_core.package_identification:_identify(src) by extensions ['ros']
[1.468s] Level 1:colcon.colcon_core.package_identification:_identify(src) by extension 'ros'
[1.469s] Level 1:colcon.colcon_core.package_identification:_identify(src) by extensions ['cmake', 'python']
[1.469s] Level 1:colcon.colcon_core.package_identification:_identify(src) by extension 'cmake'
[1.469s] Level 1:colcon.colcon_core.package_identification:_identify(src) by extension 'python'
[1.469s] Level 1:colcon.colcon_core.package_identification:_identify(src) by extensions ['python_setup_py']
[1.469s] Level 1:colcon.colcon_core.package_identification:_identify(src) by extension 'python_setup_py'
[1.469s] Level 1:colcon.colcon_core.package_identification:_identify(src/build) by extensions ['ignore', 'ignore_ament_install']
[1.469s] Level 1:colcon.colcon_core.package_identification:_identify(src/build) by extension 'ignore'
[1.469s] Level 1:colcon.colcon_core.package_identification:_identify(src/build) ignored
[1.469s] Level 1:colcon.colcon_core.package_identification:_identify(src/cpp_actions) by extensions ['ignore', 'ignore_ament_install']
[1.469s] Level 1:colcon.colcon_core.package_identification:_identify(src/cpp_actions) by extension 'ignore'
[1.469s] Level 1:colcon.colcon_core.package_identification:_identify(src/cpp_actions) by extension 'ignore_ament_install'
[1.469s] Level 1:colcon.colcon_core.package_identification:_identify(src/cpp_actions) by extensions ['colcon_pkg']
[1.469s] Level 1:colcon.colcon_core.package_identification:_identify(src/cpp_actions) by extension 'colcon_pkg'
[1.469s] Level 1:colcon.colcon_core.package_identification:_identify(src/cpp_actions) by extensions ['colcon_meta']
[1.469s] Level 1:colcon.colcon_core.package_identification:_identify(src/cpp_actions) by extension 'colcon_meta'
[1.469s] Level 1:colcon.colcon_core.package_identification:_identify(src/cpp_actions) by extensions ['ros']
[1.469s] Level 1:colcon.colcon_core.package_identification:_identify(src/cpp_actions) by extension 'ros'
[1.472s] DEBUG:colcon.colcon_core.package_identification:Package 'src/cpp_actions' with type 'ros.ament_cmake' and name 'cpp_actions'
[1.472s] Level 1:colcon.colcon_core.package_identification:_identify(src/cpp_pkg) by extensions ['ignore', 'ignore_ament_install']
[1.472s] Level 1:colcon.colcon_core.package_identification:_identify(src/cpp_pkg) by extension 'ignore'
[1.472s] Level 1:colcon.colcon_core.package_identification:_identify(src/cpp_pkg) by extension 'ignore_ament_install'
[1.472s] Level 1:colcon.colcon_core.package_identification:_identify(src/cpp_pkg) by extensions ['colcon_pkg']
[1.472s] Level 1:colcon.colcon_core.package_identification:_identify(src/cpp_pkg) by extension 'colcon_pkg'
[1.472s] Level 1:colcon.colcon_core.package_identification:_identify(src/cpp_pkg) by extensions ['colcon_meta']
[1.472s] Level 1:colcon.colcon_core.package_identification:_identify(src/cpp_pkg) by extension 'colcon_meta'
[1.472s] Level 1:colcon.colcon_core.package_identification:_identify(src/cpp_pkg) by extensions ['ros']
[1.472s] Level 1:colcon.colcon_core.package_identification:_identify(src/cpp_pkg) by extension 'ros'
[1.473s] DEBUG:colcon.colcon_core.package_identification:Package 'src/cpp_pkg' with type 'ros.ament_cmake' and name 'cpp_pkg'
[1.473s] Level 1:colcon.colcon_core.package_identification:_identify(src/cpp_py_pkg) by extensions ['ignore', 'ignore_ament_install']
[1.473s] Level 1:colcon.colcon_core.package_identification:_identify(src/cpp_py_pkg) by extension 'ignore'
[1.473s] Level 1:colcon.colcon_core.package_identification:_identify(src/cpp_py_pkg) by extension 'ignore_ament_install'
[1.473s] Level 1:colcon.colcon_core.package_identification:_identify(src/cpp_py_pkg) by extensions ['colcon_pkg']
[1.473s] Level 1:colcon.colcon_core.package_identification:_identify(src/cpp_py_pkg) by extension 'colcon_pkg'
[1.473s] Level 1:colcon.colcon_core.package_identification:_identify(src/cpp_py_pkg) by extensions ['colcon_meta']
[1.473s] Level 1:colcon.colcon_core.package_identification:_identify(src/cpp_py_pkg) by extension 'colcon_meta'
[1.473s] Level 1:colcon.colcon_core.package_identification:_identify(src/cpp_py_pkg) by extensions ['ros']
[1.473s] Level 1:colcon.colcon_core.package_identification:_identify(src/cpp_py_pkg) by extension 'ros'
[1.473s] DEBUG:colcon.colcon_core.package_identification:Package 'src/cpp_py_pkg' with type 'ros.ament_cmake' and name 'cpp_py_pkg'
[1.474s] Level 1:colcon.colcon_core.package_identification:_identify(src/install) by extensions ['ignore', 'ignore_ament_install']
[1.474s] Level 1:colcon.colcon_core.package_identification:_identify(src/install) by extension 'ignore'
[1.474s] Level 1:colcon.colcon_core.package_identification:_identify(src/install) ignored
[1.474s] Level 1:colcon.colcon_core.package_identification:_identify(src/log) by extensions ['ignore', 'ignore_ament_install']
[1.474s] Level 1:colcon.colcon_core.package_identification:_identify(src/log) by extension 'ignore'
[1.474s] Level 1:colcon.colcon_core.package_identification:_identify(src/log) ignored
[1.474s] Level 1:colcon.colcon_core.package_identification:_identify(src/py_actions) by extensions ['ignore', 'ignore_ament_install']
[1.474s] Level 1:colcon.colcon_core.package_identification:_identify(src/py_actions) by extension 'ignore'
[1.474s] Level 1:colcon.colcon_core.package_identification:_identify(src/py_actions) by extension 'ignore_ament_install'
[1.474s] Level 1:colcon.colcon_core.package_identification:_identify(src/py_actions) by extensions ['colcon_pkg']
[1.474s] Level 1:colcon.colcon_core.package_identification:_identify(src/py_actions) by extension 'colcon_pkg'
[1.474s] Level 1:colcon.colcon_core.package_identification:_identify(src/py_actions) by extensions ['colcon_meta']
[1.474s] Level 1:colcon.colcon_core.package_identification:_identify(src/py_actions) by extension 'colcon_meta'
[1.474s] Level 1:colcon.colcon_core.package_identification:_identify(src/py_actions) by extensions ['ros']
[1.474s] Level 1:colcon.colcon_core.package_identification:_identify(src/py_actions) by extension 'ros'
[1.475s] DEBUG:colcon.colcon_core.package_identification:Package 'src/py_actions' with type 'ros.ament_python' and name 'py_actions'
[1.475s] Level 1:colcon.colcon_core.package_identification:_identify(src/py_pkg) by extensions ['ignore', 'ignore_ament_install']
[1.475s] Level 1:colcon.colcon_core.package_identification:_identify(src/py_pkg) by extension 'ignore'
[1.475s] Level 1:colcon.colcon_core.package_identification:_identify(src/py_pkg) by extension 'ignore_ament_install'
[1.475s] Level 1:colcon.colcon_core.package_identification:_identify(src/py_pkg) by extensions ['colcon_pkg']
[1.475s] Level 1:colcon.colcon_core.package_identification:_identify(src/py_pkg) by extension 'colcon_pkg'
[1.475s] Level 1:colcon.colcon_core.package_identification:_identify(src/py_pkg) by extensions ['colcon_meta']
[1.475s] Level 1:colcon.colcon_core.package_identification:_identify(src/py_pkg) by extension 'colcon_meta'
[1.475s] Level 1:colcon.colcon_core.package_identification:_identify(src/py_pkg) by extensions ['ros']
[1.475s] Level 1:colcon.colcon_core.package_identification:_identify(src/py_pkg) by extension 'ros'
[1.476s] DEBUG:colcon.colcon_core.package_identification:Package 'src/py_pkg' with type 'ros.ament_python' and name 'py_pkg'
[1.476s] Level 1:colcon.colcon_core.package_identification:_identify(src/ros2_fndm_bringup) by extensions ['ignore', 'ignore_ament_install']
[1.476s] Level 1:colcon.colcon_core.package_identification:_identify(src/ros2_fndm_bringup) by extension 'ignore'
[1.476s] Level 1:colcon.colcon_core.package_identification:_identify(src/ros2_fndm_bringup) by extension 'ignore_ament_install'
[1.476s] Level 1:colcon.colcon_core.package_identification:_identify(src/ros2_fndm_bringup) by extensions ['colcon_pkg']
[1.476s] Level 1:colcon.colcon_core.package_identification:_identify(src/ros2_fndm_bringup) by extension 'colcon_pkg'
[1.476s] Level 1:colcon.colcon_core.package_identification:_identify(src/ros2_fndm_bringup) by extensions ['colcon_meta']
[1.476s] Level 1:colcon.colcon_core.package_identification:_identify(src/ros2_fndm_bringup) by extension 'colcon_meta'
[1.476s] Level 1:colcon.colcon_core.package_identification:_identify(src/ros2_fndm_bringup) by extensions ['ros']
[1.476s] Level 1:colcon.colcon_core.package_identification:_identify(src/ros2_fndm_bringup) by extension 'ros'
[1.477s] DEBUG:colcon.colcon_core.package_identification:Package 'src/ros2_fndm_bringup' with type 'ros.ament_cmake' and name 'ros2_fndm_bringup'
[1.477s] Level 1:colcon.colcon_core.package_identification:_identify(src/ros2_fndm_interface) by extensions ['ignore', 'ignore_ament_install']
[1.477s] Level 1:colcon.colcon_core.package_identification:_identify(src/ros2_fndm_interface) by extension 'ignore'
[1.477s] Level 1:colcon.colcon_core.package_identification:_identify(src/ros2_fndm_interface) by extension 'ignore_ament_install'
[1.477s] Level 1:colcon.colcon_core.package_identification:_identify(src/ros2_fndm_interface) by extensions ['colcon_pkg']
[1.477s] Level 1:colcon.colcon_core.package_identification:_identify(src/ros2_fndm_interface) by extension 'colcon_pkg'
[1.477s] Level 1:colcon.colcon_core.package_identification:_identify(src/ros2_fndm_interface) by extensions ['colcon_meta']
[1.477s] Level 1:colcon.colcon_core.package_identification:_identify(src/ros2_fndm_interface) by extension 'colcon_meta'
[1.477s] Level 1:colcon.colcon_core.package_identification:_identify(src/ros2_fndm_interface) by extensions ['ros']
[1.477s] Level 1:colcon.colcon_core.package_identification:_identify(src/ros2_fndm_interface) by extension 'ros'
[1.478s] DEBUG:colcon.colcon_core.package_identification:Package 'src/ros2_fndm_interface' with type 'ros.ament_cmake' and name 'ros2_fndm_interface'
[1.478s] Level 1:colcon.colcon_core.package_discovery:discover_packages(recursive) using defaults
[1.478s] Level 1:colcon.colcon_core.package_discovery:discover_packages(ignore) discover
[1.478s] Level 1:colcon.colcon_core.package_discovery:discover_packages(ignore) using defaults
[1.478s] Level 1:colcon.colcon_core.package_discovery:discover_packages(path) discover
[1.478s] Level 1:colcon.colcon_core.package_discovery:discover_packages(path) using defaults
[1.567s] INFO:colcon.colcon_core.package_selection:Skipping not selected package 'cpp_pkg' in 'src/cpp_pkg'
[1.567s] INFO:colcon.colcon_core.package_selection:Skipping not selected package 'cpp_py_pkg' in 'src/cpp_py_pkg'
[1.568s] INFO:colcon.colcon_core.package_selection:Skipping not selected package 'py_pkg' in 'src/py_pkg'
[1.568s] INFO:colcon.colcon_core.package_selection:Skipping not selected package 'ros2_fndm_interface' in 'src/ros2_fndm_interface'
[1.568s] INFO:colcon.colcon_core.package_selection:Skipping not selected package 'cpp_actions' in 'src/cpp_actions'
[1.568s] INFO:colcon.colcon_core.package_selection:Skipping not selected package 'py_actions' in 'src/py_actions'
[1.611s] Level 1:colcon.colcon_core.package_discovery:discover_packages(prefix_path) check parameters
[1.611s] Level 1:colcon.colcon_core.package_discovery:discover_packages(prefix_path) discover
[1.656s] DEBUG:colcon.colcon_installed_package_information.package_discovery:Found 7 installed packages in /home/foiegreis/ros2_fndm_ws/install
[1.678s] DEBUG:colcon.colcon_installed_package_information.package_discovery:Found 2 installed packages in /home/foiegreis/ros2_ws_book/install
[1.699s] DEBUG:colcon.colcon_installed_package_information.package_discovery:Found 4 installed packages in /home/foiegreis/ros2_ws_yolo3d/install
[1.721s] DEBUG:colcon.colcon_installed_package_information.package_discovery:Found 8 installed packages in /home/foiegreis/ros2_ws/install
[1.745s] DEBUG:colcon.colcon_installed_package_information.package_discovery:Found 408 installed packages in /opt/ros/iron
[1.747s] Level 1:colcon.colcon_core.package_discovery:discover_packages(prefix_path) using defaults
[1.851s] Level 5:colcon.colcon_core.verb:set package 'ros2_fndm_bringup' build argument 'cmake_args' from command line to 'None'
[1.851s] Level 5:colcon.colcon_core.verb:set package 'ros2_fndm_bringup' build argument 'cmake_target' from command line to 'None'
[1.851s] Level 5:colcon.colcon_core.verb:set package 'ros2_fndm_bringup' build argument 'cmake_target_skip_unavailable' from command line to 'False'
[1.851s] Level 5:colcon.colcon_core.verb:set package 'ros2_fndm_bringup' build argument 'cmake_clean_cache' from command line to 'False'
[1.851s] Level 5:colcon.colcon_core.verb:set package 'ros2_fndm_bringup' build argument 'cmake_clean_first' from command line to 'False'
[1.851s] Level 5:colcon.colcon_core.verb:set package 'ros2_fndm_bringup' build argument 'cmake_force_configure' from command line to 'False'
[1.851s] Level 5:colcon.colcon_core.verb:set package 'ros2_fndm_bringup' build argument 'ament_cmake_args' from command line to 'None'
[1.851s] Level 5:colcon.colcon_core.verb:set package 'ros2_fndm_bringup' build argument 'catkin_cmake_args' from command line to 'None'
[1.851s] Level 5:colcon.colcon_core.verb:set package 'ros2_fndm_bringup' build argument 'catkin_skip_building_tests' from command line to 'False'
[1.851s] DEBUG:colcon.colcon_core.verb:Building package 'ros2_fndm_bringup' with the following arguments: {'ament_cmake_args': None, 'build_base': '/home/foiegreis/ros2_fndm_ws/build/ros2_fndm_bringup', 'catkin_cmake_args': None, 'catkin_skip_building_tests': False, 'cmake_args': None, 'cmake_clean_cache': False, 'cmake_clean_first': False, 'cmake_force_configure': False, 'cmake_target': None, 'cmake_target_skip_unavailable': False, 'install_base': '/home/foiegreis/ros2_fndm_ws/install/ros2_fndm_bringup', 'merge_install': False, 'path': '/home/foiegreis/ros2_fndm_ws/src/ros2_fndm_bringup', 'symlink_install': False, 'test_result_base': None}
[1.872s] INFO:colcon.colcon_core.executor:Executing jobs using 'parallel' executor
[1.894s] DEBUG:colcon.colcon_parallel_executor.executor.parallel:run_until_complete
[1.894s] INFO:colcon.colcon_ros.task.ament_cmake.build:Building ROS package in '/home/foiegreis/ros2_fndm_ws/src/ros2_fndm_bringup' with build type 'ament_cmake'
[1.894s] INFO:colcon.colcon_cmake.task.cmake.build:Building CMake package in '/home/foiegreis/ros2_fndm_ws/src/ros2_fndm_bringup'
[1.917s] INFO:colcon.colcon_core.plugin_system:Skipping extension 'colcon_core.shell.bat': Not used on non-Windows systems
[1.917s] INFO:colcon.colcon_core.shell:Skip shell extension 'powershell' for command environment: Not usable outside of PowerShell
[1.917s] DEBUG:colcon.colcon_core.shell:Skip shell extension 'dsv' for command environment
[2.057s] DEBUG:colcon.colcon_core.event_handler.log_command:Invoking command in '/home/foiegreis/ros2_fndm_ws/build/ros2_fndm_bringup': AMENT_PREFIX_PATH=/home/foiegreis/ros2_fndm_ws/install/py_pkg:/home/foiegreis/ros2_fndm_ws/install/ros2_fndm_interface:/home/foiegreis/ros2_fndm_ws/install/ros2_fndm_bringup:/home/foiegreis/ros2_fndm_ws/install/py_actions:/home/foiegreis/ros2_fndm_ws/install/cpp_actions:/home/foiegreis/ros2_fndm_ws/install/cpp_py_pkg:/home/foiegreis/ros2_fndm_ws/install/cpp_pkg:/home/foiegreis/ros2_ws_book/install/py_pkg:/home/foiegreis/ros2_ws_book/install/cpp_pkg:/home/foiegreis/ros2_ws/install/my_bringup:/home/foiegreis/ros2_ws/install/my_py_pkg:/home/foiegreis/ros2_ws/install/lab4:/home/foiegreis/ros2_ws/install/lab3:/home/foiegreis/ros2_ws/install/my_interface:/home/foiegreis/ros2_ws/install/my_description:/home/foiegreis/ros2_ws/install/lab2:/home/foiegreis/ros2_ws/install/lab1:/home/foiegreis/ros2_ws_yolo3d/install/yolo3d:/home/foiegreis/ros2_ws_yolo3d/install/omni_robot_description:/home/foiegreis/ros2_ws_yolo3d/install/omni_control:/home/foiegreis/ros2_ws_yolo3d/install/gazebo_simulation:/opt/ros/iron CMAKE_PREFIX_PATH=/home/foiegreis/ros2_fndm_ws/install/cpp_pkg:/home/foiegreis/ros2_fndm_ws/install/ros2_fndm_interface:/home/foiegreis/ros2_fndm_ws/install/ros2_fndm_bringup:/home/foiegreis/ros2_fndm_ws/install/cpp_actions:/home/foiegreis/ros2_fndm_ws/install/cpp_py_pkg:/home/foiegreis/ros2_ws_book/install/cpp_pkg:/home/foiegreis/ros2_ws/install/my_bringup:/home/foiegreis/ros2_ws/install/my_interface:/home/foiegreis/ros2_ws/install/my_description:/home/foiegreis/ros2_ws_yolo3d/install/yolo3d:/home/foiegreis/ros2_ws_yolo3d/install/omni_robot_description:/home/foiegreis/ros2_ws_yolo3d/install/omni_control:/home/foiegreis/ros2_ws_yolo3d/install/gazebo_simulation:/home/foiegreis/ros2_fndm_ws/install/py_actions:/home/foiegreis/ros2_fndm_ws/install/py_pkg:/home/foiegreis/ros2_ws_book/install/py_pkg:/home/foiegreis/ros2_ws/install/my_py_pkg:/home/foiegreis/ros2_ws/install/lab4:/home/foiegreis/ros2_ws/install/lab3:/home/foiegreis/ros2_ws/install/lab2:/home/foiegreis/ros2_ws/install/lab1:/opt/ros/iron: PYTHONPATH=/home/foiegreis/ros2_fndm_ws/install/py_pkg/lib/python3.10/site-packages:/home/foiegreis/ros2_fndm_ws/install/ros2_fndm_interface/lib/python3.10/site-packages:/home/foiegreis/ros2_fndm_ws/install/py_actions/lib/python3.10/site-packages:/home/foiegreis/ros2_fndm_ws/install/my_ros2_interface/lib/python3.10/site-packages:/home/foiegreis/ros2_fndm_ws/install/cpp_py_pkg/lib/python3.10/site-packages:/home/foiegreis/ros2_fndm_ws/build/py_pkg:/home/foiegreis/ros2_ws_book/install/py_pkg/lib/python3.10/site-packages:/home/foiegreis/ros2_ws/install/my_py_pkg/lib/python3.10/site-packages:/home/foiegreis/ros2_ws/install/lab4/lib/python3.10/site-packages:/home/foiegreis/ros2_ws/install/lab3/lib/python3.10/site-packages:/home/foiegreis/ros2_ws/install/my_interface/lib/python3.10/site-packages:/home/foiegreis/ros2_ws/install/lab2/lib/python3.10/site-packages:/home/foiegreis/ros2_ws/install/lab1/lib/python3.10/site-packages:/opt/ros/iron/lib/python3.10/site-packages /usr/bin/cmake --build /home/foiegreis/ros2_fndm_ws/build/ros2_fndm_bringup -- -j12 -l12
[2.091s] DEBUG:colcon.colcon_core.event_handler.log_command:Invoked command in '/home/foiegreis/ros2_fndm_ws/build/ros2_fndm_bringup' returned '0': AMENT_PREFIX_PATH=/home/foiegreis/ros2_fndm_ws/install/py_pkg:/home/foiegreis/ros2_fndm_ws/install/ros2_fndm_interface:/home/foiegreis/ros2_fndm_ws/install/ros2_fndm_bringup:/home/foiegreis/ros2_fndm_ws/install/py_actions:/home/foiegreis/ros2_fndm_ws/install/cpp_actions:/home/foiegreis/ros2_fndm_ws/install/cpp_py_pkg:/home/foiegreis/ros2_fndm_ws/install/cpp_pkg:/home/foiegreis/ros2_ws_book/install/py_pkg:/home/foiegreis/ros2_ws_book/install/cpp_pkg:/home/foiegreis/ros2_ws/install/my_bringup:/home/foiegreis/ros2_ws/install/my_py_pkg:/home/foiegreis/ros2_ws/install/lab4:/home/foiegreis/ros2_ws/install/lab3:/home/foiegreis/ros2_ws/install/my_interface:/home/foiegreis/ros2_ws/install/my_description:/home/foiegreis/ros2_ws/install/lab2:/home/foiegreis/ros2_ws/install/lab1:/home/foiegreis/ros2_ws_yolo3d/install/yolo3d:/home/foiegreis/ros2_ws_yolo3d/install/omni_robot_description:/home/foiegreis/ros2_ws_yolo3d/install/omni_control:/home/foiegreis/ros2_ws_yolo3d/install/gazebo_simulation:/opt/ros/iron CMAKE_PREFIX_PATH=/home/foiegreis/ros2_fndm_ws/install/cpp_pkg:/home/foiegreis/ros2_fndm_ws/install/ros2_fndm_interface:/home/foiegreis/ros2_fndm_ws/install/ros2_fndm_bringup:/home/foiegreis/ros2_fndm_ws/install/cpp_actions:/home/foiegreis/ros2_fndm_ws/install/cpp_py_pkg:/home/foiegreis/ros2_ws_book/install/cpp_pkg:/home/foiegreis/ros2_ws/install/my_bringup:/home/foiegreis/ros2_ws/install/my_interface:/home/foiegreis/ros2_ws/install/my_description:/home/foiegreis/ros2_ws_yolo3d/install/yolo3d:/home/foiegreis/ros2_ws_yolo3d/install/omni_robot_description:/home/foiegreis/ros2_ws_yolo3d/install/omni_control:/home/foiegreis/ros2_ws_yolo3d/install/gazebo_simulation:/home/foiegreis/ros2_fndm_ws/install/py_actions:/home/foiegreis/ros2_fndm_ws/install/py_pkg:/home/foiegreis/ros2_ws_book/install/py_pkg:/home/foiegreis/ros2_ws/install/my_py_pkg:/home/foiegreis/ros2_ws/install/lab4:/home/foiegreis/ros2_ws/install/lab3:/home/foiegreis/ros2_ws/install/lab2:/home/foiegreis/ros2_ws/install/lab1:/opt/ros/iron: PYTHONPATH=/home/foiegreis/ros2_fndm_ws/install/py_pkg/lib/python3.10/site-packages:/home/foiegreis/ros2_fndm_ws/install/ros2_fndm_interface/lib/python3.10/site-packages:/home/foiegreis/ros2_fndm_ws/install/py_actions/lib/python3.10/site-packages:/home/foiegreis/ros2_fndm_ws/install/my_ros2_interface/lib/python3.10/site-packages:/home/foiegreis/ros2_fndm_ws/install/cpp_py_pkg/lib/python3.10/site-packages:/home/foiegreis/ros2_fndm_ws/build/py_pkg:/home/foiegreis/ros2_ws_book/install/py_pkg/lib/python3.10/site-packages:/home/foiegreis/ros2_ws/install/my_py_pkg/lib/python3.10/site-packages:/home/foiegreis/ros2_ws/install/lab4/lib/python3.10/site-packages:/home/foiegreis/ros2_ws/install/lab3/lib/python3.10/site-packages:/home/foiegreis/ros2_ws/install/my_interface/lib/python3.10/site-packages:/home/foiegreis/ros2_ws/install/lab2/lib/python3.10/site-packages:/home/foiegreis/ros2_ws/install/lab1/lib/python3.10/site-packages:/opt/ros/iron/lib/python3.10/site-packages /usr/bin/cmake --build /home/foiegreis/ros2_fndm_ws/build/ros2_fndm_bringup -- -j12 -l12
[2.126s] DEBUG:colcon.colcon_core.event_handler.log_command:Invoking command in '/home/foiegreis/ros2_fndm_ws/build/ros2_fndm_bringup': AMENT_PREFIX_PATH=/home/foiegreis/ros2_fndm_ws/install/py_pkg:/home/foiegreis/ros2_fndm_ws/install/ros2_fndm_interface:/home/foiegreis/ros2_fndm_ws/install/ros2_fndm_bringup:/home/foiegreis/ros2_fndm_ws/install/py_actions:/home/foiegreis/ros2_fndm_ws/install/cpp_actions:/home/foiegreis/ros2_fndm_ws/install/cpp_py_pkg:/home/foiegreis/ros2_fndm_ws/install/cpp_pkg:/home/foiegreis/ros2_ws_book/install/py_pkg:/home/foiegreis/ros2_ws_book/install/cpp_pkg:/home/foiegreis/ros2_ws/install/my_bringup:/home/foiegreis/ros2_ws/install/my_py_pkg:/home/foiegreis/ros2_ws/install/lab4:/home/foiegreis/ros2_ws/install/lab3:/home/foiegreis/ros2_ws/install/my_interface:/home/foiegreis/ros2_ws/install/my_description:/home/foiegreis/ros2_ws/install/lab2:/home/foiegreis/ros2_ws/install/lab1:/home/foiegreis/ros2_ws_yolo3d/install/yolo3d:/home/foiegreis/ros2_ws_yolo3d/install/omni_robot_description:/home/foiegreis/ros2_ws_yolo3d/install/omni_control:/home/foiegreis/ros2_ws_yolo3d/install/gazebo_simulation:/opt/ros/iron CMAKE_PREFIX_PATH=/home/foiegreis/ros2_fndm_ws/install/cpp_pkg:/home/foiegreis/ros2_fndm_ws/install/ros2_fndm_interface:/home/foiegreis/ros2_fndm_ws/install/ros2_fndm_bringup:/home/foiegreis/ros2_fndm_ws/install/cpp_actions:/home/foiegreis/ros2_fndm_ws/install/cpp_py_pkg:/home/foiegreis/ros2_ws_book/install/cpp_pkg:/home/foiegreis/ros2_ws/install/my_bringup:/home/foiegreis/ros2_ws/install/my_interface:/home/foiegreis/ros2_ws/install/my_description:/home/foiegreis/ros2_ws_yolo3d/install/yolo3d:/home/foiegreis/ros2_ws_yolo3d/install/omni_robot_description:/home/foiegreis/ros2_ws_yolo3d/install/omni_control:/home/foiegreis/ros2_ws_yolo3d/install/gazebo_simulation:/home/foiegreis/ros2_fndm_ws/install/py_actions:/home/foiegreis/ros2_fndm_ws/install/py_pkg:/home/foiegreis/ros2_ws_book/install/py_pkg:/home/foiegreis/ros2_ws/install/my_py_pkg:/home/foiegreis/ros2_ws/install/lab4:/home/foiegreis/ros2_ws/install/lab3:/home/foiegreis/ros2_ws/install/lab2:/home/foiegreis/ros2_ws/install/lab1:/opt/ros/iron: PYTHONPATH=/home/foiegreis/ros2_fndm_ws/install/py_pkg/lib/python3.10/site-packages:/home/foiegreis/ros2_fndm_ws/install/ros2_fndm_interface/lib/python3.10/site-packages:/home/foiegreis/ros2_fndm_ws/install/py_actions/lib/python3.10/site-packages:/home/foiegreis/ros2_fndm_ws/install/my_ros2_interface/lib/python3.10/site-packages:/home/foiegreis/ros2_fndm_ws/install/cpp_py_pkg/lib/python3.10/site-packages:/home/foiegreis/ros2_fndm_ws/build/py_pkg:/home/foiegreis/ros2_ws_book/install/py_pkg/lib/python3.10/site-packages:/home/foiegreis/ros2_ws/install/my_py_pkg/lib/python3.10/site-packages:/home/foiegreis/ros2_ws/install/lab4/lib/python3.10/site-packages:/home/foiegreis/ros2_ws/install/lab3/lib/python3.10/site-packages:/home/foiegreis/ros2_ws/install/my_interface/lib/python3.10/site-packages:/home/foiegreis/ros2_ws/install/lab2/lib/python3.10/site-packages:/home/foiegreis/ros2_ws/install/lab1/lib/python3.10/site-packages:/opt/ros/iron/lib/python3.10/site-packages /usr/bin/cmake --install /home/foiegreis/ros2_fndm_ws/build/ros2_fndm_bringup
[2.137s] Level 1:colcon.colcon_core.environment:create_environment_scripts_only(ros2_fndm_bringup)
[2.137s] DEBUG:colcon.colcon_core.event_handler.log_command:Invoked command in '/home/foiegreis/ros2_fndm_ws/build/ros2_fndm_bringup' returned '0': AMENT_PREFIX_PATH=/home/foiegreis/ros2_fndm_ws/install/py_pkg:/home/foiegreis/ros2_fndm_ws/install/ros2_fndm_interface:/home/foiegreis/ros2_fndm_ws/install/ros2_fndm_bringup:/home/foiegreis/ros2_fndm_ws/install/py_actions:/home/foiegreis/ros2_fndm_ws/install/cpp_actions:/home/foiegreis/ros2_fndm_ws/install/cpp_py_pkg:/home/foiegreis/ros2_fndm_ws/install/cpp_pkg:/home/foiegreis/ros2_ws_book/install/py_pkg:/home/foiegreis/ros2_ws_book/install/cpp_pkg:/home/foiegreis/ros2_ws/install/my_bringup:/home/foiegreis/ros2_ws/install/my_py_pkg:/home/foiegreis/ros2_ws/install/lab4:/home/foiegreis/ros2_ws/install/lab3:/home/foiegreis/ros2_ws/install/my_interface:/home/foiegreis/ros2_ws/install/my_description:/home/foiegreis/ros2_ws/install/lab2:/home/foiegreis/ros2_ws/install/lab1:/home/foiegreis/ros2_ws_yolo3d/install/yolo3d:/home/foiegreis/ros2_ws_yolo3d/install/omni_robot_description:/home/foiegreis/ros2_ws_yolo3d/install/omni_control:/home/foiegreis/ros2_ws_yolo3d/install/gazebo_simulation:/opt/ros/iron CMAKE_PREFIX_PATH=/home/foiegreis/ros2_fndm_ws/install/cpp_pkg:/home/foiegreis/ros2_fndm_ws/install/ros2_fndm_interface:/home/foiegreis/ros2_fndm_ws/install/ros2_fndm_bringup:/home/foiegreis/ros2_fndm_ws/install/cpp_actions:/home/foiegreis/ros2_fndm_ws/install/cpp_py_pkg:/home/foiegreis/ros2_ws_book/install/cpp_pkg:/home/foiegreis/ros2_ws/install/my_bringup:/home/foiegreis/ros2_ws/install/my_interface:/home/foiegreis/ros2_ws/install/my_description:/home/foiegreis/ros2_ws_yolo3d/install/yolo3d:/home/foiegreis/ros2_ws_yolo3d/install/omni_robot_description:/home/foiegreis/ros2_ws_yolo3d/install/omni_control:/home/foiegreis/ros2_ws_yolo3d/install/gazebo_simulation:/home/foiegreis/ros2_fndm_ws/install/py_actions:/home/foiegreis/ros2_fndm_ws/install/py_pkg:/home/foiegreis/ros2_ws_book/install/py_pkg:/home/foiegreis/ros2_ws/install/my_py_pkg:/home/foiegreis/ros2_ws/install/lab4:/home/foiegreis/ros2_ws/install/lab3:/home/foiegreis/ros2_ws/install/lab2:/home/foiegreis/ros2_ws/install/lab1:/opt/ros/iron: PYTHONPATH=/home/foiegreis/ros2_fndm_ws/install/py_pkg/lib/python3.10/site-packages:/home/foiegreis/ros2_fndm_ws/install/ros2_fndm_interface/lib/python3.10/site-packages:/home/foiegreis/ros2_fndm_ws/install/py_actions/lib/python3.10/site-packages:/home/foiegreis/ros2_fndm_ws/install/my_ros2_interface/lib/python3.10/site-packages:/home/foiegreis/ros2_fndm_ws/install/cpp_py_pkg/lib/python3.10/site-packages:/home/foiegreis/ros2_fndm_ws/build/py_pkg:/home/foiegreis/ros2_ws_book/install/py_pkg/lib/python3.10/site-packages:/home/foiegreis/ros2_ws/install/my_py_pkg/lib/python3.10/site-packages:/home/foiegreis/ros2_ws/install/lab4/lib/python3.10/site-packages:/home/foiegreis/ros2_ws/install/lab3/lib/python3.10/site-packages:/home/foiegreis/ros2_ws/install/my_interface/lib/python3.10/site-packages:/home/foiegreis/ros2_ws/install/lab2/lib/python3.10/site-packages:/home/foiegreis/ros2_ws/install/lab1/lib/python3.10/site-packages:/opt/ros/iron/lib/python3.10/site-packages /usr/bin/cmake --install /home/foiegreis/ros2_fndm_ws/build/ros2_fndm_bringup
[2.162s] Level 1:colcon.colcon_core.environment:checking '/home/foiegreis/ros2_fndm_ws/install/ros2_fndm_bringup' for CMake module files
[2.162s] Level 1:colcon.colcon_core.environment:checking '/home/foiegreis/ros2_fndm_ws/install/ros2_fndm_bringup' for CMake config files
[2.162s] Level 1:colcon.colcon_core.shell:create_environment_hook('ros2_fndm_bringup', 'cmake_prefix_path')
[2.183s] INFO:colcon.colcon_core.shell:Creating environment hook '/home/foiegreis/ros2_fndm_ws/install/ros2_fndm_bringup/share/ros2_fndm_bringup/hook/cmake_prefix_path.ps1'
[2.184s] INFO:colcon.colcon_core.shell:Creating environment descriptor '/home/foiegreis/ros2_fndm_ws/install/ros2_fndm_bringup/share/ros2_fndm_bringup/hook/cmake_prefix_path.dsv'
[2.184s] INFO:colcon.colcon_core.shell:Creating environment hook '/home/foiegreis/ros2_fndm_ws/install/ros2_fndm_bringup/share/ros2_fndm_bringup/hook/cmake_prefix_path.sh'
[2.185s] Level 1:colcon.colcon_core.environment:checking '/home/foiegreis/ros2_fndm_ws/install/ros2_fndm_bringup/bin'
[2.185s] Level 1:colcon.colcon_core.environment:checking '/home/foiegreis/ros2_fndm_ws/install/ros2_fndm_bringup/lib/pkgconfig/ros2_fndm_bringup.pc'
[2.185s] Level 1:colcon.colcon_core.environment:checking '/home/foiegreis/ros2_fndm_ws/install/ros2_fndm_bringup/lib/python3.10/site-packages'
[2.185s] Level 1:colcon.colcon_core.environment:checking '/home/foiegreis/ros2_fndm_ws/install/ros2_fndm_bringup/bin'
[2.207s] INFO:colcon.colcon_core.shell:Creating package script '/home/foiegreis/ros2_fndm_ws/install/ros2_fndm_bringup/share/ros2_fndm_bringup/package.ps1'
[2.207s] INFO:colcon.colcon_core.shell:Creating package descriptor '/home/foiegreis/ros2_fndm_ws/install/ros2_fndm_bringup/share/ros2_fndm_bringup/package.dsv'
[2.208s] INFO:colcon.colcon_core.shell:Creating package script '/home/foiegreis/ros2_fndm_ws/install/ros2_fndm_bringup/share/ros2_fndm_bringup/package.sh'
[2.208s] INFO:colcon.colcon_core.shell:Creating package script '/home/foiegreis/ros2_fndm_ws/install/ros2_fndm_bringup/share/ros2_fndm_bringup/package.bash'
[2.209s] INFO:colcon.colcon_core.shell:Creating package script '/home/foiegreis/ros2_fndm_ws/install/ros2_fndm_bringup/share/ros2_fndm_bringup/package.zsh'
[2.209s] Level 1:colcon.colcon_core.environment:create_file_with_runtime_dependencies(/home/foiegreis/ros2_fndm_ws/install/ros2_fndm_bringup/share/colcon-core/packages/ros2_fndm_bringup)
[2.253s] Level 1:colcon.colcon_core.environment:create_environment_scripts_only(ros2_fndm_bringup)
[2.274s] Level 1:colcon.colcon_core.environment:checking '/home/foiegreis/ros2_fndm_ws/install/ros2_fndm_bringup' for CMake module files
[2.274s] Level 1:colcon.colcon_core.environment:checking '/home/foiegreis/ros2_fndm_ws/install/ros2_fndm_bringup' for CMake config files
[2.274s] Level 1:colcon.colcon_core.shell:create_environment_hook('ros2_fndm_bringup', 'cmake_prefix_path')
[2.295s] INFO:colcon.colcon_core.shell:Creating environment hook '/home/foiegreis/ros2_fndm_ws/install/ros2_fndm_bringup/share/ros2_fndm_bringup/hook/cmake_prefix_path.ps1'
[2.296s] INFO:colcon.colcon_core.shell:Creating environment descriptor '/home/foiegreis/ros2_fndm_ws/install/ros2_fndm_bringup/share/ros2_fndm_bringup/hook/cmake_prefix_path.dsv'
[2.296s] INFO:colcon.colcon_core.shell:Creating environment hook '/home/foiegreis/ros2_fndm_ws/install/ros2_fndm_bringup/share/ros2_fndm_bringup/hook/cmake_prefix_path.sh'
[2.297s] Level 1:colcon.colcon_core.environment:checking '/home/foiegreis/ros2_fndm_ws/install/ros2_fndm_bringup/bin'
[2.297s] Level 1:colcon.colcon_core.environment:checking '/home/foiegreis/ros2_fndm_ws/install/ros2_fndm_bringup/lib/pkgconfig/ros2_fndm_bringup.pc'
[2.297s] Level 1:colcon.colcon_core.environment:checking '/home/foiegreis/ros2_fndm_ws/install/ros2_fndm_bringup/lib/python3.10/site-packages'
[2.297s] Level 1:colcon.colcon_core.environment:checking '/home/foiegreis/ros2_fndm_ws/install/ros2_fndm_bringup/bin'
[2.318s] INFO:colcon.colcon_core.shell:Creating package script '/home/foiegreis/ros2_fndm_ws/install/ros2_fndm_bringup/share/ros2_fndm_bringup/package.ps1'
[2.319s] INFO:colcon.colcon_core.shell:Creating package descriptor '/home/foiegreis/ros2_fndm_ws/install/ros2_fndm_bringup/share/ros2_fndm_bringup/package.dsv'
[2.319s] INFO:colcon.colcon_core.shell:Creating package script '/home/foiegreis/ros2_fndm_ws/install/ros2_fndm_bringup/share/ros2_fndm_bringup/package.sh'
[2.319s] INFO:colcon.colcon_core.shell:Creating package script '/home/foiegreis/ros2_fndm_ws/install/ros2_fndm_bringup/share/ros2_fndm_bringup/package.bash'
[2.319s] INFO:colcon.colcon_core.shell:Creating package script '/home/foiegreis/ros2_fndm_ws/install/ros2_fndm_bringup/share/ros2_fndm_bringup/package.zsh'
[2.320s] Level 1:colcon.colcon_core.environment:create_file_with_runtime_dependencies(/home/foiegreis/ros2_fndm_ws/install/ros2_fndm_bringup/share/colcon-core/packages/ros2_fndm_bringup)
[2.320s] DEBUG:colcon.colcon_parallel_executor.executor.parallel:closing loop
[2.320s] DEBUG:colcon.colcon_parallel_executor.executor.parallel:loop closed
[2.320s] DEBUG:colcon.colcon_parallel_executor.executor.parallel:run_until_complete finished with '0'
[2.320s] DEBUG:colcon.colcon_core.event_reactor:joining thread
[2.347s] INFO:colcon.colcon_core.plugin_system:Skipping extension 'colcon_notification.desktop_notification.terminal_notifier': Not used on non-Darwin systems
[2.347s] INFO:colcon.colcon_core.plugin_system:Skipping extension 'colcon_notification.desktop_notification.win32': Not used on non-Windows systems
[2.347s] INFO:colcon.colcon_notification.desktop_notification:Sending desktop notification using 'notify2'
[2.358s] DEBUG:colcon.colcon_core.event_reactor:joined thread
[2.385s] INFO:colcon.colcon_core.shell:Creating prefix script '/home/foiegreis/ros2_fndm_ws/install/local_setup.ps1'
[2.386s] INFO:colcon.colcon_core.shell:Creating prefix util module '/home/foiegreis/ros2_fndm_ws/install/_local_setup_util_ps1.py'
[2.388s] INFO:colcon.colcon_core.shell:Creating prefix chain script '/home/foiegreis/ros2_fndm_ws/install/setup.ps1'
[2.414s] INFO:colcon.colcon_core.shell:Creating prefix script '/home/foiegreis/ros2_fndm_ws/install/local_setup.sh'
[2.415s] INFO:colcon.colcon_core.shell:Creating prefix util module '/home/foiegreis/ros2_fndm_ws/install/_local_setup_util_sh.py'
[2.416s] INFO:colcon.colcon_core.shell:Creating prefix chain script '/home/foiegreis/ros2_fndm_ws/install/setup.sh'
[2.444s] INFO:colcon.colcon_core.shell:Creating prefix script '/home/foiegreis/ros2_fndm_ws/install/local_setup.bash'
[2.444s] INFO:colcon.colcon_core.shell:Creating prefix chain script '/home/foiegreis/ros2_fndm_ws/install/setup.bash'
[2.470s] INFO:colcon.colcon_core.shell:Creating prefix script '/home/foiegreis/ros2_fndm_ws/install/local_setup.zsh'
[2.471s] INFO:colcon.colcon_core.shell:Creating prefix chain script '/home/foiegreis/ros2_fndm_ws/install/setup.zsh'
