-- The C compiler identification is GNU 11.4.0
-- The CXX compiler identification is GNU 11.4.0
-- Detecting C compiler ABI info
-- Detecting C compiler ABI info - done
-- Check for working C compiler: /usr/bin/cc - skipped
-- Detecting C compile features
-- Detecting C compile features - done
-- Detecting CXX compiler ABI info
-- Detecting CXX compiler ABI info - done
-- Check for working CXX compiler: /usr/bin/c++ - skipped
-- Detecting CXX compile features
-- Detecting CXX compile features - done
-- Found ament_cmake: 2.0.4 (/opt/ros/iron/share/ament_cmake/cmake)
-- Found Python3: /usr/bin/python3.10 (found version "3.10.12") found components: Interpreter 
-- Found rclcpp: 21.0.5 (/opt/ros/iron/share/rclcpp/cmake)
-- Found rosidl_generator_c: 4.0.1 (/opt/ros/iron/share/rosidl_generator_c/cmake)
-- Found rosidl_generator_cpp: 4.0.1 (/opt/ros/iron/share/rosidl_generator_cpp/cmake)
-- Using all available rosidl_typesupport_c: rosidl_typesupport_fastrtps_c;rosidl_typesupport_introspection_c
-- Using all available rosidl_typesupport_cpp: rosidl_typesupport_fastrtps_cpp;rosidl_typesupport_introspection_cpp
-- Found rmw_implementation_cmake: 7.1.0 (/opt/ros/iron/share/rmw_implementation_cmake/cmake)
-- Found rmw_fastrtps_cpp: 7.1.3 (/opt/ros/iron/share/rmw_fastrtps_cpp/cmake)
-- Found OpenSSL: /usr/lib/x86_64-linux-gnu/libcrypto.so (found version "3.0.2")  
-- Found FastRTPS: /opt/ros/iron/include  
-- Using RMW implementation 'rmw_fastrtps_cpp' as default
-- Found rclcpp_action: 21.0.5 (/opt/ros/iron/share/rclcpp_action/cmake)
-- Found rclcpp_components: 21.0.5 (/opt/ros/iron/share/rclcpp_components/cmake)
[31mCMake Error at CMakeLists.txt:13 (find_package):
  By not providing "Findmy_ros2_interface.cmake" in CMAKE_MODULE_PATH this
  project has asked CMake to find a package configuration file provided by
  "my_ros2_interface", but CMake did not find one.

-- Configuring incomplete, errors occurred!
See also "/home/foiegreis/ros2_fndm_ws/build/cpp_actions/CMakeFiles/CMakeOutput.log".
  Could not find a package configuration file provided by "my_ros2_interface"
  with any of the following names:

    my_ros2_interfaceConfig.cmake
    my_ros2_interface-config.cmake

  Add the installation prefix of "my_ros2_interface" to CMAKE_PREFIX_PATH or
  set "my_ros2_interface_DIR" to a directory containing one of the above
  files.  If "my_ros2_interface" provides a separate development package or
  SDK, be sure it has been installed.

[0m
