[1.167s] Invoking command in '/home/foiegreis/ros2_fndm_ws/build/cpp_actions': CMAKE_PREFIX_PATH=${CMAKE_PREFIX_PATH}:/home/foiegreis/ros2_fndm_ws/install/py_actions:/home/foiegreis/ros2_fndm_ws/install/py_pkg:/home/foiegreis/ros2_ws_book/install/py_pkg:/home/foiegreis/ros2_ws/install/my_py_pkg:/home/foiegreis/ros2_ws/install/lab4:/home/foiegreis/ros2_ws/install/lab3:/home/foiegreis/ros2_ws/install/lab2:/home/foiegreis/ros2_ws/install/lab1:/opt/ros/iron /usr/bin/cmake /home/foiegreis/ros2_fndm_ws/src/cpp_actions -DCMAKE_INSTALL_PREFIX=/home/foiegreis/ros2_fndm_ws/install/cpp_actions
[1.713s] -- The C compiler identification is GNU 11.4.0
[1.713s] -- The CXX compiler identification is GNU 11.4.0
[1.713s] -- Detecting C compiler ABI info
[1.714s] -- Detecting C compiler ABI info - done
[1.714s] -- Check for working C compiler: /usr/bin/cc - skipped
[1.715s] -- Detecting C compile features
[1.715s] -- Detecting C compile features - done
[1.715s] -- Detecting CXX compiler ABI info
[1.716s] -- Detecting CXX compiler ABI info - done
[1.716s] -- Check for working CXX compiler: /usr/bin/c++ - skipped
[1.717s] -- Detecting CXX compile features
[1.718s] -- Detecting CXX compile features - done
[1.719s] -- Found ament_cmake: 2.0.4 (/opt/ros/iron/share/ament_cmake/cmake)
[1.719s] -- Found Python3: /usr/bin/python3.10 (found version "3.10.12") found components: Interpreter 
[1.802s] -- Found rclcpp: 21.0.5 (/opt/ros/iron/share/rclcpp/cmake)
[1.879s] -- Found rosidl_generator_c: 4.0.1 (/opt/ros/iron/share/rosidl_generator_c/cmake)
[1.900s] -- Found rosidl_generator_cpp: 4.0.1 (/opt/ros/iron/share/rosidl_generator_cpp/cmake)
[1.927s] -- Using all available rosidl_typesupport_c: rosidl_typesupport_fastrtps_c;rosidl_typesupport_introspection_c
[1.957s] -- Using all available rosidl_typesupport_cpp: rosidl_typesupport_fastrtps_cpp;rosidl_typesupport_introspection_cpp
[2.186s] -- Found rmw_implementation_cmake: 7.1.0 (/opt/ros/iron/share/rmw_implementation_cmake/cmake)
[2.193s] -- Found rmw_fastrtps_cpp: 7.1.3 (/opt/ros/iron/share/rmw_fastrtps_cpp/cmake)
[2.366s] -- Found OpenSSL: /usr/lib/x86_64-linux-gnu/libcrypto.so (found version "3.0.2")  
[2.423s] -- Found FastRTPS: /opt/ros/iron/include  
[2.493s] -- Using RMW implementation 'rmw_fastrtps_cpp' as default
[2.739s] -- Found rclcpp_action: 21.0.5 (/opt/ros/iron/share/rclcpp_action/cmake)
[3.148s] -- Found rclcpp_components: 21.0.5 (/opt/ros/iron/share/rclcpp_components/cmake)
[3.462s] [31mCMake Error at CMakeLists.txt:13 (find_package):
[3.462s]   By not providing "Findmy_ros2_interface.cmake" in CMAKE_MODULE_PATH this
[3.462s]   project has asked CMake to find a package configuration file provided by
[3.462s]   "my_ros2_interface", but CMake did not find one.
[3.462s] 
[3.463s] -- Configuring incomplete, errors occurred!
[3.463s] See also "/home/foiegreis/ros2_fndm_ws/build/cpp_actions/CMakeFiles/CMakeOutput.log".
[3.463s]   Could not find a package configuration file provided by "my_ros2_interface"
[3.463s]   with any of the following names:
[3.463s] 
[3.463s]     my_ros2_interfaceConfig.cmake
[3.464s]     my_ros2_interface-config.cmake
[3.464s] 
[3.464s]   Add the installation prefix of "my_ros2_interface" to CMAKE_PREFIX_PATH or
[3.464s]   set "my_ros2_interface_DIR" to a directory containing one of the above
[3.464s]   files.  If "my_ros2_interface" provides a separate development package or
[3.464s]   SDK, be sure it has been installed.
[3.465s] 
[3.465s] [0m
[3.484s] Invoked command in '/home/foiegreis/ros2_fndm_ws/build/cpp_actions' returned '1': CMAKE_PREFIX_PATH=${CMAKE_PREFIX_PATH}:/home/foiegreis/ros2_fndm_ws/install/py_actions:/home/foiegreis/ros2_fndm_ws/install/py_pkg:/home/foiegreis/ros2_ws_book/install/py_pkg:/home/foiegreis/ros2_ws/install/my_py_pkg:/home/foiegreis/ros2_ws/install/lab4:/home/foiegreis/ros2_ws/install/lab3:/home/foiegreis/ros2_ws/install/lab2:/home/foiegreis/ros2_ws/install/lab1:/opt/ros/iron /usr/bin/cmake /home/foiegreis/ros2_fndm_ws/src/cpp_actions -DCMAKE_INSTALL_PREFIX=/home/foiegreis/ros2_fndm_ws/install/cpp_actions
