[1.013s] Invoking command in '/home/foiegreis/ros2_fndm_ws/build/cpp_py_pkg': CMAKE_PREFIX_PATH=${CMAKE_PREFIX_PATH}:/home/foiegreis/ros2_fndm_ws/install/py_actions:/home/foiegreis/ros2_fndm_ws/install/py_pkg:/home/foiegreis/ros2_ws_book/install/py_pkg:/home/foiegreis/ros2_ws/install/my_py_pkg:/home/foiegreis/ros2_ws/install/lab4:/home/foiegreis/ros2_ws/install/lab3:/home/foiegreis/ros2_ws/install/lab2:/home/foiegreis/ros2_ws/install/lab1:/opt/ros/iron /usr/bin/cmake /home/foiegreis/ros2_fndm_ws/src/cpp_py_pkg -DCMAKE_INSTALL_PREFIX=/home/foiegreis/ros2_fndm_ws/install/cpp_py_pkg
[1.563s] -- The C compiler identification is GNU 11.4.0
[1.563s] -- The CXX compiler identification is GNU 11.4.0
[1.563s] -- Detecting C compiler ABI info
[1.563s] -- Detecting C compiler ABI info - done
[1.563s] -- Check for working C compiler: /usr/bin/cc - skipped
[1.563s] -- Detecting C compile features
[1.563s] -- Detecting C compile features - done
[1.563s] -- Detecting CXX compiler ABI info
[1.563s] -- Detecting CXX compiler ABI info - done
[1.564s] -- Check for working CXX compiler: /usr/bin/c++ - skipped
[1.564s] -- Detecting CXX compile features
[1.564s] -- Detecting CXX compile features - done
[1.564s] -- Found ament_cmake: 2.0.4 (/opt/ros/iron/share/ament_cmake/cmake)
[1.564s] -- Found Python3: /usr/bin/python3.10 (found version "3.10.12") found components: Interpreter 
[1.660s] -- Found rclcpp: 21.0.5 (/opt/ros/iron/share/rclcpp/cmake)
[1.736s] -- Found rosidl_generator_c: 4.0.1 (/opt/ros/iron/share/rosidl_generator_c/cmake)
[1.757s] -- Found rosidl_generator_cpp: 4.0.1 (/opt/ros/iron/share/rosidl_generator_cpp/cmake)
[1.794s] -- Using all available rosidl_typesupport_c: rosidl_typesupport_fastrtps_c;rosidl_typesupport_introspection_c
[1.827s] -- Using all available rosidl_typesupport_cpp: rosidl_typesupport_fastrtps_cpp;rosidl_typesupport_introspection_cpp
[2.067s] -- Found rmw_implementation_cmake: 7.1.0 (/opt/ros/iron/share/rmw_implementation_cmake/cmake)
[2.075s] -- Found rmw_fastrtps_cpp: 7.1.3 (/opt/ros/iron/share/rmw_fastrtps_cpp/cmake)
[2.248s] -- Found OpenSSL: /usr/lib/x86_64-linux-gnu/libcrypto.so (found version "3.0.2")  
[2.289s] -- Found FastRTPS: /opt/ros/iron/include  
[2.357s] -- Using RMW implementation 'rmw_fastrtps_cpp' as default
[2.737s] -- Found rclpy: 4.1.4 (/opt/ros/iron/share/rclpy/cmake)
[3.097s] -- Configuring done
[3.126s] -- Generating done
[3.129s] -- Build files have been written to: /home/foiegreis/ros2_fndm_ws/build/cpp_py_pkg
[3.266s] Invoked command in '/home/foiegreis/ros2_fndm_ws/build/cpp_py_pkg' returned '0': CMAKE_PREFIX_PATH=${CMAKE_PREFIX_PATH}:/home/foiegreis/ros2_fndm_ws/install/py_actions:/home/foiegreis/ros2_fndm_ws/install/py_pkg:/home/foiegreis/ros2_ws_book/install/py_pkg:/home/foiegreis/ros2_ws/install/my_py_pkg:/home/foiegreis/ros2_ws/install/lab4:/home/foiegreis/ros2_ws/install/lab3:/home/foiegreis/ros2_ws/install/lab2:/home/foiegreis/ros2_ws/install/lab1:/opt/ros/iron /usr/bin/cmake /home/foiegreis/ros2_fndm_ws/src/cpp_py_pkg -DCMAKE_INSTALL_PREFIX=/home/foiegreis/ros2_fndm_ws/install/cpp_py_pkg
[3.269s] Invoking command in '/home/foiegreis/ros2_fndm_ws/build/cpp_py_pkg': CMAKE_PREFIX_PATH=${CMAKE_PREFIX_PATH}:/home/foiegreis/ros2_fndm_ws/install/py_actions:/home/foiegreis/ros2_fndm_ws/install/py_pkg:/home/foiegreis/ros2_ws_book/install/py_pkg:/home/foiegreis/ros2_ws/install/my_py_pkg:/home/foiegreis/ros2_ws/install/lab4:/home/foiegreis/ros2_ws/install/lab3:/home/foiegreis/ros2_ws/install/lab2:/home/foiegreis/ros2_ws/install/lab1:/opt/ros/iron /usr/bin/cmake --build /home/foiegreis/ros2_fndm_ws/build/cpp_py_pkg -- -j12 -l12
[3.372s] [ 50%] [32mBuilding CXX object CMakeFiles/simple_node_cpp.dir/src/simple_node.cpp.o[0m
[3.383s] [ 50%] Built target ament_cmake_python_copy_cpp_py_pkg
[4.049s] running egg_info
[4.050s] creating cpp_py_pkg.egg-info
[4.050s] writing cpp_py_pkg.egg-info/PKG-INFO
[4.050s] writing dependency_links to cpp_py_pkg.egg-info/dependency_links.txt
[4.051s] writing top-level names to cpp_py_pkg.egg-info/top_level.txt
[4.051s] writing manifest file 'cpp_py_pkg.egg-info/SOURCES.txt'
[4.056s] reading manifest file 'cpp_py_pkg.egg-info/SOURCES.txt'
[4.058s] writing manifest file 'cpp_py_pkg.egg-info/SOURCES.txt'
[4.107s] [ 50%] Built target ament_cmake_python_build_cpp_py_pkg_egg
[8.789s] [100%] [32m[1mLinking CXX executable simple_node_cpp[0m
[9.001s] [100%] Built target simple_node_cpp
