[1.595s] Invoking command in '/home/foiegreis/ros2_fndm_ws/src/build/ros2_fndm_bringup': CMAKE_PREFIX_PATH=${CMAKE_PREFIX_PATH}:/home/foiegreis/my_ros2_ws/install/py_pkg:/home/foiegreis/my_ros2_ws/install/py_actions:/home/foiegreis/my_ros2_ws/src/install/py_pkg:/home/foiegreis/ros2_ws_book/install/py_pkg:/home/foiegreis/ros2_ws/install/my_py_pkg:/home/foiegreis/ros2_ws/install/lab4:/home/foiegreis/ros2_ws/install/lab3:/home/foiegreis/ros2_ws/install/lab2:/home/foiegreis/ros2_ws/install/lab1:/opt/ros/iron /usr/bin/cmake /home/foiegreis/ros2_fndm_ws/src/ros2_fndm_bringup -DCMAKE_INSTALL_PREFIX=/home/foiegreis/ros2_fndm_ws/src/install/ros2_fndm_bringup
[1.667s] -- The C compiler identification is GNU 11.4.0
[1.746s] -- The CXX compiler identification is GNU 11.4.0
[1.761s] -- Detecting C compiler ABI info
[1.877s] -- Detecting C compiler ABI info - done
[1.896s] -- Check for working C compiler: /usr/bin/cc - skipped
[1.896s] -- Detecting C compile features
[1.897s] -- Detecting C compile features - done
[1.902s] -- Detecting CXX compiler ABI info
[2.006s] -- Detecting CXX compiler ABI info - done
[2.015s] -- Check for working CXX compiler: /usr/bin/c++ - skipped
[2.016s] -- Detecting CXX compile features
[2.016s] -- Detecting CXX compile features - done
[2.022s] -- Found ament_cmake: 2.0.4 (/opt/ros/iron/share/ament_cmake/cmake)
[2.287s] -- Found Python3: /usr/bin/python3.10 (found version "3.10.12") found components: Interpreter 
[2.470s] -- Found ament_lint_auto: 0.14.3 (/opt/ros/iron/share/ament_lint_auto/cmake)
[2.623s] -- Added test 'lint_cmake' to check CMake code style
[2.625s] -- Added test 'xmllint' to check XML markup files
[2.627s] -- Configuring done
[2.631s] -- Generating done
[2.632s] -- Build files have been written to: /home/foiegreis/ros2_fndm_ws/src/build/ros2_fndm_bringup
[2.637s] Invoked command in '/home/foiegreis/ros2_fndm_ws/src/build/ros2_fndm_bringup' returned '0': CMAKE_PREFIX_PATH=${CMAKE_PREFIX_PATH}:/home/foiegreis/my_ros2_ws/install/py_pkg:/home/foiegreis/my_ros2_ws/install/py_actions:/home/foiegreis/my_ros2_ws/src/install/py_pkg:/home/foiegreis/ros2_ws_book/install/py_pkg:/home/foiegreis/ros2_ws/install/my_py_pkg:/home/foiegreis/ros2_ws/install/lab4:/home/foiegreis/ros2_ws/install/lab3:/home/foiegreis/ros2_ws/install/lab2:/home/foiegreis/ros2_ws/install/lab1:/opt/ros/iron /usr/bin/cmake /home/foiegreis/ros2_fndm_ws/src/ros2_fndm_bringup -DCMAKE_INSTALL_PREFIX=/home/foiegreis/ros2_fndm_ws/src/install/ros2_fndm_bringup
[2.639s] Invoking command in '/home/foiegreis/ros2_fndm_ws/src/build/ros2_fndm_bringup': CMAKE_PREFIX_PATH=${CMAKE_PREFIX_PATH}:/home/foiegreis/my_ros2_ws/install/py_pkg:/home/foiegreis/my_ros2_ws/install/py_actions:/home/foiegreis/my_ros2_ws/src/install/py_pkg:/home/foiegreis/ros2_ws_book/install/py_pkg:/home/foiegreis/ros2_ws/install/my_py_pkg:/home/foiegreis/ros2_ws/install/lab4:/home/foiegreis/ros2_ws/install/lab3:/home/foiegreis/ros2_ws/install/lab2:/home/foiegreis/ros2_ws/install/lab1:/opt/ros/iron /usr/bin/cmake --build /home/foiegreis/ros2_fndm_ws/src/build/ros2_fndm_bringup -- -j12 -l12
[2.687s] Invoked command in '/home/foiegreis/ros2_fndm_ws/src/build/ros2_fndm_bringup' returned '0': CMAKE_PREFIX_PATH=${CMAKE_PREFIX_PATH}:/home/foiegreis/my_ros2_ws/install/py_pkg:/home/foiegreis/my_ros2_ws/install/py_actions:/home/foiegreis/my_ros2_ws/src/install/py_pkg:/home/foiegreis/ros2_ws_book/install/py_pkg:/home/foiegreis/ros2_ws/install/my_py_pkg:/home/foiegreis/ros2_ws/install/lab4:/home/foiegreis/ros2_ws/install/lab3:/home/foiegreis/ros2_ws/install/lab2:/home/foiegreis/ros2_ws/install/lab1:/opt/ros/iron /usr/bin/cmake --build /home/foiegreis/ros2_fndm_ws/src/build/ros2_fndm_bringup -- -j12 -l12
[2.720s] Invoking command in '/home/foiegreis/ros2_fndm_ws/src/build/ros2_fndm_bringup': CMAKE_PREFIX_PATH=${CMAKE_PREFIX_PATH}:/home/foiegreis/my_ros2_ws/install/py_pkg:/home/foiegreis/my_ros2_ws/install/py_actions:/home/foiegreis/my_ros2_ws/src/install/py_pkg:/home/foiegreis/ros2_ws_book/install/py_pkg:/home/foiegreis/ros2_ws/install/my_py_pkg:/home/foiegreis/ros2_ws/install/lab4:/home/foiegreis/ros2_ws/install/lab3:/home/foiegreis/ros2_ws/install/lab2:/home/foiegreis/ros2_ws/install/lab1:/opt/ros/iron /usr/bin/cmake --install /home/foiegreis/ros2_fndm_ws/src/build/ros2_fndm_bringup
[2.733s] -- Install configuration: ""
[2.734s] -- Installing: /home/foiegreis/ros2_fndm_ws/src/install/ros2_fndm_bringup/share/ament_index/resource_index/package_run_dependencies/ros2_fndm_bringup
[2.734s] -- Installing: /home/foiegreis/ros2_fndm_ws/src/install/ros2_fndm_bringup/share/ament_index/resource_index/parent_prefix_path/ros2_fndm_bringup
[2.734s] -- Installing: /home/foiegreis/ros2_fndm_ws/src/install/ros2_fndm_bringup/share/ros2_fndm_bringup/environment/ament_prefix_path.sh
[2.734s] -- Installing: /home/foiegreis/ros2_fndm_ws/src/install/ros2_fndm_bringup/share/ros2_fndm_bringup/environment/ament_prefix_path.dsv
[2.735s] -- Installing: /home/foiegreis/ros2_fndm_ws/src/install/ros2_fndm_bringup/share/ros2_fndm_bringup/environment/path.sh
[2.735s] -- Installing: /home/foiegreis/ros2_fndm_ws/src/install/ros2_fndm_bringup/share/ros2_fndm_bringup/environment/path.dsv
[2.735s] -- Installing: /home/foiegreis/ros2_fndm_ws/src/install/ros2_fndm_bringup/share/ros2_fndm_bringup/local_setup.bash
[2.736s] -- Installing: /home/foiegreis/ros2_fndm_ws/src/install/ros2_fndm_bringup/share/ros2_fndm_bringup/local_setup.sh
[2.736s] -- Installing: /home/foiegreis/ros2_fndm_ws/src/install/ros2_fndm_bringup/share/ros2_fndm_bringup/local_setup.zsh
[2.736s] -- Installing: /home/foiegreis/ros2_fndm_ws/src/install/ros2_fndm_bringup/share/ros2_fndm_bringup/local_setup.dsv
[2.736s] -- Installing: /home/foiegreis/ros2_fndm_ws/src/install/ros2_fndm_bringup/share/ros2_fndm_bringup/package.dsv
[2.737s] -- Installing: /home/foiegreis/ros2_fndm_ws/src/install/ros2_fndm_bringup/share/ament_index/resource_index/packages/ros2_fndm_bringup
[2.737s] -- Installing: /home/foiegreis/ros2_fndm_ws/src/install/ros2_fndm_bringup/share/ros2_fndm_bringup/cmake/ros2_fndm_bringupConfig.cmake
[2.737s] -- Installing: /home/foiegreis/ros2_fndm_ws/src/install/ros2_fndm_bringup/share/ros2_fndm_bringup/cmake/ros2_fndm_bringupConfig-version.cmake
[2.738s] -- Installing: /home/foiegreis/ros2_fndm_ws/src/install/ros2_fndm_bringup/share/ros2_fndm_bringup/package.xml
[2.741s] Invoked command in '/home/foiegreis/ros2_fndm_ws/src/build/ros2_fndm_bringup' returned '0': CMAKE_PREFIX_PATH=${CMAKE_PREFIX_PATH}:/home/foiegreis/my_ros2_ws/install/py_pkg:/home/foiegreis/my_ros2_ws/install/py_actions:/home/foiegreis/my_ros2_ws/src/install/py_pkg:/home/foiegreis/ros2_ws_book/install/py_pkg:/home/foiegreis/ros2_ws/install/my_py_pkg:/home/foiegreis/ros2_ws/install/lab4:/home/foiegreis/ros2_ws/install/lab3:/home/foiegreis/ros2_ws/install/lab2:/home/foiegreis/ros2_ws/install/lab1:/opt/ros/iron /usr/bin/cmake --install /home/foiegreis/ros2_fndm_ws/src/build/ros2_fndm_bringup
