[0.165s] Invoking command in '/home/foiegreis/ros2_fndm_ws/build/cpp_pkg': CMAKE_PREFIX_PATH=${CMAKE_PREFIX_PATH}:/home/foiegreis/ros2_fndm_ws/install/py_actions:/home/foiegreis/ros2_fndm_ws/install/py_pkg:/home/foiegreis/ros2_ws_book/install/py_pkg:/home/foiegreis/ros2_ws/install/my_py_pkg:/home/foiegreis/ros2_ws/install/lab4:/home/foiegreis/ros2_ws/install/lab3:/home/foiegreis/ros2_ws/install/lab2:/home/foiegreis/ros2_ws/install/lab1:/opt/ros/iron /usr/bin/cmake --build /home/foiegreis/ros2_fndm_ws/build/cpp_pkg -- -j12 -l12
[0.209s] [35m[1mConsolidate compiler generated dependencies of target listener_cpp[0m
[0.226s] [ 20%] Built target simple_node_cpp
[0.227s] [ 30%] [32mBuilding CXX object CMakeFiles/sum_server_cpp.dir/src/sum_server.cpp.o[0m
[0.227s] [ 70%] Built target sum_client_cpp
[0.227s] [ 70%] Built target talker_cpp
[0.236s] [ 90%] Built target listener_cpp
[4.930s] [100%] [32m[1mLinking CXX executable sum_server_cpp[0m
[5.351s] [100%] Built target sum_server_cpp
[5.361s] Invoked command in '/home/foiegreis/ros2_fndm_ws/build/cpp_pkg' returned '0': CMAKE_PREFIX_PATH=${CMAKE_PREFIX_PATH}:/home/foiegreis/ros2_fndm_ws/install/py_actions:/home/foiegreis/ros2_fndm_ws/install/py_pkg:/home/foiegreis/ros2_ws_book/install/py_pkg:/home/foiegreis/ros2_ws/install/my_py_pkg:/home/foiegreis/ros2_ws/install/lab4:/home/foiegreis/ros2_ws/install/lab3:/home/foiegreis/ros2_ws/install/lab2:/home/foiegreis/ros2_ws/install/lab1:/opt/ros/iron /usr/bin/cmake --build /home/foiegreis/ros2_fndm_ws/build/cpp_pkg -- -j12 -l12
[5.427s] Invoking command in '/home/foiegreis/ros2_fndm_ws/build/cpp_pkg': CMAKE_PREFIX_PATH=${CMAKE_PREFIX_PATH}:/home/foiegreis/ros2_fndm_ws/install/py_actions:/home/foiegreis/ros2_fndm_ws/install/py_pkg:/home/foiegreis/ros2_ws_book/install/py_pkg:/home/foiegreis/ros2_ws/install/my_py_pkg:/home/foiegreis/ros2_ws/install/lab4:/home/foiegreis/ros2_ws/install/lab3:/home/foiegreis/ros2_ws/install/lab2:/home/foiegreis/ros2_ws/install/lab1:/opt/ros/iron /usr/bin/cmake --install /home/foiegreis/ros2_fndm_ws/build/cpp_pkg
[5.449s] -- Install configuration: ""
[5.450s] -- Up-to-date: /home/foiegreis/ros2_fndm_ws/install/cpp_pkg/lib/cpp_pkg/simple_node_cpp
[5.451s] -- Up-to-date: /home/foiegreis/ros2_fndm_ws/install/cpp_pkg/lib/cpp_pkg/talker_cpp
[5.453s] -- Up-to-date: /home/foiegreis/ros2_fndm_ws/install/cpp_pkg/lib/cpp_pkg/listener_cpp
[5.455s] -- Installing: /home/foiegreis/ros2_fndm_ws/install/cpp_pkg/lib/cpp_pkg/sum_server_cpp
[5.461s] -- Set runtime path of "/home/foiegreis/ros2_fndm_ws/install/cpp_pkg/lib/cpp_pkg/sum_server_cpp" to ""
[5.462s] -- Up-to-date: /home/foiegreis/ros2_fndm_ws/install/cpp_pkg/lib/cpp_pkg/sum_client_cpp
[5.464s] -- Up-to-date: /home/foiegreis/ros2_fndm_ws/install/cpp_pkg/share/ament_index/resource_index/package_run_dependencies/cpp_pkg
[5.464s] -- Up-to-date: /home/foiegreis/ros2_fndm_ws/install/cpp_pkg/share/ament_index/resource_index/parent_prefix_path/cpp_pkg
[5.465s] -- Up-to-date: /home/foiegreis/ros2_fndm_ws/install/cpp_pkg/share/cpp_pkg/environment/ament_prefix_path.sh
[5.465s] -- Up-to-date: /home/foiegreis/ros2_fndm_ws/install/cpp_pkg/share/cpp_pkg/environment/ament_prefix_path.dsv
[5.466s] -- Up-to-date: /home/foiegreis/ros2_fndm_ws/install/cpp_pkg/share/cpp_pkg/environment/path.sh
[5.466s] -- Up-to-date: /home/foiegreis/ros2_fndm_ws/install/cpp_pkg/share/cpp_pkg/environment/path.dsv
[5.467s] -- Up-to-date: /home/foiegreis/ros2_fndm_ws/install/cpp_pkg/share/cpp_pkg/local_setup.bash
[5.467s] -- Up-to-date: /home/foiegreis/ros2_fndm_ws/install/cpp_pkg/share/cpp_pkg/local_setup.sh
[5.468s] -- Up-to-date: /home/foiegreis/ros2_fndm_ws/install/cpp_pkg/share/cpp_pkg/local_setup.zsh
[5.468s] -- Up-to-date: /home/foiegreis/ros2_fndm_ws/install/cpp_pkg/share/cpp_pkg/local_setup.dsv
[5.468s] -- Installing: /home/foiegreis/ros2_fndm_ws/install/cpp_pkg/share/cpp_pkg/package.dsv
[5.468s] -- Up-to-date: /home/foiegreis/ros2_fndm_ws/install/cpp_pkg/share/ament_index/resource_index/packages/cpp_pkg
[5.469s] -- Up-to-date: /home/foiegreis/ros2_fndm_ws/install/cpp_pkg/share/cpp_pkg/cmake/ament_cmake_export_dependencies-extras.cmake
[5.469s] -- Up-to-date: /home/foiegreis/ros2_fndm_ws/install/cpp_pkg/share/cpp_pkg/cmake/cpp_pkgConfig.cmake
[5.469s] -- Up-to-date: /home/foiegreis/ros2_fndm_ws/install/cpp_pkg/share/cpp_pkg/cmake/cpp_pkgConfig-version.cmake
[5.469s] -- Up-to-date: /home/foiegreis/ros2_fndm_ws/install/cpp_pkg/share/cpp_pkg/package.xml
[5.474s] Invoked command in '/home/foiegreis/ros2_fndm_ws/build/cpp_pkg' returned '0': CMAKE_PREFIX_PATH=${CMAKE_PREFIX_PATH}:/home/foiegreis/ros2_fndm_ws/install/py_actions:/home/foiegreis/ros2_fndm_ws/install/py_pkg:/home/foiegreis/ros2_ws_book/install/py_pkg:/home/foiegreis/ros2_ws/install/my_py_pkg:/home/foiegreis/ros2_ws/install/lab4:/home/foiegreis/ros2_ws/install/lab3:/home/foiegreis/ros2_ws/install/lab2:/home/foiegreis/ros2_ws/install/lab1:/opt/ros/iron /usr/bin/cmake --install /home/foiegreis/ros2_fndm_ws/build/cpp_pkg
