[  1%] Built target my_ros2_interface__rosidl_generator_type_description
[  1%] Built target ament_cmake_python_copy_my_ros2_interface
[35m[1mConsolidate compiler generated dependencies of target my_ros2_interface__rosidl_generator_c[0m
[  3%] Built target my_ros2_interface__cpp
[ 24%] Built target my_ros2_interface__rosidl_generator_c
[35m[1mConsolidate compiler generated dependencies of target my_ros2_interface__rosidl_typesupport_cpp[0m
[35m[1mConsolidate compiler generated dependencies of target my_ros2_interface__rosidl_typesupport_fastrtps_c[0m
[35m[1mConsolidate compiler generated dependencies of target my_ros2_interface__rosidl_typesupport_introspection_cpp[0m
[35m[1mConsolidate compiler generated dependencies of target my_ros2_interface__rosidl_typesupport_c[0m
[35m[1mConsolidate compiler generated dependencies of target my_ros2_interface__rosidl_typesupport_introspection_c[0m
[35m[1mConsolidate compiler generated dependencies of target my_ros2_interface__rosidl_typesupport_fastrtps_cpp[0m
[ 38%] Built target my_ros2_interface__rosidl_typesupport_introspection_c
[ 42%] Built target my_ros2_interface__rosidl_typesupport_fastrtps_c
[ 57%] Built target my_ros2_interface__rosidl_typesupport_cpp
[ 61%] Built target my_ros2_interface__rosidl_typesupport_introspection_cpp
[ 70%] Built target my_ros2_interface__rosidl_typesupport_c
[ 79%] Built target my_ros2_interface__rosidl_typesupport_fastrtps_cpp
[ 79%] Built target my_ros2_interface
[ 81%] Built target my_ros2_interface__py
[35m[1mConsolidate compiler generated dependencies of target my_ros2_interface__rosidl_generator_py[0m
[ 88%] Built target my_ros2_interface__rosidl_generator_py
[35m[1mConsolidate compiler generated dependencies of target my_ros2_interface__rosidl_typesupport_fastrtps_c__pyext[0m
[35m[1mConsolidate compiler generated dependencies of target my_ros2_interface__rosidl_typesupport_introspection_c__pyext[0m
[35m[1mConsolidate compiler generated dependencies of target my_ros2_interface__rosidl_typesupport_c__pyext[0m
[ 96%] Built target my_ros2_interface__rosidl_typesupport_fastrtps_c__pyext
[ 96%] Built target my_ros2_interface__rosidl_typesupport_introspection_c__pyext
[100%] Built target my_ros2_interface__rosidl_typesupport_c__pyext
running egg_info
writing my_ros2_interface.egg-info/PKG-INFO
writing dependency_links to my_ros2_interface.egg-info/dependency_links.txt
writing top-level names to my_ros2_interface.egg-info/top_level.txt
reading manifest file 'my_ros2_interface.egg-info/SOURCES.txt'
writing manifest file 'my_ros2_interface.egg-info/SOURCES.txt'
[100%] Built target ament_cmake_python_build_my_ros2_interface_egg
-- Install configuration: ""
-- Installing: /home/foiegreis/ros2_fndm_ws/install/my_ros2_interface/share/ament_index/resource_index/rosidl_interfaces/my_ros2_interface
-- Installing: /home/foiegreis/ros2_fndm_ws/install/my_ros2_interface/share/my_ros2_interface/msg/AddressBook.json
-- Installing: /home/foiegreis/ros2_fndm_ws/install/my_ros2_interface/share/my_ros2_interface/srv/AddThreeInts.json
-- Installing: /home/foiegreis/ros2_fndm_ws/install/my_ros2_interface/share/my_ros2_interface/action/Fibonacci.json
-- Installing: /home/foiegreis/ros2_fndm_ws/install/my_ros2_interface/include/my_ros2_interface/my_ros2_interface
-- Installing: /home/foiegreis/ros2_fndm_ws/install/my_ros2_interface/include/my_ros2_interface/my_ros2_interface/srv
-- Installing: /home/foiegreis/ros2_fndm_ws/install/my_ros2_interface/include/my_ros2_interface/my_ros2_interface/srv/add_three_ints.h
-- Installing: /home/foiegreis/ros2_fndm_ws/install/my_ros2_interface/include/my_ros2_interface/my_ros2_interface/srv/detail
-- Installing: /home/foiegreis/ros2_fndm_ws/install/my_ros2_interface/include/my_ros2_interface/my_ros2_interface/srv/detail/add_three_ints__functions.c
-- Installing: /home/foiegreis/ros2_fndm_ws/install/my_ros2_interface/include/my_ros2_interface/my_ros2_interface/srv/detail/add_three_ints__functions.h
-- Installing: /home/foiegreis/ros2_fndm_ws/install/my_ros2_interface/include/my_ros2_interface/my_ros2_interface/srv/detail/add_three_ints__struct.h
-- Installing: /home/foiegreis/ros2_fndm_ws/install/my_ros2_interface/include/my_ros2_interface/my_ros2_interface/srv/detail/add_three_ints__type_support.c
-- Installing: /home/foiegreis/ros2_fndm_ws/install/my_ros2_interface/include/my_ros2_interface/my_ros2_interface/srv/detail/add_three_ints__description.c
-- Installing: /home/foiegreis/ros2_fndm_ws/install/my_ros2_interface/include/my_ros2_interface/my_ros2_interface/srv/detail/add_three_ints__type_support.h
-- Installing: /home/foiegreis/ros2_fndm_ws/install/my_ros2_interface/include/my_ros2_interface/my_ros2_interface/msg
-- Installing: /home/foiegreis/ros2_fndm_ws/install/my_ros2_interface/include/my_ros2_interface/my_ros2_interface/msg/address_book.h
-- Installing: /home/foiegreis/ros2_fndm_ws/install/my_ros2_interface/include/my_ros2_interface/my_ros2_interface/msg/detail
-- Installing: /home/foiegreis/ros2_fndm_ws/install/my_ros2_interface/include/my_ros2_interface/my_ros2_interface/msg/detail/address_book__functions.h
-- Installing: /home/foiegreis/ros2_fndm_ws/install/my_ros2_interface/include/my_ros2_interface/my_ros2_interface/msg/detail/address_book__functions.c
-- Installing: /home/foiegreis/ros2_fndm_ws/install/my_ros2_interface/include/my_ros2_interface/my_ros2_interface/msg/detail/address_book__struct.h
-- Installing: /home/foiegreis/ros2_fndm_ws/install/my_ros2_interface/include/my_ros2_interface/my_ros2_interface/msg/detail/address_book__description.c
-- Installing: /home/foiegreis/ros2_fndm_ws/install/my_ros2_interface/include/my_ros2_interface/my_ros2_interface/msg/detail/address_book__type_support.c
-- Installing: /home/foiegreis/ros2_fndm_ws/install/my_ros2_interface/include/my_ros2_interface/my_ros2_interface/msg/detail/address_book__type_support.h
-- Installing: /home/foiegreis/ros2_fndm_ws/install/my_ros2_interface/include/my_ros2_interface/my_ros2_interface/msg/rosidl_generator_c__visibility_control.h
-- Installing: /home/foiegreis/ros2_fndm_ws/install/my_ros2_interface/include/my_ros2_interface/my_ros2_interface/action
-- Installing: /home/foiegreis/ros2_fndm_ws/install/my_ros2_interface/include/my_ros2_interface/my_ros2_interface/action/fibonacci.h
-- Installing: /home/foiegreis/ros2_fndm_ws/install/my_ros2_interface/include/my_ros2_interface/my_ros2_interface/action/detail
-- Installing: /home/foiegreis/ros2_fndm_ws/install/my_ros2_interface/include/my_ros2_interface/my_ros2_interface/action/detail/fibonacci__type_support.h
-- Installing: /home/foiegreis/ros2_fndm_ws/install/my_ros2_interface/include/my_ros2_interface/my_ros2_interface/action/detail/fibonacci__description.c
-- Installing: /home/foiegreis/ros2_fndm_ws/install/my_ros2_interface/include/my_ros2_interface/my_ros2_interface/action/detail/fibonacci__type_support.c
-- Installing: /home/foiegreis/ros2_fndm_ws/install/my_ros2_interface/include/my_ros2_interface/my_ros2_interface/action/detail/fibonacci__functions.h
-- Installing: /home/foiegreis/ros2_fndm_ws/install/my_ros2_interface/include/my_ros2_interface/my_ros2_interface/action/detail/fibonacci__struct.h
-- Installing: /home/foiegreis/ros2_fndm_ws/install/my_ros2_interface/include/my_ros2_interface/my_ros2_interface/action/detail/fibonacci__functions.c
-- Installing: /home/foiegreis/ros2_fndm_ws/install/my_ros2_interface/share/my_ros2_interface/environment/library_path.sh
-- Installing: /home/foiegreis/ros2_fndm_ws/install/my_ros2_interface/share/my_ros2_interface/environment/library_path.dsv
-- Installing: /home/foiegreis/ros2_fndm_ws/install/my_ros2_interface/lib/libmy_ros2_interface__rosidl_generator_c.so
-- Set runtime path of "/home/foiegreis/ros2_fndm_ws/install/my_ros2_interface/lib/libmy_ros2_interface__rosidl_generator_c.so" to ""
-- Up-to-date: /home/foiegreis/ros2_fndm_ws/install/my_ros2_interface/include/my_ros2_interface/my_ros2_interface
-- Up-to-date: /home/foiegreis/ros2_fndm_ws/install/my_ros2_interface/include/my_ros2_interface/my_ros2_interface/srv
-- Up-to-date: /home/foiegreis/ros2_fndm_ws/install/my_ros2_interface/include/my_ros2_interface/my_ros2_interface/srv/detail
-- Installing: /home/foiegreis/ros2_fndm_ws/install/my_ros2_interface/include/my_ros2_interface/my_ros2_interface/srv/detail/add_three_ints__rosidl_typesupport_fastrtps_c.h
-- Up-to-date: /home/foiegreis/ros2_fndm_ws/install/my_ros2_interface/include/my_ros2_interface/my_ros2_interface/msg
-- Installing: /home/foiegreis/ros2_fndm_ws/install/my_ros2_interface/include/my_ros2_interface/my_ros2_interface/msg/rosidl_typesupport_fastrtps_c__visibility_control.h
-- Up-to-date: /home/foiegreis/ros2_fndm_ws/install/my_ros2_interface/include/my_ros2_interface/my_ros2_interface/msg/detail
-- Installing: /home/foiegreis/ros2_fndm_ws/install/my_ros2_interface/include/my_ros2_interface/my_ros2_interface/msg/detail/address_book__rosidl_typesupport_fastrtps_c.h
-- Up-to-date: /home/foiegreis/ros2_fndm_ws/install/my_ros2_interface/include/my_ros2_interface/my_ros2_interface/action
-- Up-to-date: /home/foiegreis/ros2_fndm_ws/install/my_ros2_interface/include/my_ros2_interface/my_ros2_interface/action/detail
-- Installing: /home/foiegreis/ros2_fndm_ws/install/my_ros2_interface/include/my_ros2_interface/my_ros2_interface/action/detail/fibonacci__rosidl_typesupport_fastrtps_c.h
-- Installing: /home/foiegreis/ros2_fndm_ws/install/my_ros2_interface/lib/libmy_ros2_interface__rosidl_typesupport_fastrtps_c.so
-- Set runtime path of "/home/foiegreis/ros2_fndm_ws/install/my_ros2_interface/lib/libmy_ros2_interface__rosidl_typesupport_fastrtps_c.so" to ""
-- Up-to-date: /home/foiegreis/ros2_fndm_ws/install/my_ros2_interface/include/my_ros2_interface/my_ros2_interface
-- Up-to-date: /home/foiegreis/ros2_fndm_ws/install/my_ros2_interface/include/my_ros2_interface/my_ros2_interface/srv
-- Up-to-date: /home/foiegreis/ros2_fndm_ws/install/my_ros2_interface/include/my_ros2_interface/my_ros2_interface/srv/detail
-- Installing: /home/foiegreis/ros2_fndm_ws/install/my_ros2_interface/include/my_ros2_interface/my_ros2_interface/srv/detail/add_three_ints__type_support.c
-- Installing: /home/foiegreis/ros2_fndm_ws/install/my_ros2_interface/include/my_ros2_interface/my_ros2_interface/srv/detail/add_three_ints__rosidl_typesupport_introspection_c.h
-- Up-to-date: /home/foiegreis/ros2_fndm_ws/install/my_ros2_interface/include/my_ros2_interface/my_ros2_interface/msg
-- Installing: /home/foiegreis/ros2_fndm_ws/install/my_ros2_interface/include/my_ros2_interface/my_ros2_interface/msg/rosidl_typesupport_introspection_c__visibility_control.h
-- Up-to-date: /home/foiegreis/ros2_fndm_ws/install/my_ros2_interface/include/my_ros2_interface/my_ros2_interface/msg/detail
-- Installing: /home/foiegreis/ros2_fndm_ws/install/my_ros2_interface/include/my_ros2_interface/my_ros2_interface/msg/detail/address_book__type_support.c
-- Installing: /home/foiegreis/ros2_fndm_ws/install/my_ros2_interface/include/my_ros2_interface/my_ros2_interface/msg/detail/address_book__rosidl_typesupport_introspection_c.h
-- Up-to-date: /home/foiegreis/ros2_fndm_ws/install/my_ros2_interface/include/my_ros2_interface/my_ros2_interface/action
-- Up-to-date: /home/foiegreis/ros2_fndm_ws/install/my_ros2_interface/include/my_ros2_interface/my_ros2_interface/action/detail
-- Installing: /home/foiegreis/ros2_fndm_ws/install/my_ros2_interface/include/my_ros2_interface/my_ros2_interface/action/detail/fibonacci__type_support.c
-- Installing: /home/foiegreis/ros2_fndm_ws/install/my_ros2_interface/include/my_ros2_interface/my_ros2_interface/action/detail/fibonacci__rosidl_typesupport_introspection_c.h
-- Installing: /home/foiegreis/ros2_fndm_ws/install/my_ros2_interface/lib/libmy_ros2_interface__rosidl_typesupport_introspection_c.so
-- Set runtime path of "/home/foiegreis/ros2_fndm_ws/install/my_ros2_interface/lib/libmy_ros2_interface__rosidl_typesupport_introspection_c.so" to ""
-- Installing: /home/foiegreis/ros2_fndm_ws/install/my_ros2_interface/lib/libmy_ros2_interface__rosidl_typesupport_c.so
-- Set runtime path of "/home/foiegreis/ros2_fndm_ws/install/my_ros2_interface/lib/libmy_ros2_interface__rosidl_typesupport_c.so" to ""
-- Up-to-date: /home/foiegreis/ros2_fndm_ws/install/my_ros2_interface/include/my_ros2_interface/my_ros2_interface
-- Up-to-date: /home/foiegreis/ros2_fndm_ws/install/my_ros2_interface/include/my_ros2_interface/my_ros2_interface/srv
-- Installing: /home/foiegreis/ros2_fndm_ws/install/my_ros2_interface/include/my_ros2_interface/my_ros2_interface/srv/add_three_ints.hpp
-- Up-to-date: /home/foiegreis/ros2_fndm_ws/install/my_ros2_interface/include/my_ros2_interface/my_ros2_interface/srv/detail
-- Installing: /home/foiegreis/ros2_fndm_ws/install/my_ros2_interface/include/my_ros2_interface/my_ros2_interface/srv/detail/add_three_ints__builder.hpp
-- Installing: /home/foiegreis/ros2_fndm_ws/install/my_ros2_interface/include/my_ros2_interface/my_ros2_interface/srv/detail/add_three_ints__struct.hpp
-- Installing: /home/foiegreis/ros2_fndm_ws/install/my_ros2_interface/include/my_ros2_interface/my_ros2_interface/srv/detail/add_three_ints__traits.hpp
-- Up-to-date: /home/foiegreis/ros2_fndm_ws/install/my_ros2_interface/include/my_ros2_interface/my_ros2_interface/msg
-- Installing: /home/foiegreis/ros2_fndm_ws/install/my_ros2_interface/include/my_ros2_interface/my_ros2_interface/msg/address_book.hpp
-- Up-to-date: /home/foiegreis/ros2_fndm_ws/install/my_ros2_interface/include/my_ros2_interface/my_ros2_interface/msg/detail
-- Installing: /home/foiegreis/ros2_fndm_ws/install/my_ros2_interface/include/my_ros2_interface/my_ros2_interface/msg/detail/address_book__builder.hpp
-- Installing: /home/foiegreis/ros2_fndm_ws/install/my_ros2_interface/include/my_ros2_interface/my_ros2_interface/msg/detail/address_book__struct.hpp
-- Installing: /home/foiegreis/ros2_fndm_ws/install/my_ros2_interface/include/my_ros2_interface/my_ros2_interface/msg/detail/address_book__traits.hpp
-- Up-to-date: /home/foiegreis/ros2_fndm_ws/install/my_ros2_interface/include/my_ros2_interface/my_ros2_interface/action
-- Installing: /home/foiegreis/ros2_fndm_ws/install/my_ros2_interface/include/my_ros2_interface/my_ros2_interface/action/fibonacci.hpp
-- Up-to-date: /home/foiegreis/ros2_fndm_ws/install/my_ros2_interface/include/my_ros2_interface/my_ros2_interface/action/detail
-- Installing: /home/foiegreis/ros2_fndm_ws/install/my_ros2_interface/include/my_ros2_interface/my_ros2_interface/action/detail/fibonacci__struct.hpp
-- Installing: /home/foiegreis/ros2_fndm_ws/install/my_ros2_interface/include/my_ros2_interface/my_ros2_interface/action/detail/fibonacci__builder.hpp
-- Installing: /home/foiegreis/ros2_fndm_ws/install/my_ros2_interface/include/my_ros2_interface/my_ros2_interface/action/detail/fibonacci__traits.hpp
-- Up-to-date: /home/foiegreis/ros2_fndm_ws/install/my_ros2_interface/include/my_ros2_interface/my_ros2_interface
-- Up-to-date: /home/foiegreis/ros2_fndm_ws/install/my_ros2_interface/include/my_ros2_interface/my_ros2_interface/srv
-- Up-to-date: /home/foiegreis/ros2_fndm_ws/install/my_ros2_interface/include/my_ros2_interface/my_ros2_interface/srv/detail
-- Installing: /home/foiegreis/ros2_fndm_ws/install/my_ros2_interface/include/my_ros2_interface/my_ros2_interface/srv/detail/add_three_ints__rosidl_typesupport_fastrtps_cpp.hpp
-- Installing: /home/foiegreis/ros2_fndm_ws/install/my_ros2_interface/include/my_ros2_interface/my_ros2_interface/srv/detail/dds_fastrtps
-- Up-to-date: /home/foiegreis/ros2_fndm_ws/install/my_ros2_interface/include/my_ros2_interface/my_ros2_interface/msg
-- Up-to-date: /home/foiegreis/ros2_fndm_ws/install/my_ros2_interface/include/my_ros2_interface/my_ros2_interface/msg/detail
-- Installing: /home/foiegreis/ros2_fndm_ws/install/my_ros2_interface/include/my_ros2_interface/my_ros2_interface/msg/detail/address_book__rosidl_typesupport_fastrtps_cpp.hpp
-- Installing: /home/foiegreis/ros2_fndm_ws/install/my_ros2_interface/include/my_ros2_interface/my_ros2_interface/msg/detail/dds_fastrtps
-- Installing: /home/foiegreis/ros2_fndm_ws/install/my_ros2_interface/include/my_ros2_interface/my_ros2_interface/msg/rosidl_typesupport_fastrtps_cpp__visibility_control.h
-- Up-to-date: /home/foiegreis/ros2_fndm_ws/install/my_ros2_interface/include/my_ros2_interface/my_ros2_interface/action
-- Up-to-date: /home/foiegreis/ros2_fndm_ws/install/my_ros2_interface/include/my_ros2_interface/my_ros2_interface/action/detail
-- Installing: /home/foiegreis/ros2_fndm_ws/install/my_ros2_interface/include/my_ros2_interface/my_ros2_interface/action/detail/fibonacci__rosidl_typesupport_fastrtps_cpp.hpp
-- Installing: /home/foiegreis/ros2_fndm_ws/install/my_ros2_interface/include/my_ros2_interface/my_ros2_interface/action/detail/dds_fastrtps
-- Installing: /home/foiegreis/ros2_fndm_ws/install/my_ros2_interface/lib/libmy_ros2_interface__rosidl_typesupport_fastrtps_cpp.so
-- Set runtime path of "/home/foiegreis/ros2_fndm_ws/install/my_ros2_interface/lib/libmy_ros2_interface__rosidl_typesupport_fastrtps_cpp.so" to ""
-- Up-to-date: /home/foiegreis/ros2_fndm_ws/install/my_ros2_interface/include/my_ros2_interface/my_ros2_interface
-- Up-to-date: /home/foiegreis/ros2_fndm_ws/install/my_ros2_interface/include/my_ros2_interface/my_ros2_interface/srv
-- Up-to-date: /home/foiegreis/ros2_fndm_ws/install/my_ros2_interface/include/my_ros2_interface/my_ros2_interface/srv/detail
-- Installing: /home/foiegreis/ros2_fndm_ws/install/my_ros2_interface/include/my_ros2_interface/my_ros2_interface/srv/detail/add_three_ints__rosidl_typesupport_introspection_cpp.hpp
-- Installing: /home/foiegreis/ros2_fndm_ws/install/my_ros2_interface/include/my_ros2_interface/my_ros2_interface/srv/detail/add_three_ints__type_support.cpp
-- Up-to-date: /home/foiegreis/ros2_fndm_ws/install/my_ros2_interface/include/my_ros2_interface/my_ros2_interface/msg
-- Up-to-date: /home/foiegreis/ros2_fndm_ws/install/my_ros2_interface/include/my_ros2_interface/my_ros2_interface/msg/detail
-- Installing: /home/foiegreis/ros2_fndm_ws/install/my_ros2_interface/include/my_ros2_interface/my_ros2_interface/msg/detail/address_book__rosidl_typesupport_introspection_cpp.hpp
-- Installing: /home/foiegreis/ros2_fndm_ws/install/my_ros2_interface/include/my_ros2_interface/my_ros2_interface/msg/detail/address_book__type_support.cpp
-- Up-to-date: /home/foiegreis/ros2_fndm_ws/install/my_ros2_interface/include/my_ros2_interface/my_ros2_interface/action
-- Up-to-date: /home/foiegreis/ros2_fndm_ws/install/my_ros2_interface/include/my_ros2_interface/my_ros2_interface/action/detail
-- Installing: /home/foiegreis/ros2_fndm_ws/install/my_ros2_interface/include/my_ros2_interface/my_ros2_interface/action/detail/fibonacci__rosidl_typesupport_introspection_cpp.hpp
-- Installing: /home/foiegreis/ros2_fndm_ws/install/my_ros2_interface/include/my_ros2_interface/my_ros2_interface/action/detail/fibonacci__type_support.cpp
-- Installing: /home/foiegreis/ros2_fndm_ws/install/my_ros2_interface/lib/libmy_ros2_interface__rosidl_typesupport_introspection_cpp.so
-- Set runtime path of "/home/foiegreis/ros2_fndm_ws/install/my_ros2_interface/lib/libmy_ros2_interface__rosidl_typesupport_introspection_cpp.so" to ""
-- Installing: /home/foiegreis/ros2_fndm_ws/install/my_ros2_interface/lib/libmy_ros2_interface__rosidl_typesupport_cpp.so
-- Set runtime path of "/home/foiegreis/ros2_fndm_ws/install/my_ros2_interface/lib/libmy_ros2_interface__rosidl_typesupport_cpp.so" to ""
-- Installing: /home/foiegreis/ros2_fndm_ws/install/my_ros2_interface/share/my_ros2_interface/environment/pythonpath.sh
-- Installing: /home/foiegreis/ros2_fndm_ws/install/my_ros2_interface/share/my_ros2_interface/environment/pythonpath.dsv
-- Installing: /home/foiegreis/ros2_fndm_ws/install/my_ros2_interface/lib/python3.10/site-packages/my_ros2_interface-0.0.0-py3.10.egg-info
-- Installing: /home/foiegreis/ros2_fndm_ws/install/my_ros2_interface/lib/python3.10/site-packages/my_ros2_interface-0.0.0-py3.10.egg-info/PKG-INFO
-- Installing: /home/foiegreis/ros2_fndm_ws/install/my_ros2_interface/lib/python3.10/site-packages/my_ros2_interface-0.0.0-py3.10.egg-info/dependency_links.txt
-- Installing: /home/foiegreis/ros2_fndm_ws/install/my_ros2_interface/lib/python3.10/site-packages/my_ros2_interface-0.0.0-py3.10.egg-info/SOURCES.txt
-- Installing: /home/foiegreis/ros2_fndm_ws/install/my_ros2_interface/lib/python3.10/site-packages/my_ros2_interface-0.0.0-py3.10.egg-info/top_level.txt
-- Installing: /home/foiegreis/ros2_fndm_ws/install/my_ros2_interface/lib/python3.10/site-packages/my_ros2_interface
-- Installing: /home/foiegreis/ros2_fndm_ws/install/my_ros2_interface/lib/python3.10/site-packages/my_ros2_interface/my_ros2_interface_s__rosidl_typesupport_c.cpython-310-x86_64-linux-gnu.so
-- Installing: /home/foiegreis/ros2_fndm_ws/install/my_ros2_interface/lib/python3.10/site-packages/my_ros2_interface/__init__.py
-- Installing: /home/foiegreis/ros2_fndm_ws/install/my_ros2_interface/lib/python3.10/site-packages/my_ros2_interface/my_ros2_interface_s__rosidl_typesupport_introspection_c.cpython-310-x86_64-linux-gnu.so
-- Installing: /home/foiegreis/ros2_fndm_ws/install/my_ros2_interface/lib/python3.10/site-packages/my_ros2_interface/_my_ros2_interface_s.ep.rosidl_typesupport_fastrtps_c.c
-- Installing: /home/foiegreis/ros2_fndm_ws/install/my_ros2_interface/lib/python3.10/site-packages/my_ros2_interface/_my_ros2_interface_s.ep.rosidl_typesupport_introspection_c.c
-- Installing: /home/foiegreis/ros2_fndm_ws/install/my_ros2_interface/lib/python3.10/site-packages/my_ros2_interface/my_ros2_interface_s__rosidl_typesupport_fastrtps_c.cpython-310-x86_64-linux-gnu.so
-- Installing: /home/foiegreis/ros2_fndm_ws/install/my_ros2_interface/lib/python3.10/site-packages/my_ros2_interface/_my_ros2_interface_s.ep.rosidl_typesupport_c.c
-- Installing: /home/foiegreis/ros2_fndm_ws/install/my_ros2_interface/lib/python3.10/site-packages/my_ros2_interface/srv
-- Installing: /home/foiegreis/ros2_fndm_ws/install/my_ros2_interface/lib/python3.10/site-packages/my_ros2_interface/srv/__init__.py
-- Installing: /home/foiegreis/ros2_fndm_ws/install/my_ros2_interface/lib/python3.10/site-packages/my_ros2_interface/srv/_add_three_ints_s.c
-- Installing: /home/foiegreis/ros2_fndm_ws/install/my_ros2_interface/lib/python3.10/site-packages/my_ros2_interface/srv/_add_three_ints.py
-- Installing: /home/foiegreis/ros2_fndm_ws/install/my_ros2_interface/lib/python3.10/site-packages/my_ros2_interface/msg
-- Installing: /home/foiegreis/ros2_fndm_ws/install/my_ros2_interface/lib/python3.10/site-packages/my_ros2_interface/msg/__init__.py
-- Installing: /home/foiegreis/ros2_fndm_ws/install/my_ros2_interface/lib/python3.10/site-packages/my_ros2_interface/msg/_address_book.py
-- Installing: /home/foiegreis/ros2_fndm_ws/install/my_ros2_interface/lib/python3.10/site-packages/my_ros2_interface/msg/_address_book_s.c
-- Installing: /home/foiegreis/ros2_fndm_ws/install/my_ros2_interface/lib/python3.10/site-packages/my_ros2_interface/libmy_ros2_interface__rosidl_generator_py.so
-- Installing: /home/foiegreis/ros2_fndm_ws/install/my_ros2_interface/lib/python3.10/site-packages/my_ros2_interface/action
-- Installing: /home/foiegreis/ros2_fndm_ws/install/my_ros2_interface/lib/python3.10/site-packages/my_ros2_interface/action/_fibonacci.py
-- Installing: /home/foiegreis/ros2_fndm_ws/install/my_ros2_interface/lib/python3.10/site-packages/my_ros2_interface/action/__init__.py
-- Installing: /home/foiegreis/ros2_fndm_ws/install/my_ros2_interface/lib/python3.10/site-packages/my_ros2_interface/action/_fibonacci_s.c
Listing '/home/foiegreis/ros2_fndm_ws/install/my_ros2_interface/lib/python3.10/site-packages/my_ros2_interface'...
Compiling '/home/foiegreis/ros2_fndm_ws/install/my_ros2_interface/lib/python3.10/site-packages/my_ros2_interface/__init__.py'...
Listing '/home/foiegreis/ros2_fndm_ws/install/my_ros2_interface/lib/python3.10/site-packages/my_ros2_interface/action'...
Compiling '/home/foiegreis/ros2_fndm_ws/install/my_ros2_interface/lib/python3.10/site-packages/my_ros2_interface/action/__init__.py'...
Compiling '/home/foiegreis/ros2_fndm_ws/install/my_ros2_interface/lib/python3.10/site-packages/my_ros2_interface/action/_fibonacci.py'...
Listing '/home/foiegreis/ros2_fndm_ws/install/my_ros2_interface/lib/python3.10/site-packages/my_ros2_interface/msg'...
Compiling '/home/foiegreis/ros2_fndm_ws/install/my_ros2_interface/lib/python3.10/site-packages/my_ros2_interface/msg/__init__.py'...
Compiling '/home/foiegreis/ros2_fndm_ws/install/my_ros2_interface/lib/python3.10/site-packages/my_ros2_interface/msg/_address_book.py'...
Listing '/home/foiegreis/ros2_fndm_ws/install/my_ros2_interface/lib/python3.10/site-packages/my_ros2_interface/srv'...
Compiling '/home/foiegreis/ros2_fndm_ws/install/my_ros2_interface/lib/python3.10/site-packages/my_ros2_interface/srv/__init__.py'...
Compiling '/home/foiegreis/ros2_fndm_ws/install/my_ros2_interface/lib/python3.10/site-packages/my_ros2_interface/srv/_add_three_ints.py'...
-- Installing: /home/foiegreis/ros2_fndm_ws/install/my_ros2_interface/lib/python3.10/site-packages/my_ros2_interface/my_ros2_interface_s__rosidl_typesupport_fastrtps_c.cpython-310-x86_64-linux-gnu.so
-- Set runtime path of "/home/foiegreis/ros2_fndm_ws/install/my_ros2_interface/lib/python3.10/site-packages/my_ros2_interface/my_ros2_interface_s__rosidl_typesupport_fastrtps_c.cpython-310-x86_64-linux-gnu.so" to ""
-- Installing: /home/foiegreis/ros2_fndm_ws/install/my_ros2_interface/lib/python3.10/site-packages/my_ros2_interface/my_ros2_interface_s__rosidl_typesupport_introspection_c.cpython-310-x86_64-linux-gnu.so
-- Set runtime path of "/home/foiegreis/ros2_fndm_ws/install/my_ros2_interface/lib/python3.10/site-packages/my_ros2_interface/my_ros2_interface_s__rosidl_typesupport_introspection_c.cpython-310-x86_64-linux-gnu.so" to ""
-- Installing: /home/foiegreis/ros2_fndm_ws/install/my_ros2_interface/lib/python3.10/site-packages/my_ros2_interface/my_ros2_interface_s__rosidl_typesupport_c.cpython-310-x86_64-linux-gnu.so
-- Set runtime path of "/home/foiegreis/ros2_fndm_ws/install/my_ros2_interface/lib/python3.10/site-packages/my_ros2_interface/my_ros2_interface_s__rosidl_typesupport_c.cpython-310-x86_64-linux-gnu.so" to ""
-- Installing: /home/foiegreis/ros2_fndm_ws/install/my_ros2_interface/lib/libmy_ros2_interface__rosidl_generator_py.so
-- Set runtime path of "/home/foiegreis/ros2_fndm_ws/install/my_ros2_interface/lib/libmy_ros2_interface__rosidl_generator_py.so" to ""
-- Installing: /home/foiegreis/ros2_fndm_ws/install/my_ros2_interface/share/my_ros2_interface/msg/AddressBook.idl
-- Installing: /home/foiegreis/ros2_fndm_ws/install/my_ros2_interface/share/my_ros2_interface/srv/AddThreeInts.idl
-- Installing: /home/foiegreis/ros2_fndm_ws/install/my_ros2_interface/share/my_ros2_interface/action/Fibonacci.idl
-- Installing: /home/foiegreis/ros2_fndm_ws/install/my_ros2_interface/share/my_ros2_interface/msg/AddressBook.msg
-- Installing: /home/foiegreis/ros2_fndm_ws/install/my_ros2_interface/share/my_ros2_interface/srv/AddThreeInts.srv
-- Installing: /home/foiegreis/ros2_fndm_ws/install/my_ros2_interface/share/my_ros2_interface/srv/AddThreeInts_Request.msg
-- Installing: /home/foiegreis/ros2_fndm_ws/install/my_ros2_interface/share/my_ros2_interface/srv/AddThreeInts_Response.msg
-- Installing: /home/foiegreis/ros2_fndm_ws/install/my_ros2_interface/share/my_ros2_interface/action/Fibonacci.action
-- Installing: /home/foiegreis/ros2_fndm_ws/install/my_ros2_interface/share/ament_index/resource_index/package_run_dependencies/my_ros2_interface
-- Installing: /home/foiegreis/ros2_fndm_ws/install/my_ros2_interface/share/ament_index/resource_index/parent_prefix_path/my_ros2_interface
-- Installing: /home/foiegreis/ros2_fndm_ws/install/my_ros2_interface/share/my_ros2_interface/environment/ament_prefix_path.sh
-- Installing: /home/foiegreis/ros2_fndm_ws/install/my_ros2_interface/share/my_ros2_interface/environment/ament_prefix_path.dsv
-- Installing: /home/foiegreis/ros2_fndm_ws/install/my_ros2_interface/share/my_ros2_interface/environment/path.sh
-- Installing: /home/foiegreis/ros2_fndm_ws/install/my_ros2_interface/share/my_ros2_interface/environment/path.dsv
-- Installing: /home/foiegreis/ros2_fndm_ws/install/my_ros2_interface/share/my_ros2_interface/local_setup.bash
-- Installing: /home/foiegreis/ros2_fndm_ws/install/my_ros2_interface/share/my_ros2_interface/local_setup.sh
-- Installing: /home/foiegreis/ros2_fndm_ws/install/my_ros2_interface/share/my_ros2_interface/local_setup.zsh
-- Installing: /home/foiegreis/ros2_fndm_ws/install/my_ros2_interface/share/my_ros2_interface/local_setup.dsv
-- Installing: /home/foiegreis/ros2_fndm_ws/install/my_ros2_interface/share/my_ros2_interface/package.dsv
-- Installing: /home/foiegreis/ros2_fndm_ws/install/my_ros2_interface/share/ament_index/resource_index/packages/my_ros2_interface
-- Installing: /home/foiegreis/ros2_fndm_ws/install/my_ros2_interface/share/my_ros2_interface/cmake/export_my_ros2_interface__rosidl_generator_cExport.cmake
-- Installing: /home/foiegreis/ros2_fndm_ws/install/my_ros2_interface/share/my_ros2_interface/cmake/export_my_ros2_interface__rosidl_generator_cExport-noconfig.cmake
-- Installing: /home/foiegreis/ros2_fndm_ws/install/my_ros2_interface/share/my_ros2_interface/cmake/export_my_ros2_interface__rosidl_typesupport_fastrtps_cExport.cmake
-- Installing: /home/foiegreis/ros2_fndm_ws/install/my_ros2_interface/share/my_ros2_interface/cmake/export_my_ros2_interface__rosidl_typesupport_fastrtps_cExport-noconfig.cmake
-- Installing: /home/foiegreis/ros2_fndm_ws/install/my_ros2_interface/share/my_ros2_interface/cmake/my_ros2_interface__rosidl_typesupport_introspection_cExport.cmake
-- Installing: /home/foiegreis/ros2_fndm_ws/install/my_ros2_interface/share/my_ros2_interface/cmake/my_ros2_interface__rosidl_typesupport_introspection_cExport-noconfig.cmake
-- Installing: /home/foiegreis/ros2_fndm_ws/install/my_ros2_interface/share/my_ros2_interface/cmake/my_ros2_interface__rosidl_typesupport_cExport.cmake
-- Installing: /home/foiegreis/ros2_fndm_ws/install/my_ros2_interface/share/my_ros2_interface/cmake/my_ros2_interface__rosidl_typesupport_cExport-noconfig.cmake
-- Installing: /home/foiegreis/ros2_fndm_ws/install/my_ros2_interface/share/my_ros2_interface/cmake/export_my_ros2_interface__rosidl_generator_cppExport.cmake
-- Installing: /home/foiegreis/ros2_fndm_ws/install/my_ros2_interface/share/my_ros2_interface/cmake/export_my_ros2_interface__rosidl_typesupport_fastrtps_cppExport.cmake
-- Installing: /home/foiegreis/ros2_fndm_ws/install/my_ros2_interface/share/my_ros2_interface/cmake/export_my_ros2_interface__rosidl_typesupport_fastrtps_cppExport-noconfig.cmake
-- Installing: /home/foiegreis/ros2_fndm_ws/install/my_ros2_interface/share/my_ros2_interface/cmake/my_ros2_interface__rosidl_typesupport_introspection_cppExport.cmake
-- Installing: /home/foiegreis/ros2_fndm_ws/install/my_ros2_interface/share/my_ros2_interface/cmake/my_ros2_interface__rosidl_typesupport_introspection_cppExport-noconfig.cmake
-- Installing: /home/foiegreis/ros2_fndm_ws/install/my_ros2_interface/share/my_ros2_interface/cmake/my_ros2_interface__rosidl_typesupport_cppExport.cmake
-- Installing: /home/foiegreis/ros2_fndm_ws/install/my_ros2_interface/share/my_ros2_interface/cmake/my_ros2_interface__rosidl_typesupport_cppExport-noconfig.cmake
-- Installing: /home/foiegreis/ros2_fndm_ws/install/my_ros2_interface/share/my_ros2_interface/cmake/export_my_ros2_interface__rosidl_generator_pyExport.cmake
-- Installing: /home/foiegreis/ros2_fndm_ws/install/my_ros2_interface/share/my_ros2_interface/cmake/export_my_ros2_interface__rosidl_generator_pyExport-noconfig.cmake
-- Installing: /home/foiegreis/ros2_fndm_ws/install/my_ros2_interface/share/my_ros2_interface/cmake/rosidl_cmake-extras.cmake
-- Installing: /home/foiegreis/ros2_fndm_ws/install/my_ros2_interface/share/my_ros2_interface/cmake/ament_cmake_export_dependencies-extras.cmake
-- Installing: /home/foiegreis/ros2_fndm_ws/install/my_ros2_interface/share/my_ros2_interface/cmake/ament_cmake_export_include_directories-extras.cmake
-- Installing: /home/foiegreis/ros2_fndm_ws/install/my_ros2_interface/share/my_ros2_interface/cmake/ament_cmake_export_libraries-extras.cmake
-- Installing: /home/foiegreis/ros2_fndm_ws/install/my_ros2_interface/share/my_ros2_interface/cmake/ament_cmake_export_targets-extras.cmake
-- Installing: /home/foiegreis/ros2_fndm_ws/install/my_ros2_interface/share/my_ros2_interface/cmake/rosidl_cmake_export_typesupport_targets-extras.cmake
-- Installing: /home/foiegreis/ros2_fndm_ws/install/my_ros2_interface/share/my_ros2_interface/cmake/rosidl_cmake_export_typesupport_libraries-extras.cmake
-- Installing: /home/foiegreis/ros2_fndm_ws/install/my_ros2_interface/share/my_ros2_interface/cmake/my_ros2_interfaceConfig.cmake
-- Installing: /home/foiegreis/ros2_fndm_ws/install/my_ros2_interface/share/my_ros2_interface/cmake/my_ros2_interfaceConfig-version.cmake
-- Installing: /home/foiegreis/ros2_fndm_ws/install/my_ros2_interface/share/my_ros2_interface/package.xml
