[0.669s] Invoking command in '/home/foiegreis/ros2_fndm_ws/build/my_ros2_interface': CMAKE_PREFIX_PATH=${CMAKE_PREFIX_PATH}:/home/foiegreis/ros2_fndm_ws/install/py_actions:/home/foiegreis/ros2_fndm_ws/install/py_pkg:/home/foiegreis/ros2_ws_book/install/py_pkg:/home/foiegreis/ros2_ws/install/my_py_pkg:/home/foiegreis/ros2_ws/install/lab4:/home/foiegreis/ros2_ws/install/lab3:/home/foiegreis/ros2_ws/install/lab2:/home/foiegreis/ros2_ws/install/lab1:/opt/ros/iron /usr/bin/cmake --build /home/foiegreis/ros2_fndm_ws/build/my_ros2_interface -- -j12 -l12
[1.240s] [  1%] Built target my_ros2_interface__rosidl_generator_type_description
[1.241s] [  1%] Built target ament_cmake_python_copy_my_ros2_interface
[1.241s] [35m[1mConsolidate compiler generated dependencies of target my_ros2_interface__rosidl_generator_c[0m
[1.241s] [  3%] Built target my_ros2_interface__cpp
[1.241s] [ 24%] Built target my_ros2_interface__rosidl_generator_c
[1.242s] [35m[1mConsolidate compiler generated dependencies of target my_ros2_interface__rosidl_typesupport_cpp[0m
[1.242s] [35m[1mConsolidate compiler generated dependencies of target my_ros2_interface__rosidl_typesupport_fastrtps_c[0m
[1.242s] [35m[1mConsolidate compiler generated dependencies of target my_ros2_interface__rosidl_typesupport_introspection_cpp[0m
[1.242s] [35m[1mConsolidate compiler generated dependencies of target my_ros2_interface__rosidl_typesupport_c[0m
[1.243s] [35m[1mConsolidate compiler generated dependencies of target my_ros2_interface__rosidl_typesupport_introspection_c[0m
[1.243s] [35m[1mConsolidate compiler generated dependencies of target my_ros2_interface__rosidl_typesupport_fastrtps_cpp[0m
[1.243s] [ 38%] Built target my_ros2_interface__rosidl_typesupport_introspection_c
[1.244s] [ 42%] Built target my_ros2_interface__rosidl_typesupport_fastrtps_c
[1.244s] [ 57%] Built target my_ros2_interface__rosidl_typesupport_cpp
[1.245s] [ 61%] Built target my_ros2_interface__rosidl_typesupport_introspection_cpp
[1.245s] [ 70%] Built target my_ros2_interface__rosidl_typesupport_c
[1.245s] [ 79%] Built target my_ros2_interface__rosidl_typesupport_fastrtps_cpp
[1.246s] [ 79%] Built target my_ros2_interface
[1.246s] [ 81%] Built target my_ros2_interface__py
[1.246s] [35m[1mConsolidate compiler generated dependencies of target my_ros2_interface__rosidl_generator_py[0m
[1.247s] [ 88%] Built target my_ros2_interface__rosidl_generator_py
[1.247s] [35m[1mConsolidate compiler generated dependencies of target my_ros2_interface__rosidl_typesupport_fastrtps_c__pyext[0m
[1.247s] [35m[1mConsolidate compiler generated dependencies of target my_ros2_interface__rosidl_typesupport_introspection_c__pyext[0m
[1.247s] [35m[1mConsolidate compiler generated dependencies of target my_ros2_interface__rosidl_typesupport_c__pyext[0m
[1.247s] [ 96%] Built target my_ros2_interface__rosidl_typesupport_fastrtps_c__pyext
[1.248s] [ 96%] Built target my_ros2_interface__rosidl_typesupport_introspection_c__pyext
[1.249s] [100%] Built target my_ros2_interface__rosidl_typesupport_c__pyext
[1.249s] running egg_info
[1.249s] writing my_ros2_interface.egg-info/PKG-INFO
[1.250s] writing dependency_links to my_ros2_interface.egg-info/dependency_links.txt
[1.250s] writing top-level names to my_ros2_interface.egg-info/top_level.txt
[1.251s] reading manifest file 'my_ros2_interface.egg-info/SOURCES.txt'
[1.251s] writing manifest file 'my_ros2_interface.egg-info/SOURCES.txt'
[1.251s] [100%] Built target ament_cmake_python_build_my_ros2_interface_egg
[1.254s] Invoked command in '/home/foiegreis/ros2_fndm_ws/build/my_ros2_interface' returned '0': CMAKE_PREFIX_PATH=${CMAKE_PREFIX_PATH}:/home/foiegreis/ros2_fndm_ws/install/py_actions:/home/foiegreis/ros2_fndm_ws/install/py_pkg:/home/foiegreis/ros2_ws_book/install/py_pkg:/home/foiegreis/ros2_ws/install/my_py_pkg:/home/foiegreis/ros2_ws/install/lab4:/home/foiegreis/ros2_ws/install/lab3:/home/foiegreis/ros2_ws/install/lab2:/home/foiegreis/ros2_ws/install/lab1:/opt/ros/iron /usr/bin/cmake --build /home/foiegreis/ros2_fndm_ws/build/my_ros2_interface -- -j12 -l12
[1.385s] Invoking command in '/home/foiegreis/ros2_fndm_ws/build/my_ros2_interface': CMAKE_PREFIX_PATH=${CMAKE_PREFIX_PATH}:/home/foiegreis/ros2_fndm_ws/install/py_actions:/home/foiegreis/ros2_fndm_ws/install/py_pkg:/home/foiegreis/ros2_ws_book/install/py_pkg:/home/foiegreis/ros2_ws/install/my_py_pkg:/home/foiegreis/ros2_ws/install/lab4:/home/foiegreis/ros2_ws/install/lab3:/home/foiegreis/ros2_ws/install/lab2:/home/foiegreis/ros2_ws/install/lab1:/opt/ros/iron /usr/bin/cmake --install /home/foiegreis/ros2_fndm_ws/build/my_ros2_interface
[1.393s] -- Install configuration: ""
[1.394s] -- Installing: /home/foiegreis/ros2_fndm_ws/install/my_ros2_interface/share/ament_index/resource_index/rosidl_interfaces/my_ros2_interface
[1.394s] -- Installing: /home/foiegreis/ros2_fndm_ws/install/my_ros2_interface/share/my_ros2_interface/msg/AddressBook.json
[1.394s] -- Installing: /home/foiegreis/ros2_fndm_ws/install/my_ros2_interface/share/my_ros2_interface/srv/AddThreeInts.json
[1.394s] -- Installing: /home/foiegreis/ros2_fndm_ws/install/my_ros2_interface/share/my_ros2_interface/action/Fibonacci.json
[1.395s] -- Installing: /home/foiegreis/ros2_fndm_ws/install/my_ros2_interface/include/my_ros2_interface/my_ros2_interface
[1.395s] -- Installing: /home/foiegreis/ros2_fndm_ws/install/my_ros2_interface/include/my_ros2_interface/my_ros2_interface/srv
[1.395s] -- Installing: /home/foiegreis/ros2_fndm_ws/install/my_ros2_interface/include/my_ros2_interface/my_ros2_interface/srv/add_three_ints.h
[1.395s] -- Installing: /home/foiegreis/ros2_fndm_ws/install/my_ros2_interface/include/my_ros2_interface/my_ros2_interface/srv/detail
[1.395s] -- Installing: /home/foiegreis/ros2_fndm_ws/install/my_ros2_interface/include/my_ros2_interface/my_ros2_interface/srv/detail/add_three_ints__functions.c
[1.395s] -- Installing: /home/foiegreis/ros2_fndm_ws/install/my_ros2_interface/include/my_ros2_interface/my_ros2_interface/srv/detail/add_three_ints__functions.h
[1.396s] -- Installing: /home/foiegreis/ros2_fndm_ws/install/my_ros2_interface/include/my_ros2_interface/my_ros2_interface/srv/detail/add_three_ints__struct.h
[1.396s] -- Installing: /home/foiegreis/ros2_fndm_ws/install/my_ros2_interface/include/my_ros2_interface/my_ros2_interface/srv/detail/add_three_ints__type_support.c
[1.396s] -- Installing: /home/foiegreis/ros2_fndm_ws/install/my_ros2_interface/include/my_ros2_interface/my_ros2_interface/srv/detail/add_three_ints__description.c
[1.396s] -- Installing: /home/foiegreis/ros2_fndm_ws/install/my_ros2_interface/include/my_ros2_interface/my_ros2_interface/srv/detail/add_three_ints__type_support.h
[1.397s] -- Installing: /home/foiegreis/ros2_fndm_ws/install/my_ros2_interface/include/my_ros2_interface/my_ros2_interface/msg
[1.397s] -- Installing: /home/foiegreis/ros2_fndm_ws/install/my_ros2_interface/include/my_ros2_interface/my_ros2_interface/msg/address_book.h
[1.397s] -- Installing: /home/foiegreis/ros2_fndm_ws/install/my_ros2_interface/include/my_ros2_interface/my_ros2_interface/msg/detail
[1.397s] -- Installing: /home/foiegreis/ros2_fndm_ws/install/my_ros2_interface/include/my_ros2_interface/my_ros2_interface/msg/detail/address_book__functions.h
[1.397s] -- Installing: /home/foiegreis/ros2_fndm_ws/install/my_ros2_interface/include/my_ros2_interface/my_ros2_interface/msg/detail/address_book__functions.c
[1.398s] -- Installing: /home/foiegreis/ros2_fndm_ws/install/my_ros2_interface/include/my_ros2_interface/my_ros2_interface/msg/detail/address_book__struct.h
[1.398s] -- Installing: /home/foiegreis/ros2_fndm_ws/install/my_ros2_interface/include/my_ros2_interface/my_ros2_interface/msg/detail/address_book__description.c
[1.398s] -- Installing: /home/foiegreis/ros2_fndm_ws/install/my_ros2_interface/include/my_ros2_interface/my_ros2_interface/msg/detail/address_book__type_support.c
[1.398s] -- Installing: /home/foiegreis/ros2_fndm_ws/install/my_ros2_interface/include/my_ros2_interface/my_ros2_interface/msg/detail/address_book__type_support.h
[1.398s] -- Installing: /home/foiegreis/ros2_fndm_ws/install/my_ros2_interface/include/my_ros2_interface/my_ros2_interface/msg/rosidl_generator_c__visibility_control.h
[1.399s] -- Installing: /home/foiegreis/ros2_fndm_ws/install/my_ros2_interface/include/my_ros2_interface/my_ros2_interface/action
[1.399s] -- Installing: /home/foiegreis/ros2_fndm_ws/install/my_ros2_interface/include/my_ros2_interface/my_ros2_interface/action/fibonacci.h
[1.399s] -- Installing: /home/foiegreis/ros2_fndm_ws/install/my_ros2_interface/include/my_ros2_interface/my_ros2_interface/action/detail
[1.399s] -- Installing: /home/foiegreis/ros2_fndm_ws/install/my_ros2_interface/include/my_ros2_interface/my_ros2_interface/action/detail/fibonacci__type_support.h
[1.399s] -- Installing: /home/foiegreis/ros2_fndm_ws/install/my_ros2_interface/include/my_ros2_interface/my_ros2_interface/action/detail/fibonacci__description.c
[1.400s] -- Installing: /home/foiegreis/ros2_fndm_ws/install/my_ros2_interface/include/my_ros2_interface/my_ros2_interface/action/detail/fibonacci__type_support.c
[1.400s] -- Installing: /home/foiegreis/ros2_fndm_ws/install/my_ros2_interface/include/my_ros2_interface/my_ros2_interface/action/detail/fibonacci__functions.h
[1.400s] -- Installing: /home/foiegreis/ros2_fndm_ws/install/my_ros2_interface/include/my_ros2_interface/my_ros2_interface/action/detail/fibonacci__struct.h
[1.400s] -- Installing: /home/foiegreis/ros2_fndm_ws/install/my_ros2_interface/include/my_ros2_interface/my_ros2_interface/action/detail/fibonacci__functions.c
[1.401s] -- Installing: /home/foiegreis/ros2_fndm_ws/install/my_ros2_interface/share/my_ros2_interface/environment/library_path.sh
[1.408s] -- Installing: /home/foiegreis/ros2_fndm_ws/install/my_ros2_interface/share/my_ros2_interface/environment/library_path.dsv
[1.408s] -- Installing: /home/foiegreis/ros2_fndm_ws/install/my_ros2_interface/lib/libmy_ros2_interface__rosidl_generator_c.so
[1.409s] -- Set runtime path of "/home/foiegreis/ros2_fndm_ws/install/my_ros2_interface/lib/libmy_ros2_interface__rosidl_generator_c.so" to ""
[1.409s] -- Up-to-date: /home/foiegreis/ros2_fndm_ws/install/my_ros2_interface/include/my_ros2_interface/my_ros2_interface
[1.409s] -- Up-to-date: /home/foiegreis/ros2_fndm_ws/install/my_ros2_interface/include/my_ros2_interface/my_ros2_interface/srv
[1.410s] -- Up-to-date: /home/foiegreis/ros2_fndm_ws/install/my_ros2_interface/include/my_ros2_interface/my_ros2_interface/srv/detail
[1.410s] -- Installing: /home/foiegreis/ros2_fndm_ws/install/my_ros2_interface/include/my_ros2_interface/my_ros2_interface/srv/detail/add_three_ints__rosidl_typesupport_fastrtps_c.h
[1.410s] -- Up-to-date: /home/foiegreis/ros2_fndm_ws/install/my_ros2_interface/include/my_ros2_interface/my_ros2_interface/msg
[1.410s] -- Installing: /home/foiegreis/ros2_fndm_ws/install/my_ros2_interface/include/my_ros2_interface/my_ros2_interface/msg/rosidl_typesupport_fastrtps_c__visibility_control.h
[1.410s] -- Up-to-date: /home/foiegreis/ros2_fndm_ws/install/my_ros2_interface/include/my_ros2_interface/my_ros2_interface/msg/detail
[1.410s] -- Installing: /home/foiegreis/ros2_fndm_ws/install/my_ros2_interface/include/my_ros2_interface/my_ros2_interface/msg/detail/address_book__rosidl_typesupport_fastrtps_c.h
[1.411s] -- Up-to-date: /home/foiegreis/ros2_fndm_ws/install/my_ros2_interface/include/my_ros2_interface/my_ros2_interface/action
[1.411s] -- Up-to-date: /home/foiegreis/ros2_fndm_ws/install/my_ros2_interface/include/my_ros2_interface/my_ros2_interface/action/detail
[1.411s] -- Installing: /home/foiegreis/ros2_fndm_ws/install/my_ros2_interface/include/my_ros2_interface/my_ros2_interface/action/detail/fibonacci__rosidl_typesupport_fastrtps_c.h
[1.411s] -- Installing: /home/foiegreis/ros2_fndm_ws/install/my_ros2_interface/lib/libmy_ros2_interface__rosidl_typesupport_fastrtps_c.so
[1.411s] -- Set runtime path of "/home/foiegreis/ros2_fndm_ws/install/my_ros2_interface/lib/libmy_ros2_interface__rosidl_typesupport_fastrtps_c.so" to ""
[1.412s] -- Up-to-date: /home/foiegreis/ros2_fndm_ws/install/my_ros2_interface/include/my_ros2_interface/my_ros2_interface
[1.412s] -- Up-to-date: /home/foiegreis/ros2_fndm_ws/install/my_ros2_interface/include/my_ros2_interface/my_ros2_interface/srv
[1.412s] -- Up-to-date: /home/foiegreis/ros2_fndm_ws/install/my_ros2_interface/include/my_ros2_interface/my_ros2_interface/srv/detail
[1.412s] -- Installing: /home/foiegreis/ros2_fndm_ws/install/my_ros2_interface/include/my_ros2_interface/my_ros2_interface/srv/detail/add_three_ints__type_support.c
[1.412s] -- Installing: /home/foiegreis/ros2_fndm_ws/install/my_ros2_interface/include/my_ros2_interface/my_ros2_interface/srv/detail/add_three_ints__rosidl_typesupport_introspection_c.h
[1.413s] -- Up-to-date: /home/foiegreis/ros2_fndm_ws/install/my_ros2_interface/include/my_ros2_interface/my_ros2_interface/msg
[1.413s] -- Installing: /home/foiegreis/ros2_fndm_ws/install/my_ros2_interface/include/my_ros2_interface/my_ros2_interface/msg/rosidl_typesupport_introspection_c__visibility_control.h
[1.413s] -- Up-to-date: /home/foiegreis/ros2_fndm_ws/install/my_ros2_interface/include/my_ros2_interface/my_ros2_interface/msg/detail
[1.413s] -- Installing: /home/foiegreis/ros2_fndm_ws/install/my_ros2_interface/include/my_ros2_interface/my_ros2_interface/msg/detail/address_book__type_support.c
[1.413s] -- Installing: /home/foiegreis/ros2_fndm_ws/install/my_ros2_interface/include/my_ros2_interface/my_ros2_interface/msg/detail/address_book__rosidl_typesupport_introspection_c.h
[1.413s] -- Up-to-date: /home/foiegreis/ros2_fndm_ws/install/my_ros2_interface/include/my_ros2_interface/my_ros2_interface/action
[1.414s] -- Up-to-date: /home/foiegreis/ros2_fndm_ws/install/my_ros2_interface/include/my_ros2_interface/my_ros2_interface/action/detail
[1.414s] -- Installing: /home/foiegreis/ros2_fndm_ws/install/my_ros2_interface/include/my_ros2_interface/my_ros2_interface/action/detail/fibonacci__type_support.c
[1.414s] -- Installing: /home/foiegreis/ros2_fndm_ws/install/my_ros2_interface/include/my_ros2_interface/my_ros2_interface/action/detail/fibonacci__rosidl_typesupport_introspection_c.h
[1.414s] -- Installing: /home/foiegreis/ros2_fndm_ws/install/my_ros2_interface/lib/libmy_ros2_interface__rosidl_typesupport_introspection_c.so
[1.414s] -- Set runtime path of "/home/foiegreis/ros2_fndm_ws/install/my_ros2_interface/lib/libmy_ros2_interface__rosidl_typesupport_introspection_c.so" to ""
[1.414s] -- Installing: /home/foiegreis/ros2_fndm_ws/install/my_ros2_interface/lib/libmy_ros2_interface__rosidl_typesupport_c.so
[1.415s] -- Set runtime path of "/home/foiegreis/ros2_fndm_ws/install/my_ros2_interface/lib/libmy_ros2_interface__rosidl_typesupport_c.so" to ""
[1.415s] -- Up-to-date: /home/foiegreis/ros2_fndm_ws/install/my_ros2_interface/include/my_ros2_interface/my_ros2_interface
[1.415s] -- Up-to-date: /home/foiegreis/ros2_fndm_ws/install/my_ros2_interface/include/my_ros2_interface/my_ros2_interface/srv
[1.415s] -- Installing: /home/foiegreis/ros2_fndm_ws/install/my_ros2_interface/include/my_ros2_interface/my_ros2_interface/srv/add_three_ints.hpp
[1.415s] -- Up-to-date: /home/foiegreis/ros2_fndm_ws/install/my_ros2_interface/include/my_ros2_interface/my_ros2_interface/srv/detail
[1.415s] -- Installing: /home/foiegreis/ros2_fndm_ws/install/my_ros2_interface/include/my_ros2_interface/my_ros2_interface/srv/detail/add_three_ints__builder.hpp
[1.416s] -- Installing: /home/foiegreis/ros2_fndm_ws/install/my_ros2_interface/include/my_ros2_interface/my_ros2_interface/srv/detail/add_three_ints__struct.hpp
[1.416s] -- Installing: /home/foiegreis/ros2_fndm_ws/install/my_ros2_interface/include/my_ros2_interface/my_ros2_interface/srv/detail/add_three_ints__traits.hpp
[1.416s] -- Up-to-date: /home/foiegreis/ros2_fndm_ws/install/my_ros2_interface/include/my_ros2_interface/my_ros2_interface/msg
[1.416s] -- Installing: /home/foiegreis/ros2_fndm_ws/install/my_ros2_interface/include/my_ros2_interface/my_ros2_interface/msg/address_book.hpp
[1.416s] -- Up-to-date: /home/foiegreis/ros2_fndm_ws/install/my_ros2_interface/include/my_ros2_interface/my_ros2_interface/msg/detail
[1.416s] -- Installing: /home/foiegreis/ros2_fndm_ws/install/my_ros2_interface/include/my_ros2_interface/my_ros2_interface/msg/detail/address_book__builder.hpp
[1.417s] -- Installing: /home/foiegreis/ros2_fndm_ws/install/my_ros2_interface/include/my_ros2_interface/my_ros2_interface/msg/detail/address_book__struct.hpp
[1.417s] -- Installing: /home/foiegreis/ros2_fndm_ws/install/my_ros2_interface/include/my_ros2_interface/my_ros2_interface/msg/detail/address_book__traits.hpp
[1.417s] -- Up-to-date: /home/foiegreis/ros2_fndm_ws/install/my_ros2_interface/include/my_ros2_interface/my_ros2_interface/action
[1.417s] -- Installing: /home/foiegreis/ros2_fndm_ws/install/my_ros2_interface/include/my_ros2_interface/my_ros2_interface/action/fibonacci.hpp
[1.417s] -- Up-to-date: /home/foiegreis/ros2_fndm_ws/install/my_ros2_interface/include/my_ros2_interface/my_ros2_interface/action/detail
[1.418s] -- Installing: /home/foiegreis/ros2_fndm_ws/install/my_ros2_interface/include/my_ros2_interface/my_ros2_interface/action/detail/fibonacci__struct.hpp
[1.418s] -- Installing: /home/foiegreis/ros2_fndm_ws/install/my_ros2_interface/include/my_ros2_interface/my_ros2_interface/action/detail/fibonacci__builder.hpp
[1.418s] -- Installing: /home/foiegreis/ros2_fndm_ws/install/my_ros2_interface/include/my_ros2_interface/my_ros2_interface/action/detail/fibonacci__traits.hpp
[1.418s] -- Up-to-date: /home/foiegreis/ros2_fndm_ws/install/my_ros2_interface/include/my_ros2_interface/my_ros2_interface
[1.418s] -- Up-to-date: /home/foiegreis/ros2_fndm_ws/install/my_ros2_interface/include/my_ros2_interface/my_ros2_interface/srv
[1.419s] -- Up-to-date: /home/foiegreis/ros2_fndm_ws/install/my_ros2_interface/include/my_ros2_interface/my_ros2_interface/srv/detail
[1.419s] -- Installing: /home/foiegreis/ros2_fndm_ws/install/my_ros2_interface/include/my_ros2_interface/my_ros2_interface/srv/detail/add_three_ints__rosidl_typesupport_fastrtps_cpp.hpp
[1.419s] -- Installing: /home/foiegreis/ros2_fndm_ws/install/my_ros2_interface/include/my_ros2_interface/my_ros2_interface/srv/detail/dds_fastrtps
[1.419s] -- Up-to-date: /home/foiegreis/ros2_fndm_ws/install/my_ros2_interface/include/my_ros2_interface/my_ros2_interface/msg
[1.419s] -- Up-to-date: /home/foiegreis/ros2_fndm_ws/install/my_ros2_interface/include/my_ros2_interface/my_ros2_interface/msg/detail
[1.419s] -- Installing: /home/foiegreis/ros2_fndm_ws/install/my_ros2_interface/include/my_ros2_interface/my_ros2_interface/msg/detail/address_book__rosidl_typesupport_fastrtps_cpp.hpp
[1.419s] -- Installing: /home/foiegreis/ros2_fndm_ws/install/my_ros2_interface/include/my_ros2_interface/my_ros2_interface/msg/detail/dds_fastrtps
[1.420s] -- Installing: /home/foiegreis/ros2_fndm_ws/install/my_ros2_interface/include/my_ros2_interface/my_ros2_interface/msg/rosidl_typesupport_fastrtps_cpp__visibility_control.h
[1.420s] -- Up-to-date: /home/foiegreis/ros2_fndm_ws/install/my_ros2_interface/include/my_ros2_interface/my_ros2_interface/action
[1.420s] -- Up-to-date: /home/foiegreis/ros2_fndm_ws/install/my_ros2_interface/include/my_ros2_interface/my_ros2_interface/action/detail
[1.420s] -- Installing: /home/foiegreis/ros2_fndm_ws/install/my_ros2_interface/include/my_ros2_interface/my_ros2_interface/action/detail/fibonacci__rosidl_typesupport_fastrtps_cpp.hpp
[1.420s] -- Installing: /home/foiegreis/ros2_fndm_ws/install/my_ros2_interface/include/my_ros2_interface/my_ros2_interface/action/detail/dds_fastrtps
[1.421s] -- Installing: /home/foiegreis/ros2_fndm_ws/install/my_ros2_interface/lib/libmy_ros2_interface__rosidl_typesupport_fastrtps_cpp.so
[1.421s] -- Set runtime path of "/home/foiegreis/ros2_fndm_ws/install/my_ros2_interface/lib/libmy_ros2_interface__rosidl_typesupport_fastrtps_cpp.so" to ""
[1.421s] -- Up-to-date: /home/foiegreis/ros2_fndm_ws/install/my_ros2_interface/include/my_ros2_interface/my_ros2_interface
[1.421s] -- Up-to-date: /home/foiegreis/ros2_fndm_ws/install/my_ros2_interface/include/my_ros2_interface/my_ros2_interface/srv
[1.421s] -- Up-to-date: /home/foiegreis/ros2_fndm_ws/install/my_ros2_interface/include/my_ros2_interface/my_ros2_interface/srv/detail
[1.421s] -- Installing: /home/foiegreis/ros2_fndm_ws/install/my_ros2_interface/include/my_ros2_interface/my_ros2_interface/srv/detail/add_three_ints__rosidl_typesupport_introspection_cpp.hpp
[1.422s] -- Installing: /home/foiegreis/ros2_fndm_ws/install/my_ros2_interface/include/my_ros2_interface/my_ros2_interface/srv/detail/add_three_ints__type_support.cpp
[1.422s] -- Up-to-date: /home/foiegreis/ros2_fndm_ws/install/my_ros2_interface/include/my_ros2_interface/my_ros2_interface/msg
[1.422s] -- Up-to-date: /home/foiegreis/ros2_fndm_ws/install/my_ros2_interface/include/my_ros2_interface/my_ros2_interface/msg/detail
[1.422s] -- Installing: /home/foiegreis/ros2_fndm_ws/install/my_ros2_interface/include/my_ros2_interface/my_ros2_interface/msg/detail/address_book__rosidl_typesupport_introspection_cpp.hpp
[1.422s] -- Installing: /home/foiegreis/ros2_fndm_ws/install/my_ros2_interface/include/my_ros2_interface/my_ros2_interface/msg/detail/address_book__type_support.cpp
[1.422s] -- Up-to-date: /home/foiegreis/ros2_fndm_ws/install/my_ros2_interface/include/my_ros2_interface/my_ros2_interface/action
[1.422s] -- Up-to-date: /home/foiegreis/ros2_fndm_ws/install/my_ros2_interface/include/my_ros2_interface/my_ros2_interface/action/detail
[1.423s] -- Installing: /home/foiegreis/ros2_fndm_ws/install/my_ros2_interface/include/my_ros2_interface/my_ros2_interface/action/detail/fibonacci__rosidl_typesupport_introspection_cpp.hpp
[1.423s] -- Installing: /home/foiegreis/ros2_fndm_ws/install/my_ros2_interface/include/my_ros2_interface/my_ros2_interface/action/detail/fibonacci__type_support.cpp
[1.423s] -- Installing: /home/foiegreis/ros2_fndm_ws/install/my_ros2_interface/lib/libmy_ros2_interface__rosidl_typesupport_introspection_cpp.so
[1.423s] -- Set runtime path of "/home/foiegreis/ros2_fndm_ws/install/my_ros2_interface/lib/libmy_ros2_interface__rosidl_typesupport_introspection_cpp.so" to ""
[1.424s] -- Installing: /home/foiegreis/ros2_fndm_ws/install/my_ros2_interface/lib/libmy_ros2_interface__rosidl_typesupport_cpp.so
[1.424s] -- Set runtime path of "/home/foiegreis/ros2_fndm_ws/install/my_ros2_interface/lib/libmy_ros2_interface__rosidl_typesupport_cpp.so" to ""
[1.425s] -- Installing: /home/foiegreis/ros2_fndm_ws/install/my_ros2_interface/share/my_ros2_interface/environment/pythonpath.sh
[1.425s] -- Installing: /home/foiegreis/ros2_fndm_ws/install/my_ros2_interface/share/my_ros2_interface/environment/pythonpath.dsv
[1.425s] -- Installing: /home/foiegreis/ros2_fndm_ws/install/my_ros2_interface/lib/python3.10/site-packages/my_ros2_interface-0.0.0-py3.10.egg-info
[1.425s] -- Installing: /home/foiegreis/ros2_fndm_ws/install/my_ros2_interface/lib/python3.10/site-packages/my_ros2_interface-0.0.0-py3.10.egg-info/PKG-INFO
[1.425s] -- Installing: /home/foiegreis/ros2_fndm_ws/install/my_ros2_interface/lib/python3.10/site-packages/my_ros2_interface-0.0.0-py3.10.egg-info/dependency_links.txt
[1.426s] -- Installing: /home/foiegreis/ros2_fndm_ws/install/my_ros2_interface/lib/python3.10/site-packages/my_ros2_interface-0.0.0-py3.10.egg-info/SOURCES.txt
[1.426s] -- Installing: /home/foiegreis/ros2_fndm_ws/install/my_ros2_interface/lib/python3.10/site-packages/my_ros2_interface-0.0.0-py3.10.egg-info/top_level.txt
[1.426s] -- Installing: /home/foiegreis/ros2_fndm_ws/install/my_ros2_interface/lib/python3.10/site-packages/my_ros2_interface
[1.426s] -- Installing: /home/foiegreis/ros2_fndm_ws/install/my_ros2_interface/lib/python3.10/site-packages/my_ros2_interface/my_ros2_interface_s__rosidl_typesupport_c.cpython-310-x86_64-linux-gnu.so
[1.426s] -- Installing: /home/foiegreis/ros2_fndm_ws/install/my_ros2_interface/lib/python3.10/site-packages/my_ros2_interface/__init__.py
[1.426s] -- Installing: /home/foiegreis/ros2_fndm_ws/install/my_ros2_interface/lib/python3.10/site-packages/my_ros2_interface/my_ros2_interface_s__rosidl_typesupport_introspection_c.cpython-310-x86_64-linux-gnu.so
[1.427s] -- Installing: /home/foiegreis/ros2_fndm_ws/install/my_ros2_interface/lib/python3.10/site-packages/my_ros2_interface/_my_ros2_interface_s.ep.rosidl_typesupport_fastrtps_c.c
[1.427s] -- Installing: /home/foiegreis/ros2_fndm_ws/install/my_ros2_interface/lib/python3.10/site-packages/my_ros2_interface/_my_ros2_interface_s.ep.rosidl_typesupport_introspection_c.c
[1.427s] -- Installing: /home/foiegreis/ros2_fndm_ws/install/my_ros2_interface/lib/python3.10/site-packages/my_ros2_interface/my_ros2_interface_s__rosidl_typesupport_fastrtps_c.cpython-310-x86_64-linux-gnu.so
[1.427s] -- Installing: /home/foiegreis/ros2_fndm_ws/install/my_ros2_interface/lib/python3.10/site-packages/my_ros2_interface/_my_ros2_interface_s.ep.rosidl_typesupport_c.c
[1.428s] -- Installing: /home/foiegreis/ros2_fndm_ws/install/my_ros2_interface/lib/python3.10/site-packages/my_ros2_interface/srv
[1.428s] -- Installing: /home/foiegreis/ros2_fndm_ws/install/my_ros2_interface/lib/python3.10/site-packages/my_ros2_interface/srv/__init__.py
[1.428s] -- Installing: /home/foiegreis/ros2_fndm_ws/install/my_ros2_interface/lib/python3.10/site-packages/my_ros2_interface/srv/_add_three_ints_s.c
[1.428s] -- Installing: /home/foiegreis/ros2_fndm_ws/install/my_ros2_interface/lib/python3.10/site-packages/my_ros2_interface/srv/_add_three_ints.py
[1.428s] -- Installing: /home/foiegreis/ros2_fndm_ws/install/my_ros2_interface/lib/python3.10/site-packages/my_ros2_interface/msg
[1.429s] -- Installing: /home/foiegreis/ros2_fndm_ws/install/my_ros2_interface/lib/python3.10/site-packages/my_ros2_interface/msg/__init__.py
[1.429s] -- Installing: /home/foiegreis/ros2_fndm_ws/install/my_ros2_interface/lib/python3.10/site-packages/my_ros2_interface/msg/_address_book.py
[1.429s] -- Installing: /home/foiegreis/ros2_fndm_ws/install/my_ros2_interface/lib/python3.10/site-packages/my_ros2_interface/msg/_address_book_s.c
[1.429s] -- Installing: /home/foiegreis/ros2_fndm_ws/install/my_ros2_interface/lib/python3.10/site-packages/my_ros2_interface/libmy_ros2_interface__rosidl_generator_py.so
[1.429s] -- Installing: /home/foiegreis/ros2_fndm_ws/install/my_ros2_interface/lib/python3.10/site-packages/my_ros2_interface/action
[1.430s] -- Installing: /home/foiegreis/ros2_fndm_ws/install/my_ros2_interface/lib/python3.10/site-packages/my_ros2_interface/action/_fibonacci.py
[1.430s] -- Installing: /home/foiegreis/ros2_fndm_ws/install/my_ros2_interface/lib/python3.10/site-packages/my_ros2_interface/action/__init__.py
[1.430s] -- Installing: /home/foiegreis/ros2_fndm_ws/install/my_ros2_interface/lib/python3.10/site-packages/my_ros2_interface/action/_fibonacci_s.c
[1.497s] Listing '/home/foiegreis/ros2_fndm_ws/install/my_ros2_interface/lib/python3.10/site-packages/my_ros2_interface'...
[1.497s] Compiling '/home/foiegreis/ros2_fndm_ws/install/my_ros2_interface/lib/python3.10/site-packages/my_ros2_interface/__init__.py'...
[1.497s] Listing '/home/foiegreis/ros2_fndm_ws/install/my_ros2_interface/lib/python3.10/site-packages/my_ros2_interface/action'...
[1.497s] Compiling '/home/foiegreis/ros2_fndm_ws/install/my_ros2_interface/lib/python3.10/site-packages/my_ros2_interface/action/__init__.py'...
[1.497s] Compiling '/home/foiegreis/ros2_fndm_ws/install/my_ros2_interface/lib/python3.10/site-packages/my_ros2_interface/action/_fibonacci.py'...
[1.497s] Listing '/home/foiegreis/ros2_fndm_ws/install/my_ros2_interface/lib/python3.10/site-packages/my_ros2_interface/msg'...
[1.497s] Compiling '/home/foiegreis/ros2_fndm_ws/install/my_ros2_interface/lib/python3.10/site-packages/my_ros2_interface/msg/__init__.py'...
[1.497s] Compiling '/home/foiegreis/ros2_fndm_ws/install/my_ros2_interface/lib/python3.10/site-packages/my_ros2_interface/msg/_address_book.py'...
[1.498s] Listing '/home/foiegreis/ros2_fndm_ws/install/my_ros2_interface/lib/python3.10/site-packages/my_ros2_interface/srv'...
[1.498s] Compiling '/home/foiegreis/ros2_fndm_ws/install/my_ros2_interface/lib/python3.10/site-packages/my_ros2_interface/srv/__init__.py'...
[1.498s] Compiling '/home/foiegreis/ros2_fndm_ws/install/my_ros2_interface/lib/python3.10/site-packages/my_ros2_interface/srv/_add_three_ints.py'...
[1.504s] -- Installing: /home/foiegreis/ros2_fndm_ws/install/my_ros2_interface/lib/python3.10/site-packages/my_ros2_interface/my_ros2_interface_s__rosidl_typesupport_fastrtps_c.cpython-310-x86_64-linux-gnu.so
[1.504s] -- Set runtime path of "/home/foiegreis/ros2_fndm_ws/install/my_ros2_interface/lib/python3.10/site-packages/my_ros2_interface/my_ros2_interface_s__rosidl_typesupport_fastrtps_c.cpython-310-x86_64-linux-gnu.so" to ""
[1.504s] -- Installing: /home/foiegreis/ros2_fndm_ws/install/my_ros2_interface/lib/python3.10/site-packages/my_ros2_interface/my_ros2_interface_s__rosidl_typesupport_introspection_c.cpython-310-x86_64-linux-gnu.so
[1.505s] -- Set runtime path of "/home/foiegreis/ros2_fndm_ws/install/my_ros2_interface/lib/python3.10/site-packages/my_ros2_interface/my_ros2_interface_s__rosidl_typesupport_introspection_c.cpython-310-x86_64-linux-gnu.so" to ""
[1.505s] -- Installing: /home/foiegreis/ros2_fndm_ws/install/my_ros2_interface/lib/python3.10/site-packages/my_ros2_interface/my_ros2_interface_s__rosidl_typesupport_c.cpython-310-x86_64-linux-gnu.so
[1.506s] -- Set runtime path of "/home/foiegreis/ros2_fndm_ws/install/my_ros2_interface/lib/python3.10/site-packages/my_ros2_interface/my_ros2_interface_s__rosidl_typesupport_c.cpython-310-x86_64-linux-gnu.so" to ""
[1.506s] -- Installing: /home/foiegreis/ros2_fndm_ws/install/my_ros2_interface/lib/libmy_ros2_interface__rosidl_generator_py.so
[1.506s] -- Set runtime path of "/home/foiegreis/ros2_fndm_ws/install/my_ros2_interface/lib/libmy_ros2_interface__rosidl_generator_py.so" to ""
[1.506s] -- Installing: /home/foiegreis/ros2_fndm_ws/install/my_ros2_interface/share/my_ros2_interface/msg/AddressBook.idl
[1.507s] -- Installing: /home/foiegreis/ros2_fndm_ws/install/my_ros2_interface/share/my_ros2_interface/srv/AddThreeInts.idl
[1.507s] -- Installing: /home/foiegreis/ros2_fndm_ws/install/my_ros2_interface/share/my_ros2_interface/action/Fibonacci.idl
[1.507s] -- Installing: /home/foiegreis/ros2_fndm_ws/install/my_ros2_interface/share/my_ros2_interface/msg/AddressBook.msg
[1.507s] -- Installing: /home/foiegreis/ros2_fndm_ws/install/my_ros2_interface/share/my_ros2_interface/srv/AddThreeInts.srv
[1.507s] -- Installing: /home/foiegreis/ros2_fndm_ws/install/my_ros2_interface/share/my_ros2_interface/srv/AddThreeInts_Request.msg
[1.507s] -- Installing: /home/foiegreis/ros2_fndm_ws/install/my_ros2_interface/share/my_ros2_interface/srv/AddThreeInts_Response.msg
[1.508s] -- Installing: /home/foiegreis/ros2_fndm_ws/install/my_ros2_interface/share/my_ros2_interface/action/Fibonacci.action
[1.508s] -- Installing: /home/foiegreis/ros2_fndm_ws/install/my_ros2_interface/share/ament_index/resource_index/package_run_dependencies/my_ros2_interface
[1.508s] -- Installing: /home/foiegreis/ros2_fndm_ws/install/my_ros2_interface/share/ament_index/resource_index/parent_prefix_path/my_ros2_interface
[1.508s] -- Installing: /home/foiegreis/ros2_fndm_ws/install/my_ros2_interface/share/my_ros2_interface/environment/ament_prefix_path.sh
[1.508s] -- Installing: /home/foiegreis/ros2_fndm_ws/install/my_ros2_interface/share/my_ros2_interface/environment/ament_prefix_path.dsv
[1.509s] -- Installing: /home/foiegreis/ros2_fndm_ws/install/my_ros2_interface/share/my_ros2_interface/environment/path.sh
[1.509s] -- Installing: /home/foiegreis/ros2_fndm_ws/install/my_ros2_interface/share/my_ros2_interface/environment/path.dsv
[1.509s] -- Installing: /home/foiegreis/ros2_fndm_ws/install/my_ros2_interface/share/my_ros2_interface/local_setup.bash
[1.509s] -- Installing: /home/foiegreis/ros2_fndm_ws/install/my_ros2_interface/share/my_ros2_interface/local_setup.sh
[1.509s] -- Installing: /home/foiegreis/ros2_fndm_ws/install/my_ros2_interface/share/my_ros2_interface/local_setup.zsh
[1.509s] -- Installing: /home/foiegreis/ros2_fndm_ws/install/my_ros2_interface/share/my_ros2_interface/local_setup.dsv
[1.509s] -- Installing: /home/foiegreis/ros2_fndm_ws/install/my_ros2_interface/share/my_ros2_interface/package.dsv
[1.510s] -- Installing: /home/foiegreis/ros2_fndm_ws/install/my_ros2_interface/share/ament_index/resource_index/packages/my_ros2_interface
[1.510s] -- Installing: /home/foiegreis/ros2_fndm_ws/install/my_ros2_interface/share/my_ros2_interface/cmake/export_my_ros2_interface__rosidl_generator_cExport.cmake
[1.510s] -- Installing: /home/foiegreis/ros2_fndm_ws/install/my_ros2_interface/share/my_ros2_interface/cmake/export_my_ros2_interface__rosidl_generator_cExport-noconfig.cmake
[1.510s] -- Installing: /home/foiegreis/ros2_fndm_ws/install/my_ros2_interface/share/my_ros2_interface/cmake/export_my_ros2_interface__rosidl_typesupport_fastrtps_cExport.cmake
[1.511s] -- Installing: /home/foiegreis/ros2_fndm_ws/install/my_ros2_interface/share/my_ros2_interface/cmake/export_my_ros2_interface__rosidl_typesupport_fastrtps_cExport-noconfig.cmake
[1.511s] -- Installing: /home/foiegreis/ros2_fndm_ws/install/my_ros2_interface/share/my_ros2_interface/cmake/my_ros2_interface__rosidl_typesupport_introspection_cExport.cmake
[1.511s] -- Installing: /home/foiegreis/ros2_fndm_ws/install/my_ros2_interface/share/my_ros2_interface/cmake/my_ros2_interface__rosidl_typesupport_introspection_cExport-noconfig.cmake
[1.511s] -- Installing: /home/foiegreis/ros2_fndm_ws/install/my_ros2_interface/share/my_ros2_interface/cmake/my_ros2_interface__rosidl_typesupport_cExport.cmake
[1.511s] -- Installing: /home/foiegreis/ros2_fndm_ws/install/my_ros2_interface/share/my_ros2_interface/cmake/my_ros2_interface__rosidl_typesupport_cExport-noconfig.cmake
[1.511s] -- Installing: /home/foiegreis/ros2_fndm_ws/install/my_ros2_interface/share/my_ros2_interface/cmake/export_my_ros2_interface__rosidl_generator_cppExport.cmake
[1.512s] -- Installing: /home/foiegreis/ros2_fndm_ws/install/my_ros2_interface/share/my_ros2_interface/cmake/export_my_ros2_interface__rosidl_typesupport_fastrtps_cppExport.cmake
[1.512s] -- Installing: /home/foiegreis/ros2_fndm_ws/install/my_ros2_interface/share/my_ros2_interface/cmake/export_my_ros2_interface__rosidl_typesupport_fastrtps_cppExport-noconfig.cmake
[1.512s] -- Installing: /home/foiegreis/ros2_fndm_ws/install/my_ros2_interface/share/my_ros2_interface/cmake/my_ros2_interface__rosidl_typesupport_introspection_cppExport.cmake
[1.512s] -- Installing: /home/foiegreis/ros2_fndm_ws/install/my_ros2_interface/share/my_ros2_interface/cmake/my_ros2_interface__rosidl_typesupport_introspection_cppExport-noconfig.cmake
[1.512s] -- Installing: /home/foiegreis/ros2_fndm_ws/install/my_ros2_interface/share/my_ros2_interface/cmake/my_ros2_interface__rosidl_typesupport_cppExport.cmake
[1.512s] -- Installing: /home/foiegreis/ros2_fndm_ws/install/my_ros2_interface/share/my_ros2_interface/cmake/my_ros2_interface__rosidl_typesupport_cppExport-noconfig.cmake
[1.513s] -- Installing: /home/foiegreis/ros2_fndm_ws/install/my_ros2_interface/share/my_ros2_interface/cmake/export_my_ros2_interface__rosidl_generator_pyExport.cmake
[1.513s] -- Installing: /home/foiegreis/ros2_fndm_ws/install/my_ros2_interface/share/my_ros2_interface/cmake/export_my_ros2_interface__rosidl_generator_pyExport-noconfig.cmake
[1.513s] -- Installing: /home/foiegreis/ros2_fndm_ws/install/my_ros2_interface/share/my_ros2_interface/cmake/rosidl_cmake-extras.cmake
[1.513s] -- Installing: /home/foiegreis/ros2_fndm_ws/install/my_ros2_interface/share/my_ros2_interface/cmake/ament_cmake_export_dependencies-extras.cmake
[1.513s] -- Installing: /home/foiegreis/ros2_fndm_ws/install/my_ros2_interface/share/my_ros2_interface/cmake/ament_cmake_export_include_directories-extras.cmake
[1.514s] -- Installing: /home/foiegreis/ros2_fndm_ws/install/my_ros2_interface/share/my_ros2_interface/cmake/ament_cmake_export_libraries-extras.cmake
[1.514s] -- Installing: /home/foiegreis/ros2_fndm_ws/install/my_ros2_interface/share/my_ros2_interface/cmake/ament_cmake_export_targets-extras.cmake
[1.514s] -- Installing: /home/foiegreis/ros2_fndm_ws/install/my_ros2_interface/share/my_ros2_interface/cmake/rosidl_cmake_export_typesupport_targets-extras.cmake
[1.514s] -- Installing: /home/foiegreis/ros2_fndm_ws/install/my_ros2_interface/share/my_ros2_interface/cmake/rosidl_cmake_export_typesupport_libraries-extras.cmake
[1.514s] -- Installing: /home/foiegreis/ros2_fndm_ws/install/my_ros2_interface/share/my_ros2_interface/cmake/my_ros2_interfaceConfig.cmake
[1.514s] -- Installing: /home/foiegreis/ros2_fndm_ws/install/my_ros2_interface/share/my_ros2_interface/cmake/my_ros2_interfaceConfig-version.cmake
[1.515s] -- Installing: /home/foiegreis/ros2_fndm_ws/install/my_ros2_interface/share/my_ros2_interface/package.xml
[1.517s] Invoked command in '/home/foiegreis/ros2_fndm_ws/build/my_ros2_interface' returned '0': CMAKE_PREFIX_PATH=${CMAKE_PREFIX_PATH}:/home/foiegreis/ros2_fndm_ws/install/py_actions:/home/foiegreis/ros2_fndm_ws/install/py_pkg:/home/foiegreis/ros2_ws_book/install/py_pkg:/home/foiegreis/ros2_ws/install/my_py_pkg:/home/foiegreis/ros2_ws/install/lab4:/home/foiegreis/ros2_ws/install/lab3:/home/foiegreis/ros2_ws/install/lab2:/home/foiegreis/ros2_ws/install/lab1:/opt/ros/iron /usr/bin/cmake --install /home/foiegreis/ros2_fndm_ws/build/my_ros2_interface
