[35m[1mConsolidate compiler generated dependencies of target talker_cpp[0m
[35m[1mConsolidate compiler generated dependencies of target listener_cpp[0m
[35m[1mConsolidate compiler generated dependencies of target sum_server_cpp[0m
[35m[1mConsolidate compiler generated dependencies of target sum_client_cpp[0m
[35m[1mConsolidate compiler generated dependencies of target simple_node_cpp[0m
[ 20%] Built target sum_client_cpp
[ 40%] Built target talker_cpp
[ 60%] Built target listener_cpp
[ 80%] Built target sum_server_cpp
[100%] Built target simple_node_cpp
-- Install configuration: ""
-- Up-to-date: /home/foiegreis/ros2_fndm_ws/src/install/cpp_pkg/lib/cpp_pkg/simple_node_cpp
-- Up-to-date: /home/foiegreis/ros2_fndm_ws/src/install/cpp_pkg/lib/cpp_pkg/talker_cpp
-- Up-to-date: /home/foiegreis/ros2_fndm_ws/src/install/cpp_pkg/lib/cpp_pkg/listener_cpp
-- Up-to-date: /home/foiegreis/ros2_fndm_ws/src/install/cpp_pkg/lib/cpp_pkg/sum_server_cpp
-- Up-to-date: /home/foiegreis/ros2_fndm_ws/src/install/cpp_pkg/lib/cpp_pkg/sum_client_cpp
-- Up-to-date: /home/foiegreis/ros2_fndm_ws/src/install/cpp_pkg/share/ament_index/resource_index/package_run_dependencies/cpp_pkg
-- Up-to-date: /home/foiegreis/ros2_fndm_ws/src/install/cpp_pkg/share/ament_index/resource_index/parent_prefix_path/cpp_pkg
-- Up-to-date: /home/foiegreis/ros2_fndm_ws/src/install/cpp_pkg/share/cpp_pkg/environment/ament_prefix_path.sh
-- Up-to-date: /home/foiegreis/ros2_fndm_ws/src/install/cpp_pkg/share/cpp_pkg/environment/ament_prefix_path.dsv
-- Up-to-date: /home/foiegreis/ros2_fndm_ws/src/install/cpp_pkg/share/cpp_pkg/environment/path.sh
-- Up-to-date: /home/foiegreis/ros2_fndm_ws/src/install/cpp_pkg/share/cpp_pkg/environment/path.dsv
-- Up-to-date: /home/foiegreis/ros2_fndm_ws/src/install/cpp_pkg/share/cpp_pkg/local_setup.bash
-- Up-to-date: /home/foiegreis/ros2_fndm_ws/src/install/cpp_pkg/share/cpp_pkg/local_setup.sh
-- Up-to-date: /home/foiegreis/ros2_fndm_ws/src/install/cpp_pkg/share/cpp_pkg/local_setup.zsh
-- Up-to-date: /home/foiegreis/ros2_fndm_ws/src/install/cpp_pkg/share/cpp_pkg/local_setup.dsv
-- Installing: /home/foiegreis/ros2_fndm_ws/src/install/cpp_pkg/share/cpp_pkg/package.dsv
-- Up-to-date: /home/foiegreis/ros2_fndm_ws/src/install/cpp_pkg/share/ament_index/resource_index/packages/cpp_pkg
-- Up-to-date: /home/foiegreis/ros2_fndm_ws/src/install/cpp_pkg/share/cpp_pkg/cmake/ament_cmake_export_dependencies-extras.cmake
-- Up-to-date: /home/foiegreis/ros2_fndm_ws/src/install/cpp_pkg/share/cpp_pkg/cmake/cpp_pkgConfig.cmake
-- Up-to-date: /home/foiegreis/ros2_fndm_ws/src/install/cpp_pkg/share/cpp_pkg/cmake/cpp_pkgConfig-version.cmake
-- Up-to-date: /home/foiegreis/ros2_fndm_ws/src/install/cpp_pkg/share/cpp_pkg/package.xml
