[0.355s] Invoking command in '/home/foiegreis/ros2_fndm_ws/build/cpp_actions': AMENT_PREFIX_PATH=/home/foiegreis/ros2_fndm_ws/install/ros2_fndm_interface:${AMENT_PREFIX_PATH} CMAKE_PREFIX_PATH=/home/foiegreis/ros2_fndm_ws/install/ros2_fndm_interface:/home/foiegreis/ros2_fndm_ws/install/my_ros2_bringup:/home/foiegreis/ros2_fndm_ws/install/cpp_actions:/home/foiegreis/ros2_fndm_ws/install/my_ros2_interface:/home/foiegreis/ros2_fndm_ws/install/cpp_py_pkg:/home/foiegreis/ros2_fndm_ws/install/cpp_pkg:/home/foiegreis/ros2_ws_book/install/cpp_pkg:/home/foiegreis/ros2_ws/install/my_bringup:/home/foiegreis/ros2_ws/install/my_interface:/home/foiegreis/ros2_ws/install/my_description:/home/foiegreis/ros2_ws_yolo3d/install/yolo3d:/home/foiegreis/ros2_ws_yolo3d/install/omni_robot_description:/home/foiegreis/ros2_ws_yolo3d/install/omni_control:/home/foiegreis/ros2_ws_yolo3d/install/gazebo_simulation:/home/foiegreis/ros2_fndm_ws/install/py_actions:/home/foiegreis/ros2_fndm_ws/install/py_pkg:/home/foiegreis/ros2_ws_book/install/py_pkg:/home/foiegreis/ros2_ws/install/my_py_pkg:/home/foiegreis/ros2_ws/install/lab4:/home/foiegreis/ros2_ws/install/lab3:/home/foiegreis/ros2_ws/install/lab2:/home/foiegreis/ros2_ws/install/lab1:/opt/ros/iron LD_LIBRARY_PATH=/home/foiegreis/ros2_fndm_ws/install/ros2_fndm_interface/lib:${LD_LIBRARY_PATH} PYTHONPATH=/home/foiegreis/ros2_fndm_ws/install/ros2_fndm_interface/lib/python3.10/site-packages:${PYTHONPATH} /usr/bin/cmake /home/foiegreis/ros2_fndm_ws/src/cpp_actions -DCMAKE_INSTALL_PREFIX=/home/foiegreis/ros2_fndm_ws/install/cpp_actions
[0.366s] -- Found ament_cmake: 2.0.4 (/opt/ros/iron/share/ament_cmake/cmake)
[0.513s] -- Found rclcpp: 21.0.5 (/opt/ros/iron/share/rclcpp/cmake)
[0.542s] -- Found rosidl_generator_c: 4.0.1 (/opt/ros/iron/share/rosidl_generator_c/cmake)
[0.550s] -- Found rosidl_generator_cpp: 4.0.1 (/opt/ros/iron/share/rosidl_generator_cpp/cmake)
[0.562s] -- Using all available rosidl_typesupport_c: rosidl_typesupport_fastrtps_c;rosidl_typesupport_introspection_c
[0.578s] -- Using all available rosidl_typesupport_cpp: rosidl_typesupport_fastrtps_cpp;rosidl_typesupport_introspection_cpp
[0.733s] -- Found rmw_implementation_cmake: 7.1.0 (/opt/ros/iron/share/rmw_implementation_cmake/cmake)
[0.734s] -- Found rmw_fastrtps_cpp: 7.1.3 (/opt/ros/iron/share/rmw_fastrtps_cpp/cmake)
[0.869s] -- Using RMW implementation 'rmw_fastrtps_cpp' as default
[1.030s] -- Found rclcpp_action: 21.0.5 (/opt/ros/iron/share/rclcpp_action/cmake)
[1.154s] -- Found rclcpp_components: 21.0.5 (/opt/ros/iron/share/rclcpp_components/cmake)
[1.247s] -- Found ros2_fndm_interface: 0.0.0 (/home/foiegreis/ros2_fndm_ws/install/ros2_fndm_interface/share/ros2_fndm_interface/cmake)
[1.402s] -- Configuring done
[1.416s] -- Generating done
[1.417s] -- Build files have been written to: /home/foiegreis/ros2_fndm_ws/build/cpp_actions
[1.426s] Invoked command in '/home/foiegreis/ros2_fndm_ws/build/cpp_actions' returned '0': AMENT_PREFIX_PATH=/home/foiegreis/ros2_fndm_ws/install/ros2_fndm_interface:${AMENT_PREFIX_PATH} CMAKE_PREFIX_PATH=/home/foiegreis/ros2_fndm_ws/install/ros2_fndm_interface:/home/foiegreis/ros2_fndm_ws/install/my_ros2_bringup:/home/foiegreis/ros2_fndm_ws/install/cpp_actions:/home/foiegreis/ros2_fndm_ws/install/my_ros2_interface:/home/foiegreis/ros2_fndm_ws/install/cpp_py_pkg:/home/foiegreis/ros2_fndm_ws/install/cpp_pkg:/home/foiegreis/ros2_ws_book/install/cpp_pkg:/home/foiegreis/ros2_ws/install/my_bringup:/home/foiegreis/ros2_ws/install/my_interface:/home/foiegreis/ros2_ws/install/my_description:/home/foiegreis/ros2_ws_yolo3d/install/yolo3d:/home/foiegreis/ros2_ws_yolo3d/install/omni_robot_description:/home/foiegreis/ros2_ws_yolo3d/install/omni_control:/home/foiegreis/ros2_ws_yolo3d/install/gazebo_simulation:/home/foiegreis/ros2_fndm_ws/install/py_actions:/home/foiegreis/ros2_fndm_ws/install/py_pkg:/home/foiegreis/ros2_ws_book/install/py_pkg:/home/foiegreis/ros2_ws/install/my_py_pkg:/home/foiegreis/ros2_ws/install/lab4:/home/foiegreis/ros2_ws/install/lab3:/home/foiegreis/ros2_ws/install/lab2:/home/foiegreis/ros2_ws/install/lab1:/opt/ros/iron LD_LIBRARY_PATH=/home/foiegreis/ros2_fndm_ws/install/ros2_fndm_interface/lib:${LD_LIBRARY_PATH} PYTHONPATH=/home/foiegreis/ros2_fndm_ws/install/ros2_fndm_interface/lib/python3.10/site-packages:${PYTHONPATH} /usr/bin/cmake /home/foiegreis/ros2_fndm_ws/src/cpp_actions -DCMAKE_INSTALL_PREFIX=/home/foiegreis/ros2_fndm_ws/install/cpp_actions
[1.426s] Invoking command in '/home/foiegreis/ros2_fndm_ws/build/cpp_actions': AMENT_PREFIX_PATH=/home/foiegreis/ros2_fndm_ws/install/ros2_fndm_interface:${AMENT_PREFIX_PATH} CMAKE_PREFIX_PATH=/home/foiegreis/ros2_fndm_ws/install/ros2_fndm_interface:/home/foiegreis/ros2_fndm_ws/install/my_ros2_bringup:/home/foiegreis/ros2_fndm_ws/install/cpp_actions:/home/foiegreis/ros2_fndm_ws/install/my_ros2_interface:/home/foiegreis/ros2_fndm_ws/install/cpp_py_pkg:/home/foiegreis/ros2_fndm_ws/install/cpp_pkg:/home/foiegreis/ros2_ws_book/install/cpp_pkg:/home/foiegreis/ros2_ws/install/my_bringup:/home/foiegreis/ros2_ws/install/my_interface:/home/foiegreis/ros2_ws/install/my_description:/home/foiegreis/ros2_ws_yolo3d/install/yolo3d:/home/foiegreis/ros2_ws_yolo3d/install/omni_robot_description:/home/foiegreis/ros2_ws_yolo3d/install/omni_control:/home/foiegreis/ros2_ws_yolo3d/install/gazebo_simulation:/home/foiegreis/ros2_fndm_ws/install/py_actions:/home/foiegreis/ros2_fndm_ws/install/py_pkg:/home/foiegreis/ros2_ws_book/install/py_pkg:/home/foiegreis/ros2_ws/install/my_py_pkg:/home/foiegreis/ros2_ws/install/lab4:/home/foiegreis/ros2_ws/install/lab3:/home/foiegreis/ros2_ws/install/lab2:/home/foiegreis/ros2_ws/install/lab1:/opt/ros/iron LD_LIBRARY_PATH=/home/foiegreis/ros2_fndm_ws/install/ros2_fndm_interface/lib:${LD_LIBRARY_PATH} PYTHONPATH=/home/foiegreis/ros2_fndm_ws/install/ros2_fndm_interface/lib/python3.10/site-packages:${PYTHONPATH} /usr/bin/cmake --build /home/foiegreis/ros2_fndm_ws/build/cpp_actions -- -j12 -l12
[1.474s] [ 50%] [32mBuilding CXX object CMakeFiles/fibonacci_client.dir/src/fibonacci_client.cpp.o[0m
[1.475s] [ 50%] [32mBuilding CXX object CMakeFiles/fibonacci_server.dir/src/fibonacci_server.cpp.o[0m
[5.691s] [ 75%] [32m[1mLinking CXX executable fibonacci_server[0m
[5.878s] [ 75%] Built target fibonacci_server
[6.112s] [100%] [32m[1mLinking CXX executable fibonacci_client[0m
[6.308s] [100%] Built target fibonacci_client
[6.318s] Invoked command in '/home/foiegreis/ros2_fndm_ws/build/cpp_actions' returned '0': AMENT_PREFIX_PATH=/home/foiegreis/ros2_fndm_ws/install/ros2_fndm_interface:${AMENT_PREFIX_PATH} CMAKE_PREFIX_PATH=/home/foiegreis/ros2_fndm_ws/install/ros2_fndm_interface:/home/foiegreis/ros2_fndm_ws/install/my_ros2_bringup:/home/foiegreis/ros2_fndm_ws/install/cpp_actions:/home/foiegreis/ros2_fndm_ws/install/my_ros2_interface:/home/foiegreis/ros2_fndm_ws/install/cpp_py_pkg:/home/foiegreis/ros2_fndm_ws/install/cpp_pkg:/home/foiegreis/ros2_ws_book/install/cpp_pkg:/home/foiegreis/ros2_ws/install/my_bringup:/home/foiegreis/ros2_ws/install/my_interface:/home/foiegreis/ros2_ws/install/my_description:/home/foiegreis/ros2_ws_yolo3d/install/yolo3d:/home/foiegreis/ros2_ws_yolo3d/install/omni_robot_description:/home/foiegreis/ros2_ws_yolo3d/install/omni_control:/home/foiegreis/ros2_ws_yolo3d/install/gazebo_simulation:/home/foiegreis/ros2_fndm_ws/install/py_actions:/home/foiegreis/ros2_fndm_ws/install/py_pkg:/home/foiegreis/ros2_ws_book/install/py_pkg:/home/foiegreis/ros2_ws/install/my_py_pkg:/home/foiegreis/ros2_ws/install/lab4:/home/foiegreis/ros2_ws/install/lab3:/home/foiegreis/ros2_ws/install/lab2:/home/foiegreis/ros2_ws/install/lab1:/opt/ros/iron LD_LIBRARY_PATH=/home/foiegreis/ros2_fndm_ws/install/ros2_fndm_interface/lib:${LD_LIBRARY_PATH} PYTHONPATH=/home/foiegreis/ros2_fndm_ws/install/ros2_fndm_interface/lib/python3.10/site-packages:${PYTHONPATH} /usr/bin/cmake --build /home/foiegreis/ros2_fndm_ws/build/cpp_actions -- -j12 -l12
[6.348s] Invoking command in '/home/foiegreis/ros2_fndm_ws/build/cpp_actions': AMENT_PREFIX_PATH=/home/foiegreis/ros2_fndm_ws/install/ros2_fndm_interface:${AMENT_PREFIX_PATH} CMAKE_PREFIX_PATH=/home/foiegreis/ros2_fndm_ws/install/ros2_fndm_interface:/home/foiegreis/ros2_fndm_ws/install/my_ros2_bringup:/home/foiegreis/ros2_fndm_ws/install/cpp_actions:/home/foiegreis/ros2_fndm_ws/install/my_ros2_interface:/home/foiegreis/ros2_fndm_ws/install/cpp_py_pkg:/home/foiegreis/ros2_fndm_ws/install/cpp_pkg:/home/foiegreis/ros2_ws_book/install/cpp_pkg:/home/foiegreis/ros2_ws/install/my_bringup:/home/foiegreis/ros2_ws/install/my_interface:/home/foiegreis/ros2_ws/install/my_description:/home/foiegreis/ros2_ws_yolo3d/install/yolo3d:/home/foiegreis/ros2_ws_yolo3d/install/omni_robot_description:/home/foiegreis/ros2_ws_yolo3d/install/omni_control:/home/foiegreis/ros2_ws_yolo3d/install/gazebo_simulation:/home/foiegreis/ros2_fndm_ws/install/py_actions:/home/foiegreis/ros2_fndm_ws/install/py_pkg:/home/foiegreis/ros2_ws_book/install/py_pkg:/home/foiegreis/ros2_ws/install/my_py_pkg:/home/foiegreis/ros2_ws/install/lab4:/home/foiegreis/ros2_ws/install/lab3:/home/foiegreis/ros2_ws/install/lab2:/home/foiegreis/ros2_ws/install/lab1:/opt/ros/iron LD_LIBRARY_PATH=/home/foiegreis/ros2_fndm_ws/install/ros2_fndm_interface/lib:${LD_LIBRARY_PATH} PYTHONPATH=/home/foiegreis/ros2_fndm_ws/install/ros2_fndm_interface/lib/python3.10/site-packages:${PYTHONPATH} /usr/bin/cmake --install /home/foiegreis/ros2_fndm_ws/build/cpp_actions
[6.355s] -- Install configuration: ""
[6.355s] -- Installing: /home/foiegreis/ros2_fndm_ws/install/cpp_actions/lib/cpp_actions/fibonacci_server
[6.356s] -- Set runtime path of "/home/foiegreis/ros2_fndm_ws/install/cpp_actions/lib/cpp_actions/fibonacci_server" to ""
[6.356s] -- Installing: /home/foiegreis/ros2_fndm_ws/install/cpp_actions/lib/cpp_actions/fibonacci_client
[6.358s] -- Set runtime path of "/home/foiegreis/ros2_fndm_ws/install/cpp_actions/lib/cpp_actions/fibonacci_client" to ""
[6.358s] -- Installing: /home/foiegreis/ros2_fndm_ws/install/cpp_actions/share/ament_index/resource_index/package_run_dependencies/cpp_actions
[6.359s] -- Installing: /home/foiegreis/ros2_fndm_ws/install/cpp_actions/share/ament_index/resource_index/parent_prefix_path/cpp_actions
[6.359s] -- Installing: /home/foiegreis/ros2_fndm_ws/install/cpp_actions/share/cpp_actions/environment/ament_prefix_path.sh
[6.359s] -- Installing: /home/foiegreis/ros2_fndm_ws/install/cpp_actions/share/cpp_actions/environment/ament_prefix_path.dsv
[6.359s] -- Installing: /home/foiegreis/ros2_fndm_ws/install/cpp_actions/share/cpp_actions/environment/path.sh
[6.359s] -- Installing: /home/foiegreis/ros2_fndm_ws/install/cpp_actions/share/cpp_actions/environment/path.dsv
[6.359s] -- Installing: /home/foiegreis/ros2_fndm_ws/install/cpp_actions/share/cpp_actions/local_setup.bash
[6.359s] -- Installing: /home/foiegreis/ros2_fndm_ws/install/cpp_actions/share/cpp_actions/local_setup.sh
[6.359s] -- Installing: /home/foiegreis/ros2_fndm_ws/install/cpp_actions/share/cpp_actions/local_setup.zsh
[6.360s] -- Installing: /home/foiegreis/ros2_fndm_ws/install/cpp_actions/share/cpp_actions/local_setup.dsv
[6.360s] -- Installing: /home/foiegreis/ros2_fndm_ws/install/cpp_actions/share/cpp_actions/package.dsv
[6.360s] -- Installing: /home/foiegreis/ros2_fndm_ws/install/cpp_actions/share/ament_index/resource_index/packages/cpp_actions
[6.360s] -- Installing: /home/foiegreis/ros2_fndm_ws/install/cpp_actions/share/cpp_actions/cmake/ament_cmake_export_dependencies-extras.cmake
[6.360s] -- Installing: /home/foiegreis/ros2_fndm_ws/install/cpp_actions/share/cpp_actions/cmake/cpp_actionsConfig.cmake
[6.361s] -- Installing: /home/foiegreis/ros2_fndm_ws/install/cpp_actions/share/cpp_actions/cmake/cpp_actionsConfig-version.cmake
[6.361s] -- Installing: /home/foiegreis/ros2_fndm_ws/install/cpp_actions/share/cpp_actions/package.xml
[6.363s] Invoked command in '/home/foiegreis/ros2_fndm_ws/build/cpp_actions' returned '0': AMENT_PREFIX_PATH=/home/foiegreis/ros2_fndm_ws/install/ros2_fndm_interface:${AMENT_PREFIX_PATH} CMAKE_PREFIX_PATH=/home/foiegreis/ros2_fndm_ws/install/ros2_fndm_interface:/home/foiegreis/ros2_fndm_ws/install/my_ros2_bringup:/home/foiegreis/ros2_fndm_ws/install/cpp_actions:/home/foiegreis/ros2_fndm_ws/install/my_ros2_interface:/home/foiegreis/ros2_fndm_ws/install/cpp_py_pkg:/home/foiegreis/ros2_fndm_ws/install/cpp_pkg:/home/foiegreis/ros2_ws_book/install/cpp_pkg:/home/foiegreis/ros2_ws/install/my_bringup:/home/foiegreis/ros2_ws/install/my_interface:/home/foiegreis/ros2_ws/install/my_description:/home/foiegreis/ros2_ws_yolo3d/install/yolo3d:/home/foiegreis/ros2_ws_yolo3d/install/omni_robot_description:/home/foiegreis/ros2_ws_yolo3d/install/omni_control:/home/foiegreis/ros2_ws_yolo3d/install/gazebo_simulation:/home/foiegreis/ros2_fndm_ws/install/py_actions:/home/foiegreis/ros2_fndm_ws/install/py_pkg:/home/foiegreis/ros2_ws_book/install/py_pkg:/home/foiegreis/ros2_ws/install/my_py_pkg:/home/foiegreis/ros2_ws/install/lab4:/home/foiegreis/ros2_ws/install/lab3:/home/foiegreis/ros2_ws/install/lab2:/home/foiegreis/ros2_ws/install/lab1:/opt/ros/iron LD_LIBRARY_PATH=/home/foiegreis/ros2_fndm_ws/install/ros2_fndm_interface/lib:${LD_LIBRARY_PATH} PYTHONPATH=/home/foiegreis/ros2_fndm_ws/install/ros2_fndm_interface/lib/python3.10/site-packages:${PYTHONPATH} /usr/bin/cmake --install /home/foiegreis/ros2_fndm_ws/build/cpp_actions
