[35m[1mConsolidate compiler generated dependencies of target simple_node_cpp[0m
[  0%] Built target ament_cmake_python_copy_cpp_py_pkg
[100%] Built target simple_node_cpp
running egg_info
writing cpp_py_pkg.egg-info/PKG-INFO
writing dependency_links to cpp_py_pkg.egg-info/dependency_links.txt
writing top-level names to cpp_py_pkg.egg-info/top_level.txt
reading manifest file 'cpp_py_pkg.egg-info/SOURCES.txt'
writing manifest file 'cpp_py_pkg.egg-info/SOURCES.txt'
[100%] Built target ament_cmake_python_build_cpp_py_pkg_egg
-- Install configuration: ""
-- Up-to-date: /home/foiegreis/ros2_fndm_ws/src/install/cpp_py_pkg/lib/cpp_py_pkg/simple_node_cpp
-- Up-to-date: /home/foiegreis/ros2_fndm_ws/src/install/cpp_py_pkg/share/cpp_py_pkg/environment/pythonpath.sh
-- Up-to-date: /home/foiegreis/ros2_fndm_ws/src/install/cpp_py_pkg/share/cpp_py_pkg/environment/pythonpath.dsv
-- Up-to-date: /home/foiegreis/ros2_fndm_ws/src/install/cpp_py_pkg/lib/python3.10/site-packages/cpp_py_pkg-0.0.0-py3.10.egg-info
-- Installing: /home/foiegreis/ros2_fndm_ws/src/install/cpp_py_pkg/lib/python3.10/site-packages/cpp_py_pkg-0.0.0-py3.10.egg-info/PKG-INFO
-- Installing: /home/foiegreis/ros2_fndm_ws/src/install/cpp_py_pkg/lib/python3.10/site-packages/cpp_py_pkg-0.0.0-py3.10.egg-info/dependency_links.txt
-- Installing: /home/foiegreis/ros2_fndm_ws/src/install/cpp_py_pkg/lib/python3.10/site-packages/cpp_py_pkg-0.0.0-py3.10.egg-info/SOURCES.txt
-- Installing: /home/foiegreis/ros2_fndm_ws/src/install/cpp_py_pkg/lib/python3.10/site-packages/cpp_py_pkg-0.0.0-py3.10.egg-info/top_level.txt
-- Up-to-date: /home/foiegreis/ros2_fndm_ws/src/install/cpp_py_pkg/lib/python3.10/site-packages/cpp_py_pkg
-- Up-to-date: /home/foiegreis/ros2_fndm_ws/src/install/cpp_py_pkg/lib/python3.10/site-packages/cpp_py_pkg/__init__.py
Listing '/home/foiegreis/ros2_fndm_ws/src/install/cpp_py_pkg/lib/python3.10/site-packages/cpp_py_pkg'...
-- Up-to-date: /home/foiegreis/ros2_fndm_ws/src/install/cpp_py_pkg/lib/cpp_py_pkg/simple_node.py
-- Up-to-date: /home/foiegreis/ros2_fndm_ws/src/install/cpp_py_pkg/share/ament_index/resource_index/package_run_dependencies/cpp_py_pkg
-- Up-to-date: /home/foiegreis/ros2_fndm_ws/src/install/cpp_py_pkg/share/ament_index/resource_index/parent_prefix_path/cpp_py_pkg
-- Up-to-date: /home/foiegreis/ros2_fndm_ws/src/install/cpp_py_pkg/share/cpp_py_pkg/environment/ament_prefix_path.sh
-- Up-to-date: /home/foiegreis/ros2_fndm_ws/src/install/cpp_py_pkg/share/cpp_py_pkg/environment/ament_prefix_path.dsv
-- Up-to-date: /home/foiegreis/ros2_fndm_ws/src/install/cpp_py_pkg/share/cpp_py_pkg/environment/path.sh
-- Up-to-date: /home/foiegreis/ros2_fndm_ws/src/install/cpp_py_pkg/share/cpp_py_pkg/environment/path.dsv
-- Up-to-date: /home/foiegreis/ros2_fndm_ws/src/install/cpp_py_pkg/share/cpp_py_pkg/local_setup.bash
-- Up-to-date: /home/foiegreis/ros2_fndm_ws/src/install/cpp_py_pkg/share/cpp_py_pkg/local_setup.sh
-- Up-to-date: /home/foiegreis/ros2_fndm_ws/src/install/cpp_py_pkg/share/cpp_py_pkg/local_setup.zsh
-- Up-to-date: /home/foiegreis/ros2_fndm_ws/src/install/cpp_py_pkg/share/cpp_py_pkg/local_setup.dsv
-- Installing: /home/foiegreis/ros2_fndm_ws/src/install/cpp_py_pkg/share/cpp_py_pkg/package.dsv
-- Up-to-date: /home/foiegreis/ros2_fndm_ws/src/install/cpp_py_pkg/share/ament_index/resource_index/packages/cpp_py_pkg
-- Up-to-date: /home/foiegreis/ros2_fndm_ws/src/install/cpp_py_pkg/share/cpp_py_pkg/cmake/ament_cmake_export_dependencies-extras.cmake
-- Up-to-date: /home/foiegreis/ros2_fndm_ws/src/install/cpp_py_pkg/share/cpp_py_pkg/cmake/cpp_py_pkgConfig.cmake
-- Up-to-date: /home/foiegreis/ros2_fndm_ws/src/install/cpp_py_pkg/share/cpp_py_pkg/cmake/cpp_py_pkgConfig-version.cmake
-- Up-to-date: /home/foiegreis/ros2_fndm_ws/src/install/cpp_py_pkg/share/cpp_py_pkg/package.xml
