[0.765s] Invoking command in '/home/foiegreis/ros2_fndm_ws/src/build/cpp_py_pkg': CMAKE_PREFIX_PATH=${CMAKE_PREFIX_PATH}:/home/foiegreis/my_ros2_ws/install/py_pkg:/home/foiegreis/my_ros2_ws/install/py_actions:/home/foiegreis/my_ros2_ws/src/install/py_pkg:/home/foiegreis/ros2_ws_book/install/py_pkg:/home/foiegreis/ros2_ws/install/my_py_pkg:/home/foiegreis/ros2_ws/install/lab4:/home/foiegreis/ros2_ws/install/lab3:/home/foiegreis/ros2_ws/install/lab2:/home/foiegreis/ros2_ws/install/lab1:/opt/ros/iron /usr/bin/cmake --build /home/foiegreis/ros2_fndm_ws/src/build/cpp_py_pkg -- -j12 -l12
[0.806s] [35m[1mConsolidate compiler generated dependencies of target simple_node_cpp[0m
[0.830s] [  0%] Built target ament_cmake_python_copy_cpp_py_pkg
[0.831s] [100%] Built target simple_node_cpp
[1.166s] running egg_info
[1.166s] writing cpp_py_pkg.egg-info/PKG-INFO
[1.166s] writing dependency_links to cpp_py_pkg.egg-info/dependency_links.txt
[1.167s] writing top-level names to cpp_py_pkg.egg-info/top_level.txt
[1.169s] reading manifest file 'cpp_py_pkg.egg-info/SOURCES.txt'
[1.170s] writing manifest file 'cpp_py_pkg.egg-info/SOURCES.txt'
[1.194s] [100%] Built target ament_cmake_python_build_cpp_py_pkg_egg
[1.205s] Invoked command in '/home/foiegreis/ros2_fndm_ws/src/build/cpp_py_pkg' returned '0': CMAKE_PREFIX_PATH=${CMAKE_PREFIX_PATH}:/home/foiegreis/my_ros2_ws/install/py_pkg:/home/foiegreis/my_ros2_ws/install/py_actions:/home/foiegreis/my_ros2_ws/src/install/py_pkg:/home/foiegreis/ros2_ws_book/install/py_pkg:/home/foiegreis/ros2_ws/install/my_py_pkg:/home/foiegreis/ros2_ws/install/lab4:/home/foiegreis/ros2_ws/install/lab3:/home/foiegreis/ros2_ws/install/lab2:/home/foiegreis/ros2_ws/install/lab1:/opt/ros/iron /usr/bin/cmake --build /home/foiegreis/ros2_fndm_ws/src/build/cpp_py_pkg -- -j12 -l12
[1.234s] Invoking command in '/home/foiegreis/ros2_fndm_ws/src/build/cpp_py_pkg': CMAKE_PREFIX_PATH=${CMAKE_PREFIX_PATH}:/home/foiegreis/my_ros2_ws/install/py_pkg:/home/foiegreis/my_ros2_ws/install/py_actions:/home/foiegreis/my_ros2_ws/src/install/py_pkg:/home/foiegreis/ros2_ws_book/install/py_pkg:/home/foiegreis/ros2_ws/install/my_py_pkg:/home/foiegreis/ros2_ws/install/lab4:/home/foiegreis/ros2_ws/install/lab3:/home/foiegreis/ros2_ws/install/lab2:/home/foiegreis/ros2_ws/install/lab1:/opt/ros/iron /usr/bin/cmake --install /home/foiegreis/ros2_fndm_ws/src/build/cpp_py_pkg
[1.241s] -- Install configuration: ""
[1.241s] -- Up-to-date: /home/foiegreis/ros2_fndm_ws/src/install/cpp_py_pkg/lib/cpp_py_pkg/simple_node_cpp
[1.241s] -- Up-to-date: /home/foiegreis/ros2_fndm_ws/src/install/cpp_py_pkg/share/cpp_py_pkg/environment/pythonpath.sh
[1.241s] -- Up-to-date: /home/foiegreis/ros2_fndm_ws/src/install/cpp_py_pkg/share/cpp_py_pkg/environment/pythonpath.dsv
[1.241s] -- Up-to-date: /home/foiegreis/ros2_fndm_ws/src/install/cpp_py_pkg/lib/python3.10/site-packages/cpp_py_pkg-0.0.0-py3.10.egg-info
[1.241s] -- Installing: /home/foiegreis/ros2_fndm_ws/src/install/cpp_py_pkg/lib/python3.10/site-packages/cpp_py_pkg-0.0.0-py3.10.egg-info/PKG-INFO
[1.241s] -- Installing: /home/foiegreis/ros2_fndm_ws/src/install/cpp_py_pkg/lib/python3.10/site-packages/cpp_py_pkg-0.0.0-py3.10.egg-info/dependency_links.txt
[1.242s] -- Installing: /home/foiegreis/ros2_fndm_ws/src/install/cpp_py_pkg/lib/python3.10/site-packages/cpp_py_pkg-0.0.0-py3.10.egg-info/SOURCES.txt
[1.242s] -- Installing: /home/foiegreis/ros2_fndm_ws/src/install/cpp_py_pkg/lib/python3.10/site-packages/cpp_py_pkg-0.0.0-py3.10.egg-info/top_level.txt
[1.242s] -- Up-to-date: /home/foiegreis/ros2_fndm_ws/src/install/cpp_py_pkg/lib/python3.10/site-packages/cpp_py_pkg
[1.242s] -- Up-to-date: /home/foiegreis/ros2_fndm_ws/src/install/cpp_py_pkg/lib/python3.10/site-packages/cpp_py_pkg/__init__.py
[1.276s] Listing '/home/foiegreis/ros2_fndm_ws/src/install/cpp_py_pkg/lib/python3.10/site-packages/cpp_py_pkg'...
[1.280s] -- Up-to-date: /home/foiegreis/ros2_fndm_ws/src/install/cpp_py_pkg/lib/cpp_py_pkg/simple_node.py
[1.280s] -- Up-to-date: /home/foiegreis/ros2_fndm_ws/src/install/cpp_py_pkg/share/ament_index/resource_index/package_run_dependencies/cpp_py_pkg
[1.280s] -- Up-to-date: /home/foiegreis/ros2_fndm_ws/src/install/cpp_py_pkg/share/ament_index/resource_index/parent_prefix_path/cpp_py_pkg
[1.281s] -- Up-to-date: /home/foiegreis/ros2_fndm_ws/src/install/cpp_py_pkg/share/cpp_py_pkg/environment/ament_prefix_path.sh
[1.281s] -- Up-to-date: /home/foiegreis/ros2_fndm_ws/src/install/cpp_py_pkg/share/cpp_py_pkg/environment/ament_prefix_path.dsv
[1.281s] -- Up-to-date: /home/foiegreis/ros2_fndm_ws/src/install/cpp_py_pkg/share/cpp_py_pkg/environment/path.sh
[1.281s] -- Up-to-date: /home/foiegreis/ros2_fndm_ws/src/install/cpp_py_pkg/share/cpp_py_pkg/environment/path.dsv
[1.281s] -- Up-to-date: /home/foiegreis/ros2_fndm_ws/src/install/cpp_py_pkg/share/cpp_py_pkg/local_setup.bash
[1.281s] -- Up-to-date: /home/foiegreis/ros2_fndm_ws/src/install/cpp_py_pkg/share/cpp_py_pkg/local_setup.sh
[1.281s] -- Up-to-date: /home/foiegreis/ros2_fndm_ws/src/install/cpp_py_pkg/share/cpp_py_pkg/local_setup.zsh
[1.281s] -- Up-to-date: /home/foiegreis/ros2_fndm_ws/src/install/cpp_py_pkg/share/cpp_py_pkg/local_setup.dsv
[1.281s] -- Installing: /home/foiegreis/ros2_fndm_ws/src/install/cpp_py_pkg/share/cpp_py_pkg/package.dsv
[1.282s] -- Up-to-date: /home/foiegreis/ros2_fndm_ws/src/install/cpp_py_pkg/share/ament_index/resource_index/packages/cpp_py_pkg
[1.282s] -- Up-to-date: /home/foiegreis/ros2_fndm_ws/src/install/cpp_py_pkg/share/cpp_py_pkg/cmake/ament_cmake_export_dependencies-extras.cmake
[1.282s] -- Up-to-date: /home/foiegreis/ros2_fndm_ws/src/install/cpp_py_pkg/share/cpp_py_pkg/cmake/cpp_py_pkgConfig.cmake
[1.282s] -- Up-to-date: /home/foiegreis/ros2_fndm_ws/src/install/cpp_py_pkg/share/cpp_py_pkg/cmake/cpp_py_pkgConfig-version.cmake
[1.282s] -- Up-to-date: /home/foiegreis/ros2_fndm_ws/src/install/cpp_py_pkg/share/cpp_py_pkg/package.xml
[1.283s] Invoked command in '/home/foiegreis/ros2_fndm_ws/src/build/cpp_py_pkg' returned '0': CMAKE_PREFIX_PATH=${CMAKE_PREFIX_PATH}:/home/foiegreis/my_ros2_ws/install/py_pkg:/home/foiegreis/my_ros2_ws/install/py_actions:/home/foiegreis/my_ros2_ws/src/install/py_pkg:/home/foiegreis/ros2_ws_book/install/py_pkg:/home/foiegreis/ros2_ws/install/my_py_pkg:/home/foiegreis/ros2_ws/install/lab4:/home/foiegreis/ros2_ws/install/lab3:/home/foiegreis/ros2_ws/install/lab2:/home/foiegreis/ros2_ws/install/lab1:/opt/ros/iron /usr/bin/cmake --install /home/foiegreis/ros2_fndm_ws/src/build/cpp_py_pkg
