[01m[K/home/foiegreis/ros2_fndm_ws/src/cpp_pkg/src/listener.cpp:[m[K In constructor ‘[01m[KListenerNode::ListenerNode()[m[K’:
[01m[K/home/foiegreis/ros2_fndm_ws/src/cpp_pkg/src/listener.cpp:12:49:[m[K [01;31m[Kerror: [m[K‘[01m[Kstd_msgs[m[K’ was not declared in this scope
   12 |         subscriber_ = this->create_subscription<[01;31m[Kstd_msgs[m[K::msg::String>(
      |                                                 [01;31m[K^~~~~~~~[m[K
[01m[K/home/foiegreis/ros2_fndm_ws/src/cpp_pkg/src/listener.cpp:12:29:[m[K [01;31m[Kerror: [m[Kparse error in template argument list
   12 |         subscriber_ = this->[01;31m[Kcreate_subscription<std_msgs::msg::String>[m[K(
      |                             [01;31m[K^~~~~~~~~~~~~~~~~~~~~~~~~~~~~~~~~~~~~~~~~~[m[K
[01m[K/home/foiegreis/ros2_fndm_ws/src/cpp_pkg/src/listener.cpp:12:71:[m[K [01;31m[Kerror: [m[Kno matching function for call to ‘[01m[KListenerNode::create_subscription<<expression error> >(const char [9], int, std::_Bind_helper<false, void (ListenerNode::*)(const example_interfaces::msg::String_<std::allocator<void> >&) const, ListenerNode*, const std::_Placeholder<1>&>::type)[m[K’
   12 |         subscriber_ = [01;31m[Kthis->create_subscription<std_msgs::msg::String>([m[K
      |                       [01;31m[K~~~~~~~~~~~~~~~~~~~~~~~~~~~~~~~~~~~~~~~~~~~~~~~~^[m[K
   13 | [01;31m[K            "my_topic", 10, std::bind(&ListenerNode::listener_callback, this, _1))[m[K;
      |             [01;31m[K~~~~~~~~~~~~~~~~~~~~~~~~~~~~~~~~~~~~~~~~~~~~~~~~~~~~~~~~~~~~~~~~~~~~~~[m[K
In file included from [01m[K/opt/ros/iron/include/rclcpp/rclcpp/executors/single_threaded_executor.hpp:28[m[K,
                 from [01m[K/opt/ros/iron/include/rclcpp/rclcpp/executors.hpp:22[m[K,
                 from [01m[K/opt/ros/iron/include/rclcpp/rclcpp/rclcpp.hpp:167[m[K,
                 from [01m[K/home/foiegreis/ros2_fndm_ws/src/cpp_pkg/src/listener.cpp:1[m[K:
[01m[K/opt/ros/iron/include/rclcpp/rclcpp/node.hpp:220:3:[m[K [01;36m[Knote: [m[Kcandidate: ‘[01m[Ktemplate<class MessageT, class CallbackT, class AllocatorT, class SubscriptionT, class MessageMemoryStrategyT> std::shared_ptr<ROSMessageT> rclcpp::Node::create_subscription(const string&, const rclcpp::QoS&, CallbackT&&, const rclcpp::SubscriptionOptionsWithAllocator<AllocatorT>&, typename MessageMemoryStrategyT::SharedPtr)[m[K’
  220 |   [01;36m[Kcreate_subscription[m[K(
      |   [01;36m[K^~~~~~~~~~~~~~~~~~~[m[K
[01m[K/opt/ros/iron/include/rclcpp/rclcpp/node.hpp:220:3:[m[K [01;36m[Knote: [m[K  template argument deduction/substitution failed:
[01m[K/home/foiegreis/ros2_fndm_ws/src/cpp_pkg/src/listener.cpp:12:71:[m[K [01;31m[Kerror: [m[Ktemplate argument 1 is invalid
   12 |         subscriber_ = [01;31m[Kthis->create_subscription<std_msgs::msg::String>([m[K
      |                       [01;31m[K~~~~~~~~~~~~~~~~~~~~~~~~~~~~~~~~~~~~~~~~~~~~~~~~^[m[K
   13 | [01;31m[K            "my_topic", 10, std::bind(&ListenerNode::listener_callback, this, _1))[m[K;
      |             [01;31m[K~~~~~~~~~~~~~~~~~~~~~~~~~~~~~~~~~~~~~~~~~~~~~~~~~~~~~~~~~~~~~~~~~~~~~~[m[K
gmake[2]: *** [CMakeFiles/listener_cpp.dir/build.make:76: CMakeFiles/listener_cpp.dir/src/listener.cpp.o] Error 1
gmake[1]: *** [CMakeFiles/Makefile2:197: CMakeFiles/listener_cpp.dir/all] Error 2
gmake[1]: *** Waiting for unfinished jobs....
gmake: *** [Makefile:146: all] Error 2
