-- The C compiler identification is GNU 11.4.0
-- The CXX compiler identification is GNU 11.4.0
-- Detecting C compiler ABI info
-- Detecting C compiler ABI info - done
-- Check for working C compiler: /usr/bin/cc - skipped
-- Detecting C compile features
-- Detecting C compile features - done
-- Detecting CXX compiler ABI info
-- Detecting CXX compiler ABI info - done
-- Check for working CXX compiler: /usr/bin/c++ - skipped
-- Detecting CXX compile features
-- Detecting CXX compile features - done
-- Found ament_cmake: 2.0.4 (/opt/ros/iron/share/ament_cmake/cmake)
-- Found Python3: /usr/bin/python3.10 (found version "3.10.12") found components: Interpreter 
-- Found rclcpp: 21.0.5 (/opt/ros/iron/share/rclcpp/cmake)
-- Found rosidl_generator_c: 4.0.1 (/opt/ros/iron/share/rosidl_generator_c/cmake)
-- Found rosidl_generator_cpp: 4.0.1 (/opt/ros/iron/share/rosidl_generator_cpp/cmake)
-- Using all available rosidl_typesupport_c: rosidl_typesupport_fastrtps_c;rosidl_typesupport_introspection_c
-- Using all available rosidl_typesupport_cpp: rosidl_typesupport_fastrtps_cpp;rosidl_typesupport_introspection_cpp
-- Found rmw_implementation_cmake: 7.1.0 (/opt/ros/iron/share/rmw_implementation_cmake/cmake)
-- Found rmw_fastrtps_cpp: 7.1.3 (/opt/ros/iron/share/rmw_fastrtps_cpp/cmake)
-- Found OpenSSL: /usr/lib/x86_64-linux-gnu/libcrypto.so (found version "3.0.2")  
-- Found FastRTPS: /opt/ros/iron/include  
-- Using RMW implementation 'rmw_fastrtps_cpp' as default
-- Found example_interfaces: 0.10.2 (/opt/ros/iron/share/example_interfaces/cmake)
-- Configuring done
-- Generating done
-- Build files have been written to: /home/foiegreis/ros2_fndm_ws/build/cpp_pkg
[ 30%] [32mBuilding CXX object CMakeFiles/talker_cpp.dir/src/talker.cpp.o[0m
[ 30%] [32mBuilding CXX object CMakeFiles/listener_cpp.dir/src/listener.cpp.o[0m
[ 30%] [32mBuilding CXX object CMakeFiles/simple_node_cpp.dir/src/simple_node.cpp.o[0m
[ 40%] [32mBuilding CXX object CMakeFiles/sum_server_cpp.dir/src/sum_server.cpp.o[0m
[ 50%] [32mBuilding CXX object CMakeFiles/sum_client_cpp.dir/src/sum_client.cpp.o[0m
[ 60%] [32m[1mLinking CXX executable simple_node_cpp[0m
[ 60%] Built target simple_node_cpp
[ 70%] [32m[1mLinking CXX executable sum_client_cpp[0m
[ 80%] [32m[1mLinking CXX executable sum_server_cpp[0m
[ 80%] Built target sum_client_cpp
[ 80%] Built target sum_server_cpp
[ 90%] [32m[1mLinking CXX executable talker_cpp[0m
[ 90%] Built target talker_cpp
