[0.181s] Invoking command in '/home/foiegreis/ros2_fndm_ws/build/cpp_pkg': CMAKE_PREFIX_PATH=${CMAKE_PREFIX_PATH}:/home/foiegreis/ros2_fndm_ws/install/py_actions:/home/foiegreis/ros2_fndm_ws/install/py_pkg:/home/foiegreis/ros2_ws_book/install/py_pkg:/home/foiegreis/ros2_ws/install/my_py_pkg:/home/foiegreis/ros2_ws/install/lab4:/home/foiegreis/ros2_ws/install/lab3:/home/foiegreis/ros2_ws/install/lab2:/home/foiegreis/ros2_ws/install/lab1:/opt/ros/iron /usr/bin/cmake --build /home/foiegreis/ros2_fndm_ws/build/cpp_pkg -- -j12 -l12
[0.245s] [ 20%] Built target listener_cpp
[0.245s] [ 40%] Built target talker_cpp
[0.246s] [ 60%] Built target sum_client_cpp
[0.246s] [ 80%] Built target sum_server_cpp
[0.247s] [100%] Built target simple_node_cpp
[0.258s] Invoked command in '/home/foiegreis/ros2_fndm_ws/build/cpp_pkg' returned '0': CMAKE_PREFIX_PATH=${CMAKE_PREFIX_PATH}:/home/foiegreis/ros2_fndm_ws/install/py_actions:/home/foiegreis/ros2_fndm_ws/install/py_pkg:/home/foiegreis/ros2_ws_book/install/py_pkg:/home/foiegreis/ros2_ws/install/my_py_pkg:/home/foiegreis/ros2_ws/install/lab4:/home/foiegreis/ros2_ws/install/lab3:/home/foiegreis/ros2_ws/install/lab2:/home/foiegreis/ros2_ws/install/lab1:/opt/ros/iron /usr/bin/cmake --build /home/foiegreis/ros2_fndm_ws/build/cpp_pkg -- -j12 -l12
[0.308s] Invoking command in '/home/foiegreis/ros2_fndm_ws/build/cpp_pkg': CMAKE_PREFIX_PATH=${CMAKE_PREFIX_PATH}:/home/foiegreis/ros2_fndm_ws/install/py_actions:/home/foiegreis/ros2_fndm_ws/install/py_pkg:/home/foiegreis/ros2_ws_book/install/py_pkg:/home/foiegreis/ros2_ws/install/my_py_pkg:/home/foiegreis/ros2_ws/install/lab4:/home/foiegreis/ros2_ws/install/lab3:/home/foiegreis/ros2_ws/install/lab2:/home/foiegreis/ros2_ws/install/lab1:/opt/ros/iron /usr/bin/cmake --install /home/foiegreis/ros2_fndm_ws/build/cpp_pkg
[0.315s] -- Install configuration: ""
[0.315s] -- Up-to-date: /home/foiegreis/ros2_fndm_ws/install/cpp_pkg/lib/cpp_pkg/simple_node_cpp
[0.315s] -- Up-to-date: /home/foiegreis/ros2_fndm_ws/install/cpp_pkg/lib/cpp_pkg/talker_cpp
[0.316s] -- Up-to-date: /home/foiegreis/ros2_fndm_ws/install/cpp_pkg/lib/cpp_pkg/listener_cpp
[0.316s] -- Up-to-date: /home/foiegreis/ros2_fndm_ws/install/cpp_pkg/lib/cpp_pkg/sum_server_cpp
[0.316s] -- Up-to-date: /home/foiegreis/ros2_fndm_ws/install/cpp_pkg/lib/cpp_pkg/sum_client_cpp
[0.316s] -- Up-to-date: /home/foiegreis/ros2_fndm_ws/install/cpp_pkg/share/ament_index/resource_index/package_run_dependencies/cpp_pkg
[0.317s] -- Up-to-date: /home/foiegreis/ros2_fndm_ws/install/cpp_pkg/share/ament_index/resource_index/parent_prefix_path/cpp_pkg
[0.317s] -- Up-to-date: /home/foiegreis/ros2_fndm_ws/install/cpp_pkg/share/cpp_pkg/environment/ament_prefix_path.sh
[0.317s] -- Up-to-date: /home/foiegreis/ros2_fndm_ws/install/cpp_pkg/share/cpp_pkg/environment/ament_prefix_path.dsv
[0.317s] -- Up-to-date: /home/foiegreis/ros2_fndm_ws/install/cpp_pkg/share/cpp_pkg/environment/path.sh
[0.317s] -- Up-to-date: /home/foiegreis/ros2_fndm_ws/install/cpp_pkg/share/cpp_pkg/environment/path.dsv
[0.317s] -- Up-to-date: /home/foiegreis/ros2_fndm_ws/install/cpp_pkg/share/cpp_pkg/local_setup.bash
[0.317s] -- Up-to-date: /home/foiegreis/ros2_fndm_ws/install/cpp_pkg/share/cpp_pkg/local_setup.sh
[0.317s] -- Up-to-date: /home/foiegreis/ros2_fndm_ws/install/cpp_pkg/share/cpp_pkg/local_setup.zsh
[0.317s] -- Up-to-date: /home/foiegreis/ros2_fndm_ws/install/cpp_pkg/share/cpp_pkg/local_setup.dsv
[0.317s] -- Installing: /home/foiegreis/ros2_fndm_ws/install/cpp_pkg/share/cpp_pkg/package.dsv
[0.317s] -- Up-to-date: /home/foiegreis/ros2_fndm_ws/install/cpp_pkg/share/ament_index/resource_index/packages/cpp_pkg
[0.317s] -- Up-to-date: /home/foiegreis/ros2_fndm_ws/install/cpp_pkg/share/cpp_pkg/cmake/ament_cmake_export_dependencies-extras.cmake
[0.318s] -- Up-to-date: /home/foiegreis/ros2_fndm_ws/install/cpp_pkg/share/cpp_pkg/cmake/cpp_pkgConfig.cmake
[0.318s] -- Up-to-date: /home/foiegreis/ros2_fndm_ws/install/cpp_pkg/share/cpp_pkg/cmake/cpp_pkgConfig-version.cmake
[0.318s] -- Up-to-date: /home/foiegreis/ros2_fndm_ws/install/cpp_pkg/share/cpp_pkg/package.xml
[0.319s] Invoked command in '/home/foiegreis/ros2_fndm_ws/build/cpp_pkg' returned '0': CMAKE_PREFIX_PATH=${CMAKE_PREFIX_PATH}:/home/foiegreis/ros2_fndm_ws/install/py_actions:/home/foiegreis/ros2_fndm_ws/install/py_pkg:/home/foiegreis/ros2_ws_book/install/py_pkg:/home/foiegreis/ros2_ws/install/my_py_pkg:/home/foiegreis/ros2_ws/install/lab4:/home/foiegreis/ros2_ws/install/lab3:/home/foiegreis/ros2_ws/install/lab2:/home/foiegreis/ros2_ws/install/lab1:/opt/ros/iron /usr/bin/cmake --install /home/foiegreis/ros2_fndm_ws/build/cpp_pkg
