[1.007s] Invoking command in '/home/foiegreis/ros2_fndm_ws/build/cpp_pkg': CMAKE_PREFIX_PATH=${CMAKE_PREFIX_PATH}:/home/foiegreis/ros2_fndm_ws/install/py_actions:/home/foiegreis/ros2_fndm_ws/install/py_pkg:/home/foiegreis/ros2_ws_book/install/py_pkg:/home/foiegreis/ros2_ws/install/my_py_pkg:/home/foiegreis/ros2_ws/install/lab4:/home/foiegreis/ros2_ws/install/lab3:/home/foiegreis/ros2_ws/install/lab2:/home/foiegreis/ros2_ws/install/lab1:/opt/ros/iron /usr/bin/cmake /home/foiegreis/ros2_fndm_ws/src/cpp_pkg -DCMAKE_INSTALL_PREFIX=/home/foiegreis/ros2_fndm_ws/install/cpp_pkg
[2.036s] -- The C compiler identification is GNU 11.4.0
[2.036s] -- The CXX compiler identification is GNU 11.4.0
[2.037s] -- Detecting C compiler ABI info
[2.037s] -- Detecting C compiler ABI info - done
[2.038s] -- Check for working C compiler: /usr/bin/cc - skipped
[2.038s] -- Detecting C compile features
[2.039s] -- Detecting C compile features - done
[2.040s] -- Detecting CXX compiler ABI info
[2.040s] -- Detecting CXX compiler ABI info - done
[2.041s] -- Check for working CXX compiler: /usr/bin/c++ - skipped
[2.041s] -- Detecting CXX compile features
[2.042s] -- Detecting CXX compile features - done
[2.042s] -- Found ament_cmake: 2.0.4 (/opt/ros/iron/share/ament_cmake/cmake)
[2.043s] -- Found Python3: /usr/bin/python3.10 (found version "3.10.12") found components: Interpreter 
[2.045s] -- Found rclcpp: 21.0.5 (/opt/ros/iron/share/rclcpp/cmake)
[2.045s] -- Found rosidl_generator_c: 4.0.1 (/opt/ros/iron/share/rosidl_generator_c/cmake)
[2.046s] -- Found rosidl_generator_cpp: 4.0.1 (/opt/ros/iron/share/rosidl_generator_cpp/cmake)
[2.046s] -- Using all available rosidl_typesupport_c: rosidl_typesupport_fastrtps_c;rosidl_typesupport_introspection_c
[2.047s] -- Using all available rosidl_typesupport_cpp: rosidl_typesupport_fastrtps_cpp;rosidl_typesupport_introspection_cpp
[2.047s] -- Found rmw_implementation_cmake: 7.1.0 (/opt/ros/iron/share/rmw_implementation_cmake/cmake)
[2.048s] -- Found rmw_fastrtps_cpp: 7.1.3 (/opt/ros/iron/share/rmw_fastrtps_cpp/cmake)
[2.109s] -- Found OpenSSL: /usr/lib/x86_64-linux-gnu/libcrypto.so (found version "3.0.2")  
[2.165s] -- Found FastRTPS: /opt/ros/iron/include  
[2.254s] -- Using RMW implementation 'rmw_fastrtps_cpp' as default
[2.597s] -- Found example_interfaces: 0.10.2 (/opt/ros/iron/share/example_interfaces/cmake)
[2.973s] -- Configuring done
[2.998s] -- Generating done
[3.000s] -- Build files have been written to: /home/foiegreis/ros2_fndm_ws/build/cpp_pkg
[3.012s] Invoked command in '/home/foiegreis/ros2_fndm_ws/build/cpp_pkg' returned '0': CMAKE_PREFIX_PATH=${CMAKE_PREFIX_PATH}:/home/foiegreis/ros2_fndm_ws/install/py_actions:/home/foiegreis/ros2_fndm_ws/install/py_pkg:/home/foiegreis/ros2_ws_book/install/py_pkg:/home/foiegreis/ros2_ws/install/my_py_pkg:/home/foiegreis/ros2_ws/install/lab4:/home/foiegreis/ros2_ws/install/lab3:/home/foiegreis/ros2_ws/install/lab2:/home/foiegreis/ros2_ws/install/lab1:/opt/ros/iron /usr/bin/cmake /home/foiegreis/ros2_fndm_ws/src/cpp_pkg -DCMAKE_INSTALL_PREFIX=/home/foiegreis/ros2_fndm_ws/install/cpp_pkg
[3.016s] Invoking command in '/home/foiegreis/ros2_fndm_ws/build/cpp_pkg': CMAKE_PREFIX_PATH=${CMAKE_PREFIX_PATH}:/home/foiegreis/ros2_fndm_ws/install/py_actions:/home/foiegreis/ros2_fndm_ws/install/py_pkg:/home/foiegreis/ros2_ws_book/install/py_pkg:/home/foiegreis/ros2_ws/install/my_py_pkg:/home/foiegreis/ros2_ws/install/lab4:/home/foiegreis/ros2_ws/install/lab3:/home/foiegreis/ros2_ws/install/lab2:/home/foiegreis/ros2_ws/install/lab1:/opt/ros/iron /usr/bin/cmake --build /home/foiegreis/ros2_fndm_ws/build/cpp_pkg -- -j12 -l12
[3.087s] [ 10%] [32mBuilding CXX object CMakeFiles/sum_client_cpp.dir/src/sum_client.cpp.o[0m
[3.087s] [ 20%] [32mBuilding CXX object CMakeFiles/talker_cpp.dir/src/talker.cpp.o[0m
[3.087s] [ 30%] [32mBuilding CXX object CMakeFiles/listener_cpp.dir/src/listener.cpp.o[0m
[3.087s] [ 40%] [32mBuilding CXX object CMakeFiles/simple_node_cpp.dir/src/simple_node.cpp.o[0m
[3.089s] [ 50%] [32mBuilding CXX object CMakeFiles/sum_server_cpp.dir/src/sum_server.cpp.o[0m
[8.472s] [ 60%] [32m[1mLinking CXX executable simple_node_cpp[0m
[8.674s] [ 60%] Built target simple_node_cpp
[9.339s] [ 70%] [32m[1mLinking CXX executable sum_client_cpp[0m
[9.411s] [ 80%] [32m[1mLinking CXX executable sum_server_cpp[0m
[9.537s] [ 90%] [32m[1mLinking CXX executable talker_cpp[0m
[9.599s] [ 90%] Built target sum_client_cpp
[9.680s] [ 90%] Built target sum_server_cpp
[9.780s] [ 90%] Built target talker_cpp
[12.243s] [100%] [32m[1mLinking CXX executable listener_cpp[0m
[12.599s] [100%] Built target listener_cpp
