-- Found ament_cmake: 2.0.4 (/opt/ros/iron/share/ament_cmake/cmake)
-- Found rosidl_default_generators: 1.5.0 (/opt/ros/iron/share/rosidl_default_generators/cmake)
-- Using all available rosidl_typesupport_c: rosidl_typesupport_fastrtps_c;rosidl_typesupport_introspection_c
-- Using all available rosidl_typesupport_cpp: rosidl_typesupport_fastrtps_cpp;rosidl_typesupport_introspection_cpp
-- Found rosidl_adapter: 4.0.1 (/opt/ros/iron/share/rosidl_adapter/cmake)
-- Found ament_cmake_ros: 0.11.2 (/opt/ros/iron/share/ament_cmake_ros/cmake)
-- Using all available rosidl_typesupport_c: rosidl_typesupport_fastrtps_c;rosidl_typesupport_introspection_c
-- Using all available rosidl_typesupport_cpp: rosidl_typesupport_fastrtps_cpp;rosidl_typesupport_introspection_cpp
-- Found python_cmake_module: 0.10.2 (/opt/ros/iron/share/python_cmake_module/cmake)
-- Using PYTHON_EXECUTABLE: /usr/bin/python3
-- Using PYTHON_INCLUDE_DIRS: /usr/include/python3.10
-- Using PYTHON_LIBRARIES: /usr/lib/x86_64-linux-gnu/libpython3.10.so
-- Configuring done
-- Generating done
-- Build files have been written to: /home/foiegreis/ros2_fndm_ws/build/ros2_fndm_interface
[  1%] [34m[1mGenerating type hashes for ROS interfaces[0m
[  1%] Built target ament_cmake_python_copy_ros2_fndm_interface
[  1%] Built target ros2_fndm_interface__rosidl_generator_type_description
[  3%] [34m[1mGenerating C code for ROS interfaces[0m
[  5%] [34m[1mGenerating C++ code for ROS interfaces[0m
running egg_info
writing ros2_fndm_interface.egg-info/PKG-INFO
writing dependency_links to ros2_fndm_interface.egg-info/dependency_links.txt
writing top-level names to ros2_fndm_interface.egg-info/top_level.txt
reading manifest file 'ros2_fndm_interface.egg-info/SOURCES.txt'
writing manifest file 'ros2_fndm_interface.egg-info/SOURCES.txt'
[  5%] Built target ament_cmake_python_build_ros2_fndm_interface_egg
[  5%] Built target ros2_fndm_interface__cpp
[35m[1mConsolidate compiler generated dependencies of target ros2_fndm_interface__rosidl_generator_c[0m
[  7%] [32mBuilding C object CMakeFiles/ros2_fndm_interface__rosidl_generator_c.dir/rosidl_generator_c/ros2_fndm_interface/msg/detail/student__type_support.c.o[0m
[  9%] [32mBuilding C object CMakeFiles/ros2_fndm_interface__rosidl_generator_c.dir/rosidl_generator_c/ros2_fndm_interface/srv/detail/grade_point_average__description.c.o[0m
[ 12%] [32mBuilding C object CMakeFiles/ros2_fndm_interface__rosidl_generator_c.dir/rosidl_generator_c/ros2_fndm_interface/msg/detail/student__description.c.o[0m
[ 12%] [32mBuilding C object CMakeFiles/ros2_fndm_interface__rosidl_generator_c.dir/rosidl_generator_c/ros2_fndm_interface/msg/detail/student__functions.c.o[0m
[ 14%] [32mBuilding C object CMakeFiles/ros2_fndm_interface__rosidl_generator_c.dir/rosidl_generator_c/ros2_fndm_interface/srv/detail/grade_point_average__functions.c.o[0m
[ 16%] [32mBuilding C object CMakeFiles/ros2_fndm_interface__rosidl_generator_c.dir/rosidl_generator_c/ros2_fndm_interface/action/detail/fibonacci__type_support.c.o[0m
[ 18%] [32mBuilding C object CMakeFiles/ros2_fndm_interface__rosidl_generator_c.dir/rosidl_generator_c/ros2_fndm_interface/srv/detail/grade_point_average__type_support.c.o[0m
[ 20%] [32mBuilding C object CMakeFiles/ros2_fndm_interface__rosidl_generator_c.dir/rosidl_generator_c/ros2_fndm_interface/action/detail/fibonacci__functions.c.o[0m
[ 22%] [32mBuilding C object CMakeFiles/ros2_fndm_interface__rosidl_generator_c.dir/rosidl_generator_c/ros2_fndm_interface/action/detail/fibonacci__description.c.o[0m
[ 24%] [32m[1mLinking C shared library libros2_fndm_interface__rosidl_generator_c.so[0m
[ 24%] Built target ros2_fndm_interface__rosidl_generator_c
[ 29%] [34m[1mGenerating C type support for eProsima Fast-RTPS[0m
[ 29%] [34m[1mGenerating C introspection for ROS interfaces[0m
[ 29%] [34m[1mGenerating C++ type support dispatch for ROS interfaces[0m
[ 33%] [34m[1mGenerating C++ type support for eProsima Fast-RTPS[0m
[ 33%] [34m[1mGenerating C++ introspection for ROS interfaces[0m
[ 35%] [34m[1mGenerating C type support dispatch for ROS interfaces[0m
[35m[1mConsolidate compiler generated dependencies of target ros2_fndm_interface__rosidl_typesupport_cpp[0m
[ 37%] [32mBuilding CXX object CMakeFiles/ros2_fndm_interface__rosidl_typesupport_cpp.dir/rosidl_typesupport_cpp/ros2_fndm_interface/action/fibonacci__type_support.cpp.o[0m
[ 38%] [32mBuilding CXX object CMakeFiles/ros2_fndm_interface__rosidl_typesupport_cpp.dir/rosidl_typesupport_cpp/ros2_fndm_interface/msg/student__type_support.cpp.o[0m
[ 40%] [32mBuilding CXX object CMakeFiles/ros2_fndm_interface__rosidl_typesupport_cpp.dir/rosidl_typesupport_cpp/ros2_fndm_interface/srv/grade_point_average__type_support.cpp.o[0m
[35m[1mConsolidate compiler generated dependencies of target ros2_fndm_interface__rosidl_typesupport_c[0m
[ 42%] [32mBuilding CXX object CMakeFiles/ros2_fndm_interface__rosidl_typesupport_c.dir/rosidl_typesupport_c/ros2_fndm_interface/action/fibonacci__type_support.cpp.o[0m
[ 44%] [32mBuilding CXX object CMakeFiles/ros2_fndm_interface__rosidl_typesupport_c.dir/rosidl_typesupport_c/ros2_fndm_interface/srv/grade_point_average__type_support.cpp.o[0m
[ 46%] [32mBuilding CXX object CMakeFiles/ros2_fndm_interface__rosidl_typesupport_c.dir/rosidl_typesupport_c/ros2_fndm_interface/msg/student__type_support.cpp.o[0m
[35m[1mConsolidate compiler generated dependencies of target ros2_fndm_interface__rosidl_typesupport_introspection_cpp[0m
[ 48%] [32m[1mLinking CXX shared library libros2_fndm_interface__rosidl_typesupport_c.so[0m
[35m[1mConsolidate compiler generated dependencies of target ros2_fndm_interface__rosidl_typesupport_introspection_c[0m
[ 50%] [32mBuilding CXX object CMakeFiles/ros2_fndm_interface__rosidl_typesupport_introspection_cpp.dir/rosidl_typesupport_introspection_cpp/ros2_fndm_interface/msg/detail/student__type_support.cpp.o[0m
[ 51%] [32mBuilding CXX object CMakeFiles/ros2_fndm_interface__rosidl_typesupport_introspection_cpp.dir/rosidl_typesupport_introspection_cpp/ros2_fndm_interface/action/detail/fibonacci__type_support.cpp.o[0m
[ 53%] [32mBuilding CXX object CMakeFiles/ros2_fndm_interface__rosidl_typesupport_introspection_cpp.dir/rosidl_typesupport_introspection_cpp/ros2_fndm_interface/srv/detail/grade_point_average__type_support.cpp.o[0m
[ 55%] [32mBuilding C object CMakeFiles/ros2_fndm_interface__rosidl_typesupport_introspection_c.dir/rosidl_typesupport_introspection_c/ros2_fndm_interface/msg/detail/student__type_support.c.o[0m
[ 57%] [32mBuilding C object CMakeFiles/ros2_fndm_interface__rosidl_typesupport_introspection_c.dir/rosidl_typesupport_introspection_c/ros2_fndm_interface/srv/detail/grade_point_average__type_support.c.o[0m
[ 59%] [32mBuilding C object CMakeFiles/ros2_fndm_interface__rosidl_typesupport_introspection_c.dir/rosidl_typesupport_introspection_c/ros2_fndm_interface/action/detail/fibonacci__type_support.c.o[0m
[35m[1mConsolidate compiler generated dependencies of target ros2_fndm_interface__rosidl_typesupport_fastrtps_c[0m
[ 59%] Built target ros2_fndm_interface__rosidl_typesupport_c
[ 61%] [32mBuilding CXX object CMakeFiles/ros2_fndm_interface__rosidl_typesupport_fastrtps_c.dir/rosidl_typesupport_fastrtps_c/ros2_fndm_interface/msg/detail/student__type_support_c.cpp.o[0m
[ 62%] [32mBuilding CXX object CMakeFiles/ros2_fndm_interface__rosidl_typesupport_fastrtps_c.dir/rosidl_typesupport_fastrtps_c/ros2_fndm_interface/srv/detail/grade_point_average__type_support_c.cpp.o[0m
[ 64%] [32mBuilding CXX object CMakeFiles/ros2_fndm_interface__rosidl_typesupport_fastrtps_c.dir/rosidl_typesupport_fastrtps_c/ros2_fndm_interface/action/detail/fibonacci__type_support_c.cpp.o[0m
[35m[1mConsolidate compiler generated dependencies of target ros2_fndm_interface__rosidl_typesupport_fastrtps_cpp[0m
[ 66%] [32mBuilding CXX object CMakeFiles/ros2_fndm_interface__rosidl_typesupport_fastrtps_cpp.dir/rosidl_typesupport_fastrtps_cpp/ros2_fndm_interface/msg/detail/dds_fastrtps/student__type_support.cpp.o[0m
[ 68%] [32mBuilding CXX object CMakeFiles/ros2_fndm_interface__rosidl_typesupport_fastrtps_cpp.dir/rosidl_typesupport_fastrtps_cpp/ros2_fndm_interface/srv/detail/dds_fastrtps/grade_point_average__type_support.cpp.o[0m
[ 70%] [32m[1mLinking C shared library libros2_fndm_interface__rosidl_typesupport_introspection_c.so[0m
[ 70%] Built target ros2_fndm_interface__rosidl_typesupport_introspection_c
[ 72%] [32mBuilding CXX object CMakeFiles/ros2_fndm_interface__rosidl_typesupport_fastrtps_cpp.dir/rosidl_typesupport_fastrtps_cpp/ros2_fndm_interface/action/detail/dds_fastrtps/fibonacci__type_support.cpp.o[0m
[ 74%] [32m[1mLinking CXX shared library libros2_fndm_interface__rosidl_typesupport_fastrtps_c.so[0m
[ 74%] Built target ros2_fndm_interface__rosidl_typesupport_fastrtps_c
[ 75%] [32m[1mLinking CXX shared library libros2_fndm_interface__rosidl_typesupport_cpp.so[0m
[ 75%] Built target ros2_fndm_interface__rosidl_typesupport_cpp
[ 77%] [32m[1mLinking CXX shared library libros2_fndm_interface__rosidl_typesupport_introspection_cpp.so[0m
[ 77%] Built target ros2_fndm_interface__rosidl_typesupport_introspection_cpp
[ 79%] [32m[1mLinking CXX shared library libros2_fndm_interface__rosidl_typesupport_fastrtps_cpp.so[0m
[ 79%] Built target ros2_fndm_interface__rosidl_typesupport_fastrtps_cpp
[ 79%] Built target ros2_fndm_interface
[ 81%] [34m[1mGenerating Python code for ROS interfaces[0m
[ 81%] Built target ros2_fndm_interface__py
[35m[1mConsolidate compiler generated dependencies of target ros2_fndm_interface__rosidl_generator_py[0m
[ 83%] [32mBuilding C object CMakeFiles/ros2_fndm_interface__rosidl_generator_py.dir/rosidl_generator_py/ros2_fndm_interface/msg/_student_s.c.o[0m
[ 85%] [32mBuilding C object CMakeFiles/ros2_fndm_interface__rosidl_generator_py.dir/rosidl_generator_py/ros2_fndm_interface/action/_fibonacci_s.c.o[0m
[ 87%] [32mBuilding C object CMakeFiles/ros2_fndm_interface__rosidl_generator_py.dir/rosidl_generator_py/ros2_fndm_interface/srv/_grade_point_average_s.c.o[0m
[ 88%] [32m[1mLinking C shared library rosidl_generator_py/ros2_fndm_interface/libros2_fndm_interface__rosidl_generator_py.so[0m
[ 88%] Built target ros2_fndm_interface__rosidl_generator_py
[35m[1mConsolidate compiler generated dependencies of target ros2_fndm_interface__rosidl_typesupport_introspection_c__pyext[0m
[35m[1mConsolidate compiler generated dependencies of target ros2_fndm_interface__rosidl_typesupport_c__pyext[0m
[35m[1mConsolidate compiler generated dependencies of target ros2_fndm_interface__rosidl_typesupport_fastrtps_c__pyext[0m
[ 92%] [32mBuilding C object CMakeFiles/ros2_fndm_interface__rosidl_typesupport_c__pyext.dir/rosidl_generator_py/ros2_fndm_interface/_ros2_fndm_interface_s.ep.rosidl_typesupport_c.c.o[0m
[ 92%] [32mBuilding C object CMakeFiles/ros2_fndm_interface__rosidl_typesupport_introspection_c__pyext.dir/rosidl_generator_py/ros2_fndm_interface/_ros2_fndm_interface_s.ep.rosidl_typesupport_introspection_c.c.o[0m
[ 94%] [32mBuilding C object CMakeFiles/ros2_fndm_interface__rosidl_typesupport_fastrtps_c__pyext.dir/rosidl_generator_py/ros2_fndm_interface/_ros2_fndm_interface_s.ep.rosidl_typesupport_fastrtps_c.c.o[0m
[ 96%] [32m[1mLinking C shared library rosidl_generator_py/ros2_fndm_interface/ros2_fndm_interface_s__rosidl_typesupport_fastrtps_c.cpython-310-x86_64-linux-gnu.so[0m
[ 98%] [32m[1mLinking C shared library rosidl_generator_py/ros2_fndm_interface/ros2_fndm_interface_s__rosidl_typesupport_c.cpython-310-x86_64-linux-gnu.so[0m
[100%] [32m[1mLinking C shared library rosidl_generator_py/ros2_fndm_interface/ros2_fndm_interface_s__rosidl_typesupport_introspection_c.cpython-310-x86_64-linux-gnu.so[0m
[100%] Built target ros2_fndm_interface__rosidl_typesupport_fastrtps_c__pyext
[100%] Built target ros2_fndm_interface__rosidl_typesupport_c__pyext
[100%] Built target ros2_fndm_interface__rosidl_typesupport_introspection_c__pyext
-- Install configuration: ""
-- Up-to-date: /home/foiegreis/ros2_fndm_ws/install/ros2_fndm_interface/share/ament_index/resource_index/rosidl_interfaces/ros2_fndm_interface
-- Installing: /home/foiegreis/ros2_fndm_ws/install/ros2_fndm_interface/share/ros2_fndm_interface/msg/Student.json
-- Installing: /home/foiegreis/ros2_fndm_ws/install/ros2_fndm_interface/share/ros2_fndm_interface/srv/GradePointAverage.json
-- Installing: /home/foiegreis/ros2_fndm_ws/install/ros2_fndm_interface/share/ros2_fndm_interface/action/Fibonacci.json
-- Up-to-date: /home/foiegreis/ros2_fndm_ws/install/ros2_fndm_interface/include/ros2_fndm_interface/ros2_fndm_interface
-- Up-to-date: /home/foiegreis/ros2_fndm_ws/install/ros2_fndm_interface/include/ros2_fndm_interface/ros2_fndm_interface/srv
-- Installing: /home/foiegreis/ros2_fndm_ws/install/ros2_fndm_interface/include/ros2_fndm_interface/ros2_fndm_interface/srv/grade_point_average.h
-- Up-to-date: /home/foiegreis/ros2_fndm_ws/install/ros2_fndm_interface/include/ros2_fndm_interface/ros2_fndm_interface/srv/add_three_ints.h
-- Up-to-date: /home/foiegreis/ros2_fndm_ws/install/ros2_fndm_interface/include/ros2_fndm_interface/ros2_fndm_interface/srv/detail
-- Up-to-date: /home/foiegreis/ros2_fndm_ws/install/ros2_fndm_interface/include/ros2_fndm_interface/ros2_fndm_interface/srv/detail/add_three_ints__functions.c
-- Up-to-date: /home/foiegreis/ros2_fndm_ws/install/ros2_fndm_interface/include/ros2_fndm_interface/ros2_fndm_interface/srv/detail/add_three_ints__functions.h
-- Up-to-date: /home/foiegreis/ros2_fndm_ws/install/ros2_fndm_interface/include/ros2_fndm_interface/ros2_fndm_interface/srv/detail/add_three_ints__struct.h
-- Installing: /home/foiegreis/ros2_fndm_ws/install/ros2_fndm_interface/include/ros2_fndm_interface/ros2_fndm_interface/srv/detail/grade_point_average__functions.h
-- Installing: /home/foiegreis/ros2_fndm_ws/install/ros2_fndm_interface/include/ros2_fndm_interface/ros2_fndm_interface/srv/detail/grade_point_average__type_support.c
-- Installing: /home/foiegreis/ros2_fndm_ws/install/ros2_fndm_interface/include/ros2_fndm_interface/ros2_fndm_interface/srv/detail/grade_point_average__type_support.h
-- Installing: /home/foiegreis/ros2_fndm_ws/install/ros2_fndm_interface/include/ros2_fndm_interface/ros2_fndm_interface/srv/detail/grade_point_average__struct.h
-- Installing: /home/foiegreis/ros2_fndm_ws/install/ros2_fndm_interface/include/ros2_fndm_interface/ros2_fndm_interface/srv/detail/add_three_ints__type_support.c
-- Installing: /home/foiegreis/ros2_fndm_ws/install/ros2_fndm_interface/include/ros2_fndm_interface/ros2_fndm_interface/srv/detail/grade_point_average__description.c
-- Up-to-date: /home/foiegreis/ros2_fndm_ws/install/ros2_fndm_interface/include/ros2_fndm_interface/ros2_fndm_interface/srv/detail/add_three_ints__description.c
-- Up-to-date: /home/foiegreis/ros2_fndm_ws/install/ros2_fndm_interface/include/ros2_fndm_interface/ros2_fndm_interface/srv/detail/add_three_ints__type_support.h
-- Installing: /home/foiegreis/ros2_fndm_ws/install/ros2_fndm_interface/include/ros2_fndm_interface/ros2_fndm_interface/srv/detail/grade_point_average__functions.c
-- Up-to-date: /home/foiegreis/ros2_fndm_ws/install/ros2_fndm_interface/include/ros2_fndm_interface/ros2_fndm_interface/msg
-- Up-to-date: /home/foiegreis/ros2_fndm_ws/install/ros2_fndm_interface/include/ros2_fndm_interface/ros2_fndm_interface/msg/address_book.h
-- Up-to-date: /home/foiegreis/ros2_fndm_ws/install/ros2_fndm_interface/include/ros2_fndm_interface/ros2_fndm_interface/msg/detail
-- Up-to-date: /home/foiegreis/ros2_fndm_ws/install/ros2_fndm_interface/include/ros2_fndm_interface/ros2_fndm_interface/msg/detail/address_book__functions.h
-- Up-to-date: /home/foiegreis/ros2_fndm_ws/install/ros2_fndm_interface/include/ros2_fndm_interface/ros2_fndm_interface/msg/detail/address_book__functions.c
-- Up-to-date: /home/foiegreis/ros2_fndm_ws/install/ros2_fndm_interface/include/ros2_fndm_interface/ros2_fndm_interface/msg/detail/address_book__struct.h
-- Installing: /home/foiegreis/ros2_fndm_ws/install/ros2_fndm_interface/include/ros2_fndm_interface/ros2_fndm_interface/msg/detail/student__type_support.c
-- Installing: /home/foiegreis/ros2_fndm_ws/install/ros2_fndm_interface/include/ros2_fndm_interface/ros2_fndm_interface/msg/detail/student__type_support.h
-- Installing: /home/foiegreis/ros2_fndm_ws/install/ros2_fndm_interface/include/ros2_fndm_interface/ros2_fndm_interface/msg/detail/student__functions.h
-- Up-to-date: /home/foiegreis/ros2_fndm_ws/install/ros2_fndm_interface/include/ros2_fndm_interface/ros2_fndm_interface/msg/detail/address_book__description.c
-- Installing: /home/foiegreis/ros2_fndm_ws/install/ros2_fndm_interface/include/ros2_fndm_interface/ros2_fndm_interface/msg/detail/address_book__type_support.c
-- Installing: /home/foiegreis/ros2_fndm_ws/install/ros2_fndm_interface/include/ros2_fndm_interface/ros2_fndm_interface/msg/detail/student__struct.h
-- Up-to-date: /home/foiegreis/ros2_fndm_ws/install/ros2_fndm_interface/include/ros2_fndm_interface/ros2_fndm_interface/msg/detail/address_book__type_support.h
-- Installing: /home/foiegreis/ros2_fndm_ws/install/ros2_fndm_interface/include/ros2_fndm_interface/ros2_fndm_interface/msg/detail/student__description.c
-- Installing: /home/foiegreis/ros2_fndm_ws/install/ros2_fndm_interface/include/ros2_fndm_interface/ros2_fndm_interface/msg/detail/student__functions.c
-- Up-to-date: /home/foiegreis/ros2_fndm_ws/install/ros2_fndm_interface/include/ros2_fndm_interface/ros2_fndm_interface/msg/rosidl_generator_c__visibility_control.h
-- Installing: /home/foiegreis/ros2_fndm_ws/install/ros2_fndm_interface/include/ros2_fndm_interface/ros2_fndm_interface/msg/student.h
-- Up-to-date: /home/foiegreis/ros2_fndm_ws/install/ros2_fndm_interface/include/ros2_fndm_interface/ros2_fndm_interface/action
-- Installing: /home/foiegreis/ros2_fndm_ws/install/ros2_fndm_interface/include/ros2_fndm_interface/ros2_fndm_interface/action/fibonacci.h
-- Up-to-date: /home/foiegreis/ros2_fndm_ws/install/ros2_fndm_interface/include/ros2_fndm_interface/ros2_fndm_interface/action/detail
-- Installing: /home/foiegreis/ros2_fndm_ws/install/ros2_fndm_interface/include/ros2_fndm_interface/ros2_fndm_interface/action/detail/fibonacci__type_support.h
-- Installing: /home/foiegreis/ros2_fndm_ws/install/ros2_fndm_interface/include/ros2_fndm_interface/ros2_fndm_interface/action/detail/fibonacci__description.c
-- Installing: /home/foiegreis/ros2_fndm_ws/install/ros2_fndm_interface/include/ros2_fndm_interface/ros2_fndm_interface/action/detail/fibonacci__type_support.c
-- Installing: /home/foiegreis/ros2_fndm_ws/install/ros2_fndm_interface/include/ros2_fndm_interface/ros2_fndm_interface/action/detail/fibonacci__functions.h
-- Installing: /home/foiegreis/ros2_fndm_ws/install/ros2_fndm_interface/include/ros2_fndm_interface/ros2_fndm_interface/action/detail/fibonacci__struct.h
-- Installing: /home/foiegreis/ros2_fndm_ws/install/ros2_fndm_interface/include/ros2_fndm_interface/ros2_fndm_interface/action/detail/fibonacci__functions.c
-- Up-to-date: /home/foiegreis/ros2_fndm_ws/install/ros2_fndm_interface/share/ros2_fndm_interface/environment/library_path.sh
-- Up-to-date: /home/foiegreis/ros2_fndm_ws/install/ros2_fndm_interface/share/ros2_fndm_interface/environment/library_path.dsv
-- Installing: /home/foiegreis/ros2_fndm_ws/install/ros2_fndm_interface/lib/libros2_fndm_interface__rosidl_generator_c.so
-- Set runtime path of "/home/foiegreis/ros2_fndm_ws/install/ros2_fndm_interface/lib/libros2_fndm_interface__rosidl_generator_c.so" to ""
-- Up-to-date: /home/foiegreis/ros2_fndm_ws/install/ros2_fndm_interface/include/ros2_fndm_interface/ros2_fndm_interface
-- Up-to-date: /home/foiegreis/ros2_fndm_ws/install/ros2_fndm_interface/include/ros2_fndm_interface/ros2_fndm_interface/srv
-- Up-to-date: /home/foiegreis/ros2_fndm_ws/install/ros2_fndm_interface/include/ros2_fndm_interface/ros2_fndm_interface/srv/detail
-- Installing: /home/foiegreis/ros2_fndm_ws/install/ros2_fndm_interface/include/ros2_fndm_interface/ros2_fndm_interface/srv/detail/grade_point_average__rosidl_typesupport_fastrtps_c.h
-- Up-to-date: /home/foiegreis/ros2_fndm_ws/install/ros2_fndm_interface/include/ros2_fndm_interface/ros2_fndm_interface/srv/detail/add_three_ints__rosidl_typesupport_fastrtps_c.h
-- Up-to-date: /home/foiegreis/ros2_fndm_ws/install/ros2_fndm_interface/include/ros2_fndm_interface/ros2_fndm_interface/msg
-- Up-to-date: /home/foiegreis/ros2_fndm_ws/install/ros2_fndm_interface/include/ros2_fndm_interface/ros2_fndm_interface/msg/rosidl_typesupport_fastrtps_c__visibility_control.h
-- Up-to-date: /home/foiegreis/ros2_fndm_ws/install/ros2_fndm_interface/include/ros2_fndm_interface/ros2_fndm_interface/msg/detail
-- Up-to-date: /home/foiegreis/ros2_fndm_ws/install/ros2_fndm_interface/include/ros2_fndm_interface/ros2_fndm_interface/msg/detail/address_book__rosidl_typesupport_fastrtps_c.h
-- Installing: /home/foiegreis/ros2_fndm_ws/install/ros2_fndm_interface/include/ros2_fndm_interface/ros2_fndm_interface/msg/detail/student__rosidl_typesupport_fastrtps_c.h
-- Up-to-date: /home/foiegreis/ros2_fndm_ws/install/ros2_fndm_interface/include/ros2_fndm_interface/ros2_fndm_interface/action
-- Up-to-date: /home/foiegreis/ros2_fndm_ws/install/ros2_fndm_interface/include/ros2_fndm_interface/ros2_fndm_interface/action/detail
-- Installing: /home/foiegreis/ros2_fndm_ws/install/ros2_fndm_interface/include/ros2_fndm_interface/ros2_fndm_interface/action/detail/fibonacci__rosidl_typesupport_fastrtps_c.h
-- Installing: /home/foiegreis/ros2_fndm_ws/install/ros2_fndm_interface/lib/libros2_fndm_interface__rosidl_typesupport_fastrtps_c.so
-- Set runtime path of "/home/foiegreis/ros2_fndm_ws/install/ros2_fndm_interface/lib/libros2_fndm_interface__rosidl_typesupport_fastrtps_c.so" to ""
-- Up-to-date: /home/foiegreis/ros2_fndm_ws/install/ros2_fndm_interface/include/ros2_fndm_interface/ros2_fndm_interface
-- Up-to-date: /home/foiegreis/ros2_fndm_ws/install/ros2_fndm_interface/include/ros2_fndm_interface/ros2_fndm_interface/srv
-- Up-to-date: /home/foiegreis/ros2_fndm_ws/install/ros2_fndm_interface/include/ros2_fndm_interface/ros2_fndm_interface/srv/detail
-- Installing: /home/foiegreis/ros2_fndm_ws/install/ros2_fndm_interface/include/ros2_fndm_interface/ros2_fndm_interface/srv/detail/grade_point_average__type_support.c
-- Installing: /home/foiegreis/ros2_fndm_ws/install/ros2_fndm_interface/include/ros2_fndm_interface/ros2_fndm_interface/srv/detail/add_three_ints__type_support.c
-- Installing: /home/foiegreis/ros2_fndm_ws/install/ros2_fndm_interface/include/ros2_fndm_interface/ros2_fndm_interface/srv/detail/grade_point_average__rosidl_typesupport_introspection_c.h
-- Up-to-date: /home/foiegreis/ros2_fndm_ws/install/ros2_fndm_interface/include/ros2_fndm_interface/ros2_fndm_interface/srv/detail/add_three_ints__rosidl_typesupport_introspection_c.h
-- Up-to-date: /home/foiegreis/ros2_fndm_ws/install/ros2_fndm_interface/include/ros2_fndm_interface/ros2_fndm_interface/msg
-- Up-to-date: /home/foiegreis/ros2_fndm_ws/install/ros2_fndm_interface/include/ros2_fndm_interface/ros2_fndm_interface/msg/rosidl_typesupport_introspection_c__visibility_control.h
-- Up-to-date: /home/foiegreis/ros2_fndm_ws/install/ros2_fndm_interface/include/ros2_fndm_interface/ros2_fndm_interface/msg/detail
-- Installing: /home/foiegreis/ros2_fndm_ws/install/ros2_fndm_interface/include/ros2_fndm_interface/ros2_fndm_interface/msg/detail/student__type_support.c
-- Installing: /home/foiegreis/ros2_fndm_ws/install/ros2_fndm_interface/include/ros2_fndm_interface/ros2_fndm_interface/msg/detail/address_book__type_support.c
-- Up-to-date: /home/foiegreis/ros2_fndm_ws/install/ros2_fndm_interface/include/ros2_fndm_interface/ros2_fndm_interface/msg/detail/address_book__rosidl_typesupport_introspection_c.h
-- Installing: /home/foiegreis/ros2_fndm_ws/install/ros2_fndm_interface/include/ros2_fndm_interface/ros2_fndm_interface/msg/detail/student__rosidl_typesupport_introspection_c.h
-- Up-to-date: /home/foiegreis/ros2_fndm_ws/install/ros2_fndm_interface/include/ros2_fndm_interface/ros2_fndm_interface/action
-- Up-to-date: /home/foiegreis/ros2_fndm_ws/install/ros2_fndm_interface/include/ros2_fndm_interface/ros2_fndm_interface/action/detail
-- Installing: /home/foiegreis/ros2_fndm_ws/install/ros2_fndm_interface/include/ros2_fndm_interface/ros2_fndm_interface/action/detail/fibonacci__type_support.c
-- Installing: /home/foiegreis/ros2_fndm_ws/install/ros2_fndm_interface/include/ros2_fndm_interface/ros2_fndm_interface/action/detail/fibonacci__rosidl_typesupport_introspection_c.h
-- Installing: /home/foiegreis/ros2_fndm_ws/install/ros2_fndm_interface/lib/libros2_fndm_interface__rosidl_typesupport_introspection_c.so
-- Set runtime path of "/home/foiegreis/ros2_fndm_ws/install/ros2_fndm_interface/lib/libros2_fndm_interface__rosidl_typesupport_introspection_c.so" to ""
-- Installing: /home/foiegreis/ros2_fndm_ws/install/ros2_fndm_interface/lib/libros2_fndm_interface__rosidl_typesupport_c.so
-- Set runtime path of "/home/foiegreis/ros2_fndm_ws/install/ros2_fndm_interface/lib/libros2_fndm_interface__rosidl_typesupport_c.so" to ""
-- Up-to-date: /home/foiegreis/ros2_fndm_ws/install/ros2_fndm_interface/include/ros2_fndm_interface/ros2_fndm_interface
-- Up-to-date: /home/foiegreis/ros2_fndm_ws/install/ros2_fndm_interface/include/ros2_fndm_interface/ros2_fndm_interface/srv
-- Installing: /home/foiegreis/ros2_fndm_ws/install/ros2_fndm_interface/include/ros2_fndm_interface/ros2_fndm_interface/srv/grade_point_average.hpp
-- Up-to-date: /home/foiegreis/ros2_fndm_ws/install/ros2_fndm_interface/include/ros2_fndm_interface/ros2_fndm_interface/srv/add_three_ints.hpp
-- Up-to-date: /home/foiegreis/ros2_fndm_ws/install/ros2_fndm_interface/include/ros2_fndm_interface/ros2_fndm_interface/srv/detail
-- Installing: /home/foiegreis/ros2_fndm_ws/install/ros2_fndm_interface/include/ros2_fndm_interface/ros2_fndm_interface/srv/detail/grade_point_average__traits.hpp
-- Up-to-date: /home/foiegreis/ros2_fndm_ws/install/ros2_fndm_interface/include/ros2_fndm_interface/ros2_fndm_interface/srv/detail/add_three_ints__builder.hpp
-- Up-to-date: /home/foiegreis/ros2_fndm_ws/install/ros2_fndm_interface/include/ros2_fndm_interface/ros2_fndm_interface/srv/detail/add_three_ints__struct.hpp
-- Up-to-date: /home/foiegreis/ros2_fndm_ws/install/ros2_fndm_interface/include/ros2_fndm_interface/ros2_fndm_interface/srv/detail/add_three_ints__traits.hpp
-- Installing: /home/foiegreis/ros2_fndm_ws/install/ros2_fndm_interface/include/ros2_fndm_interface/ros2_fndm_interface/srv/detail/grade_point_average__builder.hpp
-- Installing: /home/foiegreis/ros2_fndm_ws/install/ros2_fndm_interface/include/ros2_fndm_interface/ros2_fndm_interface/srv/detail/grade_point_average__struct.hpp
-- Up-to-date: /home/foiegreis/ros2_fndm_ws/install/ros2_fndm_interface/include/ros2_fndm_interface/ros2_fndm_interface/msg
-- Up-to-date: /home/foiegreis/ros2_fndm_ws/install/ros2_fndm_interface/include/ros2_fndm_interface/ros2_fndm_interface/msg/address_book.hpp
-- Installing: /home/foiegreis/ros2_fndm_ws/install/ros2_fndm_interface/include/ros2_fndm_interface/ros2_fndm_interface/msg/student.hpp
-- Up-to-date: /home/foiegreis/ros2_fndm_ws/install/ros2_fndm_interface/include/ros2_fndm_interface/ros2_fndm_interface/msg/detail
-- Up-to-date: /home/foiegreis/ros2_fndm_ws/install/ros2_fndm_interface/include/ros2_fndm_interface/ros2_fndm_interface/msg/detail/address_book__builder.hpp
-- Installing: /home/foiegreis/ros2_fndm_ws/install/ros2_fndm_interface/include/ros2_fndm_interface/ros2_fndm_interface/msg/detail/student__struct.hpp
-- Up-to-date: /home/foiegreis/ros2_fndm_ws/install/ros2_fndm_interface/include/ros2_fndm_interface/ros2_fndm_interface/msg/detail/address_book__struct.hpp
-- Up-to-date: /home/foiegreis/ros2_fndm_ws/install/ros2_fndm_interface/include/ros2_fndm_interface/ros2_fndm_interface/msg/detail/address_book__traits.hpp
-- Installing: /home/foiegreis/ros2_fndm_ws/install/ros2_fndm_interface/include/ros2_fndm_interface/ros2_fndm_interface/msg/detail/student__traits.hpp
-- Installing: /home/foiegreis/ros2_fndm_ws/install/ros2_fndm_interface/include/ros2_fndm_interface/ros2_fndm_interface/msg/detail/student__builder.hpp
-- Up-to-date: /home/foiegreis/ros2_fndm_ws/install/ros2_fndm_interface/include/ros2_fndm_interface/ros2_fndm_interface/action
-- Installing: /home/foiegreis/ros2_fndm_ws/install/ros2_fndm_interface/include/ros2_fndm_interface/ros2_fndm_interface/action/fibonacci.hpp
-- Up-to-date: /home/foiegreis/ros2_fndm_ws/install/ros2_fndm_interface/include/ros2_fndm_interface/ros2_fndm_interface/action/detail
-- Installing: /home/foiegreis/ros2_fndm_ws/install/ros2_fndm_interface/include/ros2_fndm_interface/ros2_fndm_interface/action/detail/fibonacci__struct.hpp
-- Installing: /home/foiegreis/ros2_fndm_ws/install/ros2_fndm_interface/include/ros2_fndm_interface/ros2_fndm_interface/action/detail/fibonacci__builder.hpp
-- Installing: /home/foiegreis/ros2_fndm_ws/install/ros2_fndm_interface/include/ros2_fndm_interface/ros2_fndm_interface/action/detail/fibonacci__traits.hpp
-- Up-to-date: /home/foiegreis/ros2_fndm_ws/install/ros2_fndm_interface/include/ros2_fndm_interface/ros2_fndm_interface
-- Up-to-date: /home/foiegreis/ros2_fndm_ws/install/ros2_fndm_interface/include/ros2_fndm_interface/ros2_fndm_interface/srv
-- Up-to-date: /home/foiegreis/ros2_fndm_ws/install/ros2_fndm_interface/include/ros2_fndm_interface/ros2_fndm_interface/srv/detail
-- Up-to-date: /home/foiegreis/ros2_fndm_ws/install/ros2_fndm_interface/include/ros2_fndm_interface/ros2_fndm_interface/srv/detail/add_three_ints__rosidl_typesupport_fastrtps_cpp.hpp
-- Installing: /home/foiegreis/ros2_fndm_ws/install/ros2_fndm_interface/include/ros2_fndm_interface/ros2_fndm_interface/srv/detail/grade_point_average__rosidl_typesupport_fastrtps_cpp.hpp
-- Up-to-date: /home/foiegreis/ros2_fndm_ws/install/ros2_fndm_interface/include/ros2_fndm_interface/ros2_fndm_interface/srv/detail/dds_fastrtps
-- Up-to-date: /home/foiegreis/ros2_fndm_ws/install/ros2_fndm_interface/include/ros2_fndm_interface/ros2_fndm_interface/msg
-- Up-to-date: /home/foiegreis/ros2_fndm_ws/install/ros2_fndm_interface/include/ros2_fndm_interface/ros2_fndm_interface/msg/detail
-- Installing: /home/foiegreis/ros2_fndm_ws/install/ros2_fndm_interface/include/ros2_fndm_interface/ros2_fndm_interface/msg/detail/student__rosidl_typesupport_fastrtps_cpp.hpp
-- Up-to-date: /home/foiegreis/ros2_fndm_ws/install/ros2_fndm_interface/include/ros2_fndm_interface/ros2_fndm_interface/msg/detail/address_book__rosidl_typesupport_fastrtps_cpp.hpp
-- Up-to-date: /home/foiegreis/ros2_fndm_ws/install/ros2_fndm_interface/include/ros2_fndm_interface/ros2_fndm_interface/msg/detail/dds_fastrtps
-- Up-to-date: /home/foiegreis/ros2_fndm_ws/install/ros2_fndm_interface/include/ros2_fndm_interface/ros2_fndm_interface/msg/rosidl_typesupport_fastrtps_cpp__visibility_control.h
-- Up-to-date: /home/foiegreis/ros2_fndm_ws/install/ros2_fndm_interface/include/ros2_fndm_interface/ros2_fndm_interface/action
-- Up-to-date: /home/foiegreis/ros2_fndm_ws/install/ros2_fndm_interface/include/ros2_fndm_interface/ros2_fndm_interface/action/detail
-- Installing: /home/foiegreis/ros2_fndm_ws/install/ros2_fndm_interface/include/ros2_fndm_interface/ros2_fndm_interface/action/detail/fibonacci__rosidl_typesupport_fastrtps_cpp.hpp
-- Up-to-date: /home/foiegreis/ros2_fndm_ws/install/ros2_fndm_interface/include/ros2_fndm_interface/ros2_fndm_interface/action/detail/dds_fastrtps
-- Installing: /home/foiegreis/ros2_fndm_ws/install/ros2_fndm_interface/lib/libros2_fndm_interface__rosidl_typesupport_fastrtps_cpp.so
-- Set runtime path of "/home/foiegreis/ros2_fndm_ws/install/ros2_fndm_interface/lib/libros2_fndm_interface__rosidl_typesupport_fastrtps_cpp.so" to ""
-- Up-to-date: /home/foiegreis/ros2_fndm_ws/install/ros2_fndm_interface/include/ros2_fndm_interface/ros2_fndm_interface
-- Up-to-date: /home/foiegreis/ros2_fndm_ws/install/ros2_fndm_interface/include/ros2_fndm_interface/ros2_fndm_interface/srv
-- Up-to-date: /home/foiegreis/ros2_fndm_ws/install/ros2_fndm_interface/include/ros2_fndm_interface/ros2_fndm_interface/srv/detail
-- Installing: /home/foiegreis/ros2_fndm_ws/install/ros2_fndm_interface/include/ros2_fndm_interface/ros2_fndm_interface/srv/detail/grade_point_average__rosidl_typesupport_introspection_cpp.hpp
-- Up-to-date: /home/foiegreis/ros2_fndm_ws/install/ros2_fndm_interface/include/ros2_fndm_interface/ros2_fndm_interface/srv/detail/add_three_ints__rosidl_typesupport_introspection_cpp.hpp
-- Installing: /home/foiegreis/ros2_fndm_ws/install/ros2_fndm_interface/include/ros2_fndm_interface/ros2_fndm_interface/srv/detail/grade_point_average__type_support.cpp
-- Up-to-date: /home/foiegreis/ros2_fndm_ws/install/ros2_fndm_interface/include/ros2_fndm_interface/ros2_fndm_interface/srv/detail/add_three_ints__type_support.cpp
-- Up-to-date: /home/foiegreis/ros2_fndm_ws/install/ros2_fndm_interface/include/ros2_fndm_interface/ros2_fndm_interface/msg
-- Up-to-date: /home/foiegreis/ros2_fndm_ws/install/ros2_fndm_interface/include/ros2_fndm_interface/ros2_fndm_interface/msg/detail
-- Up-to-date: /home/foiegreis/ros2_fndm_ws/install/ros2_fndm_interface/include/ros2_fndm_interface/ros2_fndm_interface/msg/detail/address_book__rosidl_typesupport_introspection_cpp.hpp
-- Installing: /home/foiegreis/ros2_fndm_ws/install/ros2_fndm_interface/include/ros2_fndm_interface/ros2_fndm_interface/msg/detail/student__type_support.cpp
-- Installing: /home/foiegreis/ros2_fndm_ws/install/ros2_fndm_interface/include/ros2_fndm_interface/ros2_fndm_interface/msg/detail/student__rosidl_typesupport_introspection_cpp.hpp
-- Up-to-date: /home/foiegreis/ros2_fndm_ws/install/ros2_fndm_interface/include/ros2_fndm_interface/ros2_fndm_interface/msg/detail/address_book__type_support.cpp
-- Up-to-date: /home/foiegreis/ros2_fndm_ws/install/ros2_fndm_interface/include/ros2_fndm_interface/ros2_fndm_interface/action
-- Up-to-date: /home/foiegreis/ros2_fndm_ws/install/ros2_fndm_interface/include/ros2_fndm_interface/ros2_fndm_interface/action/detail
-- Installing: /home/foiegreis/ros2_fndm_ws/install/ros2_fndm_interface/include/ros2_fndm_interface/ros2_fndm_interface/action/detail/fibonacci__rosidl_typesupport_introspection_cpp.hpp
-- Installing: /home/foiegreis/ros2_fndm_ws/install/ros2_fndm_interface/include/ros2_fndm_interface/ros2_fndm_interface/action/detail/fibonacci__type_support.cpp
-- Installing: /home/foiegreis/ros2_fndm_ws/install/ros2_fndm_interface/lib/libros2_fndm_interface__rosidl_typesupport_introspection_cpp.so
-- Set runtime path of "/home/foiegreis/ros2_fndm_ws/install/ros2_fndm_interface/lib/libros2_fndm_interface__rosidl_typesupport_introspection_cpp.so" to ""
-- Installing: /home/foiegreis/ros2_fndm_ws/install/ros2_fndm_interface/lib/libros2_fndm_interface__rosidl_typesupport_cpp.so
-- Set runtime path of "/home/foiegreis/ros2_fndm_ws/install/ros2_fndm_interface/lib/libros2_fndm_interface__rosidl_typesupport_cpp.so" to ""
-- Up-to-date: /home/foiegreis/ros2_fndm_ws/install/ros2_fndm_interface/share/ros2_fndm_interface/environment/pythonpath.sh
-- Up-to-date: /home/foiegreis/ros2_fndm_ws/install/ros2_fndm_interface/share/ros2_fndm_interface/environment/pythonpath.dsv
-- Up-to-date: /home/foiegreis/ros2_fndm_ws/install/ros2_fndm_interface/lib/python3.10/site-packages/ros2_fndm_interface-0.0.0-py3.10.egg-info
-- Installing: /home/foiegreis/ros2_fndm_ws/install/ros2_fndm_interface/lib/python3.10/site-packages/ros2_fndm_interface-0.0.0-py3.10.egg-info/PKG-INFO
-- Installing: /home/foiegreis/ros2_fndm_ws/install/ros2_fndm_interface/lib/python3.10/site-packages/ros2_fndm_interface-0.0.0-py3.10.egg-info/dependency_links.txt
-- Installing: /home/foiegreis/ros2_fndm_ws/install/ros2_fndm_interface/lib/python3.10/site-packages/ros2_fndm_interface-0.0.0-py3.10.egg-info/SOURCES.txt
-- Installing: /home/foiegreis/ros2_fndm_ws/install/ros2_fndm_interface/lib/python3.10/site-packages/ros2_fndm_interface-0.0.0-py3.10.egg-info/top_level.txt
-- Up-to-date: /home/foiegreis/ros2_fndm_ws/install/ros2_fndm_interface/lib/python3.10/site-packages/ros2_fndm_interface
-- Installing: /home/foiegreis/ros2_fndm_ws/install/ros2_fndm_interface/lib/python3.10/site-packages/ros2_fndm_interface/__init__.py
-- Installing: /home/foiegreis/ros2_fndm_ws/install/ros2_fndm_interface/lib/python3.10/site-packages/ros2_fndm_interface/ros2_fndm_interface_s__rosidl_typesupport_fastrtps_c.cpython-310-x86_64-linux-gnu.so
-- Installing: /home/foiegreis/ros2_fndm_ws/install/ros2_fndm_interface/lib/python3.10/site-packages/ros2_fndm_interface/ros2_fndm_interface_s__rosidl_typesupport_c.cpython-310-x86_64-linux-gnu.so
-- Installing: /home/foiegreis/ros2_fndm_ws/install/ros2_fndm_interface/lib/python3.10/site-packages/ros2_fndm_interface/_ros2_fndm_interface_s.ep.rosidl_typesupport_fastrtps_c.c
-- Installing: /home/foiegreis/ros2_fndm_ws/install/ros2_fndm_interface/lib/python3.10/site-packages/ros2_fndm_interface/_ros2_fndm_interface_s.ep.rosidl_typesupport_introspection_c.c
-- Installing: /home/foiegreis/ros2_fndm_ws/install/ros2_fndm_interface/lib/python3.10/site-packages/ros2_fndm_interface/_ros2_fndm_interface_s.ep.rosidl_typesupport_c.c
-- Up-to-date: /home/foiegreis/ros2_fndm_ws/install/ros2_fndm_interface/lib/python3.10/site-packages/ros2_fndm_interface/srv
-- Installing: /home/foiegreis/ros2_fndm_ws/install/ros2_fndm_interface/lib/python3.10/site-packages/ros2_fndm_interface/srv/__init__.py
-- Up-to-date: /home/foiegreis/ros2_fndm_ws/install/ros2_fndm_interface/lib/python3.10/site-packages/ros2_fndm_interface/srv/_add_three_ints_s.c
-- Installing: /home/foiegreis/ros2_fndm_ws/install/ros2_fndm_interface/lib/python3.10/site-packages/ros2_fndm_interface/srv/_grade_point_average_s.c
-- Up-to-date: /home/foiegreis/ros2_fndm_ws/install/ros2_fndm_interface/lib/python3.10/site-packages/ros2_fndm_interface/srv/_add_three_ints.py
-- Installing: /home/foiegreis/ros2_fndm_ws/install/ros2_fndm_interface/lib/python3.10/site-packages/ros2_fndm_interface/srv/_grade_point_average.py
-- Installing: /home/foiegreis/ros2_fndm_ws/install/ros2_fndm_interface/lib/python3.10/site-packages/ros2_fndm_interface/libros2_fndm_interface__rosidl_generator_py.so
-- Installing: /home/foiegreis/ros2_fndm_ws/install/ros2_fndm_interface/lib/python3.10/site-packages/ros2_fndm_interface/ros2_fndm_interface_s__rosidl_typesupport_introspection_c.cpython-310-x86_64-linux-gnu.so
-- Up-to-date: /home/foiegreis/ros2_fndm_ws/install/ros2_fndm_interface/lib/python3.10/site-packages/ros2_fndm_interface/msg
-- Installing: /home/foiegreis/ros2_fndm_ws/install/ros2_fndm_interface/lib/python3.10/site-packages/ros2_fndm_interface/msg/__init__.py
-- Installing: /home/foiegreis/ros2_fndm_ws/install/ros2_fndm_interface/lib/python3.10/site-packages/ros2_fndm_interface/msg/_student_s.c
-- Up-to-date: /home/foiegreis/ros2_fndm_ws/install/ros2_fndm_interface/lib/python3.10/site-packages/ros2_fndm_interface/msg/_address_book.py
-- Up-to-date: /home/foiegreis/ros2_fndm_ws/install/ros2_fndm_interface/lib/python3.10/site-packages/ros2_fndm_interface/msg/_address_book_s.c
-- Installing: /home/foiegreis/ros2_fndm_ws/install/ros2_fndm_interface/lib/python3.10/site-packages/ros2_fndm_interface/msg/_student.py
-- Up-to-date: /home/foiegreis/ros2_fndm_ws/install/ros2_fndm_interface/lib/python3.10/site-packages/ros2_fndm_interface/action
-- Installing: /home/foiegreis/ros2_fndm_ws/install/ros2_fndm_interface/lib/python3.10/site-packages/ros2_fndm_interface/action/_fibonacci.py
-- Installing: /home/foiegreis/ros2_fndm_ws/install/ros2_fndm_interface/lib/python3.10/site-packages/ros2_fndm_interface/action/__init__.py
-- Installing: /home/foiegreis/ros2_fndm_ws/install/ros2_fndm_interface/lib/python3.10/site-packages/ros2_fndm_interface/action/_fibonacci_s.c
Listing '/home/foiegreis/ros2_fndm_ws/install/ros2_fndm_interface/lib/python3.10/site-packages/ros2_fndm_interface'...
Compiling '/home/foiegreis/ros2_fndm_ws/install/ros2_fndm_interface/lib/python3.10/site-packages/ros2_fndm_interface/__init__.py'...
Listing '/home/foiegreis/ros2_fndm_ws/install/ros2_fndm_interface/lib/python3.10/site-packages/ros2_fndm_interface/action'...
Compiling '/home/foiegreis/ros2_fndm_ws/install/ros2_fndm_interface/lib/python3.10/site-packages/ros2_fndm_interface/action/__init__.py'...
Compiling '/home/foiegreis/ros2_fndm_ws/install/ros2_fndm_interface/lib/python3.10/site-packages/ros2_fndm_interface/action/_fibonacci.py'...
Listing '/home/foiegreis/ros2_fndm_ws/install/ros2_fndm_interface/lib/python3.10/site-packages/ros2_fndm_interface/msg'...
Compiling '/home/foiegreis/ros2_fndm_ws/install/ros2_fndm_interface/lib/python3.10/site-packages/ros2_fndm_interface/msg/__init__.py'...
Compiling '/home/foiegreis/ros2_fndm_ws/install/ros2_fndm_interface/lib/python3.10/site-packages/ros2_fndm_interface/msg/_student.py'...
Listing '/home/foiegreis/ros2_fndm_ws/install/ros2_fndm_interface/lib/python3.10/site-packages/ros2_fndm_interface/srv'...
Compiling '/home/foiegreis/ros2_fndm_ws/install/ros2_fndm_interface/lib/python3.10/site-packages/ros2_fndm_interface/srv/__init__.py'...
Compiling '/home/foiegreis/ros2_fndm_ws/install/ros2_fndm_interface/lib/python3.10/site-packages/ros2_fndm_interface/srv/_grade_point_average.py'...
-- Installing: /home/foiegreis/ros2_fndm_ws/install/ros2_fndm_interface/lib/python3.10/site-packages/ros2_fndm_interface/ros2_fndm_interface_s__rosidl_typesupport_fastrtps_c.cpython-310-x86_64-linux-gnu.so
-- Set runtime path of "/home/foiegreis/ros2_fndm_ws/install/ros2_fndm_interface/lib/python3.10/site-packages/ros2_fndm_interface/ros2_fndm_interface_s__rosidl_typesupport_fastrtps_c.cpython-310-x86_64-linux-gnu.so" to ""
-- Installing: /home/foiegreis/ros2_fndm_ws/install/ros2_fndm_interface/lib/python3.10/site-packages/ros2_fndm_interface/ros2_fndm_interface_s__rosidl_typesupport_introspection_c.cpython-310-x86_64-linux-gnu.so
-- Set runtime path of "/home/foiegreis/ros2_fndm_ws/install/ros2_fndm_interface/lib/python3.10/site-packages/ros2_fndm_interface/ros2_fndm_interface_s__rosidl_typesupport_introspection_c.cpython-310-x86_64-linux-gnu.so" to ""
-- Installing: /home/foiegreis/ros2_fndm_ws/install/ros2_fndm_interface/lib/python3.10/site-packages/ros2_fndm_interface/ros2_fndm_interface_s__rosidl_typesupport_c.cpython-310-x86_64-linux-gnu.so
-- Set runtime path of "/home/foiegreis/ros2_fndm_ws/install/ros2_fndm_interface/lib/python3.10/site-packages/ros2_fndm_interface/ros2_fndm_interface_s__rosidl_typesupport_c.cpython-310-x86_64-linux-gnu.so" to ""
-- Installing: /home/foiegreis/ros2_fndm_ws/install/ros2_fndm_interface/lib/libros2_fndm_interface__rosidl_generator_py.so
-- Set runtime path of "/home/foiegreis/ros2_fndm_ws/install/ros2_fndm_interface/lib/libros2_fndm_interface__rosidl_generator_py.so" to ""
-- Installing: /home/foiegreis/ros2_fndm_ws/install/ros2_fndm_interface/share/ros2_fndm_interface/msg/Student.idl
-- Up-to-date: /home/foiegreis/ros2_fndm_ws/install/ros2_fndm_interface/share/ros2_fndm_interface/srv/GradePointAverage.idl
-- Up-to-date: /home/foiegreis/ros2_fndm_ws/install/ros2_fndm_interface/share/ros2_fndm_interface/action/Fibonacci.idl
-- Installing: /home/foiegreis/ros2_fndm_ws/install/ros2_fndm_interface/share/ros2_fndm_interface/msg/Student.msg
-- Installing: /home/foiegreis/ros2_fndm_ws/install/ros2_fndm_interface/share/ros2_fndm_interface/srv/GradePointAverage.srv
-- Up-to-date: /home/foiegreis/ros2_fndm_ws/install/ros2_fndm_interface/share/ros2_fndm_interface/srv/GradePointAverage_Request.msg
-- Installing: /home/foiegreis/ros2_fndm_ws/install/ros2_fndm_interface/share/ros2_fndm_interface/srv/GradePointAverage_Response.msg
-- Up-to-date: /home/foiegreis/ros2_fndm_ws/install/ros2_fndm_interface/share/ros2_fndm_interface/action/Fibonacci.action
-- Up-to-date: /home/foiegreis/ros2_fndm_ws/install/ros2_fndm_interface/share/ament_index/resource_index/package_run_dependencies/ros2_fndm_interface
-- Installing: /home/foiegreis/ros2_fndm_ws/install/ros2_fndm_interface/share/ament_index/resource_index/parent_prefix_path/ros2_fndm_interface
-- Up-to-date: /home/foiegreis/ros2_fndm_ws/install/ros2_fndm_interface/share/ros2_fndm_interface/environment/ament_prefix_path.sh
-- Up-to-date: /home/foiegreis/ros2_fndm_ws/install/ros2_fndm_interface/share/ros2_fndm_interface/environment/ament_prefix_path.dsv
-- Up-to-date: /home/foiegreis/ros2_fndm_ws/install/ros2_fndm_interface/share/ros2_fndm_interface/environment/path.sh
-- Up-to-date: /home/foiegreis/ros2_fndm_ws/install/ros2_fndm_interface/share/ros2_fndm_interface/environment/path.dsv
-- Up-to-date: /home/foiegreis/ros2_fndm_ws/install/ros2_fndm_interface/share/ros2_fndm_interface/local_setup.bash
-- Up-to-date: /home/foiegreis/ros2_fndm_ws/install/ros2_fndm_interface/share/ros2_fndm_interface/local_setup.sh
-- Up-to-date: /home/foiegreis/ros2_fndm_ws/install/ros2_fndm_interface/share/ros2_fndm_interface/local_setup.zsh
-- Up-to-date: /home/foiegreis/ros2_fndm_ws/install/ros2_fndm_interface/share/ros2_fndm_interface/local_setup.dsv
-- Installing: /home/foiegreis/ros2_fndm_ws/install/ros2_fndm_interface/share/ros2_fndm_interface/package.dsv
-- Up-to-date: /home/foiegreis/ros2_fndm_ws/install/ros2_fndm_interface/share/ament_index/resource_index/packages/ros2_fndm_interface
-- Up-to-date: /home/foiegreis/ros2_fndm_ws/install/ros2_fndm_interface/share/ros2_fndm_interface/cmake/export_ros2_fndm_interface__rosidl_generator_cExport.cmake
-- Up-to-date: /home/foiegreis/ros2_fndm_ws/install/ros2_fndm_interface/share/ros2_fndm_interface/cmake/export_ros2_fndm_interface__rosidl_generator_cExport-noconfig.cmake
-- Up-to-date: /home/foiegreis/ros2_fndm_ws/install/ros2_fndm_interface/share/ros2_fndm_interface/cmake/export_ros2_fndm_interface__rosidl_typesupport_fastrtps_cExport.cmake
-- Up-to-date: /home/foiegreis/ros2_fndm_ws/install/ros2_fndm_interface/share/ros2_fndm_interface/cmake/export_ros2_fndm_interface__rosidl_typesupport_fastrtps_cExport-noconfig.cmake
-- Up-to-date: /home/foiegreis/ros2_fndm_ws/install/ros2_fndm_interface/share/ros2_fndm_interface/cmake/ros2_fndm_interface__rosidl_typesupport_introspection_cExport.cmake
-- Up-to-date: /home/foiegreis/ros2_fndm_ws/install/ros2_fndm_interface/share/ros2_fndm_interface/cmake/ros2_fndm_interface__rosidl_typesupport_introspection_cExport-noconfig.cmake
-- Up-to-date: /home/foiegreis/ros2_fndm_ws/install/ros2_fndm_interface/share/ros2_fndm_interface/cmake/ros2_fndm_interface__rosidl_typesupport_cExport.cmake
-- Up-to-date: /home/foiegreis/ros2_fndm_ws/install/ros2_fndm_interface/share/ros2_fndm_interface/cmake/ros2_fndm_interface__rosidl_typesupport_cExport-noconfig.cmake
-- Up-to-date: /home/foiegreis/ros2_fndm_ws/install/ros2_fndm_interface/share/ros2_fndm_interface/cmake/export_ros2_fndm_interface__rosidl_generator_cppExport.cmake
-- Up-to-date: /home/foiegreis/ros2_fndm_ws/install/ros2_fndm_interface/share/ros2_fndm_interface/cmake/export_ros2_fndm_interface__rosidl_typesupport_fastrtps_cppExport.cmake
-- Up-to-date: /home/foiegreis/ros2_fndm_ws/install/ros2_fndm_interface/share/ros2_fndm_interface/cmake/export_ros2_fndm_interface__rosidl_typesupport_fastrtps_cppExport-noconfig.cmake
-- Up-to-date: /home/foiegreis/ros2_fndm_ws/install/ros2_fndm_interface/share/ros2_fndm_interface/cmake/ros2_fndm_interface__rosidl_typesupport_introspection_cppExport.cmake
-- Up-to-date: /home/foiegreis/ros2_fndm_ws/install/ros2_fndm_interface/share/ros2_fndm_interface/cmake/ros2_fndm_interface__rosidl_typesupport_introspection_cppExport-noconfig.cmake
-- Up-to-date: /home/foiegreis/ros2_fndm_ws/install/ros2_fndm_interface/share/ros2_fndm_interface/cmake/ros2_fndm_interface__rosidl_typesupport_cppExport.cmake
-- Up-to-date: /home/foiegreis/ros2_fndm_ws/install/ros2_fndm_interface/share/ros2_fndm_interface/cmake/ros2_fndm_interface__rosidl_typesupport_cppExport-noconfig.cmake
-- Up-to-date: /home/foiegreis/ros2_fndm_ws/install/ros2_fndm_interface/share/ros2_fndm_interface/cmake/export_ros2_fndm_interface__rosidl_generator_pyExport.cmake
-- Up-to-date: /home/foiegreis/ros2_fndm_ws/install/ros2_fndm_interface/share/ros2_fndm_interface/cmake/export_ros2_fndm_interface__rosidl_generator_pyExport-noconfig.cmake
-- Up-to-date: /home/foiegreis/ros2_fndm_ws/install/ros2_fndm_interface/share/ros2_fndm_interface/cmake/rosidl_cmake-extras.cmake
-- Up-to-date: /home/foiegreis/ros2_fndm_ws/install/ros2_fndm_interface/share/ros2_fndm_interface/cmake/ament_cmake_export_dependencies-extras.cmake
-- Up-to-date: /home/foiegreis/ros2_fndm_ws/install/ros2_fndm_interface/share/ros2_fndm_interface/cmake/ament_cmake_export_include_directories-extras.cmake
-- Up-to-date: /home/foiegreis/ros2_fndm_ws/install/ros2_fndm_interface/share/ros2_fndm_interface/cmake/ament_cmake_export_libraries-extras.cmake
-- Up-to-date: /home/foiegreis/ros2_fndm_ws/install/ros2_fndm_interface/share/ros2_fndm_interface/cmake/ament_cmake_export_targets-extras.cmake
-- Up-to-date: /home/foiegreis/ros2_fndm_ws/install/ros2_fndm_interface/share/ros2_fndm_interface/cmake/rosidl_cmake_export_typesupport_targets-extras.cmake
-- Up-to-date: /home/foiegreis/ros2_fndm_ws/install/ros2_fndm_interface/share/ros2_fndm_interface/cmake/rosidl_cmake_export_typesupport_libraries-extras.cmake
-- Up-to-date: /home/foiegreis/ros2_fndm_ws/install/ros2_fndm_interface/share/ros2_fndm_interface/cmake/ros2_fndm_interfaceConfig.cmake
-- Up-to-date: /home/foiegreis/ros2_fndm_ws/install/ros2_fndm_interface/share/ros2_fndm_interface/cmake/ros2_fndm_interfaceConfig-version.cmake
-- Up-to-date: /home/foiegreis/ros2_fndm_ws/install/ros2_fndm_interface/share/ros2_fndm_interface/package.xml
