[0.238s] Invoking command in '/home/foiegreis/ros2_fndm_ws/build/ros2_fndm_interface': CMAKE_PREFIX_PATH=${CMAKE_PREFIX_PATH}:/home/foiegreis/ros2_fndm_ws/install/py_actions:/home/foiegreis/ros2_fndm_ws/install/py_pkg:/home/foiegreis/ros2_ws_book/install/py_pkg:/home/foiegreis/ros2_ws/install/my_py_pkg:/home/foiegreis/ros2_ws/install/lab4:/home/foiegreis/ros2_ws/install/lab3:/home/foiegreis/ros2_ws/install/lab2:/home/foiegreis/ros2_ws/install/lab1:/opt/ros/iron /usr/bin/cmake --build /home/foiegreis/ros2_fndm_ws/build/ros2_fndm_interface -- -j12 -l12
[0.269s] -- Found ament_cmake: 2.0.4 (/opt/ros/iron/share/ament_cmake/cmake)
[0.425s] -- Found rosidl_default_generators: 1.5.0 (/opt/ros/iron/share/rosidl_default_generators/cmake)
[0.429s] -- Using all available rosidl_typesupport_c: rosidl_typesupport_fastrtps_c;rosidl_typesupport_introspection_c
[0.463s] -- Using all available rosidl_typesupport_cpp: rosidl_typesupport_fastrtps_cpp;rosidl_typesupport_introspection_cpp
[0.489s] -- Found rosidl_adapter: 4.0.1 (/opt/ros/iron/share/rosidl_adapter/cmake)
[0.969s] -- Found ament_cmake_ros: 0.11.2 (/opt/ros/iron/share/ament_cmake_ros/cmake)
[1.157s] -- Using all available rosidl_typesupport_c: rosidl_typesupport_fastrtps_c;rosidl_typesupport_introspection_c
[1.424s] -- Using all available rosidl_typesupport_cpp: rosidl_typesupport_fastrtps_cpp;rosidl_typesupport_introspection_cpp
[1.448s] -- Found python_cmake_module: 0.10.2 (/opt/ros/iron/share/python_cmake_module/cmake)
[1.471s] -- Using PYTHON_EXECUTABLE: /usr/bin/python3
[1.471s] -- Using PYTHON_INCLUDE_DIRS: /usr/include/python3.10
[1.471s] -- Using PYTHON_LIBRARIES: /usr/lib/x86_64-linux-gnu/libpython3.10.so
[1.504s] -- Configuring done
[1.542s] -- Generating done
[1.545s] -- Build files have been written to: /home/foiegreis/ros2_fndm_ws/build/ros2_fndm_interface
[1.579s] [  1%] [34m[1mGenerating type hashes for ROS interfaces[0m
[1.590s] [  1%] Built target ament_cmake_python_copy_ros2_fndm_interface
[1.852s] [  1%] Built target ros2_fndm_interface__rosidl_generator_type_description
[1.864s] [  3%] [34m[1mGenerating C code for ROS interfaces[0m
[1.874s] [  5%] [34m[1mGenerating C++ code for ROS interfaces[0m
[1.902s] running egg_info
[1.903s] writing ros2_fndm_interface.egg-info/PKG-INFO
[1.903s] writing dependency_links to ros2_fndm_interface.egg-info/dependency_links.txt
[1.903s] writing top-level names to ros2_fndm_interface.egg-info/top_level.txt
[1.906s] reading manifest file 'ros2_fndm_interface.egg-info/SOURCES.txt'
[1.906s] writing manifest file 'ros2_fndm_interface.egg-info/SOURCES.txt'
[1.933s] [  5%] Built target ament_cmake_python_build_ros2_fndm_interface_egg
[2.475s] [  5%] Built target ros2_fndm_interface__cpp
[2.618s] [35m[1mConsolidate compiler generated dependencies of target ros2_fndm_interface__rosidl_generator_c[0m
[2.634s] [  7%] [32mBuilding C object CMakeFiles/ros2_fndm_interface__rosidl_generator_c.dir/rosidl_generator_c/ros2_fndm_interface/msg/detail/student__type_support.c.o[0m
[2.635s] [  9%] [32mBuilding C object CMakeFiles/ros2_fndm_interface__rosidl_generator_c.dir/rosidl_generator_c/ros2_fndm_interface/srv/detail/grade_point_average__description.c.o[0m
[2.637s] [ 12%] [32mBuilding C object CMakeFiles/ros2_fndm_interface__rosidl_generator_c.dir/rosidl_generator_c/ros2_fndm_interface/msg/detail/student__description.c.o[0m
[2.637s] [ 12%] [32mBuilding C object CMakeFiles/ros2_fndm_interface__rosidl_generator_c.dir/rosidl_generator_c/ros2_fndm_interface/msg/detail/student__functions.c.o[0m
[2.639s] [ 14%] [32mBuilding C object CMakeFiles/ros2_fndm_interface__rosidl_generator_c.dir/rosidl_generator_c/ros2_fndm_interface/srv/detail/grade_point_average__functions.c.o[0m
[2.639s] [ 16%] [32mBuilding C object CMakeFiles/ros2_fndm_interface__rosidl_generator_c.dir/rosidl_generator_c/ros2_fndm_interface/action/detail/fibonacci__type_support.c.o[0m
[2.640s] [ 18%] [32mBuilding C object CMakeFiles/ros2_fndm_interface__rosidl_generator_c.dir/rosidl_generator_c/ros2_fndm_interface/srv/detail/grade_point_average__type_support.c.o[0m
[2.640s] [ 20%] [32mBuilding C object CMakeFiles/ros2_fndm_interface__rosidl_generator_c.dir/rosidl_generator_c/ros2_fndm_interface/action/detail/fibonacci__functions.c.o[0m
[2.641s] [ 22%] [32mBuilding C object CMakeFiles/ros2_fndm_interface__rosidl_generator_c.dir/rosidl_generator_c/ros2_fndm_interface/action/detail/fibonacci__description.c.o[0m
[2.814s] [ 24%] [32m[1mLinking C shared library libros2_fndm_interface__rosidl_generator_c.so[0m
[2.853s] [ 24%] Built target ros2_fndm_interface__rosidl_generator_c
[2.866s] [ 29%] [34m[1mGenerating C type support for eProsima Fast-RTPS[0m
[2.867s] [ 29%] [34m[1mGenerating C introspection for ROS interfaces[0m
[2.867s] [ 29%] [34m[1mGenerating C++ type support dispatch for ROS interfaces[0m
[2.868s] [ 33%] [34m[1mGenerating C++ type support for eProsima Fast-RTPS[0m
[2.869s] [ 33%] [34m[1mGenerating C++ introspection for ROS interfaces[0m
[2.869s] [ 35%] [34m[1mGenerating C type support dispatch for ROS interfaces[0m
[3.376s] [35m[1mConsolidate compiler generated dependencies of target ros2_fndm_interface__rosidl_typesupport_cpp[0m
[3.398s] [ 37%] [32mBuilding CXX object CMakeFiles/ros2_fndm_interface__rosidl_typesupport_cpp.dir/rosidl_typesupport_cpp/ros2_fndm_interface/action/fibonacci__type_support.cpp.o[0m
[3.400s] [ 38%] [32mBuilding CXX object CMakeFiles/ros2_fndm_interface__rosidl_typesupport_cpp.dir/rosidl_typesupport_cpp/ros2_fndm_interface/msg/student__type_support.cpp.o[0m
[3.401s] [ 40%] [32mBuilding CXX object CMakeFiles/ros2_fndm_interface__rosidl_typesupport_cpp.dir/rosidl_typesupport_cpp/ros2_fndm_interface/srv/grade_point_average__type_support.cpp.o[0m
[3.481s] [35m[1mConsolidate compiler generated dependencies of target ros2_fndm_interface__rosidl_typesupport_c[0m
[3.502s] [ 42%] [32mBuilding CXX object CMakeFiles/ros2_fndm_interface__rosidl_typesupport_c.dir/rosidl_typesupport_c/ros2_fndm_interface/action/fibonacci__type_support.cpp.o[0m
[3.503s] [ 44%] [32mBuilding CXX object CMakeFiles/ros2_fndm_interface__rosidl_typesupport_c.dir/rosidl_typesupport_c/ros2_fndm_interface/srv/grade_point_average__type_support.cpp.o[0m
[3.503s] [ 46%] [32mBuilding CXX object CMakeFiles/ros2_fndm_interface__rosidl_typesupport_c.dir/rosidl_typesupport_c/ros2_fndm_interface/msg/student__type_support.cpp.o[0m
[3.612s] [35m[1mConsolidate compiler generated dependencies of target ros2_fndm_interface__rosidl_typesupport_introspection_cpp[0m
[3.621s] [ 48%] [32m[1mLinking CXX shared library libros2_fndm_interface__rosidl_typesupport_c.so[0m
[3.628s] [35m[1mConsolidate compiler generated dependencies of target ros2_fndm_interface__rosidl_typesupport_introspection_c[0m
[3.638s] [ 50%] [32mBuilding CXX object CMakeFiles/ros2_fndm_interface__rosidl_typesupport_introspection_cpp.dir/rosidl_typesupport_introspection_cpp/ros2_fndm_interface/msg/detail/student__type_support.cpp.o[0m
[3.640s] [ 51%] [32mBuilding CXX object CMakeFiles/ros2_fndm_interface__rosidl_typesupport_introspection_cpp.dir/rosidl_typesupport_introspection_cpp/ros2_fndm_interface/action/detail/fibonacci__type_support.cpp.o[0m
[3.641s] [ 53%] [32mBuilding CXX object CMakeFiles/ros2_fndm_interface__rosidl_typesupport_introspection_cpp.dir/rosidl_typesupport_introspection_cpp/ros2_fndm_interface/srv/detail/grade_point_average__type_support.cpp.o[0m
[3.655s] [ 55%] [32mBuilding C object CMakeFiles/ros2_fndm_interface__rosidl_typesupport_introspection_c.dir/rosidl_typesupport_introspection_c/ros2_fndm_interface/msg/detail/student__type_support.c.o[0m
[3.669s] [ 57%] [32mBuilding C object CMakeFiles/ros2_fndm_interface__rosidl_typesupport_introspection_c.dir/rosidl_typesupport_introspection_c/ros2_fndm_interface/srv/detail/grade_point_average__type_support.c.o[0m
[3.684s] [ 59%] [32mBuilding C object CMakeFiles/ros2_fndm_interface__rosidl_typesupport_introspection_c.dir/rosidl_typesupport_introspection_c/ros2_fndm_interface/action/detail/fibonacci__type_support.c.o[0m
[3.699s] [35m[1mConsolidate compiler generated dependencies of target ros2_fndm_interface__rosidl_typesupport_fastrtps_c[0m
[3.715s] [ 59%] Built target ros2_fndm_interface__rosidl_typesupport_c
[3.733s] [ 61%] [32mBuilding CXX object CMakeFiles/ros2_fndm_interface__rosidl_typesupport_fastrtps_c.dir/rosidl_typesupport_fastrtps_c/ros2_fndm_interface/msg/detail/student__type_support_c.cpp.o[0m
[3.744s] [ 62%] [32mBuilding CXX object CMakeFiles/ros2_fndm_interface__rosidl_typesupport_fastrtps_c.dir/rosidl_typesupport_fastrtps_c/ros2_fndm_interface/srv/detail/grade_point_average__type_support_c.cpp.o[0m
[3.767s] [ 64%] [32mBuilding CXX object CMakeFiles/ros2_fndm_interface__rosidl_typesupport_fastrtps_c.dir/rosidl_typesupport_fastrtps_c/ros2_fndm_interface/action/detail/fibonacci__type_support_c.cpp.o[0m
[3.787s] [35m[1mConsolidate compiler generated dependencies of target ros2_fndm_interface__rosidl_typesupport_fastrtps_cpp[0m
[3.824s] [ 66%] [32mBuilding CXX object CMakeFiles/ros2_fndm_interface__rosidl_typesupport_fastrtps_cpp.dir/rosidl_typesupport_fastrtps_cpp/ros2_fndm_interface/msg/detail/dds_fastrtps/student__type_support.cpp.o[0m
[3.829s] [ 68%] [32mBuilding CXX object CMakeFiles/ros2_fndm_interface__rosidl_typesupport_fastrtps_cpp.dir/rosidl_typesupport_fastrtps_cpp/ros2_fndm_interface/srv/detail/dds_fastrtps/grade_point_average__type_support.cpp.o[0m
[3.845s] [ 70%] [32m[1mLinking C shared library libros2_fndm_interface__rosidl_typesupport_introspection_c.so[0m
[3.989s] [ 70%] Built target ros2_fndm_interface__rosidl_typesupport_introspection_c
[4.011s] [ 72%] [32mBuilding CXX object CMakeFiles/ros2_fndm_interface__rosidl_typesupport_fastrtps_cpp.dir/rosidl_typesupport_fastrtps_cpp/ros2_fndm_interface/action/detail/dds_fastrtps/fibonacci__type_support.cpp.o[0m
[4.639s] [ 74%] [32m[1mLinking CXX shared library libros2_fndm_interface__rosidl_typesupport_fastrtps_c.so[0m
[4.778s] [ 74%] Built target ros2_fndm_interface__rosidl_typesupport_fastrtps_c
[4.967s] [ 75%] [32m[1mLinking CXX shared library libros2_fndm_interface__rosidl_typesupport_cpp.so[0m
[5.114s] [ 75%] Built target ros2_fndm_interface__rosidl_typesupport_cpp
[5.310s] [ 77%] [32m[1mLinking CXX shared library libros2_fndm_interface__rosidl_typesupport_introspection_cpp.so[0m
[5.426s] [ 77%] Built target ros2_fndm_interface__rosidl_typesupport_introspection_cpp
[5.611s] [ 79%] [32m[1mLinking CXX shared library libros2_fndm_interface__rosidl_typesupport_fastrtps_cpp.so[0m
[5.714s] [ 79%] Built target ros2_fndm_interface__rosidl_typesupport_fastrtps_cpp
[5.736s] [ 79%] Built target ros2_fndm_interface
[5.761s] [ 81%] [34m[1mGenerating Python code for ROS interfaces[0m
[6.894s] [ 81%] Built target ros2_fndm_interface__py
[6.904s] [35m[1mConsolidate compiler generated dependencies of target ros2_fndm_interface__rosidl_generator_py[0m
[6.919s] [ 83%] [32mBuilding C object CMakeFiles/ros2_fndm_interface__rosidl_generator_py.dir/rosidl_generator_py/ros2_fndm_interface/msg/_student_s.c.o[0m
[6.919s] [ 85%] [32mBuilding C object CMakeFiles/ros2_fndm_interface__rosidl_generator_py.dir/rosidl_generator_py/ros2_fndm_interface/action/_fibonacci_s.c.o[0m
[6.920s] [ 87%] [32mBuilding C object CMakeFiles/ros2_fndm_interface__rosidl_generator_py.dir/rosidl_generator_py/ros2_fndm_interface/srv/_grade_point_average_s.c.o[0m
[7.093s] [ 88%] [32m[1mLinking C shared library rosidl_generator_py/ros2_fndm_interface/libros2_fndm_interface__rosidl_generator_py.so[0m
[7.140s] [ 88%] Built target ros2_fndm_interface__rosidl_generator_py
[7.150s] [35m[1mConsolidate compiler generated dependencies of target ros2_fndm_interface__rosidl_typesupport_introspection_c__pyext[0m
[7.151s] [35m[1mConsolidate compiler generated dependencies of target ros2_fndm_interface__rosidl_typesupport_c__pyext[0m
[7.151s] [35m[1mConsolidate compiler generated dependencies of target ros2_fndm_interface__rosidl_typesupport_fastrtps_c__pyext[0m
[7.164s] [ 92%] [32mBuilding C object CMakeFiles/ros2_fndm_interface__rosidl_typesupport_c__pyext.dir/rosidl_generator_py/ros2_fndm_interface/_ros2_fndm_interface_s.ep.rosidl_typesupport_c.c.o[0m
[7.164s] [ 92%] [32mBuilding C object CMakeFiles/ros2_fndm_interface__rosidl_typesupport_introspection_c__pyext.dir/rosidl_generator_py/ros2_fndm_interface/_ros2_fndm_interface_s.ep.rosidl_typesupport_introspection_c.c.o[0m
[7.164s] [ 94%] [32mBuilding C object CMakeFiles/ros2_fndm_interface__rosidl_typesupport_fastrtps_c__pyext.dir/rosidl_generator_py/ros2_fndm_interface/_ros2_fndm_interface_s.ep.rosidl_typesupport_fastrtps_c.c.o[0m
[7.309s] [ 96%] [32m[1mLinking C shared library rosidl_generator_py/ros2_fndm_interface/ros2_fndm_interface_s__rosidl_typesupport_fastrtps_c.cpython-310-x86_64-linux-gnu.so[0m
[7.310s] [ 98%] [32m[1mLinking C shared library rosidl_generator_py/ros2_fndm_interface/ros2_fndm_interface_s__rosidl_typesupport_c.cpython-310-x86_64-linux-gnu.so[0m
[7.313s] [100%] [32m[1mLinking C shared library rosidl_generator_py/ros2_fndm_interface/ros2_fndm_interface_s__rosidl_typesupport_introspection_c.cpython-310-x86_64-linux-gnu.so[0m
[7.352s] [100%] Built target ros2_fndm_interface__rosidl_typesupport_fastrtps_c__pyext
[7.353s] [100%] Built target ros2_fndm_interface__rosidl_typesupport_c__pyext
[7.355s] [100%] Built target ros2_fndm_interface__rosidl_typesupport_introspection_c__pyext
[7.367s] Invoked command in '/home/foiegreis/ros2_fndm_ws/build/ros2_fndm_interface' returned '0': CMAKE_PREFIX_PATH=${CMAKE_PREFIX_PATH}:/home/foiegreis/ros2_fndm_ws/install/py_actions:/home/foiegreis/ros2_fndm_ws/install/py_pkg:/home/foiegreis/ros2_ws_book/install/py_pkg:/home/foiegreis/ros2_ws/install/my_py_pkg:/home/foiegreis/ros2_ws/install/lab4:/home/foiegreis/ros2_ws/install/lab3:/home/foiegreis/ros2_ws/install/lab2:/home/foiegreis/ros2_ws/install/lab1:/opt/ros/iron /usr/bin/cmake --build /home/foiegreis/ros2_fndm_ws/build/ros2_fndm_interface -- -j12 -l12
[7.505s] Invoking command in '/home/foiegreis/ros2_fndm_ws/build/ros2_fndm_interface': CMAKE_PREFIX_PATH=${CMAKE_PREFIX_PATH}:/home/foiegreis/ros2_fndm_ws/install/py_actions:/home/foiegreis/ros2_fndm_ws/install/py_pkg:/home/foiegreis/ros2_ws_book/install/py_pkg:/home/foiegreis/ros2_ws/install/my_py_pkg:/home/foiegreis/ros2_ws/install/lab4:/home/foiegreis/ros2_ws/install/lab3:/home/foiegreis/ros2_ws/install/lab2:/home/foiegreis/ros2_ws/install/lab1:/opt/ros/iron /usr/bin/cmake --install /home/foiegreis/ros2_fndm_ws/build/ros2_fndm_interface
[7.514s] -- Install configuration: ""
[7.523s] -- Up-to-date: /home/foiegreis/ros2_fndm_ws/install/ros2_fndm_interface/share/ament_index/resource_index/rosidl_interfaces/ros2_fndm_interface
[7.523s] -- Installing: /home/foiegreis/ros2_fndm_ws/install/ros2_fndm_interface/share/ros2_fndm_interface/msg/Student.json
[7.524s] -- Installing: /home/foiegreis/ros2_fndm_ws/install/ros2_fndm_interface/share/ros2_fndm_interface/srv/GradePointAverage.json
[7.524s] -- Installing: /home/foiegreis/ros2_fndm_ws/install/ros2_fndm_interface/share/ros2_fndm_interface/action/Fibonacci.json
[7.525s] -- Up-to-date: /home/foiegreis/ros2_fndm_ws/install/ros2_fndm_interface/include/ros2_fndm_interface/ros2_fndm_interface
[7.526s] -- Up-to-date: /home/foiegreis/ros2_fndm_ws/install/ros2_fndm_interface/include/ros2_fndm_interface/ros2_fndm_interface/srv
[7.526s] -- Installing: /home/foiegreis/ros2_fndm_ws/install/ros2_fndm_interface/include/ros2_fndm_interface/ros2_fndm_interface/srv/grade_point_average.h
[7.527s] -- Up-to-date: /home/foiegreis/ros2_fndm_ws/install/ros2_fndm_interface/include/ros2_fndm_interface/ros2_fndm_interface/srv/add_three_ints.h
[7.527s] -- Up-to-date: /home/foiegreis/ros2_fndm_ws/install/ros2_fndm_interface/include/ros2_fndm_interface/ros2_fndm_interface/srv/detail
[7.527s] -- Up-to-date: /home/foiegreis/ros2_fndm_ws/install/ros2_fndm_interface/include/ros2_fndm_interface/ros2_fndm_interface/srv/detail/add_three_ints__functions.c
[7.527s] -- Up-to-date: /home/foiegreis/ros2_fndm_ws/install/ros2_fndm_interface/include/ros2_fndm_interface/ros2_fndm_interface/srv/detail/add_three_ints__functions.h
[7.528s] -- Up-to-date: /home/foiegreis/ros2_fndm_ws/install/ros2_fndm_interface/include/ros2_fndm_interface/ros2_fndm_interface/srv/detail/add_three_ints__struct.h
[7.528s] -- Installing: /home/foiegreis/ros2_fndm_ws/install/ros2_fndm_interface/include/ros2_fndm_interface/ros2_fndm_interface/srv/detail/grade_point_average__functions.h
[7.528s] -- Installing: /home/foiegreis/ros2_fndm_ws/install/ros2_fndm_interface/include/ros2_fndm_interface/ros2_fndm_interface/srv/detail/grade_point_average__type_support.c
[7.529s] -- Installing: /home/foiegreis/ros2_fndm_ws/install/ros2_fndm_interface/include/ros2_fndm_interface/ros2_fndm_interface/srv/detail/grade_point_average__type_support.h
[7.529s] -- Installing: /home/foiegreis/ros2_fndm_ws/install/ros2_fndm_interface/include/ros2_fndm_interface/ros2_fndm_interface/srv/detail/grade_point_average__struct.h
[7.529s] -- Installing: /home/foiegreis/ros2_fndm_ws/install/ros2_fndm_interface/include/ros2_fndm_interface/ros2_fndm_interface/srv/detail/add_three_ints__type_support.c
[7.530s] -- Installing: /home/foiegreis/ros2_fndm_ws/install/ros2_fndm_interface/include/ros2_fndm_interface/ros2_fndm_interface/srv/detail/grade_point_average__description.c
[7.531s] -- Up-to-date: /home/foiegreis/ros2_fndm_ws/install/ros2_fndm_interface/include/ros2_fndm_interface/ros2_fndm_interface/srv/detail/add_three_ints__description.c
[7.531s] -- Up-to-date: /home/foiegreis/ros2_fndm_ws/install/ros2_fndm_interface/include/ros2_fndm_interface/ros2_fndm_interface/srv/detail/add_three_ints__type_support.h
[7.532s] -- Installing: /home/foiegreis/ros2_fndm_ws/install/ros2_fndm_interface/include/ros2_fndm_interface/ros2_fndm_interface/srv/detail/grade_point_average__functions.c
[7.532s] -- Up-to-date: /home/foiegreis/ros2_fndm_ws/install/ros2_fndm_interface/include/ros2_fndm_interface/ros2_fndm_interface/msg
[7.533s] -- Up-to-date: /home/foiegreis/ros2_fndm_ws/install/ros2_fndm_interface/include/ros2_fndm_interface/ros2_fndm_interface/msg/address_book.h
[7.533s] -- Up-to-date: /home/foiegreis/ros2_fndm_ws/install/ros2_fndm_interface/include/ros2_fndm_interface/ros2_fndm_interface/msg/detail
[7.534s] -- Up-to-date: /home/foiegreis/ros2_fndm_ws/install/ros2_fndm_interface/include/ros2_fndm_interface/ros2_fndm_interface/msg/detail/address_book__functions.h
[7.534s] -- Up-to-date: /home/foiegreis/ros2_fndm_ws/install/ros2_fndm_interface/include/ros2_fndm_interface/ros2_fndm_interface/msg/detail/address_book__functions.c
[7.534s] -- Up-to-date: /home/foiegreis/ros2_fndm_ws/install/ros2_fndm_interface/include/ros2_fndm_interface/ros2_fndm_interface/msg/detail/address_book__struct.h
[7.534s] -- Installing: /home/foiegreis/ros2_fndm_ws/install/ros2_fndm_interface/include/ros2_fndm_interface/ros2_fndm_interface/msg/detail/student__type_support.c
[7.535s] -- Installing: /home/foiegreis/ros2_fndm_ws/install/ros2_fndm_interface/include/ros2_fndm_interface/ros2_fndm_interface/msg/detail/student__type_support.h
[7.535s] -- Installing: /home/foiegreis/ros2_fndm_ws/install/ros2_fndm_interface/include/ros2_fndm_interface/ros2_fndm_interface/msg/detail/student__functions.h
[7.535s] -- Up-to-date: /home/foiegreis/ros2_fndm_ws/install/ros2_fndm_interface/include/ros2_fndm_interface/ros2_fndm_interface/msg/detail/address_book__description.c
[7.536s] -- Installing: /home/foiegreis/ros2_fndm_ws/install/ros2_fndm_interface/include/ros2_fndm_interface/ros2_fndm_interface/msg/detail/address_book__type_support.c
[7.536s] -- Installing: /home/foiegreis/ros2_fndm_ws/install/ros2_fndm_interface/include/ros2_fndm_interface/ros2_fndm_interface/msg/detail/student__struct.h
[7.537s] -- Up-to-date: /home/foiegreis/ros2_fndm_ws/install/ros2_fndm_interface/include/ros2_fndm_interface/ros2_fndm_interface/msg/detail/address_book__type_support.h
[7.537s] -- Installing: /home/foiegreis/ros2_fndm_ws/install/ros2_fndm_interface/include/ros2_fndm_interface/ros2_fndm_interface/msg/detail/student__description.c
[7.538s] -- Installing: /home/foiegreis/ros2_fndm_ws/install/ros2_fndm_interface/include/ros2_fndm_interface/ros2_fndm_interface/msg/detail/student__functions.c
[7.538s] -- Up-to-date: /home/foiegreis/ros2_fndm_ws/install/ros2_fndm_interface/include/ros2_fndm_interface/ros2_fndm_interface/msg/rosidl_generator_c__visibility_control.h
[7.539s] -- Installing: /home/foiegreis/ros2_fndm_ws/install/ros2_fndm_interface/include/ros2_fndm_interface/ros2_fndm_interface/msg/student.h
[7.539s] -- Up-to-date: /home/foiegreis/ros2_fndm_ws/install/ros2_fndm_interface/include/ros2_fndm_interface/ros2_fndm_interface/action
[7.539s] -- Installing: /home/foiegreis/ros2_fndm_ws/install/ros2_fndm_interface/include/ros2_fndm_interface/ros2_fndm_interface/action/fibonacci.h
[7.540s] -- Up-to-date: /home/foiegreis/ros2_fndm_ws/install/ros2_fndm_interface/include/ros2_fndm_interface/ros2_fndm_interface/action/detail
[7.540s] -- Installing: /home/foiegreis/ros2_fndm_ws/install/ros2_fndm_interface/include/ros2_fndm_interface/ros2_fndm_interface/action/detail/fibonacci__type_support.h
[7.540s] -- Installing: /home/foiegreis/ros2_fndm_ws/install/ros2_fndm_interface/include/ros2_fndm_interface/ros2_fndm_interface/action/detail/fibonacci__description.c
[7.541s] -- Installing: /home/foiegreis/ros2_fndm_ws/install/ros2_fndm_interface/include/ros2_fndm_interface/ros2_fndm_interface/action/detail/fibonacci__type_support.c
[7.542s] -- Installing: /home/foiegreis/ros2_fndm_ws/install/ros2_fndm_interface/include/ros2_fndm_interface/ros2_fndm_interface/action/detail/fibonacci__functions.h
[7.543s] -- Installing: /home/foiegreis/ros2_fndm_ws/install/ros2_fndm_interface/include/ros2_fndm_interface/ros2_fndm_interface/action/detail/fibonacci__struct.h
[7.544s] -- Installing: /home/foiegreis/ros2_fndm_ws/install/ros2_fndm_interface/include/ros2_fndm_interface/ros2_fndm_interface/action/detail/fibonacci__functions.c
[7.545s] -- Up-to-date: /home/foiegreis/ros2_fndm_ws/install/ros2_fndm_interface/share/ros2_fndm_interface/environment/library_path.sh
[7.546s] -- Up-to-date: /home/foiegreis/ros2_fndm_ws/install/ros2_fndm_interface/share/ros2_fndm_interface/environment/library_path.dsv
[7.546s] -- Installing: /home/foiegreis/ros2_fndm_ws/install/ros2_fndm_interface/lib/libros2_fndm_interface__rosidl_generator_c.so
[7.549s] -- Set runtime path of "/home/foiegreis/ros2_fndm_ws/install/ros2_fndm_interface/lib/libros2_fndm_interface__rosidl_generator_c.so" to ""
[7.550s] -- Up-to-date: /home/foiegreis/ros2_fndm_ws/install/ros2_fndm_interface/include/ros2_fndm_interface/ros2_fndm_interface
[7.550s] -- Up-to-date: /home/foiegreis/ros2_fndm_ws/install/ros2_fndm_interface/include/ros2_fndm_interface/ros2_fndm_interface/srv
[7.550s] -- Up-to-date: /home/foiegreis/ros2_fndm_ws/install/ros2_fndm_interface/include/ros2_fndm_interface/ros2_fndm_interface/srv/detail
[7.551s] -- Installing: /home/foiegreis/ros2_fndm_ws/install/ros2_fndm_interface/include/ros2_fndm_interface/ros2_fndm_interface/srv/detail/grade_point_average__rosidl_typesupport_fastrtps_c.h
[7.551s] -- Up-to-date: /home/foiegreis/ros2_fndm_ws/install/ros2_fndm_interface/include/ros2_fndm_interface/ros2_fndm_interface/srv/detail/add_three_ints__rosidl_typesupport_fastrtps_c.h
[7.551s] -- Up-to-date: /home/foiegreis/ros2_fndm_ws/install/ros2_fndm_interface/include/ros2_fndm_interface/ros2_fndm_interface/msg
[7.551s] -- Up-to-date: /home/foiegreis/ros2_fndm_ws/install/ros2_fndm_interface/include/ros2_fndm_interface/ros2_fndm_interface/msg/rosidl_typesupport_fastrtps_c__visibility_control.h
[7.551s] -- Up-to-date: /home/foiegreis/ros2_fndm_ws/install/ros2_fndm_interface/include/ros2_fndm_interface/ros2_fndm_interface/msg/detail
[7.552s] -- Up-to-date: /home/foiegreis/ros2_fndm_ws/install/ros2_fndm_interface/include/ros2_fndm_interface/ros2_fndm_interface/msg/detail/address_book__rosidl_typesupport_fastrtps_c.h
[7.552s] -- Installing: /home/foiegreis/ros2_fndm_ws/install/ros2_fndm_interface/include/ros2_fndm_interface/ros2_fndm_interface/msg/detail/student__rosidl_typesupport_fastrtps_c.h
[7.552s] -- Up-to-date: /home/foiegreis/ros2_fndm_ws/install/ros2_fndm_interface/include/ros2_fndm_interface/ros2_fndm_interface/action
[7.552s] -- Up-to-date: /home/foiegreis/ros2_fndm_ws/install/ros2_fndm_interface/include/ros2_fndm_interface/ros2_fndm_interface/action/detail
[7.552s] -- Installing: /home/foiegreis/ros2_fndm_ws/install/ros2_fndm_interface/include/ros2_fndm_interface/ros2_fndm_interface/action/detail/fibonacci__rosidl_typesupport_fastrtps_c.h
[7.552s] -- Installing: /home/foiegreis/ros2_fndm_ws/install/ros2_fndm_interface/lib/libros2_fndm_interface__rosidl_typesupport_fastrtps_c.so
[7.553s] -- Set runtime path of "/home/foiegreis/ros2_fndm_ws/install/ros2_fndm_interface/lib/libros2_fndm_interface__rosidl_typesupport_fastrtps_c.so" to ""
[7.553s] -- Up-to-date: /home/foiegreis/ros2_fndm_ws/install/ros2_fndm_interface/include/ros2_fndm_interface/ros2_fndm_interface
[7.554s] -- Up-to-date: /home/foiegreis/ros2_fndm_ws/install/ros2_fndm_interface/include/ros2_fndm_interface/ros2_fndm_interface/srv
[7.554s] -- Up-to-date: /home/foiegreis/ros2_fndm_ws/install/ros2_fndm_interface/include/ros2_fndm_interface/ros2_fndm_interface/srv/detail
[7.554s] -- Installing: /home/foiegreis/ros2_fndm_ws/install/ros2_fndm_interface/include/ros2_fndm_interface/ros2_fndm_interface/srv/detail/grade_point_average__type_support.c
[7.554s] -- Installing: /home/foiegreis/ros2_fndm_ws/install/ros2_fndm_interface/include/ros2_fndm_interface/ros2_fndm_interface/srv/detail/add_three_ints__type_support.c
[7.554s] -- Installing: /home/foiegreis/ros2_fndm_ws/install/ros2_fndm_interface/include/ros2_fndm_interface/ros2_fndm_interface/srv/detail/grade_point_average__rosidl_typesupport_introspection_c.h
[7.555s] -- Up-to-date: /home/foiegreis/ros2_fndm_ws/install/ros2_fndm_interface/include/ros2_fndm_interface/ros2_fndm_interface/srv/detail/add_three_ints__rosidl_typesupport_introspection_c.h
[7.555s] -- Up-to-date: /home/foiegreis/ros2_fndm_ws/install/ros2_fndm_interface/include/ros2_fndm_interface/ros2_fndm_interface/msg
[7.555s] -- Up-to-date: /home/foiegreis/ros2_fndm_ws/install/ros2_fndm_interface/include/ros2_fndm_interface/ros2_fndm_interface/msg/rosidl_typesupport_introspection_c__visibility_control.h
[7.555s] -- Up-to-date: /home/foiegreis/ros2_fndm_ws/install/ros2_fndm_interface/include/ros2_fndm_interface/ros2_fndm_interface/msg/detail
[7.555s] -- Installing: /home/foiegreis/ros2_fndm_ws/install/ros2_fndm_interface/include/ros2_fndm_interface/ros2_fndm_interface/msg/detail/student__type_support.c
[7.556s] -- Installing: /home/foiegreis/ros2_fndm_ws/install/ros2_fndm_interface/include/ros2_fndm_interface/ros2_fndm_interface/msg/detail/address_book__type_support.c
[7.556s] -- Up-to-date: /home/foiegreis/ros2_fndm_ws/install/ros2_fndm_interface/include/ros2_fndm_interface/ros2_fndm_interface/msg/detail/address_book__rosidl_typesupport_introspection_c.h
[7.556s] -- Installing: /home/foiegreis/ros2_fndm_ws/install/ros2_fndm_interface/include/ros2_fndm_interface/ros2_fndm_interface/msg/detail/student__rosidl_typesupport_introspection_c.h
[7.556s] -- Up-to-date: /home/foiegreis/ros2_fndm_ws/install/ros2_fndm_interface/include/ros2_fndm_interface/ros2_fndm_interface/action
[7.557s] -- Up-to-date: /home/foiegreis/ros2_fndm_ws/install/ros2_fndm_interface/include/ros2_fndm_interface/ros2_fndm_interface/action/detail
[7.557s] -- Installing: /home/foiegreis/ros2_fndm_ws/install/ros2_fndm_interface/include/ros2_fndm_interface/ros2_fndm_interface/action/detail/fibonacci__type_support.c
[7.557s] -- Installing: /home/foiegreis/ros2_fndm_ws/install/ros2_fndm_interface/include/ros2_fndm_interface/ros2_fndm_interface/action/detail/fibonacci__rosidl_typesupport_introspection_c.h
[7.557s] -- Installing: /home/foiegreis/ros2_fndm_ws/install/ros2_fndm_interface/lib/libros2_fndm_interface__rosidl_typesupport_introspection_c.so
[7.559s] -- Set runtime path of "/home/foiegreis/ros2_fndm_ws/install/ros2_fndm_interface/lib/libros2_fndm_interface__rosidl_typesupport_introspection_c.so" to ""
[7.559s] -- Installing: /home/foiegreis/ros2_fndm_ws/install/ros2_fndm_interface/lib/libros2_fndm_interface__rosidl_typesupport_c.so
[7.560s] -- Set runtime path of "/home/foiegreis/ros2_fndm_ws/install/ros2_fndm_interface/lib/libros2_fndm_interface__rosidl_typesupport_c.so" to ""
[7.560s] -- Up-to-date: /home/foiegreis/ros2_fndm_ws/install/ros2_fndm_interface/include/ros2_fndm_interface/ros2_fndm_interface
[7.560s] -- Up-to-date: /home/foiegreis/ros2_fndm_ws/install/ros2_fndm_interface/include/ros2_fndm_interface/ros2_fndm_interface/srv
[7.560s] -- Installing: /home/foiegreis/ros2_fndm_ws/install/ros2_fndm_interface/include/ros2_fndm_interface/ros2_fndm_interface/srv/grade_point_average.hpp
[7.561s] -- Up-to-date: /home/foiegreis/ros2_fndm_ws/install/ros2_fndm_interface/include/ros2_fndm_interface/ros2_fndm_interface/srv/add_three_ints.hpp
[7.561s] -- Up-to-date: /home/foiegreis/ros2_fndm_ws/install/ros2_fndm_interface/include/ros2_fndm_interface/ros2_fndm_interface/srv/detail
[7.561s] -- Installing: /home/foiegreis/ros2_fndm_ws/install/ros2_fndm_interface/include/ros2_fndm_interface/ros2_fndm_interface/srv/detail/grade_point_average__traits.hpp
[7.561s] -- Up-to-date: /home/foiegreis/ros2_fndm_ws/install/ros2_fndm_interface/include/ros2_fndm_interface/ros2_fndm_interface/srv/detail/add_three_ints__builder.hpp
[7.561s] -- Up-to-date: /home/foiegreis/ros2_fndm_ws/install/ros2_fndm_interface/include/ros2_fndm_interface/ros2_fndm_interface/srv/detail/add_three_ints__struct.hpp
[7.561s] -- Up-to-date: /home/foiegreis/ros2_fndm_ws/install/ros2_fndm_interface/include/ros2_fndm_interface/ros2_fndm_interface/srv/detail/add_three_ints__traits.hpp
[7.561s] -- Installing: /home/foiegreis/ros2_fndm_ws/install/ros2_fndm_interface/include/ros2_fndm_interface/ros2_fndm_interface/srv/detail/grade_point_average__builder.hpp
[7.562s] -- Installing: /home/foiegreis/ros2_fndm_ws/install/ros2_fndm_interface/include/ros2_fndm_interface/ros2_fndm_interface/srv/detail/grade_point_average__struct.hpp
[7.562s] -- Up-to-date: /home/foiegreis/ros2_fndm_ws/install/ros2_fndm_interface/include/ros2_fndm_interface/ros2_fndm_interface/msg
[7.562s] -- Up-to-date: /home/foiegreis/ros2_fndm_ws/install/ros2_fndm_interface/include/ros2_fndm_interface/ros2_fndm_interface/msg/address_book.hpp
[7.562s] -- Installing: /home/foiegreis/ros2_fndm_ws/install/ros2_fndm_interface/include/ros2_fndm_interface/ros2_fndm_interface/msg/student.hpp
[7.562s] -- Up-to-date: /home/foiegreis/ros2_fndm_ws/install/ros2_fndm_interface/include/ros2_fndm_interface/ros2_fndm_interface/msg/detail
[7.562s] -- Up-to-date: /home/foiegreis/ros2_fndm_ws/install/ros2_fndm_interface/include/ros2_fndm_interface/ros2_fndm_interface/msg/detail/address_book__builder.hpp
[7.562s] -- Installing: /home/foiegreis/ros2_fndm_ws/install/ros2_fndm_interface/include/ros2_fndm_interface/ros2_fndm_interface/msg/detail/student__struct.hpp
[7.562s] -- Up-to-date: /home/foiegreis/ros2_fndm_ws/install/ros2_fndm_interface/include/ros2_fndm_interface/ros2_fndm_interface/msg/detail/address_book__struct.hpp
[7.562s] -- Up-to-date: /home/foiegreis/ros2_fndm_ws/install/ros2_fndm_interface/include/ros2_fndm_interface/ros2_fndm_interface/msg/detail/address_book__traits.hpp
[7.562s] -- Installing: /home/foiegreis/ros2_fndm_ws/install/ros2_fndm_interface/include/ros2_fndm_interface/ros2_fndm_interface/msg/detail/student__traits.hpp
[7.563s] -- Installing: /home/foiegreis/ros2_fndm_ws/install/ros2_fndm_interface/include/ros2_fndm_interface/ros2_fndm_interface/msg/detail/student__builder.hpp
[7.563s] -- Up-to-date: /home/foiegreis/ros2_fndm_ws/install/ros2_fndm_interface/include/ros2_fndm_interface/ros2_fndm_interface/action
[7.563s] -- Installing: /home/foiegreis/ros2_fndm_ws/install/ros2_fndm_interface/include/ros2_fndm_interface/ros2_fndm_interface/action/fibonacci.hpp
[7.563s] -- Up-to-date: /home/foiegreis/ros2_fndm_ws/install/ros2_fndm_interface/include/ros2_fndm_interface/ros2_fndm_interface/action/detail
[7.563s] -- Installing: /home/foiegreis/ros2_fndm_ws/install/ros2_fndm_interface/include/ros2_fndm_interface/ros2_fndm_interface/action/detail/fibonacci__struct.hpp
[7.564s] -- Installing: /home/foiegreis/ros2_fndm_ws/install/ros2_fndm_interface/include/ros2_fndm_interface/ros2_fndm_interface/action/detail/fibonacci__builder.hpp
[7.564s] -- Installing: /home/foiegreis/ros2_fndm_ws/install/ros2_fndm_interface/include/ros2_fndm_interface/ros2_fndm_interface/action/detail/fibonacci__traits.hpp
[7.564s] -- Up-to-date: /home/foiegreis/ros2_fndm_ws/install/ros2_fndm_interface/include/ros2_fndm_interface/ros2_fndm_interface
[7.564s] -- Up-to-date: /home/foiegreis/ros2_fndm_ws/install/ros2_fndm_interface/include/ros2_fndm_interface/ros2_fndm_interface/srv
[7.564s] -- Up-to-date: /home/foiegreis/ros2_fndm_ws/install/ros2_fndm_interface/include/ros2_fndm_interface/ros2_fndm_interface/srv/detail
[7.564s] -- Up-to-date: /home/foiegreis/ros2_fndm_ws/install/ros2_fndm_interface/include/ros2_fndm_interface/ros2_fndm_interface/srv/detail/add_three_ints__rosidl_typesupport_fastrtps_cpp.hpp
[7.565s] -- Installing: /home/foiegreis/ros2_fndm_ws/install/ros2_fndm_interface/include/ros2_fndm_interface/ros2_fndm_interface/srv/detail/grade_point_average__rosidl_typesupport_fastrtps_cpp.hpp
[7.565s] -- Up-to-date: /home/foiegreis/ros2_fndm_ws/install/ros2_fndm_interface/include/ros2_fndm_interface/ros2_fndm_interface/srv/detail/dds_fastrtps
[7.565s] -- Up-to-date: /home/foiegreis/ros2_fndm_ws/install/ros2_fndm_interface/include/ros2_fndm_interface/ros2_fndm_interface/msg
[7.565s] -- Up-to-date: /home/foiegreis/ros2_fndm_ws/install/ros2_fndm_interface/include/ros2_fndm_interface/ros2_fndm_interface/msg/detail
[7.565s] -- Installing: /home/foiegreis/ros2_fndm_ws/install/ros2_fndm_interface/include/ros2_fndm_interface/ros2_fndm_interface/msg/detail/student__rosidl_typesupport_fastrtps_cpp.hpp
[7.565s] -- Up-to-date: /home/foiegreis/ros2_fndm_ws/install/ros2_fndm_interface/include/ros2_fndm_interface/ros2_fndm_interface/msg/detail/address_book__rosidl_typesupport_fastrtps_cpp.hpp
[7.565s] -- Up-to-date: /home/foiegreis/ros2_fndm_ws/install/ros2_fndm_interface/include/ros2_fndm_interface/ros2_fndm_interface/msg/detail/dds_fastrtps
[7.565s] -- Up-to-date: /home/foiegreis/ros2_fndm_ws/install/ros2_fndm_interface/include/ros2_fndm_interface/ros2_fndm_interface/msg/rosidl_typesupport_fastrtps_cpp__visibility_control.h
[7.565s] -- Up-to-date: /home/foiegreis/ros2_fndm_ws/install/ros2_fndm_interface/include/ros2_fndm_interface/ros2_fndm_interface/action
[7.566s] -- Up-to-date: /home/foiegreis/ros2_fndm_ws/install/ros2_fndm_interface/include/ros2_fndm_interface/ros2_fndm_interface/action/detail
[7.566s] -- Installing: /home/foiegreis/ros2_fndm_ws/install/ros2_fndm_interface/include/ros2_fndm_interface/ros2_fndm_interface/action/detail/fibonacci__rosidl_typesupport_fastrtps_cpp.hpp
[7.566s] -- Up-to-date: /home/foiegreis/ros2_fndm_ws/install/ros2_fndm_interface/include/ros2_fndm_interface/ros2_fndm_interface/action/detail/dds_fastrtps
[7.566s] -- Installing: /home/foiegreis/ros2_fndm_ws/install/ros2_fndm_interface/lib/libros2_fndm_interface__rosidl_typesupport_fastrtps_cpp.so
[7.567s] -- Set runtime path of "/home/foiegreis/ros2_fndm_ws/install/ros2_fndm_interface/lib/libros2_fndm_interface__rosidl_typesupport_fastrtps_cpp.so" to ""
[7.567s] -- Up-to-date: /home/foiegreis/ros2_fndm_ws/install/ros2_fndm_interface/include/ros2_fndm_interface/ros2_fndm_interface
[7.567s] -- Up-to-date: /home/foiegreis/ros2_fndm_ws/install/ros2_fndm_interface/include/ros2_fndm_interface/ros2_fndm_interface/srv
[7.567s] -- Up-to-date: /home/foiegreis/ros2_fndm_ws/install/ros2_fndm_interface/include/ros2_fndm_interface/ros2_fndm_interface/srv/detail
[7.567s] -- Installing: /home/foiegreis/ros2_fndm_ws/install/ros2_fndm_interface/include/ros2_fndm_interface/ros2_fndm_interface/srv/detail/grade_point_average__rosidl_typesupport_introspection_cpp.hpp
[7.568s] -- Up-to-date: /home/foiegreis/ros2_fndm_ws/install/ros2_fndm_interface/include/ros2_fndm_interface/ros2_fndm_interface/srv/detail/add_three_ints__rosidl_typesupport_introspection_cpp.hpp
[7.568s] -- Installing: /home/foiegreis/ros2_fndm_ws/install/ros2_fndm_interface/include/ros2_fndm_interface/ros2_fndm_interface/srv/detail/grade_point_average__type_support.cpp
[7.568s] -- Up-to-date: /home/foiegreis/ros2_fndm_ws/install/ros2_fndm_interface/include/ros2_fndm_interface/ros2_fndm_interface/srv/detail/add_three_ints__type_support.cpp
[7.568s] -- Up-to-date: /home/foiegreis/ros2_fndm_ws/install/ros2_fndm_interface/include/ros2_fndm_interface/ros2_fndm_interface/msg
[7.568s] -- Up-to-date: /home/foiegreis/ros2_fndm_ws/install/ros2_fndm_interface/include/ros2_fndm_interface/ros2_fndm_interface/msg/detail
[7.568s] -- Up-to-date: /home/foiegreis/ros2_fndm_ws/install/ros2_fndm_interface/include/ros2_fndm_interface/ros2_fndm_interface/msg/detail/address_book__rosidl_typesupport_introspection_cpp.hpp
[7.568s] -- Installing: /home/foiegreis/ros2_fndm_ws/install/ros2_fndm_interface/include/ros2_fndm_interface/ros2_fndm_interface/msg/detail/student__type_support.cpp
[7.568s] -- Installing: /home/foiegreis/ros2_fndm_ws/install/ros2_fndm_interface/include/ros2_fndm_interface/ros2_fndm_interface/msg/detail/student__rosidl_typesupport_introspection_cpp.hpp
[7.568s] -- Up-to-date: /home/foiegreis/ros2_fndm_ws/install/ros2_fndm_interface/include/ros2_fndm_interface/ros2_fndm_interface/msg/detail/address_book__type_support.cpp
[7.568s] -- Up-to-date: /home/foiegreis/ros2_fndm_ws/install/ros2_fndm_interface/include/ros2_fndm_interface/ros2_fndm_interface/action
[7.569s] -- Up-to-date: /home/foiegreis/ros2_fndm_ws/install/ros2_fndm_interface/include/ros2_fndm_interface/ros2_fndm_interface/action/detail
[7.569s] -- Installing: /home/foiegreis/ros2_fndm_ws/install/ros2_fndm_interface/include/ros2_fndm_interface/ros2_fndm_interface/action/detail/fibonacci__rosidl_typesupport_introspection_cpp.hpp
[7.569s] -- Installing: /home/foiegreis/ros2_fndm_ws/install/ros2_fndm_interface/include/ros2_fndm_interface/ros2_fndm_interface/action/detail/fibonacci__type_support.cpp
[7.569s] -- Installing: /home/foiegreis/ros2_fndm_ws/install/ros2_fndm_interface/lib/libros2_fndm_interface__rosidl_typesupport_introspection_cpp.so
[7.571s] -- Set runtime path of "/home/foiegreis/ros2_fndm_ws/install/ros2_fndm_interface/lib/libros2_fndm_interface__rosidl_typesupport_introspection_cpp.so" to ""
[7.571s] -- Installing: /home/foiegreis/ros2_fndm_ws/install/ros2_fndm_interface/lib/libros2_fndm_interface__rosidl_typesupport_cpp.so
[7.572s] -- Set runtime path of "/home/foiegreis/ros2_fndm_ws/install/ros2_fndm_interface/lib/libros2_fndm_interface__rosidl_typesupport_cpp.so" to ""
[7.572s] -- Up-to-date: /home/foiegreis/ros2_fndm_ws/install/ros2_fndm_interface/share/ros2_fndm_interface/environment/pythonpath.sh
[7.572s] -- Up-to-date: /home/foiegreis/ros2_fndm_ws/install/ros2_fndm_interface/share/ros2_fndm_interface/environment/pythonpath.dsv
[7.573s] -- Up-to-date: /home/foiegreis/ros2_fndm_ws/install/ros2_fndm_interface/lib/python3.10/site-packages/ros2_fndm_interface-0.0.0-py3.10.egg-info
[7.573s] -- Installing: /home/foiegreis/ros2_fndm_ws/install/ros2_fndm_interface/lib/python3.10/site-packages/ros2_fndm_interface-0.0.0-py3.10.egg-info/PKG-INFO
[7.573s] -- Installing: /home/foiegreis/ros2_fndm_ws/install/ros2_fndm_interface/lib/python3.10/site-packages/ros2_fndm_interface-0.0.0-py3.10.egg-info/dependency_links.txt
[7.573s] -- Installing: /home/foiegreis/ros2_fndm_ws/install/ros2_fndm_interface/lib/python3.10/site-packages/ros2_fndm_interface-0.0.0-py3.10.egg-info/SOURCES.txt
[7.573s] -- Installing: /home/foiegreis/ros2_fndm_ws/install/ros2_fndm_interface/lib/python3.10/site-packages/ros2_fndm_interface-0.0.0-py3.10.egg-info/top_level.txt
[7.573s] -- Up-to-date: /home/foiegreis/ros2_fndm_ws/install/ros2_fndm_interface/lib/python3.10/site-packages/ros2_fndm_interface
[7.573s] -- Installing: /home/foiegreis/ros2_fndm_ws/install/ros2_fndm_interface/lib/python3.10/site-packages/ros2_fndm_interface/__init__.py
[7.573s] -- Installing: /home/foiegreis/ros2_fndm_ws/install/ros2_fndm_interface/lib/python3.10/site-packages/ros2_fndm_interface/ros2_fndm_interface_s__rosidl_typesupport_fastrtps_c.cpython-310-x86_64-linux-gnu.so
[7.574s] -- Installing: /home/foiegreis/ros2_fndm_ws/install/ros2_fndm_interface/lib/python3.10/site-packages/ros2_fndm_interface/ros2_fndm_interface_s__rosidl_typesupport_c.cpython-310-x86_64-linux-gnu.so
[7.574s] -- Installing: /home/foiegreis/ros2_fndm_ws/install/ros2_fndm_interface/lib/python3.10/site-packages/ros2_fndm_interface/_ros2_fndm_interface_s.ep.rosidl_typesupport_fastrtps_c.c
[7.574s] -- Installing: /home/foiegreis/ros2_fndm_ws/install/ros2_fndm_interface/lib/python3.10/site-packages/ros2_fndm_interface/_ros2_fndm_interface_s.ep.rosidl_typesupport_introspection_c.c
[7.574s] -- Installing: /home/foiegreis/ros2_fndm_ws/install/ros2_fndm_interface/lib/python3.10/site-packages/ros2_fndm_interface/_ros2_fndm_interface_s.ep.rosidl_typesupport_c.c
[7.574s] -- Up-to-date: /home/foiegreis/ros2_fndm_ws/install/ros2_fndm_interface/lib/python3.10/site-packages/ros2_fndm_interface/srv
[7.575s] -- Installing: /home/foiegreis/ros2_fndm_ws/install/ros2_fndm_interface/lib/python3.10/site-packages/ros2_fndm_interface/srv/__init__.py
[7.575s] -- Up-to-date: /home/foiegreis/ros2_fndm_ws/install/ros2_fndm_interface/lib/python3.10/site-packages/ros2_fndm_interface/srv/_add_three_ints_s.c
[7.575s] -- Installing: /home/foiegreis/ros2_fndm_ws/install/ros2_fndm_interface/lib/python3.10/site-packages/ros2_fndm_interface/srv/_grade_point_average_s.c
[7.575s] -- Up-to-date: /home/foiegreis/ros2_fndm_ws/install/ros2_fndm_interface/lib/python3.10/site-packages/ros2_fndm_interface/srv/_add_three_ints.py
[7.575s] -- Installing: /home/foiegreis/ros2_fndm_ws/install/ros2_fndm_interface/lib/python3.10/site-packages/ros2_fndm_interface/srv/_grade_point_average.py
[7.575s] -- Installing: /home/foiegreis/ros2_fndm_ws/install/ros2_fndm_interface/lib/python3.10/site-packages/ros2_fndm_interface/libros2_fndm_interface__rosidl_generator_py.so
[7.575s] -- Installing: /home/foiegreis/ros2_fndm_ws/install/ros2_fndm_interface/lib/python3.10/site-packages/ros2_fndm_interface/ros2_fndm_interface_s__rosidl_typesupport_introspection_c.cpython-310-x86_64-linux-gnu.so
[7.576s] -- Up-to-date: /home/foiegreis/ros2_fndm_ws/install/ros2_fndm_interface/lib/python3.10/site-packages/ros2_fndm_interface/msg
[7.576s] -- Installing: /home/foiegreis/ros2_fndm_ws/install/ros2_fndm_interface/lib/python3.10/site-packages/ros2_fndm_interface/msg/__init__.py
[7.576s] -- Installing: /home/foiegreis/ros2_fndm_ws/install/ros2_fndm_interface/lib/python3.10/site-packages/ros2_fndm_interface/msg/_student_s.c
[7.576s] -- Up-to-date: /home/foiegreis/ros2_fndm_ws/install/ros2_fndm_interface/lib/python3.10/site-packages/ros2_fndm_interface/msg/_address_book.py
[7.576s] -- Up-to-date: /home/foiegreis/ros2_fndm_ws/install/ros2_fndm_interface/lib/python3.10/site-packages/ros2_fndm_interface/msg/_address_book_s.c
[7.576s] -- Installing: /home/foiegreis/ros2_fndm_ws/install/ros2_fndm_interface/lib/python3.10/site-packages/ros2_fndm_interface/msg/_student.py
[7.576s] -- Up-to-date: /home/foiegreis/ros2_fndm_ws/install/ros2_fndm_interface/lib/python3.10/site-packages/ros2_fndm_interface/action
[7.576s] -- Installing: /home/foiegreis/ros2_fndm_ws/install/ros2_fndm_interface/lib/python3.10/site-packages/ros2_fndm_interface/action/_fibonacci.py
[7.577s] -- Installing: /home/foiegreis/ros2_fndm_ws/install/ros2_fndm_interface/lib/python3.10/site-packages/ros2_fndm_interface/action/__init__.py
[7.577s] -- Installing: /home/foiegreis/ros2_fndm_ws/install/ros2_fndm_interface/lib/python3.10/site-packages/ros2_fndm_interface/action/_fibonacci_s.c
[7.623s] Listing '/home/foiegreis/ros2_fndm_ws/install/ros2_fndm_interface/lib/python3.10/site-packages/ros2_fndm_interface'...
[7.623s] Compiling '/home/foiegreis/ros2_fndm_ws/install/ros2_fndm_interface/lib/python3.10/site-packages/ros2_fndm_interface/__init__.py'...
[7.623s] Listing '/home/foiegreis/ros2_fndm_ws/install/ros2_fndm_interface/lib/python3.10/site-packages/ros2_fndm_interface/action'...
[7.623s] Compiling '/home/foiegreis/ros2_fndm_ws/install/ros2_fndm_interface/lib/python3.10/site-packages/ros2_fndm_interface/action/__init__.py'...
[7.623s] Compiling '/home/foiegreis/ros2_fndm_ws/install/ros2_fndm_interface/lib/python3.10/site-packages/ros2_fndm_interface/action/_fibonacci.py'...
[7.623s] Listing '/home/foiegreis/ros2_fndm_ws/install/ros2_fndm_interface/lib/python3.10/site-packages/ros2_fndm_interface/msg'...
[7.623s] Compiling '/home/foiegreis/ros2_fndm_ws/install/ros2_fndm_interface/lib/python3.10/site-packages/ros2_fndm_interface/msg/__init__.py'...
[7.624s] Compiling '/home/foiegreis/ros2_fndm_ws/install/ros2_fndm_interface/lib/python3.10/site-packages/ros2_fndm_interface/msg/_student.py'...
[7.624s] Listing '/home/foiegreis/ros2_fndm_ws/install/ros2_fndm_interface/lib/python3.10/site-packages/ros2_fndm_interface/srv'...
[7.624s] Compiling '/home/foiegreis/ros2_fndm_ws/install/ros2_fndm_interface/lib/python3.10/site-packages/ros2_fndm_interface/srv/__init__.py'...
[7.624s] Compiling '/home/foiegreis/ros2_fndm_ws/install/ros2_fndm_interface/lib/python3.10/site-packages/ros2_fndm_interface/srv/_grade_point_average.py'...
[7.627s] -- Installing: /home/foiegreis/ros2_fndm_ws/install/ros2_fndm_interface/lib/python3.10/site-packages/ros2_fndm_interface/ros2_fndm_interface_s__rosidl_typesupport_fastrtps_c.cpython-310-x86_64-linux-gnu.so
[7.628s] -- Set runtime path of "/home/foiegreis/ros2_fndm_ws/install/ros2_fndm_interface/lib/python3.10/site-packages/ros2_fndm_interface/ros2_fndm_interface_s__rosidl_typesupport_fastrtps_c.cpython-310-x86_64-linux-gnu.so" to ""
[7.628s] -- Installing: /home/foiegreis/ros2_fndm_ws/install/ros2_fndm_interface/lib/python3.10/site-packages/ros2_fndm_interface/ros2_fndm_interface_s__rosidl_typesupport_introspection_c.cpython-310-x86_64-linux-gnu.so
[7.628s] -- Set runtime path of "/home/foiegreis/ros2_fndm_ws/install/ros2_fndm_interface/lib/python3.10/site-packages/ros2_fndm_interface/ros2_fndm_interface_s__rosidl_typesupport_introspection_c.cpython-310-x86_64-linux-gnu.so" to ""
[7.629s] -- Installing: /home/foiegreis/ros2_fndm_ws/install/ros2_fndm_interface/lib/python3.10/site-packages/ros2_fndm_interface/ros2_fndm_interface_s__rosidl_typesupport_c.cpython-310-x86_64-linux-gnu.so
[7.629s] -- Set runtime path of "/home/foiegreis/ros2_fndm_ws/install/ros2_fndm_interface/lib/python3.10/site-packages/ros2_fndm_interface/ros2_fndm_interface_s__rosidl_typesupport_c.cpython-310-x86_64-linux-gnu.so" to ""
[7.629s] -- Installing: /home/foiegreis/ros2_fndm_ws/install/ros2_fndm_interface/lib/libros2_fndm_interface__rosidl_generator_py.so
[7.630s] -- Set runtime path of "/home/foiegreis/ros2_fndm_ws/install/ros2_fndm_interface/lib/libros2_fndm_interface__rosidl_generator_py.so" to ""
[7.630s] -- Installing: /home/foiegreis/ros2_fndm_ws/install/ros2_fndm_interface/share/ros2_fndm_interface/msg/Student.idl
[7.630s] -- Up-to-date: /home/foiegreis/ros2_fndm_ws/install/ros2_fndm_interface/share/ros2_fndm_interface/srv/GradePointAverage.idl
[7.630s] -- Up-to-date: /home/foiegreis/ros2_fndm_ws/install/ros2_fndm_interface/share/ros2_fndm_interface/action/Fibonacci.idl
[7.630s] -- Installing: /home/foiegreis/ros2_fndm_ws/install/ros2_fndm_interface/share/ros2_fndm_interface/msg/Student.msg
[7.630s] -- Installing: /home/foiegreis/ros2_fndm_ws/install/ros2_fndm_interface/share/ros2_fndm_interface/srv/GradePointAverage.srv
[7.631s] -- Up-to-date: /home/foiegreis/ros2_fndm_ws/install/ros2_fndm_interface/share/ros2_fndm_interface/srv/GradePointAverage_Request.msg
[7.631s] -- Installing: /home/foiegreis/ros2_fndm_ws/install/ros2_fndm_interface/share/ros2_fndm_interface/srv/GradePointAverage_Response.msg
[7.631s] -- Up-to-date: /home/foiegreis/ros2_fndm_ws/install/ros2_fndm_interface/share/ros2_fndm_interface/action/Fibonacci.action
[7.631s] -- Up-to-date: /home/foiegreis/ros2_fndm_ws/install/ros2_fndm_interface/share/ament_index/resource_index/package_run_dependencies/ros2_fndm_interface
[7.631s] -- Installing: /home/foiegreis/ros2_fndm_ws/install/ros2_fndm_interface/share/ament_index/resource_index/parent_prefix_path/ros2_fndm_interface
[7.631s] -- Up-to-date: /home/foiegreis/ros2_fndm_ws/install/ros2_fndm_interface/share/ros2_fndm_interface/environment/ament_prefix_path.sh
[7.631s] -- Up-to-date: /home/foiegreis/ros2_fndm_ws/install/ros2_fndm_interface/share/ros2_fndm_interface/environment/ament_prefix_path.dsv
[7.631s] -- Up-to-date: /home/foiegreis/ros2_fndm_ws/install/ros2_fndm_interface/share/ros2_fndm_interface/environment/path.sh
[7.631s] -- Up-to-date: /home/foiegreis/ros2_fndm_ws/install/ros2_fndm_interface/share/ros2_fndm_interface/environment/path.dsv
[7.631s] -- Up-to-date: /home/foiegreis/ros2_fndm_ws/install/ros2_fndm_interface/share/ros2_fndm_interface/local_setup.bash
[7.631s] -- Up-to-date: /home/foiegreis/ros2_fndm_ws/install/ros2_fndm_interface/share/ros2_fndm_interface/local_setup.sh
[7.632s] -- Up-to-date: /home/foiegreis/ros2_fndm_ws/install/ros2_fndm_interface/share/ros2_fndm_interface/local_setup.zsh
[7.632s] -- Up-to-date: /home/foiegreis/ros2_fndm_ws/install/ros2_fndm_interface/share/ros2_fndm_interface/local_setup.dsv
[7.632s] -- Installing: /home/foiegreis/ros2_fndm_ws/install/ros2_fndm_interface/share/ros2_fndm_interface/package.dsv
[7.632s] -- Up-to-date: /home/foiegreis/ros2_fndm_ws/install/ros2_fndm_interface/share/ament_index/resource_index/packages/ros2_fndm_interface
[7.632s] -- Up-to-date: /home/foiegreis/ros2_fndm_ws/install/ros2_fndm_interface/share/ros2_fndm_interface/cmake/export_ros2_fndm_interface__rosidl_generator_cExport.cmake
[7.632s] -- Up-to-date: /home/foiegreis/ros2_fndm_ws/install/ros2_fndm_interface/share/ros2_fndm_interface/cmake/export_ros2_fndm_interface__rosidl_generator_cExport-noconfig.cmake
[7.632s] -- Up-to-date: /home/foiegreis/ros2_fndm_ws/install/ros2_fndm_interface/share/ros2_fndm_interface/cmake/export_ros2_fndm_interface__rosidl_typesupport_fastrtps_cExport.cmake
[7.632s] -- Up-to-date: /home/foiegreis/ros2_fndm_ws/install/ros2_fndm_interface/share/ros2_fndm_interface/cmake/export_ros2_fndm_interface__rosidl_typesupport_fastrtps_cExport-noconfig.cmake
[7.632s] -- Up-to-date: /home/foiegreis/ros2_fndm_ws/install/ros2_fndm_interface/share/ros2_fndm_interface/cmake/ros2_fndm_interface__rosidl_typesupport_introspection_cExport.cmake
[7.633s] -- Up-to-date: /home/foiegreis/ros2_fndm_ws/install/ros2_fndm_interface/share/ros2_fndm_interface/cmake/ros2_fndm_interface__rosidl_typesupport_introspection_cExport-noconfig.cmake
[7.633s] -- Up-to-date: /home/foiegreis/ros2_fndm_ws/install/ros2_fndm_interface/share/ros2_fndm_interface/cmake/ros2_fndm_interface__rosidl_typesupport_cExport.cmake
[7.633s] -- Up-to-date: /home/foiegreis/ros2_fndm_ws/install/ros2_fndm_interface/share/ros2_fndm_interface/cmake/ros2_fndm_interface__rosidl_typesupport_cExport-noconfig.cmake
[7.633s] -- Up-to-date: /home/foiegreis/ros2_fndm_ws/install/ros2_fndm_interface/share/ros2_fndm_interface/cmake/export_ros2_fndm_interface__rosidl_generator_cppExport.cmake
[7.633s] -- Up-to-date: /home/foiegreis/ros2_fndm_ws/install/ros2_fndm_interface/share/ros2_fndm_interface/cmake/export_ros2_fndm_interface__rosidl_typesupport_fastrtps_cppExport.cmake
[7.633s] -- Up-to-date: /home/foiegreis/ros2_fndm_ws/install/ros2_fndm_interface/share/ros2_fndm_interface/cmake/export_ros2_fndm_interface__rosidl_typesupport_fastrtps_cppExport-noconfig.cmake
[7.634s] -- Up-to-date: /home/foiegreis/ros2_fndm_ws/install/ros2_fndm_interface/share/ros2_fndm_interface/cmake/ros2_fndm_interface__rosidl_typesupport_introspection_cppExport.cmake
[7.634s] -- Up-to-date: /home/foiegreis/ros2_fndm_ws/install/ros2_fndm_interface/share/ros2_fndm_interface/cmake/ros2_fndm_interface__rosidl_typesupport_introspection_cppExport-noconfig.cmake
[7.634s] -- Up-to-date: /home/foiegreis/ros2_fndm_ws/install/ros2_fndm_interface/share/ros2_fndm_interface/cmake/ros2_fndm_interface__rosidl_typesupport_cppExport.cmake
[7.634s] -- Up-to-date: /home/foiegreis/ros2_fndm_ws/install/ros2_fndm_interface/share/ros2_fndm_interface/cmake/ros2_fndm_interface__rosidl_typesupport_cppExport-noconfig.cmake
[7.634s] -- Up-to-date: /home/foiegreis/ros2_fndm_ws/install/ros2_fndm_interface/share/ros2_fndm_interface/cmake/export_ros2_fndm_interface__rosidl_generator_pyExport.cmake
[7.634s] -- Up-to-date: /home/foiegreis/ros2_fndm_ws/install/ros2_fndm_interface/share/ros2_fndm_interface/cmake/export_ros2_fndm_interface__rosidl_generator_pyExport-noconfig.cmake
[7.634s] -- Up-to-date: /home/foiegreis/ros2_fndm_ws/install/ros2_fndm_interface/share/ros2_fndm_interface/cmake/rosidl_cmake-extras.cmake
[7.634s] -- Up-to-date: /home/foiegreis/ros2_fndm_ws/install/ros2_fndm_interface/share/ros2_fndm_interface/cmake/ament_cmake_export_dependencies-extras.cmake
[7.634s] -- Up-to-date: /home/foiegreis/ros2_fndm_ws/install/ros2_fndm_interface/share/ros2_fndm_interface/cmake/ament_cmake_export_include_directories-extras.cmake
[7.635s] -- Up-to-date: /home/foiegreis/ros2_fndm_ws/install/ros2_fndm_interface/share/ros2_fndm_interface/cmake/ament_cmake_export_libraries-extras.cmake
[7.635s] -- Up-to-date: /home/foiegreis/ros2_fndm_ws/install/ros2_fndm_interface/share/ros2_fndm_interface/cmake/ament_cmake_export_targets-extras.cmake
[7.635s] -- Up-to-date: /home/foiegreis/ros2_fndm_ws/install/ros2_fndm_interface/share/ros2_fndm_interface/cmake/rosidl_cmake_export_typesupport_targets-extras.cmake
[7.635s] -- Up-to-date: /home/foiegreis/ros2_fndm_ws/install/ros2_fndm_interface/share/ros2_fndm_interface/cmake/rosidl_cmake_export_typesupport_libraries-extras.cmake
[7.635s] -- Up-to-date: /home/foiegreis/ros2_fndm_ws/install/ros2_fndm_interface/share/ros2_fndm_interface/cmake/ros2_fndm_interfaceConfig.cmake
[7.635s] -- Up-to-date: /home/foiegreis/ros2_fndm_ws/install/ros2_fndm_interface/share/ros2_fndm_interface/cmake/ros2_fndm_interfaceConfig-version.cmake
[7.635s] -- Up-to-date: /home/foiegreis/ros2_fndm_ws/install/ros2_fndm_interface/share/ros2_fndm_interface/package.xml
[7.637s] Invoked command in '/home/foiegreis/ros2_fndm_ws/build/ros2_fndm_interface' returned '0': CMAKE_PREFIX_PATH=${CMAKE_PREFIX_PATH}:/home/foiegreis/ros2_fndm_ws/install/py_actions:/home/foiegreis/ros2_fndm_ws/install/py_pkg:/home/foiegreis/ros2_ws_book/install/py_pkg:/home/foiegreis/ros2_ws/install/my_py_pkg:/home/foiegreis/ros2_ws/install/lab4:/home/foiegreis/ros2_ws/install/lab3:/home/foiegreis/ros2_ws/install/lab2:/home/foiegreis/ros2_ws/install/lab1:/opt/ros/iron /usr/bin/cmake --install /home/foiegreis/ros2_fndm_ws/build/ros2_fndm_interface
