[0.838s] Invoking command in '/home/foiegreis/ros2_fndm_ws/src/build/my_ros2_interface': CMAKE_PREFIX_PATH=${CMAKE_PREFIX_PATH}:/home/foiegreis/my_ros2_ws/install/py_pkg:/home/foiegreis/my_ros2_ws/install/py_actions:/home/foiegreis/my_ros2_ws/src/install/py_pkg:/home/foiegreis/ros2_ws_book/install/py_pkg:/home/foiegreis/ros2_ws/install/my_py_pkg:/home/foiegreis/ros2_ws/install/lab4:/home/foiegreis/ros2_ws/install/lab3:/home/foiegreis/ros2_ws/install/lab2:/home/foiegreis/ros2_ws/install/lab1:/opt/ros/iron /usr/bin/cmake /home/foiegreis/ros2_fndm_ws/src/ros2_fndm_interface -DCMAKE_INSTALL_PREFIX=/home/foiegreis/ros2_fndm_ws/src/install/my_ros2_interface
[1.392s] -- The C compiler identification is GNU 11.4.0
[1.393s] -- The CXX compiler identification is GNU 11.4.0
[1.393s] -- Detecting C compiler ABI info
[1.393s] -- Detecting C compiler ABI info - done
[1.394s] -- Check for working C compiler: /usr/bin/cc - skipped
[1.394s] -- Detecting C compile features
[1.394s] -- Detecting C compile features - done
[1.395s] -- Detecting CXX compiler ABI info
[1.395s] -- Detecting CXX compiler ABI info - done
[1.395s] -- Check for working CXX compiler: /usr/bin/c++ - skipped
[1.395s] -- Detecting CXX compile features
[1.395s] -- Detecting CXX compile features - done
[1.395s] -- Found ament_cmake: 2.0.4 (/opt/ros/iron/share/ament_cmake/cmake)
[1.395s] -- Found Python3: /usr/bin/python3.10 (found version "3.10.12") found components: Interpreter 
[1.461s] -- Found rosidl_default_generators: 1.5.0 (/opt/ros/iron/share/rosidl_default_generators/cmake)
[1.479s] -- Using all available rosidl_typesupport_c: rosidl_typesupport_fastrtps_c;rosidl_typesupport_introspection_c
[1.570s] -- Using all available rosidl_typesupport_cpp: rosidl_typesupport_fastrtps_cpp;rosidl_typesupport_introspection_cpp
[1.643s] -- Found rosidl_adapter: 4.0.1 (/opt/ros/iron/share/rosidl_adapter/cmake)
[2.179s] -- Found ament_cmake_ros: 0.11.2 (/opt/ros/iron/share/ament_cmake_ros/cmake)
[2.394s] -- Using all available rosidl_typesupport_c: rosidl_typesupport_fastrtps_c;rosidl_typesupport_introspection_c
[2.664s] -- Using all available rosidl_typesupport_cpp: rosidl_typesupport_fastrtps_cpp;rosidl_typesupport_introspection_cpp
[2.689s] -- Found PythonInterp: /usr/bin/python3 (found suitable version "3.10.12", minimum required is "3.6") 
[2.694s] -- Found python_cmake_module: 0.10.2 (/opt/ros/iron/share/python_cmake_module/cmake)
[2.723s] -- Found PythonLibs: /usr/lib/x86_64-linux-gnu/libpython3.10.so (found suitable version "3.10.12", minimum required is "3.5") 
[2.724s] -- Using PYTHON_EXECUTABLE: /usr/bin/python3
[2.724s] -- Using PYTHON_INCLUDE_DIRS: /usr/include/python3.10
[2.724s] -- Using PYTHON_LIBRARIES: /usr/lib/x86_64-linux-gnu/libpython3.10.so
[2.747s] -- Found PythonExtra: .so  
[2.810s] -- Configuring done
[2.849s] -- Generating done
[2.851s] -- Build files have been written to: /home/foiegreis/ros2_fndm_ws/src/build/my_ros2_interface
[2.860s] Invoked command in '/home/foiegreis/ros2_fndm_ws/src/build/my_ros2_interface' returned '0': CMAKE_PREFIX_PATH=${CMAKE_PREFIX_PATH}:/home/foiegreis/my_ros2_ws/install/py_pkg:/home/foiegreis/my_ros2_ws/install/py_actions:/home/foiegreis/my_ros2_ws/src/install/py_pkg:/home/foiegreis/ros2_ws_book/install/py_pkg:/home/foiegreis/ros2_ws/install/my_py_pkg:/home/foiegreis/ros2_ws/install/lab4:/home/foiegreis/ros2_ws/install/lab3:/home/foiegreis/ros2_ws/install/lab2:/home/foiegreis/ros2_ws/install/lab1:/opt/ros/iron /usr/bin/cmake /home/foiegreis/ros2_fndm_ws/src/ros2_fndm_interface -DCMAKE_INSTALL_PREFIX=/home/foiegreis/ros2_fndm_ws/src/install/my_ros2_interface
[2.861s] Invoking command in '/home/foiegreis/ros2_fndm_ws/src/build/my_ros2_interface': CMAKE_PREFIX_PATH=${CMAKE_PREFIX_PATH}:/home/foiegreis/my_ros2_ws/install/py_pkg:/home/foiegreis/my_ros2_ws/install/py_actions:/home/foiegreis/my_ros2_ws/src/install/py_pkg:/home/foiegreis/ros2_ws_book/install/py_pkg:/home/foiegreis/ros2_ws/install/my_py_pkg:/home/foiegreis/ros2_ws/install/lab4:/home/foiegreis/ros2_ws/install/lab3:/home/foiegreis/ros2_ws/install/lab2:/home/foiegreis/ros2_ws/install/lab1:/opt/ros/iron /usr/bin/cmake --build /home/foiegreis/ros2_fndm_ws/src/build/my_ros2_interface -- -j12 -l12
[2.909s] [  1%] [34m[1mGenerating type hashes for ROS interfaces[0m
[2.917s] [  1%] Built target ament_cmake_python_copy_my_ros2_interface
[3.196s] [  1%] Built target my_ros2_interface__rosidl_generator_type_description
[3.207s] [  3%] [34m[1mGenerating C code for ROS interfaces[0m
[3.218s] [  5%] [34m[1mGenerating C++ code for ROS interfaces[0m
[3.250s] running egg_info
[3.251s] creating my_ros2_interface.egg-info
[3.251s] writing my_ros2_interface.egg-info/PKG-INFO
[3.251s] writing dependency_links to my_ros2_interface.egg-info/dependency_links.txt
[3.251s] writing top-level names to my_ros2_interface.egg-info/top_level.txt
[3.252s] writing manifest file 'my_ros2_interface.egg-info/SOURCES.txt'
[3.254s] reading manifest file 'my_ros2_interface.egg-info/SOURCES.txt'
[3.255s] writing manifest file 'my_ros2_interface.egg-info/SOURCES.txt'
[3.287s] [  5%] Built target ament_cmake_python_build_my_ros2_interface_egg
[3.888s] [  5%] Built target my_ros2_interface__cpp
[3.989s] [  7%] [32mBuilding C object CMakeFiles/my_ros2_interface__rosidl_generator_c.dir/rosidl_generator_c/my_ros2_interface/msg/detail/address_book__description.c.o[0m
[3.990s] [  9%] [32mBuilding C object CMakeFiles/my_ros2_interface__rosidl_generator_c.dir/rosidl_generator_c/my_ros2_interface/srv/detail/add_three_ints__functions.c.o[0m
[3.990s] [ 11%] [32mBuilding C object CMakeFiles/my_ros2_interface__rosidl_generator_c.dir/rosidl_generator_c/my_ros2_interface/action/detail/fibonacci__functions.c.o[0m
[3.992s] [ 12%] [32mBuilding C object CMakeFiles/my_ros2_interface__rosidl_generator_c.dir/rosidl_generator_c/my_ros2_interface/msg/detail/address_book__functions.c.o[0m
[3.992s] [ 14%] [32mBuilding C object CMakeFiles/my_ros2_interface__rosidl_generator_c.dir/rosidl_generator_c/my_ros2_interface/srv/detail/add_three_ints__description.c.o[0m
[3.992s] [ 16%] [32mBuilding C object CMakeFiles/my_ros2_interface__rosidl_generator_c.dir/rosidl_generator_c/my_ros2_interface/msg/detail/address_book__type_support.c.o[0m
[3.993s] [ 18%] [32mBuilding C object CMakeFiles/my_ros2_interface__rosidl_generator_c.dir/rosidl_generator_c/my_ros2_interface/srv/detail/add_three_ints__type_support.c.o[0m
[3.994s] [ 20%] [32mBuilding C object CMakeFiles/my_ros2_interface__rosidl_generator_c.dir/rosidl_generator_c/my_ros2_interface/action/detail/fibonacci__description.c.o[0m
[3.995s] [ 22%] [32mBuilding C object CMakeFiles/my_ros2_interface__rosidl_generator_c.dir/rosidl_generator_c/my_ros2_interface/action/detail/fibonacci__type_support.c.o[0m
[4.176s] [ 24%] [32m[1mLinking C shared library libmy_ros2_interface__rosidl_generator_c.so[0m
[4.212s] [ 24%] Built target my_ros2_interface__rosidl_generator_c
[4.225s] [ 25%] [34m[1mGenerating C++ type support dispatch for ROS interfaces[0m
[4.225s] [ 27%] [34m[1mGenerating C type support for eProsima Fast-RTPS[0m
[4.225s] [ 29%] [34m[1mGenerating C introspection for ROS interfaces[0m
[4.226s] [ 31%] [34m[1mGenerating C type support dispatch for ROS interfaces[0m
[4.226s] [ 33%] [34m[1mGenerating C++ type support for eProsima Fast-RTPS[0m
[4.227s] [ 35%] [34m[1mGenerating C++ introspection for ROS interfaces[0m
[4.750s] [ 40%] [32mBuilding CXX object CMakeFiles/my_ros2_interface__rosidl_typesupport_c.dir/rosidl_typesupport_c/my_ros2_interface/action/fibonacci__type_support.cpp.o[0m
[4.751s] [ 40%] [32mBuilding CXX object CMakeFiles/my_ros2_interface__rosidl_typesupport_c.dir/rosidl_typesupport_c/my_ros2_interface/msg/address_book__type_support.cpp.o[0m
[4.751s] [ 40%] [32mBuilding CXX object CMakeFiles/my_ros2_interface__rosidl_typesupport_c.dir/rosidl_typesupport_c/my_ros2_interface/srv/add_three_ints__type_support.cpp.o[0m
[4.756s] [ 46%] [32mBuilding CXX object CMakeFiles/my_ros2_interface__rosidl_typesupport_cpp.dir/rosidl_typesupport_cpp/my_ros2_interface/action/fibonacci__type_support.cpp.o[0m
[4.756s] [ 46%] [32mBuilding CXX object CMakeFiles/my_ros2_interface__rosidl_typesupport_cpp.dir/rosidl_typesupport_cpp/my_ros2_interface/msg/address_book__type_support.cpp.o[0m
[4.756s] [ 46%] [32mBuilding CXX object CMakeFiles/my_ros2_interface__rosidl_typesupport_cpp.dir/rosidl_typesupport_cpp/my_ros2_interface/srv/add_three_ints__type_support.cpp.o[0m
[4.857s] [ 48%] [32m[1mLinking CXX shared library libmy_ros2_interface__rosidl_typesupport_c.so[0m
[4.905s] [ 51%] [32mBuilding CXX object CMakeFiles/my_ros2_interface__rosidl_typesupport_introspection_cpp.dir/rosidl_typesupport_introspection_cpp/my_ros2_interface/msg/detail/address_book__type_support.cpp.o[0m
[4.905s] [ 51%] [32mBuilding CXX object CMakeFiles/my_ros2_interface__rosidl_typesupport_introspection_cpp.dir/rosidl_typesupport_introspection_cpp/my_ros2_interface/srv/detail/add_three_ints__type_support.cpp.o[0m
[4.905s] [ 53%] [32mBuilding CXX object CMakeFiles/my_ros2_interface__rosidl_typesupport_introspection_cpp.dir/rosidl_typesupport_introspection_cpp/my_ros2_interface/action/detail/fibonacci__type_support.cpp.o[0m
[4.931s] [ 53%] Built target my_ros2_interface__rosidl_typesupport_c
[4.987s] [ 55%] [32mBuilding C object CMakeFiles/my_ros2_interface__rosidl_typesupport_introspection_c.dir/rosidl_typesupport_introspection_c/my_ros2_interface/srv/detail/add_three_ints__type_support.c.o[0m
[4.988s] [ 57%] [32mBuilding C object CMakeFiles/my_ros2_interface__rosidl_typesupport_introspection_c.dir/rosidl_typesupport_introspection_c/my_ros2_interface/action/detail/fibonacci__type_support.c.o[0m
[4.988s] [ 59%] [32mBuilding C object CMakeFiles/my_ros2_interface__rosidl_typesupport_introspection_c.dir/rosidl_typesupport_introspection_c/my_ros2_interface/msg/detail/address_book__type_support.c.o[0m
[5.099s] [ 61%] [32m[1mLinking C shared library libmy_ros2_interface__rosidl_typesupport_introspection_c.so[0m
[5.147s] [ 61%] Built target my_ros2_interface__rosidl_typesupport_introspection_c
[5.148s] [ 62%] [32mBuilding CXX object CMakeFiles/my_ros2_interface__rosidl_typesupport_fastrtps_c.dir/rosidl_typesupport_fastrtps_c/my_ros2_interface/srv/detail/add_three_ints__type_support_c.cpp.o[0m
[5.148s] [ 64%] [32mBuilding CXX object CMakeFiles/my_ros2_interface__rosidl_typesupport_fastrtps_c.dir/rosidl_typesupport_fastrtps_c/my_ros2_interface/msg/detail/address_book__type_support_c.cpp.o[0m
[5.149s] [ 66%] [32mBuilding CXX object CMakeFiles/my_ros2_interface__rosidl_typesupport_fastrtps_c.dir/rosidl_typesupport_fastrtps_c/my_ros2_interface/action/detail/fibonacci__type_support_c.cpp.o[0m
[5.287s] [ 68%] [32mBuilding CXX object CMakeFiles/my_ros2_interface__rosidl_typesupport_fastrtps_cpp.dir/rosidl_typesupport_fastrtps_cpp/my_ros2_interface/msg/detail/dds_fastrtps/address_book__type_support.cpp.o[0m
[5.287s] [ 70%] [32mBuilding CXX object CMakeFiles/my_ros2_interface__rosidl_typesupport_fastrtps_cpp.dir/rosidl_typesupport_fastrtps_cpp/my_ros2_interface/action/detail/dds_fastrtps/fibonacci__type_support.cpp.o[0m
[5.287s] [ 72%] [32mBuilding CXX object CMakeFiles/my_ros2_interface__rosidl_typesupport_fastrtps_cpp.dir/rosidl_typesupport_fastrtps_cpp/my_ros2_interface/srv/detail/dds_fastrtps/add_three_ints__type_support.cpp.o[0m
[5.937s] [ 74%] [32m[1mLinking CXX shared library libmy_ros2_interface__rosidl_typesupport_fastrtps_c.so[0m
[6.040s] [ 74%] Built target my_ros2_interface__rosidl_typesupport_fastrtps_c
[6.120s] [ 75%] [32m[1mLinking CXX shared library libmy_ros2_interface__rosidl_typesupport_cpp.so[0m
[6.214s] [ 75%] Built target my_ros2_interface__rosidl_typesupport_cpp
[6.319s] [ 77%] [32m[1mLinking CXX shared library libmy_ros2_interface__rosidl_typesupport_introspection_cpp.so[0m
[6.403s] [ 77%] Built target my_ros2_interface__rosidl_typesupport_introspection_cpp
[6.499s] [ 79%] [32m[1mLinking CXX shared library libmy_ros2_interface__rosidl_typesupport_fastrtps_cpp.so[0m
[6.579s] [ 79%] Built target my_ros2_interface__rosidl_typesupport_fastrtps_cpp
[6.598s] [ 79%] Built target my_ros2_interface
[6.617s] [ 81%] [34m[1mGenerating Python code for ROS interfaces[0m
[7.706s] [ 81%] Built target my_ros2_interface__py
[7.727s] [ 87%] [32mBuilding C object CMakeFiles/my_ros2_interface__rosidl_generator_py.dir/rosidl_generator_py/my_ros2_interface/srv/_add_three_ints_s.c.o[0m
[7.727s] [ 87%] [32mBuilding C object CMakeFiles/my_ros2_interface__rosidl_generator_py.dir/rosidl_generator_py/my_ros2_interface/action/_fibonacci_s.c.o[0m
[7.727s] [ 87%] [32mBuilding C object CMakeFiles/my_ros2_interface__rosidl_generator_py.dir/rosidl_generator_py/my_ros2_interface/msg/_address_book_s.c.o[0m
[7.905s] [ 88%] [32m[1mLinking C shared library rosidl_generator_py/my_ros2_interface/libmy_ros2_interface__rosidl_generator_py.so[0m
[7.945s] [ 88%] Built target my_ros2_interface__rosidl_generator_py
[7.966s] [ 94%] [32mBuilding C object CMakeFiles/my_ros2_interface__rosidl_typesupport_introspection_c__pyext.dir/rosidl_generator_py/my_ros2_interface/_my_ros2_interface_s.ep.rosidl_typesupport_introspection_c.c.o[0m
[7.966s] [ 94%] [32mBuilding C object CMakeFiles/my_ros2_interface__rosidl_typesupport_c__pyext.dir/rosidl_generator_py/my_ros2_interface/_my_ros2_interface_s.ep.rosidl_typesupport_c.c.o[0m
[7.966s] [ 94%] [32mBuilding C object CMakeFiles/my_ros2_interface__rosidl_typesupport_fastrtps_c__pyext.dir/rosidl_generator_py/my_ros2_interface/_my_ros2_interface_s.ep.rosidl_typesupport_fastrtps_c.c.o[0m
[8.105s] [100%] [32m[1mLinking C shared library rosidl_generator_py/my_ros2_interface/my_ros2_interface_s__rosidl_typesupport_introspection_c.cpython-310-x86_64-linux-gnu.so[0m
[8.105s] [100%] [32m[1mLinking C shared library rosidl_generator_py/my_ros2_interface/my_ros2_interface_s__rosidl_typesupport_fastrtps_c.cpython-310-x86_64-linux-gnu.so[0m
[8.105s] [100%] [32m[1mLinking C shared library rosidl_generator_py/my_ros2_interface/my_ros2_interface_s__rosidl_typesupport_c.cpython-310-x86_64-linux-gnu.so[0m
[8.148s] [100%] Built target my_ros2_interface__rosidl_typesupport_c__pyext
[8.148s] [100%] Built target my_ros2_interface__rosidl_typesupport_introspection_c__pyext
[8.148s] [100%] Built target my_ros2_interface__rosidl_typesupport_fastrtps_c__pyext
[8.160s] Invoked command in '/home/foiegreis/ros2_fndm_ws/src/build/my_ros2_interface' returned '0': CMAKE_PREFIX_PATH=${CMAKE_PREFIX_PATH}:/home/foiegreis/my_ros2_ws/install/py_pkg:/home/foiegreis/my_ros2_ws/install/py_actions:/home/foiegreis/my_ros2_ws/src/install/py_pkg:/home/foiegreis/ros2_ws_book/install/py_pkg:/home/foiegreis/ros2_ws/install/my_py_pkg:/home/foiegreis/ros2_ws/install/lab4:/home/foiegreis/ros2_ws/install/lab3:/home/foiegreis/ros2_ws/install/lab2:/home/foiegreis/ros2_ws/install/lab1:/opt/ros/iron /usr/bin/cmake --build /home/foiegreis/ros2_fndm_ws/src/build/my_ros2_interface -- -j12 -l12
[8.281s] Invoking command in '/home/foiegreis/ros2_fndm_ws/src/build/my_ros2_interface': CMAKE_PREFIX_PATH=${CMAKE_PREFIX_PATH}:/home/foiegreis/my_ros2_ws/install/py_pkg:/home/foiegreis/my_ros2_ws/install/py_actions:/home/foiegreis/my_ros2_ws/src/install/py_pkg:/home/foiegreis/ros2_ws_book/install/py_pkg:/home/foiegreis/ros2_ws/install/my_py_pkg:/home/foiegreis/ros2_ws/install/lab4:/home/foiegreis/ros2_ws/install/lab3:/home/foiegreis/ros2_ws/install/lab2:/home/foiegreis/ros2_ws/install/lab1:/opt/ros/iron /usr/bin/cmake --install /home/foiegreis/ros2_fndm_ws/src/build/my_ros2_interface
[8.291s] -- Install configuration: ""
[8.291s] -- Installing: /home/foiegreis/ros2_fndm_ws/src/install/my_ros2_interface/share/ament_index/resource_index/rosidl_interfaces/my_ros2_interface
[8.291s] -- Installing: /home/foiegreis/ros2_fndm_ws/src/install/my_ros2_interface/share/my_ros2_interface/msg/AddressBook.json
[8.292s] -- Installing: /home/foiegreis/ros2_fndm_ws/src/install/my_ros2_interface/share/my_ros2_interface/srv/AddThreeInts.json
[8.292s] -- Installing: /home/foiegreis/ros2_fndm_ws/src/install/my_ros2_interface/share/my_ros2_interface/action/Fibonacci.json
[8.292s] -- Installing: /home/foiegreis/ros2_fndm_ws/src/install/my_ros2_interface/include/my_ros2_interface/my_ros2_interface
[8.293s] -- Installing: /home/foiegreis/ros2_fndm_ws/src/install/my_ros2_interface/include/my_ros2_interface/my_ros2_interface/srv
[8.293s] -- Installing: /home/foiegreis/ros2_fndm_ws/src/install/my_ros2_interface/include/my_ros2_interface/my_ros2_interface/srv/add_three_ints.h
[8.293s] -- Installing: /home/foiegreis/ros2_fndm_ws/src/install/my_ros2_interface/include/my_ros2_interface/my_ros2_interface/srv/detail
[8.293s] -- Installing: /home/foiegreis/ros2_fndm_ws/src/install/my_ros2_interface/include/my_ros2_interface/my_ros2_interface/srv/detail/add_three_ints__functions.c
[8.293s] -- Installing: /home/foiegreis/ros2_fndm_ws/src/install/my_ros2_interface/include/my_ros2_interface/my_ros2_interface/srv/detail/add_three_ints__functions.h
[8.293s] -- Installing: /home/foiegreis/ros2_fndm_ws/src/install/my_ros2_interface/include/my_ros2_interface/my_ros2_interface/srv/detail/add_three_ints__struct.h
[8.293s] -- Installing: /home/foiegreis/ros2_fndm_ws/src/install/my_ros2_interface/include/my_ros2_interface/my_ros2_interface/srv/detail/add_three_ints__type_support.c
[8.293s] -- Installing: /home/foiegreis/ros2_fndm_ws/src/install/my_ros2_interface/include/my_ros2_interface/my_ros2_interface/srv/detail/add_three_ints__description.c
[8.294s] -- Installing: /home/foiegreis/ros2_fndm_ws/src/install/my_ros2_interface/include/my_ros2_interface/my_ros2_interface/srv/detail/add_three_ints__type_support.h
[8.294s] -- Installing: /home/foiegreis/ros2_fndm_ws/src/install/my_ros2_interface/include/my_ros2_interface/my_ros2_interface/msg
[8.294s] -- Installing: /home/foiegreis/ros2_fndm_ws/src/install/my_ros2_interface/include/my_ros2_interface/my_ros2_interface/msg/address_book.h
[8.294s] -- Installing: /home/foiegreis/ros2_fndm_ws/src/install/my_ros2_interface/include/my_ros2_interface/my_ros2_interface/msg/detail
[8.294s] -- Installing: /home/foiegreis/ros2_fndm_ws/src/install/my_ros2_interface/include/my_ros2_interface/my_ros2_interface/msg/detail/address_book__functions.h
[8.294s] -- Installing: /home/foiegreis/ros2_fndm_ws/src/install/my_ros2_interface/include/my_ros2_interface/my_ros2_interface/msg/detail/address_book__functions.c
[8.294s] -- Installing: /home/foiegreis/ros2_fndm_ws/src/install/my_ros2_interface/include/my_ros2_interface/my_ros2_interface/msg/detail/address_book__struct.h
[8.294s] -- Installing: /home/foiegreis/ros2_fndm_ws/src/install/my_ros2_interface/include/my_ros2_interface/my_ros2_interface/msg/detail/address_book__description.c
[8.294s] -- Installing: /home/foiegreis/ros2_fndm_ws/src/install/my_ros2_interface/include/my_ros2_interface/my_ros2_interface/msg/detail/address_book__type_support.c
[8.295s] -- Installing: /home/foiegreis/ros2_fndm_ws/src/install/my_ros2_interface/include/my_ros2_interface/my_ros2_interface/msg/detail/address_book__type_support.h
[8.295s] -- Installing: /home/foiegreis/ros2_fndm_ws/src/install/my_ros2_interface/include/my_ros2_interface/my_ros2_interface/msg/rosidl_generator_c__visibility_control.h
[8.295s] -- Installing: /home/foiegreis/ros2_fndm_ws/src/install/my_ros2_interface/include/my_ros2_interface/my_ros2_interface/action
[8.295s] -- Installing: /home/foiegreis/ros2_fndm_ws/src/install/my_ros2_interface/include/my_ros2_interface/my_ros2_interface/action/fibonacci.h
[8.295s] -- Installing: /home/foiegreis/ros2_fndm_ws/src/install/my_ros2_interface/include/my_ros2_interface/my_ros2_interface/action/detail
[8.295s] -- Installing: /home/foiegreis/ros2_fndm_ws/src/install/my_ros2_interface/include/my_ros2_interface/my_ros2_interface/action/detail/fibonacci__type_support.h
[8.295s] -- Installing: /home/foiegreis/ros2_fndm_ws/src/install/my_ros2_interface/include/my_ros2_interface/my_ros2_interface/action/detail/fibonacci__description.c
[8.296s] -- Installing: /home/foiegreis/ros2_fndm_ws/src/install/my_ros2_interface/include/my_ros2_interface/my_ros2_interface/action/detail/fibonacci__type_support.c
[8.296s] -- Installing: /home/foiegreis/ros2_fndm_ws/src/install/my_ros2_interface/include/my_ros2_interface/my_ros2_interface/action/detail/fibonacci__functions.h
[8.296s] -- Installing: /home/foiegreis/ros2_fndm_ws/src/install/my_ros2_interface/include/my_ros2_interface/my_ros2_interface/action/detail/fibonacci__struct.h
[8.296s] -- Installing: /home/foiegreis/ros2_fndm_ws/src/install/my_ros2_interface/include/my_ros2_interface/my_ros2_interface/action/detail/fibonacci__functions.c
[8.297s] -- Installing: /home/foiegreis/ros2_fndm_ws/src/install/my_ros2_interface/share/my_ros2_interface/environment/library_path.sh
[8.297s] -- Installing: /home/foiegreis/ros2_fndm_ws/src/install/my_ros2_interface/share/my_ros2_interface/environment/library_path.dsv
[8.297s] -- Installing: /home/foiegreis/ros2_fndm_ws/src/install/my_ros2_interface/lib/libmy_ros2_interface__rosidl_generator_c.so
[8.298s] -- Set runtime path of "/home/foiegreis/ros2_fndm_ws/src/install/my_ros2_interface/lib/libmy_ros2_interface__rosidl_generator_c.so" to ""
[8.298s] -- Up-to-date: /home/foiegreis/ros2_fndm_ws/src/install/my_ros2_interface/include/my_ros2_interface/my_ros2_interface
[8.298s] -- Up-to-date: /home/foiegreis/ros2_fndm_ws/src/install/my_ros2_interface/include/my_ros2_interface/my_ros2_interface/srv
[8.298s] -- Up-to-date: /home/foiegreis/ros2_fndm_ws/src/install/my_ros2_interface/include/my_ros2_interface/my_ros2_interface/srv/detail
[8.298s] -- Installing: /home/foiegreis/ros2_fndm_ws/src/install/my_ros2_interface/include/my_ros2_interface/my_ros2_interface/srv/detail/add_three_ints__rosidl_typesupport_fastrtps_c.h
[8.298s] -- Up-to-date: /home/foiegreis/ros2_fndm_ws/src/install/my_ros2_interface/include/my_ros2_interface/my_ros2_interface/msg
[8.298s] -- Installing: /home/foiegreis/ros2_fndm_ws/src/install/my_ros2_interface/include/my_ros2_interface/my_ros2_interface/msg/rosidl_typesupport_fastrtps_c__visibility_control.h
[8.299s] -- Up-to-date: /home/foiegreis/ros2_fndm_ws/src/install/my_ros2_interface/include/my_ros2_interface/my_ros2_interface/msg/detail
[8.299s] -- Installing: /home/foiegreis/ros2_fndm_ws/src/install/my_ros2_interface/include/my_ros2_interface/my_ros2_interface/msg/detail/address_book__rosidl_typesupport_fastrtps_c.h
[8.299s] -- Up-to-date: /home/foiegreis/ros2_fndm_ws/src/install/my_ros2_interface/include/my_ros2_interface/my_ros2_interface/action
[8.299s] -- Up-to-date: /home/foiegreis/ros2_fndm_ws/src/install/my_ros2_interface/include/my_ros2_interface/my_ros2_interface/action/detail
[8.299s] -- Installing: /home/foiegreis/ros2_fndm_ws/src/install/my_ros2_interface/include/my_ros2_interface/my_ros2_interface/action/detail/fibonacci__rosidl_typesupport_fastrtps_c.h
[8.299s] -- Installing: /home/foiegreis/ros2_fndm_ws/src/install/my_ros2_interface/lib/libmy_ros2_interface__rosidl_typesupport_fastrtps_c.so
[8.299s] -- Set runtime path of "/home/foiegreis/ros2_fndm_ws/src/install/my_ros2_interface/lib/libmy_ros2_interface__rosidl_typesupport_fastrtps_c.so" to ""
[8.300s] -- Up-to-date: /home/foiegreis/ros2_fndm_ws/src/install/my_ros2_interface/include/my_ros2_interface/my_ros2_interface
[8.300s] -- Up-to-date: /home/foiegreis/ros2_fndm_ws/src/install/my_ros2_interface/include/my_ros2_interface/my_ros2_interface/srv
[8.300s] -- Up-to-date: /home/foiegreis/ros2_fndm_ws/src/install/my_ros2_interface/include/my_ros2_interface/my_ros2_interface/srv/detail
[8.300s] -- Installing: /home/foiegreis/ros2_fndm_ws/src/install/my_ros2_interface/include/my_ros2_interface/my_ros2_interface/srv/detail/add_three_ints__type_support.c
[8.300s] -- Installing: /home/foiegreis/ros2_fndm_ws/src/install/my_ros2_interface/include/my_ros2_interface/my_ros2_interface/srv/detail/add_three_ints__rosidl_typesupport_introspection_c.h
[8.300s] -- Up-to-date: /home/foiegreis/ros2_fndm_ws/src/install/my_ros2_interface/include/my_ros2_interface/my_ros2_interface/msg
[8.300s] -- Installing: /home/foiegreis/ros2_fndm_ws/src/install/my_ros2_interface/include/my_ros2_interface/my_ros2_interface/msg/rosidl_typesupport_introspection_c__visibility_control.h
[8.300s] -- Up-to-date: /home/foiegreis/ros2_fndm_ws/src/install/my_ros2_interface/include/my_ros2_interface/my_ros2_interface/msg/detail
[8.300s] -- Installing: /home/foiegreis/ros2_fndm_ws/src/install/my_ros2_interface/include/my_ros2_interface/my_ros2_interface/msg/detail/address_book__type_support.c
[8.300s] -- Installing: /home/foiegreis/ros2_fndm_ws/src/install/my_ros2_interface/include/my_ros2_interface/my_ros2_interface/msg/detail/address_book__rosidl_typesupport_introspection_c.h
[8.301s] -- Up-to-date: /home/foiegreis/ros2_fndm_ws/src/install/my_ros2_interface/include/my_ros2_interface/my_ros2_interface/action
[8.301s] -- Up-to-date: /home/foiegreis/ros2_fndm_ws/src/install/my_ros2_interface/include/my_ros2_interface/my_ros2_interface/action/detail
[8.301s] -- Installing: /home/foiegreis/ros2_fndm_ws/src/install/my_ros2_interface/include/my_ros2_interface/my_ros2_interface/action/detail/fibonacci__type_support.c
[8.301s] -- Installing: /home/foiegreis/ros2_fndm_ws/src/install/my_ros2_interface/include/my_ros2_interface/my_ros2_interface/action/detail/fibonacci__rosidl_typesupport_introspection_c.h
[8.301s] -- Installing: /home/foiegreis/ros2_fndm_ws/src/install/my_ros2_interface/lib/libmy_ros2_interface__rosidl_typesupport_introspection_c.so
[8.302s] -- Set runtime path of "/home/foiegreis/ros2_fndm_ws/src/install/my_ros2_interface/lib/libmy_ros2_interface__rosidl_typesupport_introspection_c.so" to ""
[8.302s] -- Installing: /home/foiegreis/ros2_fndm_ws/src/install/my_ros2_interface/lib/libmy_ros2_interface__rosidl_typesupport_c.so
[8.302s] -- Set runtime path of "/home/foiegreis/ros2_fndm_ws/src/install/my_ros2_interface/lib/libmy_ros2_interface__rosidl_typesupport_c.so" to ""
[8.302s] -- Up-to-date: /home/foiegreis/ros2_fndm_ws/src/install/my_ros2_interface/include/my_ros2_interface/my_ros2_interface
[8.303s] -- Up-to-date: /home/foiegreis/ros2_fndm_ws/src/install/my_ros2_interface/include/my_ros2_interface/my_ros2_interface/srv
[8.303s] -- Installing: /home/foiegreis/ros2_fndm_ws/src/install/my_ros2_interface/include/my_ros2_interface/my_ros2_interface/srv/add_three_ints.hpp
[8.303s] -- Up-to-date: /home/foiegreis/ros2_fndm_ws/src/install/my_ros2_interface/include/my_ros2_interface/my_ros2_interface/srv/detail
[8.303s] -- Installing: /home/foiegreis/ros2_fndm_ws/src/install/my_ros2_interface/include/my_ros2_interface/my_ros2_interface/srv/detail/add_three_ints__builder.hpp
[8.303s] -- Installing: /home/foiegreis/ros2_fndm_ws/src/install/my_ros2_interface/include/my_ros2_interface/my_ros2_interface/srv/detail/add_three_ints__struct.hpp
[8.303s] -- Installing: /home/foiegreis/ros2_fndm_ws/src/install/my_ros2_interface/include/my_ros2_interface/my_ros2_interface/srv/detail/add_three_ints__traits.hpp
[8.303s] -- Up-to-date: /home/foiegreis/ros2_fndm_ws/src/install/my_ros2_interface/include/my_ros2_interface/my_ros2_interface/msg
[8.303s] -- Installing: /home/foiegreis/ros2_fndm_ws/src/install/my_ros2_interface/include/my_ros2_interface/my_ros2_interface/msg/address_book.hpp
[8.303s] -- Up-to-date: /home/foiegreis/ros2_fndm_ws/src/install/my_ros2_interface/include/my_ros2_interface/my_ros2_interface/msg/detail
[8.304s] -- Installing: /home/foiegreis/ros2_fndm_ws/src/install/my_ros2_interface/include/my_ros2_interface/my_ros2_interface/msg/detail/address_book__builder.hpp
[8.304s] -- Installing: /home/foiegreis/ros2_fndm_ws/src/install/my_ros2_interface/include/my_ros2_interface/my_ros2_interface/msg/detail/address_book__struct.hpp
[8.304s] -- Installing: /home/foiegreis/ros2_fndm_ws/src/install/my_ros2_interface/include/my_ros2_interface/my_ros2_interface/msg/detail/address_book__traits.hpp
[8.304s] -- Up-to-date: /home/foiegreis/ros2_fndm_ws/src/install/my_ros2_interface/include/my_ros2_interface/my_ros2_interface/action
[8.304s] -- Installing: /home/foiegreis/ros2_fndm_ws/src/install/my_ros2_interface/include/my_ros2_interface/my_ros2_interface/action/fibonacci.hpp
[8.304s] -- Up-to-date: /home/foiegreis/ros2_fndm_ws/src/install/my_ros2_interface/include/my_ros2_interface/my_ros2_interface/action/detail
[8.304s] -- Installing: /home/foiegreis/ros2_fndm_ws/src/install/my_ros2_interface/include/my_ros2_interface/my_ros2_interface/action/detail/fibonacci__struct.hpp
[8.304s] -- Installing: /home/foiegreis/ros2_fndm_ws/src/install/my_ros2_interface/include/my_ros2_interface/my_ros2_interface/action/detail/fibonacci__builder.hpp
[8.305s] -- Installing: /home/foiegreis/ros2_fndm_ws/src/install/my_ros2_interface/include/my_ros2_interface/my_ros2_interface/action/detail/fibonacci__traits.hpp
[8.305s] -- Up-to-date: /home/foiegreis/ros2_fndm_ws/src/install/my_ros2_interface/include/my_ros2_interface/my_ros2_interface
[8.305s] -- Up-to-date: /home/foiegreis/ros2_fndm_ws/src/install/my_ros2_interface/include/my_ros2_interface/my_ros2_interface/srv
[8.305s] -- Up-to-date: /home/foiegreis/ros2_fndm_ws/src/install/my_ros2_interface/include/my_ros2_interface/my_ros2_interface/srv/detail
[8.305s] -- Installing: /home/foiegreis/ros2_fndm_ws/src/install/my_ros2_interface/include/my_ros2_interface/my_ros2_interface/srv/detail/add_three_ints__rosidl_typesupport_fastrtps_cpp.hpp
[8.305s] -- Installing: /home/foiegreis/ros2_fndm_ws/src/install/my_ros2_interface/include/my_ros2_interface/my_ros2_interface/srv/detail/dds_fastrtps
[8.305s] -- Up-to-date: /home/foiegreis/ros2_fndm_ws/src/install/my_ros2_interface/include/my_ros2_interface/my_ros2_interface/msg
[8.306s] -- Up-to-date: /home/foiegreis/ros2_fndm_ws/src/install/my_ros2_interface/include/my_ros2_interface/my_ros2_interface/msg/detail
[8.306s] -- Installing: /home/foiegreis/ros2_fndm_ws/src/install/my_ros2_interface/include/my_ros2_interface/my_ros2_interface/msg/detail/address_book__rosidl_typesupport_fastrtps_cpp.hpp
[8.306s] -- Installing: /home/foiegreis/ros2_fndm_ws/src/install/my_ros2_interface/include/my_ros2_interface/my_ros2_interface/msg/detail/dds_fastrtps
[8.306s] -- Installing: /home/foiegreis/ros2_fndm_ws/src/install/my_ros2_interface/include/my_ros2_interface/my_ros2_interface/msg/rosidl_typesupport_fastrtps_cpp__visibility_control.h
[8.306s] -- Up-to-date: /home/foiegreis/ros2_fndm_ws/src/install/my_ros2_interface/include/my_ros2_interface/my_ros2_interface/action
[8.306s] -- Up-to-date: /home/foiegreis/ros2_fndm_ws/src/install/my_ros2_interface/include/my_ros2_interface/my_ros2_interface/action/detail
[8.306s] -- Installing: /home/foiegreis/ros2_fndm_ws/src/install/my_ros2_interface/include/my_ros2_interface/my_ros2_interface/action/detail/fibonacci__rosidl_typesupport_fastrtps_cpp.hpp
[8.306s] -- Installing: /home/foiegreis/ros2_fndm_ws/src/install/my_ros2_interface/include/my_ros2_interface/my_ros2_interface/action/detail/dds_fastrtps
[8.306s] -- Installing: /home/foiegreis/ros2_fndm_ws/src/install/my_ros2_interface/lib/libmy_ros2_interface__rosidl_typesupport_fastrtps_cpp.so
[8.307s] -- Set runtime path of "/home/foiegreis/ros2_fndm_ws/src/install/my_ros2_interface/lib/libmy_ros2_interface__rosidl_typesupport_fastrtps_cpp.so" to ""
[8.307s] -- Up-to-date: /home/foiegreis/ros2_fndm_ws/src/install/my_ros2_interface/include/my_ros2_interface/my_ros2_interface
[8.307s] -- Up-to-date: /home/foiegreis/ros2_fndm_ws/src/install/my_ros2_interface/include/my_ros2_interface/my_ros2_interface/srv
[8.307s] -- Up-to-date: /home/foiegreis/ros2_fndm_ws/src/install/my_ros2_interface/include/my_ros2_interface/my_ros2_interface/srv/detail
[8.308s] -- Installing: /home/foiegreis/ros2_fndm_ws/src/install/my_ros2_interface/include/my_ros2_interface/my_ros2_interface/srv/detail/add_three_ints__rosidl_typesupport_introspection_cpp.hpp
[8.308s] -- Installing: /home/foiegreis/ros2_fndm_ws/src/install/my_ros2_interface/include/my_ros2_interface/my_ros2_interface/srv/detail/add_three_ints__type_support.cpp
[8.308s] -- Up-to-date: /home/foiegreis/ros2_fndm_ws/src/install/my_ros2_interface/include/my_ros2_interface/my_ros2_interface/msg
[8.308s] -- Up-to-date: /home/foiegreis/ros2_fndm_ws/src/install/my_ros2_interface/include/my_ros2_interface/my_ros2_interface/msg/detail
[8.308s] -- Installing: /home/foiegreis/ros2_fndm_ws/src/install/my_ros2_interface/include/my_ros2_interface/my_ros2_interface/msg/detail/address_book__rosidl_typesupport_introspection_cpp.hpp
[8.308s] -- Installing: /home/foiegreis/ros2_fndm_ws/src/install/my_ros2_interface/include/my_ros2_interface/my_ros2_interface/msg/detail/address_book__type_support.cpp
[8.308s] -- Up-to-date: /home/foiegreis/ros2_fndm_ws/src/install/my_ros2_interface/include/my_ros2_interface/my_ros2_interface/action
[8.308s] -- Up-to-date: /home/foiegreis/ros2_fndm_ws/src/install/my_ros2_interface/include/my_ros2_interface/my_ros2_interface/action/detail
[8.308s] -- Installing: /home/foiegreis/ros2_fndm_ws/src/install/my_ros2_interface/include/my_ros2_interface/my_ros2_interface/action/detail/fibonacci__rosidl_typesupport_introspection_cpp.hpp
[8.308s] -- Installing: /home/foiegreis/ros2_fndm_ws/src/install/my_ros2_interface/include/my_ros2_interface/my_ros2_interface/action/detail/fibonacci__type_support.cpp
[8.308s] -- Installing: /home/foiegreis/ros2_fndm_ws/src/install/my_ros2_interface/lib/libmy_ros2_interface__rosidl_typesupport_introspection_cpp.so
[8.309s] -- Set runtime path of "/home/foiegreis/ros2_fndm_ws/src/install/my_ros2_interface/lib/libmy_ros2_interface__rosidl_typesupport_introspection_cpp.so" to ""
[8.309s] -- Installing: /home/foiegreis/ros2_fndm_ws/src/install/my_ros2_interface/lib/libmy_ros2_interface__rosidl_typesupport_cpp.so
[8.310s] -- Set runtime path of "/home/foiegreis/ros2_fndm_ws/src/install/my_ros2_interface/lib/libmy_ros2_interface__rosidl_typesupport_cpp.so" to ""
[8.310s] -- Installing: /home/foiegreis/ros2_fndm_ws/src/install/my_ros2_interface/share/my_ros2_interface/environment/pythonpath.sh
[8.310s] -- Installing: /home/foiegreis/ros2_fndm_ws/src/install/my_ros2_interface/share/my_ros2_interface/environment/pythonpath.dsv
[8.311s] -- Installing: /home/foiegreis/ros2_fndm_ws/src/install/my_ros2_interface/lib/python3.10/site-packages/my_ros2_interface-0.0.0-py3.10.egg-info
[8.311s] -- Installing: /home/foiegreis/ros2_fndm_ws/src/install/my_ros2_interface/lib/python3.10/site-packages/my_ros2_interface-0.0.0-py3.10.egg-info/PKG-INFO
[8.311s] -- Installing: /home/foiegreis/ros2_fndm_ws/src/install/my_ros2_interface/lib/python3.10/site-packages/my_ros2_interface-0.0.0-py3.10.egg-info/dependency_links.txt
[8.311s] -- Installing: /home/foiegreis/ros2_fndm_ws/src/install/my_ros2_interface/lib/python3.10/site-packages/my_ros2_interface-0.0.0-py3.10.egg-info/SOURCES.txt
[8.311s] -- Installing: /home/foiegreis/ros2_fndm_ws/src/install/my_ros2_interface/lib/python3.10/site-packages/my_ros2_interface-0.0.0-py3.10.egg-info/top_level.txt
[8.311s] -- Installing: /home/foiegreis/ros2_fndm_ws/src/install/my_ros2_interface/lib/python3.10/site-packages/my_ros2_interface
[8.311s] -- Installing: /home/foiegreis/ros2_fndm_ws/src/install/my_ros2_interface/lib/python3.10/site-packages/my_ros2_interface/my_ros2_interface_s__rosidl_typesupport_c.cpython-310-x86_64-linux-gnu.so
[8.312s] -- Installing: /home/foiegreis/ros2_fndm_ws/src/install/my_ros2_interface/lib/python3.10/site-packages/my_ros2_interface/__init__.py
[8.312s] -- Installing: /home/foiegreis/ros2_fndm_ws/src/install/my_ros2_interface/lib/python3.10/site-packages/my_ros2_interface/my_ros2_interface_s__rosidl_typesupport_introspection_c.cpython-310-x86_64-linux-gnu.so
[8.312s] -- Installing: /home/foiegreis/ros2_fndm_ws/src/install/my_ros2_interface/lib/python3.10/site-packages/my_ros2_interface/_my_ros2_interface_s.ep.rosidl_typesupport_fastrtps_c.c
[8.312s] -- Installing: /home/foiegreis/ros2_fndm_ws/src/install/my_ros2_interface/lib/python3.10/site-packages/my_ros2_interface/_my_ros2_interface_s.ep.rosidl_typesupport_introspection_c.c
[8.312s] -- Installing: /home/foiegreis/ros2_fndm_ws/src/install/my_ros2_interface/lib/python3.10/site-packages/my_ros2_interface/my_ros2_interface_s__rosidl_typesupport_fastrtps_c.cpython-310-x86_64-linux-gnu.so
[8.313s] -- Installing: /home/foiegreis/ros2_fndm_ws/src/install/my_ros2_interface/lib/python3.10/site-packages/my_ros2_interface/_my_ros2_interface_s.ep.rosidl_typesupport_c.c
[8.313s] -- Installing: /home/foiegreis/ros2_fndm_ws/src/install/my_ros2_interface/lib/python3.10/site-packages/my_ros2_interface/srv
[8.313s] -- Installing: /home/foiegreis/ros2_fndm_ws/src/install/my_ros2_interface/lib/python3.10/site-packages/my_ros2_interface/srv/__init__.py
[8.313s] -- Installing: /home/foiegreis/ros2_fndm_ws/src/install/my_ros2_interface/lib/python3.10/site-packages/my_ros2_interface/srv/_add_three_ints_s.c
[8.313s] -- Installing: /home/foiegreis/ros2_fndm_ws/src/install/my_ros2_interface/lib/python3.10/site-packages/my_ros2_interface/srv/_add_three_ints.py
[8.313s] -- Installing: /home/foiegreis/ros2_fndm_ws/src/install/my_ros2_interface/lib/python3.10/site-packages/my_ros2_interface/msg
[8.313s] -- Installing: /home/foiegreis/ros2_fndm_ws/src/install/my_ros2_interface/lib/python3.10/site-packages/my_ros2_interface/msg/__init__.py
[8.313s] -- Installing: /home/foiegreis/ros2_fndm_ws/src/install/my_ros2_interface/lib/python3.10/site-packages/my_ros2_interface/msg/_address_book.py
[8.313s] -- Installing: /home/foiegreis/ros2_fndm_ws/src/install/my_ros2_interface/lib/python3.10/site-packages/my_ros2_interface/msg/_address_book_s.c
[8.313s] -- Installing: /home/foiegreis/ros2_fndm_ws/src/install/my_ros2_interface/lib/python3.10/site-packages/my_ros2_interface/libmy_ros2_interface__rosidl_generator_py.so
[8.314s] -- Installing: /home/foiegreis/ros2_fndm_ws/src/install/my_ros2_interface/lib/python3.10/site-packages/my_ros2_interface/action
[8.314s] -- Installing: /home/foiegreis/ros2_fndm_ws/src/install/my_ros2_interface/lib/python3.10/site-packages/my_ros2_interface/action/_fibonacci.py
[8.314s] -- Installing: /home/foiegreis/ros2_fndm_ws/src/install/my_ros2_interface/lib/python3.10/site-packages/my_ros2_interface/action/__init__.py
[8.314s] -- Installing: /home/foiegreis/ros2_fndm_ws/src/install/my_ros2_interface/lib/python3.10/site-packages/my_ros2_interface/action/_fibonacci_s.c
[8.362s] Listing '/home/foiegreis/ros2_fndm_ws/src/install/my_ros2_interface/lib/python3.10/site-packages/my_ros2_interface'...
[8.362s] Compiling '/home/foiegreis/ros2_fndm_ws/src/install/my_ros2_interface/lib/python3.10/site-packages/my_ros2_interface/__init__.py'...
[8.362s] Listing '/home/foiegreis/ros2_fndm_ws/src/install/my_ros2_interface/lib/python3.10/site-packages/my_ros2_interface/action'...
[8.362s] Compiling '/home/foiegreis/ros2_fndm_ws/src/install/my_ros2_interface/lib/python3.10/site-packages/my_ros2_interface/action/__init__.py'...
[8.362s] Compiling '/home/foiegreis/ros2_fndm_ws/src/install/my_ros2_interface/lib/python3.10/site-packages/my_ros2_interface/action/_fibonacci.py'...
[8.362s] Listing '/home/foiegreis/ros2_fndm_ws/src/install/my_ros2_interface/lib/python3.10/site-packages/my_ros2_interface/msg'...
[8.362s] Compiling '/home/foiegreis/ros2_fndm_ws/src/install/my_ros2_interface/lib/python3.10/site-packages/my_ros2_interface/msg/__init__.py'...
[8.362s] Compiling '/home/foiegreis/ros2_fndm_ws/src/install/my_ros2_interface/lib/python3.10/site-packages/my_ros2_interface/msg/_address_book.py'...
[8.362s] Listing '/home/foiegreis/ros2_fndm_ws/src/install/my_ros2_interface/lib/python3.10/site-packages/my_ros2_interface/srv'...
[8.362s] Compiling '/home/foiegreis/ros2_fndm_ws/src/install/my_ros2_interface/lib/python3.10/site-packages/my_ros2_interface/srv/__init__.py'...
[8.363s] Compiling '/home/foiegreis/ros2_fndm_ws/src/install/my_ros2_interface/lib/python3.10/site-packages/my_ros2_interface/srv/_add_three_ints.py'...
[8.366s] -- Installing: /home/foiegreis/ros2_fndm_ws/src/install/my_ros2_interface/lib/python3.10/site-packages/my_ros2_interface/my_ros2_interface_s__rosidl_typesupport_fastrtps_c.cpython-310-x86_64-linux-gnu.so
[8.367s] -- Set runtime path of "/home/foiegreis/ros2_fndm_ws/src/install/my_ros2_interface/lib/python3.10/site-packages/my_ros2_interface/my_ros2_interface_s__rosidl_typesupport_fastrtps_c.cpython-310-x86_64-linux-gnu.so" to ""
[8.367s] -- Installing: /home/foiegreis/ros2_fndm_ws/src/install/my_ros2_interface/lib/python3.10/site-packages/my_ros2_interface/my_ros2_interface_s__rosidl_typesupport_introspection_c.cpython-310-x86_64-linux-gnu.so
[8.367s] -- Set runtime path of "/home/foiegreis/ros2_fndm_ws/src/install/my_ros2_interface/lib/python3.10/site-packages/my_ros2_interface/my_ros2_interface_s__rosidl_typesupport_introspection_c.cpython-310-x86_64-linux-gnu.so" to ""
[8.367s] -- Installing: /home/foiegreis/ros2_fndm_ws/src/install/my_ros2_interface/lib/python3.10/site-packages/my_ros2_interface/my_ros2_interface_s__rosidl_typesupport_c.cpython-310-x86_64-linux-gnu.so
[8.368s] -- Set runtime path of "/home/foiegreis/ros2_fndm_ws/src/install/my_ros2_interface/lib/python3.10/site-packages/my_ros2_interface/my_ros2_interface_s__rosidl_typesupport_c.cpython-310-x86_64-linux-gnu.so" to ""
[8.368s] -- Installing: /home/foiegreis/ros2_fndm_ws/src/install/my_ros2_interface/lib/libmy_ros2_interface__rosidl_generator_py.so
[8.368s] -- Set runtime path of "/home/foiegreis/ros2_fndm_ws/src/install/my_ros2_interface/lib/libmy_ros2_interface__rosidl_generator_py.so" to ""
[8.368s] -- Installing: /home/foiegreis/ros2_fndm_ws/src/install/my_ros2_interface/share/my_ros2_interface/msg/AddressBook.idl
[8.369s] -- Installing: /home/foiegreis/ros2_fndm_ws/src/install/my_ros2_interface/share/my_ros2_interface/srv/AddThreeInts.idl
[8.369s] -- Installing: /home/foiegreis/ros2_fndm_ws/src/install/my_ros2_interface/share/my_ros2_interface/action/Fibonacci.idl
[8.369s] -- Installing: /home/foiegreis/ros2_fndm_ws/src/install/my_ros2_interface/share/my_ros2_interface/msg/AddressBook.msg
[8.369s] -- Installing: /home/foiegreis/ros2_fndm_ws/src/install/my_ros2_interface/share/my_ros2_interface/srv/AddThreeInts.srv
[8.369s] -- Installing: /home/foiegreis/ros2_fndm_ws/src/install/my_ros2_interface/share/my_ros2_interface/srv/AddThreeInts_Request.msg
[8.369s] -- Installing: /home/foiegreis/ros2_fndm_ws/src/install/my_ros2_interface/share/my_ros2_interface/srv/AddThreeInts_Response.msg
[8.369s] -- Installing: /home/foiegreis/ros2_fndm_ws/src/install/my_ros2_interface/share/my_ros2_interface/action/Fibonacci.action
[8.369s] -- Installing: /home/foiegreis/ros2_fndm_ws/src/install/my_ros2_interface/share/ament_index/resource_index/package_run_dependencies/my_ros2_interface
[8.369s] -- Installing: /home/foiegreis/ros2_fndm_ws/src/install/my_ros2_interface/share/ament_index/resource_index/parent_prefix_path/my_ros2_interface
[8.370s] -- Installing: /home/foiegreis/ros2_fndm_ws/src/install/my_ros2_interface/share/my_ros2_interface/environment/ament_prefix_path.sh
[8.370s] -- Installing: /home/foiegreis/ros2_fndm_ws/src/install/my_ros2_interface/share/my_ros2_interface/environment/ament_prefix_path.dsv
[8.370s] -- Installing: /home/foiegreis/ros2_fndm_ws/src/install/my_ros2_interface/share/my_ros2_interface/environment/path.sh
[8.370s] -- Installing: /home/foiegreis/ros2_fndm_ws/src/install/my_ros2_interface/share/my_ros2_interface/environment/path.dsv
[8.370s] -- Installing: /home/foiegreis/ros2_fndm_ws/src/install/my_ros2_interface/share/my_ros2_interface/local_setup.bash
[8.370s] -- Installing: /home/foiegreis/ros2_fndm_ws/src/install/my_ros2_interface/share/my_ros2_interface/local_setup.sh
[8.370s] -- Installing: /home/foiegreis/ros2_fndm_ws/src/install/my_ros2_interface/share/my_ros2_interface/local_setup.zsh
[8.370s] -- Installing: /home/foiegreis/ros2_fndm_ws/src/install/my_ros2_interface/share/my_ros2_interface/local_setup.dsv
[8.371s] -- Installing: /home/foiegreis/ros2_fndm_ws/src/install/my_ros2_interface/share/my_ros2_interface/package.dsv
[8.371s] -- Installing: /home/foiegreis/ros2_fndm_ws/src/install/my_ros2_interface/share/ament_index/resource_index/packages/my_ros2_interface
[8.371s] -- Installing: /home/foiegreis/ros2_fndm_ws/src/install/my_ros2_interface/share/my_ros2_interface/cmake/export_my_ros2_interface__rosidl_generator_cExport.cmake
[8.371s] -- Installing: /home/foiegreis/ros2_fndm_ws/src/install/my_ros2_interface/share/my_ros2_interface/cmake/export_my_ros2_interface__rosidl_generator_cExport-noconfig.cmake
[8.371s] -- Installing: /home/foiegreis/ros2_fndm_ws/src/install/my_ros2_interface/share/my_ros2_interface/cmake/export_my_ros2_interface__rosidl_typesupport_fastrtps_cExport.cmake
[8.371s] -- Installing: /home/foiegreis/ros2_fndm_ws/src/install/my_ros2_interface/share/my_ros2_interface/cmake/export_my_ros2_interface__rosidl_typesupport_fastrtps_cExport-noconfig.cmake
[8.371s] -- Installing: /home/foiegreis/ros2_fndm_ws/src/install/my_ros2_interface/share/my_ros2_interface/cmake/my_ros2_interface__rosidl_typesupport_introspection_cExport.cmake
[8.372s] -- Installing: /home/foiegreis/ros2_fndm_ws/src/install/my_ros2_interface/share/my_ros2_interface/cmake/my_ros2_interface__rosidl_typesupport_introspection_cExport-noconfig.cmake
[8.372s] -- Installing: /home/foiegreis/ros2_fndm_ws/src/install/my_ros2_interface/share/my_ros2_interface/cmake/my_ros2_interface__rosidl_typesupport_cExport.cmake
[8.372s] -- Installing: /home/foiegreis/ros2_fndm_ws/src/install/my_ros2_interface/share/my_ros2_interface/cmake/my_ros2_interface__rosidl_typesupport_cExport-noconfig.cmake
[8.372s] -- Installing: /home/foiegreis/ros2_fndm_ws/src/install/my_ros2_interface/share/my_ros2_interface/cmake/export_my_ros2_interface__rosidl_generator_cppExport.cmake
[8.372s] -- Installing: /home/foiegreis/ros2_fndm_ws/src/install/my_ros2_interface/share/my_ros2_interface/cmake/export_my_ros2_interface__rosidl_typesupport_fastrtps_cppExport.cmake
[8.372s] -- Installing: /home/foiegreis/ros2_fndm_ws/src/install/my_ros2_interface/share/my_ros2_interface/cmake/export_my_ros2_interface__rosidl_typesupport_fastrtps_cppExport-noconfig.cmake
[8.372s] -- Installing: /home/foiegreis/ros2_fndm_ws/src/install/my_ros2_interface/share/my_ros2_interface/cmake/my_ros2_interface__rosidl_typesupport_introspection_cppExport.cmake
[8.372s] -- Installing: /home/foiegreis/ros2_fndm_ws/src/install/my_ros2_interface/share/my_ros2_interface/cmake/my_ros2_interface__rosidl_typesupport_introspection_cppExport-noconfig.cmake
[8.373s] -- Installing: /home/foiegreis/ros2_fndm_ws/src/install/my_ros2_interface/share/my_ros2_interface/cmake/my_ros2_interface__rosidl_typesupport_cppExport.cmake
[8.373s] -- Installing: /home/foiegreis/ros2_fndm_ws/src/install/my_ros2_interface/share/my_ros2_interface/cmake/my_ros2_interface__rosidl_typesupport_cppExport-noconfig.cmake
[8.373s] -- Installing: /home/foiegreis/ros2_fndm_ws/src/install/my_ros2_interface/share/my_ros2_interface/cmake/export_my_ros2_interface__rosidl_generator_pyExport.cmake
[8.373s] -- Installing: /home/foiegreis/ros2_fndm_ws/src/install/my_ros2_interface/share/my_ros2_interface/cmake/export_my_ros2_interface__rosidl_generator_pyExport-noconfig.cmake
[8.373s] -- Installing: /home/foiegreis/ros2_fndm_ws/src/install/my_ros2_interface/share/my_ros2_interface/cmake/rosidl_cmake-extras.cmake
[8.373s] -- Installing: /home/foiegreis/ros2_fndm_ws/src/install/my_ros2_interface/share/my_ros2_interface/cmake/ament_cmake_export_dependencies-extras.cmake
[8.373s] -- Installing: /home/foiegreis/ros2_fndm_ws/src/install/my_ros2_interface/share/my_ros2_interface/cmake/ament_cmake_export_include_directories-extras.cmake
[8.374s] -- Installing: /home/foiegreis/ros2_fndm_ws/src/install/my_ros2_interface/share/my_ros2_interface/cmake/ament_cmake_export_libraries-extras.cmake
[8.374s] -- Installing: /home/foiegreis/ros2_fndm_ws/src/install/my_ros2_interface/share/my_ros2_interface/cmake/ament_cmake_export_targets-extras.cmake
[8.374s] -- Installing: /home/foiegreis/ros2_fndm_ws/src/install/my_ros2_interface/share/my_ros2_interface/cmake/rosidl_cmake_export_typesupport_targets-extras.cmake
[8.374s] -- Installing: /home/foiegreis/ros2_fndm_ws/src/install/my_ros2_interface/share/my_ros2_interface/cmake/rosidl_cmake_export_typesupport_libraries-extras.cmake
[8.374s] -- Installing: /home/foiegreis/ros2_fndm_ws/src/install/my_ros2_interface/share/my_ros2_interface/cmake/my_ros2_interfaceConfig.cmake
[8.374s] -- Installing: /home/foiegreis/ros2_fndm_ws/src/install/my_ros2_interface/share/my_ros2_interface/cmake/my_ros2_interfaceConfig-version.cmake
[8.374s] -- Installing: /home/foiegreis/ros2_fndm_ws/src/install/my_ros2_interface/share/my_ros2_interface/package.xml
[8.377s] Invoked command in '/home/foiegreis/ros2_fndm_ws/src/build/my_ros2_interface' returned '0': CMAKE_PREFIX_PATH=${CMAKE_PREFIX_PATH}:/home/foiegreis/my_ros2_ws/install/py_pkg:/home/foiegreis/my_ros2_ws/install/py_actions:/home/foiegreis/my_ros2_ws/src/install/py_pkg:/home/foiegreis/ros2_ws_book/install/py_pkg:/home/foiegreis/ros2_ws/install/my_py_pkg:/home/foiegreis/ros2_ws/install/lab4:/home/foiegreis/ros2_ws/install/lab3:/home/foiegreis/ros2_ws/install/lab2:/home/foiegreis/ros2_ws/install/lab1:/opt/ros/iron /usr/bin/cmake --install /home/foiegreis/ros2_fndm_ws/src/build/my_ros2_interface
