[1.310s] Invoking command in '/home/foiegreis/ros2_fndm_ws/src/py_pkg': PYTHONPATH=/home/foiegreis/ros2_fndm_ws/build/py_pkg/prefix_override:/home/foiegreis/ros2_fndm_ws/install/py_pkg/lib/python3.10/site-packages:${PYTHONPATH} /usr/bin/python3 setup.py egg_info --egg-base ../../build/py_pkg build --build-base /home/foiegreis/ros2_fndm_ws/build/py_pkg/build install --record /home/foiegreis/ros2_fndm_ws/build/py_pkg/install.log --single-version-externally-managed
[1.642s] running egg_info
[1.643s] creating ../../build/py_pkg/py_pkg.egg-info
[1.643s] writing ../../build/py_pkg/py_pkg.egg-info/PKG-INFO
[1.643s] writing dependency_links to ../../build/py_pkg/py_pkg.egg-info/dependency_links.txt
[1.644s] writing entry points to ../../build/py_pkg/py_pkg.egg-info/entry_points.txt
[1.644s] writing requirements to ../../build/py_pkg/py_pkg.egg-info/requires.txt
[1.644s] writing top-level names to ../../build/py_pkg/py_pkg.egg-info/top_level.txt
[1.644s] writing manifest file '../../build/py_pkg/py_pkg.egg-info/SOURCES.txt'
[1.647s] reading manifest file '../../build/py_pkg/py_pkg.egg-info/SOURCES.txt'
[1.648s] writing manifest file '../../build/py_pkg/py_pkg.egg-info/SOURCES.txt'
[1.648s] running build
[1.648s] running build_py
[1.648s] creating /home/foiegreis/ros2_fndm_ws/build/py_pkg/build
[1.648s] creating /home/foiegreis/ros2_fndm_ws/build/py_pkg/build/lib
[1.648s] creating /home/foiegreis/ros2_fndm_ws/build/py_pkg/build/lib/py_pkg
[1.649s] copying py_pkg/__init__.py -> /home/foiegreis/ros2_fndm_ws/build/py_pkg/build/lib/py_pkg
[1.649s] copying py_pkg/talker.py -> /home/foiegreis/ros2_fndm_ws/build/py_pkg/build/lib/py_pkg
[1.649s] copying py_pkg/simple_node.py -> /home/foiegreis/ros2_fndm_ws/build/py_pkg/build/lib/py_pkg
[1.649s] copying py_pkg/sum_server.py -> /home/foiegreis/ros2_fndm_ws/build/py_pkg/build/lib/py_pkg
[1.649s] copying py_pkg/sum_client.py -> /home/foiegreis/ros2_fndm_ws/build/py_pkg/build/lib/py_pkg
[1.649s] copying py_pkg/listener.py -> /home/foiegreis/ros2_fndm_ws/build/py_pkg/build/lib/py_pkg
[1.649s] running install
[1.650s] running install_lib
[1.651s] creating /home/foiegreis/ros2_fndm_ws/install/py_pkg/lib/python3.10/site-packages/py_pkg
[1.651s] copying /home/foiegreis/ros2_fndm_ws/build/py_pkg/build/lib/py_pkg/__init__.py -> /home/foiegreis/ros2_fndm_ws/install/py_pkg/lib/python3.10/site-packages/py_pkg
[1.651s] copying /home/foiegreis/ros2_fndm_ws/build/py_pkg/build/lib/py_pkg/talker.py -> /home/foiegreis/ros2_fndm_ws/install/py_pkg/lib/python3.10/site-packages/py_pkg
[1.651s] copying /home/foiegreis/ros2_fndm_ws/build/py_pkg/build/lib/py_pkg/simple_node.py -> /home/foiegreis/ros2_fndm_ws/install/py_pkg/lib/python3.10/site-packages/py_pkg
[1.651s] copying /home/foiegreis/ros2_fndm_ws/build/py_pkg/build/lib/py_pkg/sum_server.py -> /home/foiegreis/ros2_fndm_ws/install/py_pkg/lib/python3.10/site-packages/py_pkg
[1.651s] copying /home/foiegreis/ros2_fndm_ws/build/py_pkg/build/lib/py_pkg/sum_client.py -> /home/foiegreis/ros2_fndm_ws/install/py_pkg/lib/python3.10/site-packages/py_pkg
[1.652s] copying /home/foiegreis/ros2_fndm_ws/build/py_pkg/build/lib/py_pkg/listener.py -> /home/foiegreis/ros2_fndm_ws/install/py_pkg/lib/python3.10/site-packages/py_pkg
[1.652s] byte-compiling /home/foiegreis/ros2_fndm_ws/install/py_pkg/lib/python3.10/site-packages/py_pkg/__init__.py to __init__.cpython-310.pyc
[1.652s] byte-compiling /home/foiegreis/ros2_fndm_ws/install/py_pkg/lib/python3.10/site-packages/py_pkg/talker.py to talker.cpython-310.pyc
[1.653s] byte-compiling /home/foiegreis/ros2_fndm_ws/install/py_pkg/lib/python3.10/site-packages/py_pkg/simple_node.py to simple_node.cpython-310.pyc
[1.653s] byte-compiling /home/foiegreis/ros2_fndm_ws/install/py_pkg/lib/python3.10/site-packages/py_pkg/sum_server.py to sum_server.cpython-310.pyc
[1.653s] byte-compiling /home/foiegreis/ros2_fndm_ws/install/py_pkg/lib/python3.10/site-packages/py_pkg/sum_client.py to sum_client.cpython-310.pyc
[1.654s] byte-compiling /home/foiegreis/ros2_fndm_ws/install/py_pkg/lib/python3.10/site-packages/py_pkg/listener.py to listener.cpython-310.pyc
[1.654s] running install_data
[1.655s] creating /home/foiegreis/ros2_fndm_ws/install/py_pkg/share/ament_index
[1.655s] creating /home/foiegreis/ros2_fndm_ws/install/py_pkg/share/ament_index/resource_index
[1.655s] creating /home/foiegreis/ros2_fndm_ws/install/py_pkg/share/ament_index/resource_index/packages
[1.655s] copying resource/py_pkg -> /home/foiegreis/ros2_fndm_ws/install/py_pkg/share/ament_index/resource_index/packages
[1.656s] copying package.xml -> /home/foiegreis/ros2_fndm_ws/install/py_pkg/share/py_pkg
[1.656s] running install_egg_info
[1.658s] Copying ../../build/py_pkg/py_pkg.egg-info to /home/foiegreis/ros2_fndm_ws/install/py_pkg/lib/python3.10/site-packages/py_pkg-0.0.0-py3.10.egg-info
[1.659s] running install_scripts
[1.679s] Installing listener_py script to /home/foiegreis/ros2_fndm_ws/install/py_pkg/lib/py_pkg
[1.679s] Installing simple_node_py script to /home/foiegreis/ros2_fndm_ws/install/py_pkg/lib/py_pkg
[1.679s] Installing sum_client_py script to /home/foiegreis/ros2_fndm_ws/install/py_pkg/lib/py_pkg
[1.679s] Installing sum_server_py script to /home/foiegreis/ros2_fndm_ws/install/py_pkg/lib/py_pkg
[1.680s] Installing talker_py script to /home/foiegreis/ros2_fndm_ws/install/py_pkg/lib/py_pkg
[1.680s] writing list of installed files to '/home/foiegreis/ros2_fndm_ws/build/py_pkg/install.log'
[1.703s] Invoked command in '/home/foiegreis/ros2_fndm_ws/src/py_pkg' returned '0': PYTHONPATH=/home/foiegreis/ros2_fndm_ws/build/py_pkg/prefix_override:/home/foiegreis/ros2_fndm_ws/install/py_pkg/lib/python3.10/site-packages:${PYTHONPATH} /usr/bin/python3 setup.py egg_info --egg-base ../../build/py_pkg build --build-base /home/foiegreis/ros2_fndm_ws/build/py_pkg/build install --record /home/foiegreis/ros2_fndm_ws/build/py_pkg/install.log --single-version-externally-managed
