[1.156s] Invoking command in '/home/foiegreis/ros2_fndm_ws/src/py_actions': AMENT_PREFIX_PATH=/home/foiegreis/ros2_fndm_ws/src/install/my_ros2_interface:${AMENT_PREFIX_PATH} CMAKE_PREFIX_PATH=/home/foiegreis/ros2_fndm_ws/src/install/my_ros2_interface:${CMAKE_PREFIX_PATH} LD_LIBRARY_PATH=/home/foiegreis/ros2_fndm_ws/src/install/my_ros2_interface/lib:${LD_LIBRARY_PATH} PYTHONPATH=/home/foiegreis/ros2_fndm_ws/src/build/py_actions/prefix_override:/home/foiegreis/ros2_fndm_ws/src/install/py_actions/lib/python3.10/site-packages:/home/foiegreis/ros2_fndm_ws/src/install/my_ros2_interface/lib/python3.10/site-packages:${PYTHONPATH} /usr/bin/python3 setup.py egg_info --egg-base ../build/py_actions build --build-base /home/foiegreis/ros2_fndm_ws/src/build/py_actions/build install --record /home/foiegreis/ros2_fndm_ws/src/build/py_actions/install.log --single-version-externally-managed
[1.469s] running egg_info
[1.469s] writing ../build/py_actions/py_actions.egg-info/PKG-INFO
[1.469s] writing dependency_links to ../build/py_actions/py_actions.egg-info/dependency_links.txt
[1.470s] writing entry points to ../build/py_actions/py_actions.egg-info/entry_points.txt
[1.470s] writing requirements to ../build/py_actions/py_actions.egg-info/requires.txt
[1.470s] writing top-level names to ../build/py_actions/py_actions.egg-info/top_level.txt
[1.471s] reading manifest file '../build/py_actions/py_actions.egg-info/SOURCES.txt'
[1.472s] writing manifest file '../build/py_actions/py_actions.egg-info/SOURCES.txt'
[1.472s] running build
[1.472s] running build_py
[1.473s] copying py_actions/fibonacci_server.py -> /home/foiegreis/ros2_fndm_ws/src/build/py_actions/build/lib/py_actions
[1.473s] copying py_actions/fibonacci_client.py -> /home/foiegreis/ros2_fndm_ws/src/build/py_actions/build/lib/py_actions
[1.473s] copying py_actions/fibonacci_cancel_server.py -> /home/foiegreis/ros2_fndm_ws/src/build/py_actions/build/lib/py_actions
[1.473s] copying py_actions/fibonacci_cancel_client.py -> /home/foiegreis/ros2_fndm_ws/src/build/py_actions/build/lib/py_actions
[1.473s] running install
[1.474s] running install_lib
[1.474s] copying /home/foiegreis/ros2_fndm_ws/src/build/py_actions/build/lib/py_actions/fibonacci_server.py -> /home/foiegreis/ros2_fndm_ws/src/install/py_actions/lib/python3.10/site-packages/py_actions
[1.474s] copying /home/foiegreis/ros2_fndm_ws/src/build/py_actions/build/lib/py_actions/fibonacci_client.py -> /home/foiegreis/ros2_fndm_ws/src/install/py_actions/lib/python3.10/site-packages/py_actions
[1.475s] copying /home/foiegreis/ros2_fndm_ws/src/build/py_actions/build/lib/py_actions/fibonacci_cancel_server.py -> /home/foiegreis/ros2_fndm_ws/src/install/py_actions/lib/python3.10/site-packages/py_actions
[1.475s] copying /home/foiegreis/ros2_fndm_ws/src/build/py_actions/build/lib/py_actions/fibonacci_cancel_client.py -> /home/foiegreis/ros2_fndm_ws/src/install/py_actions/lib/python3.10/site-packages/py_actions
[1.476s] byte-compiling /home/foiegreis/ros2_fndm_ws/src/install/py_actions/lib/python3.10/site-packages/py_actions/fibonacci_server.py to fibonacci_server.cpython-310.pyc
[1.476s] byte-compiling /home/foiegreis/ros2_fndm_ws/src/install/py_actions/lib/python3.10/site-packages/py_actions/fibonacci_client.py to fibonacci_client.cpython-310.pyc
[1.477s] byte-compiling /home/foiegreis/ros2_fndm_ws/src/install/py_actions/lib/python3.10/site-packages/py_actions/fibonacci_cancel_server.py to fibonacci_cancel_server.cpython-310.pyc
[1.477s] byte-compiling /home/foiegreis/ros2_fndm_ws/src/install/py_actions/lib/python3.10/site-packages/py_actions/fibonacci_cancel_client.py to fibonacci_cancel_client.cpython-310.pyc
[1.478s] running install_data
[1.478s] running install_egg_info
[1.480s] removing '/home/foiegreis/ros2_fndm_ws/src/install/py_actions/lib/python3.10/site-packages/py_actions-0.0.0-py3.10.egg-info' (and everything under it)
[1.480s] Copying ../build/py_actions/py_actions.egg-info to /home/foiegreis/ros2_fndm_ws/src/install/py_actions/lib/python3.10/site-packages/py_actions-0.0.0-py3.10.egg-info
[1.481s] running install_scripts
[1.502s] Installing fibonacci_cancel_client script to /home/foiegreis/ros2_fndm_ws/src/install/py_actions/lib/py_actions
[1.502s] Installing fibonacci_cancel_server script to /home/foiegreis/ros2_fndm_ws/src/install/py_actions/lib/py_actions
[1.502s] Installing fibonacci_client script to /home/foiegreis/ros2_fndm_ws/src/install/py_actions/lib/py_actions
[1.502s] Installing fibonacci_server script to /home/foiegreis/ros2_fndm_ws/src/install/py_actions/lib/py_actions
[1.502s] writing list of installed files to '/home/foiegreis/ros2_fndm_ws/src/build/py_actions/install.log'
[1.522s] Invoked command in '/home/foiegreis/ros2_fndm_ws/src/py_actions' returned '0': AMENT_PREFIX_PATH=/home/foiegreis/ros2_fndm_ws/src/install/my_ros2_interface:${AMENT_PREFIX_PATH} CMAKE_PREFIX_PATH=/home/foiegreis/ros2_fndm_ws/src/install/my_ros2_interface:${CMAKE_PREFIX_PATH} LD_LIBRARY_PATH=/home/foiegreis/ros2_fndm_ws/src/install/my_ros2_interface/lib:${LD_LIBRARY_PATH} PYTHONPATH=/home/foiegreis/ros2_fndm_ws/src/build/py_actions/prefix_override:/home/foiegreis/ros2_fndm_ws/src/install/py_actions/lib/python3.10/site-packages:/home/foiegreis/ros2_fndm_ws/src/install/my_ros2_interface/lib/python3.10/site-packages:${PYTHONPATH} /usr/bin/python3 setup.py egg_info --egg-base ../build/py_actions build --build-base /home/foiegreis/ros2_fndm_ws/src/build/py_actions/build install --record /home/foiegreis/ros2_fndm_ws/src/build/py_actions/install.log --single-version-externally-managed
