/home/foiegreis/ros2_fndm_ws/src/install/py_actions/lib/python3.10/site-packages/py_actions/fibonacci_server.py
/home/foiegreis/ros2_fndm_ws/src/install/py_actions/lib/python3.10/site-packages/py_actions/__init__.py
/home/foiegreis/ros2_fndm_ws/src/install/py_actions/lib/python3.10/site-packages/py_actions/fibonacci_client.py
/home/foiegreis/ros2_fndm_ws/src/install/py_actions/lib/python3.10/site-packages/py_actions/fibonacci_cancel_server.py
/home/foiegreis/ros2_fndm_ws/src/install/py_actions/lib/python3.10/site-packages/py_actions/fibonacci_cancel_client.py
/home/foiegreis/ros2_fndm_ws/src/install/py_actions/lib/python3.10/site-packages/py_actions/__pycache__/fibonacci_server.cpython-310.pyc
/home/foiegreis/ros2_fndm_ws/src/install/py_actions/lib/python3.10/site-packages/py_actions/__pycache__/__init__.cpython-310.pyc
/home/foiegreis/ros2_fndm_ws/src/install/py_actions/lib/python3.10/site-packages/py_actions/__pycache__/fibonacci_client.cpython-310.pyc
/home/foiegreis/ros2_fndm_ws/src/install/py_actions/lib/python3.10/site-packages/py_actions/__pycache__/fibonacci_cancel_server.cpython-310.pyc
/home/foiegreis/ros2_fndm_ws/src/install/py_actions/lib/python3.10/site-packages/py_actions/__pycache__/fibonacci_cancel_client.cpython-310.pyc
/home/foiegreis/ros2_fndm_ws/src/install/py_actions/share/ament_index/resource_index/packages/py_actions
/home/foiegreis/ros2_fndm_ws/src/install/py_actions/share/py_actions/package.xml
/home/foiegreis/ros2_fndm_ws/src/install/py_actions/lib/python3.10/site-packages/py_actions-0.0.0-py3.10.egg-info/requires.txt
/home/foiegreis/ros2_fndm_ws/src/install/py_actions/lib/python3.10/site-packages/py_actions-0.0.0-py3.10.egg-info/entry_points.txt
/home/foiegreis/ros2_fndm_ws/src/install/py_actions/lib/python3.10/site-packages/py_actions-0.0.0-py3.10.egg-info/PKG-INFO
/home/foiegreis/ros2_fndm_ws/src/install/py_actions/lib/python3.10/site-packages/py_actions-0.0.0-py3.10.egg-info/zip-safe
/home/foiegreis/ros2_fndm_ws/src/install/py_actions/lib/python3.10/site-packages/py_actions-0.0.0-py3.10.egg-info/dependency_links.txt
/home/foiegreis/ros2_fndm_ws/src/install/py_actions/lib/python3.10/site-packages/py_actions-0.0.0-py3.10.egg-info/SOURCES.txt
/home/foiegreis/ros2_fndm_ws/src/install/py_actions/lib/python3.10/site-packages/py_actions-0.0.0-py3.10.egg-info/top_level.txt
/home/foiegreis/ros2_fndm_ws/src/install/py_actions/lib/py_actions/fibonacci_cancel_client
/home/foiegreis/ros2_fndm_ws/src/install/py_actions/lib/py_actions/fibonacci_cancel_server
/home/foiegreis/ros2_fndm_ws/src/install/py_actions/lib/py_actions/fibonacci_client
/home/foiegreis/ros2_fndm_ws/src/install/py_actions/lib/py_actions/fibonacci_server
