-- Install configuration: ""
-- Up-to-date: /home/foiegreis/ros2_fndm_ws/install/ros2_fndm_bringup/share/ros2_fndm_bringup/launch
-- Installing: /home/foiegreis/ros2_fndm_ws/install/ros2_fndm_bringup/share/ros2_fndm_bringup/launch/launch_template.xml
-- Installing: /home/foiegreis/ros2_fndm_ws/install/ros2_fndm_bringup/share/ros2_fndm_bringup/launch/sum_service_launch.py
-- Installing: /home/foiegreis/ros2_fndm_ws/install/ros2_fndm_bringup/share/ros2_fndm_bringup/launch/sum_service_launch.yaml
-- Installing: /home/foiegreis/ros2_fndm_ws/install/ros2_fndm_bringup/share/ros2_fndm_bringup/launch/launch_template.py
-- Installing: /home/foiegreis/ros2_fndm_ws/install/ros2_fndm_bringup/share/ros2_fndm_bringup/launch/launch_template.yaml
-- Installing: /home/foiegreis/ros2_fndm_ws/install/ros2_fndm_bringup/share/ros2_fndm_bringup/launch/sum_service_launch.xml
-- Up-to-date: /home/foiegreis/ros2_fndm_ws/install/ros2_fndm_bringup/share/ament_index/resource_index/package_run_dependencies/ros2_fndm_bringup
-- Up-to-date: /home/foiegreis/ros2_fndm_ws/install/ros2_fndm_bringup/share/ament_index/resource_index/parent_prefix_path/ros2_fndm_bringup
-- Up-to-date: /home/foiegreis/ros2_fndm_ws/install/ros2_fndm_bringup/share/ros2_fndm_bringup/environment/ament_prefix_path.sh
-- Up-to-date: /home/foiegreis/ros2_fndm_ws/install/ros2_fndm_bringup/share/ros2_fndm_bringup/environment/ament_prefix_path.dsv
-- Up-to-date: /home/foiegreis/ros2_fndm_ws/install/ros2_fndm_bringup/share/ros2_fndm_bringup/environment/path.sh
-- Up-to-date: /home/foiegreis/ros2_fndm_ws/install/ros2_fndm_bringup/share/ros2_fndm_bringup/environment/path.dsv
-- Up-to-date: /home/foiegreis/ros2_fndm_ws/install/ros2_fndm_bringup/share/ros2_fndm_bringup/local_setup.bash
-- Up-to-date: /home/foiegreis/ros2_fndm_ws/install/ros2_fndm_bringup/share/ros2_fndm_bringup/local_setup.sh
-- Up-to-date: /home/foiegreis/ros2_fndm_ws/install/ros2_fndm_bringup/share/ros2_fndm_bringup/local_setup.zsh
-- Up-to-date: /home/foiegreis/ros2_fndm_ws/install/ros2_fndm_bringup/share/ros2_fndm_bringup/local_setup.dsv
-- Up-to-date: /home/foiegreis/ros2_fndm_ws/install/ros2_fndm_bringup/share/ros2_fndm_bringup/package.dsv
-- Up-to-date: /home/foiegreis/ros2_fndm_ws/install/ros2_fndm_bringup/share/ament_index/resource_index/packages/ros2_fndm_bringup
-- Up-to-date: /home/foiegreis/ros2_fndm_ws/install/ros2_fndm_bringup/share/ros2_fndm_bringup/cmake/ros2_fndm_bringupConfig.cmake
-- Up-to-date: /home/foiegreis/ros2_fndm_ws/install/ros2_fndm_bringup/share/ros2_fndm_bringup/cmake/ros2_fndm_bringupConfig-version.cmake
-- Up-to-date: /home/foiegreis/ros2_fndm_ws/install/ros2_fndm_bringup/share/ros2_fndm_bringup/package.xml
