-- The C compiler identification is GNU 11.4.0
-- The CXX compiler identification is GNU 11.4.0
-- Detecting C compiler ABI info
-- Detecting C compiler ABI info - done
-- Check for working C compiler: /usr/bin/cc - skipped
-- Detecting C compile features
-- Detecting C compile features - done
-- Detecting CXX compiler ABI info
-- Detecting CXX compiler ABI info - done
-- Check for working CXX compiler: /usr/bin/c++ - skipped
-- Detecting CXX compile features
-- Detecting CXX compile features - done
-- Found ament_cmake: 2.0.4 (/opt/ros/iron/share/ament_cmake/cmake)
-- Found Python3: /usr/bin/python3.10 (found version "3.10.12") found components: Interpreter 
-- Found rclcpp: 21.0.5 (/opt/ros/iron/share/rclcpp/cmake)
-- Found rosidl_generator_c: 4.0.1 (/opt/ros/iron/share/rosidl_generator_c/cmake)
-- Found rosidl_generator_cpp: 4.0.1 (/opt/ros/iron/share/rosidl_generator_cpp/cmake)
-- Using all available rosidl_typesupport_c: rosidl_typesupport_fastrtps_c;rosidl_typesupport_introspection_c
-- Using all available rosidl_typesupport_cpp: rosidl_typesupport_fastrtps_cpp;rosidl_typesupport_introspection_cpp
-- Found rmw_implementation_cmake: 7.1.0 (/opt/ros/iron/share/rmw_implementation_cmake/cmake)
-- Found rmw_fastrtps_cpp: 7.1.3 (/opt/ros/iron/share/rmw_fastrtps_cpp/cmake)
-- Found OpenSSL: /usr/lib/x86_64-linux-gnu/libcrypto.so (found version "3.0.2")  
-- Found FastRTPS: /opt/ros/iron/include  
-- Using RMW implementation 'rmw_fastrtps_cpp' as default
-- Found rclcpp_action: 21.0.5 (/opt/ros/iron/share/rclcpp_action/cmake)
-- Found rclcpp_components: 21.0.5 (/opt/ros/iron/share/rclcpp_components/cmake)
-- Found my_ros2_interface: 0.0.0 (/home/foiegreis/ros2_fndm_ws/install/my_ros2_interface/share/my_ros2_interface/cmake)
-- Configuring done
-- Generating done
-- Build files have been written to: /home/foiegreis/ros2_fndm_ws/build/cpp_actions
[ 50%] [32mBuilding CXX object CMakeFiles/fibonacci_server.dir/src/fibonacci_server.cpp.o[0m
[ 50%] [32mBuilding CXX object CMakeFiles/fibonacci_client.dir/src/fibonacci_client.cpp.o[0m
[ 75%] [32m[1mLinking CXX executable fibonacci_server[0m
[ 75%] Built target fibonacci_server
[100%] [32m[1mLinking CXX executable fibonacci_client[0m
[100%] Built target fibonacci_client
-- Install configuration: ""
-- Installing: /home/foiegreis/ros2_fndm_ws/install/cpp_actions/lib/cpp_actions/fibonacci_server
-- Set runtime path of "/home/foiegreis/ros2_fndm_ws/install/cpp_actions/lib/cpp_actions/fibonacci_server" to ""
-- Installing: /home/foiegreis/ros2_fndm_ws/install/cpp_actions/lib/cpp_actions/fibonacci_client
-- Set runtime path of "/home/foiegreis/ros2_fndm_ws/install/cpp_actions/lib/cpp_actions/fibonacci_client" to ""
-- Installing: /home/foiegreis/ros2_fndm_ws/install/cpp_actions/share/ament_index/resource_index/package_run_dependencies/cpp_actions
-- Installing: /home/foiegreis/ros2_fndm_ws/install/cpp_actions/share/ament_index/resource_index/parent_prefix_path/cpp_actions
-- Installing: /home/foiegreis/ros2_fndm_ws/install/cpp_actions/share/cpp_actions/environment/ament_prefix_path.sh
-- Installing: /home/foiegreis/ros2_fndm_ws/install/cpp_actions/share/cpp_actions/environment/ament_prefix_path.dsv
-- Installing: /home/foiegreis/ros2_fndm_ws/install/cpp_actions/share/cpp_actions/environment/path.sh
-- Installing: /home/foiegreis/ros2_fndm_ws/install/cpp_actions/share/cpp_actions/environment/path.dsv
-- Installing: /home/foiegreis/ros2_fndm_ws/install/cpp_actions/share/cpp_actions/local_setup.bash
-- Installing: /home/foiegreis/ros2_fndm_ws/install/cpp_actions/share/cpp_actions/local_setup.sh
-- Installing: /home/foiegreis/ros2_fndm_ws/install/cpp_actions/share/cpp_actions/local_setup.zsh
-- Installing: /home/foiegreis/ros2_fndm_ws/install/cpp_actions/share/cpp_actions/local_setup.dsv
-- Installing: /home/foiegreis/ros2_fndm_ws/install/cpp_actions/share/cpp_actions/package.dsv
-- Installing: /home/foiegreis/ros2_fndm_ws/install/cpp_actions/share/ament_index/resource_index/packages/cpp_actions
-- Installing: /home/foiegreis/ros2_fndm_ws/install/cpp_actions/share/cpp_actions/cmake/ament_cmake_export_dependencies-extras.cmake
-- Installing: /home/foiegreis/ros2_fndm_ws/install/cpp_actions/share/cpp_actions/cmake/cpp_actionsConfig.cmake
-- Installing: /home/foiegreis/ros2_fndm_ws/install/cpp_actions/share/cpp_actions/cmake/cpp_actionsConfig-version.cmake
-- Installing: /home/foiegreis/ros2_fndm_ws/install/cpp_actions/share/cpp_actions/package.xml
