[0.528s] Invoking command in '/home/foiegreis/ros2_fndm_ws/build/cpp_actions': CMAKE_PREFIX_PATH=/home/foiegreis/ros2_fndm_ws/install/my_ros2_interface:/home/foiegreis/ros2_fndm_ws/install/my_ros2_bringup:/home/foiegreis/ros2_fndm_ws/install/cpp_actions:/home/foiegreis/ros2_fndm_ws/install/cpp_py_pkg:/home/foiegreis/ros2_fndm_ws/install/cpp_pkg:/home/foiegreis/ros2_ws_book/install/cpp_pkg:/home/foiegreis/ros2_ws/install/my_bringup:/home/foiegreis/ros2_ws/install/my_interface:/home/foiegreis/ros2_ws/install/my_description:/home/foiegreis/ros2_ws_yolo3d/install/yolo3d:/home/foiegreis/ros2_ws_yolo3d/install/omni_robot_description:/home/foiegreis/ros2_ws_yolo3d/install/omni_control:/home/foiegreis/ros2_ws_yolo3d/install/gazebo_simulation:/home/foiegreis/ros2_fndm_ws/install/py_actions:/home/foiegreis/ros2_fndm_ws/install/py_pkg:/home/foiegreis/ros2_ws_book/install/py_pkg:/home/foiegreis/ros2_ws/install/my_py_pkg:/home/foiegreis/ros2_ws/install/lab4:/home/foiegreis/ros2_ws/install/lab3:/home/foiegreis/ros2_ws/install/lab2:/home/foiegreis/ros2_ws/install/lab1:/opt/ros/iron PYTHONPATH=/home/foiegreis/ros2_fndm_ws/install/my_ros2_interface/lib/python3.10/site-packages:/home/foiegreis/ros2_fndm_ws/install/py_actions/lib/python3.10/site-packages:/home/foiegreis/ros2_fndm_ws/install/cpp_py_pkg/lib/python3.10/site-packages:/home/foiegreis/ros2_fndm_ws/build/py_pkg:/home/foiegreis/ros2_fndm_ws/install/py_pkg/lib/python3.10/site-packages:/home/foiegreis/ros2_ws_book/install/py_pkg/lib/python3.10/site-packages:/home/foiegreis/ros2_ws/install/my_py_pkg/lib/python3.10/site-packages:/home/foiegreis/ros2_ws/install/lab4/lib/python3.10/site-packages:/home/foiegreis/ros2_ws/install/lab3/lib/python3.10/site-packages:/home/foiegreis/ros2_ws/install/my_interface/lib/python3.10/site-packages:/home/foiegreis/ros2_ws/install/lab2/lib/python3.10/site-packages:/home/foiegreis/ros2_ws/install/lab1/lib/python3.10/site-packages:/opt/ros/iron/lib/python3.10/site-packages /usr/bin/cmake /home/foiegreis/ros2_fndm_ws/src/cpp_actions -DCMAKE_INSTALL_PREFIX=/home/foiegreis/ros2_fndm_ws/install/cpp_actions
[1.021s] -- The C compiler identification is GNU 11.4.0
[1.022s] -- The CXX compiler identification is GNU 11.4.0
[1.022s] -- Detecting C compiler ABI info
[1.022s] -- Detecting C compiler ABI info - done
[1.022s] -- Check for working C compiler: /usr/bin/cc - skipped
[1.023s] -- Detecting C compile features
[1.023s] -- Detecting C compile features - done
[1.023s] -- Detecting CXX compiler ABI info
[1.023s] -- Detecting CXX compiler ABI info - done
[1.024s] -- Check for working CXX compiler: /usr/bin/c++ - skipped
[1.024s] -- Detecting CXX compile features
[1.024s] -- Detecting CXX compile features - done
[1.024s] -- Found ament_cmake: 2.0.4 (/opt/ros/iron/share/ament_cmake/cmake)
[1.025s] -- Found Python3: /usr/bin/python3.10 (found version "3.10.12") found components: Interpreter 
[1.138s] -- Found rclcpp: 21.0.5 (/opt/ros/iron/share/rclcpp/cmake)
[1.209s] -- Found rosidl_generator_c: 4.0.1 (/opt/ros/iron/share/rosidl_generator_c/cmake)
[1.228s] -- Found rosidl_generator_cpp: 4.0.1 (/opt/ros/iron/share/rosidl_generator_cpp/cmake)
[1.255s] -- Using all available rosidl_typesupport_c: rosidl_typesupport_fastrtps_c;rosidl_typesupport_introspection_c
[1.282s] -- Using all available rosidl_typesupport_cpp: rosidl_typesupport_fastrtps_cpp;rosidl_typesupport_introspection_cpp
[1.480s] -- Found rmw_implementation_cmake: 7.1.0 (/opt/ros/iron/share/rmw_implementation_cmake/cmake)
[1.493s] -- Found rmw_fastrtps_cpp: 7.1.3 (/opt/ros/iron/share/rmw_fastrtps_cpp/cmake)
[1.624s] -- Found OpenSSL: /usr/lib/x86_64-linux-gnu/libcrypto.so (found version "3.0.2")  
[1.655s] -- Found FastRTPS: /opt/ros/iron/include  
[1.706s] -- Using RMW implementation 'rmw_fastrtps_cpp' as default
[1.906s] -- Found rclcpp_action: 21.0.5 (/opt/ros/iron/share/rclcpp_action/cmake)
[2.068s] -- Found rclcpp_components: 21.0.5 (/opt/ros/iron/share/rclcpp_components/cmake)
[2.178s] -- Found my_ros2_interface: 0.0.0 (/home/foiegreis/ros2_fndm_ws/install/my_ros2_interface/share/my_ros2_interface/cmake)
[2.328s] -- Configuring done
[2.342s] -- Generating done
[2.344s] -- Build files have been written to: /home/foiegreis/ros2_fndm_ws/build/cpp_actions
[2.354s] Invoked command in '/home/foiegreis/ros2_fndm_ws/build/cpp_actions' returned '0': CMAKE_PREFIX_PATH=/home/foiegreis/ros2_fndm_ws/install/my_ros2_interface:/home/foiegreis/ros2_fndm_ws/install/my_ros2_bringup:/home/foiegreis/ros2_fndm_ws/install/cpp_actions:/home/foiegreis/ros2_fndm_ws/install/cpp_py_pkg:/home/foiegreis/ros2_fndm_ws/install/cpp_pkg:/home/foiegreis/ros2_ws_book/install/cpp_pkg:/home/foiegreis/ros2_ws/install/my_bringup:/home/foiegreis/ros2_ws/install/my_interface:/home/foiegreis/ros2_ws/install/my_description:/home/foiegreis/ros2_ws_yolo3d/install/yolo3d:/home/foiegreis/ros2_ws_yolo3d/install/omni_robot_description:/home/foiegreis/ros2_ws_yolo3d/install/omni_control:/home/foiegreis/ros2_ws_yolo3d/install/gazebo_simulation:/home/foiegreis/ros2_fndm_ws/install/py_actions:/home/foiegreis/ros2_fndm_ws/install/py_pkg:/home/foiegreis/ros2_ws_book/install/py_pkg:/home/foiegreis/ros2_ws/install/my_py_pkg:/home/foiegreis/ros2_ws/install/lab4:/home/foiegreis/ros2_ws/install/lab3:/home/foiegreis/ros2_ws/install/lab2:/home/foiegreis/ros2_ws/install/lab1:/opt/ros/iron PYTHONPATH=/home/foiegreis/ros2_fndm_ws/install/my_ros2_interface/lib/python3.10/site-packages:/home/foiegreis/ros2_fndm_ws/install/py_actions/lib/python3.10/site-packages:/home/foiegreis/ros2_fndm_ws/install/cpp_py_pkg/lib/python3.10/site-packages:/home/foiegreis/ros2_fndm_ws/build/py_pkg:/home/foiegreis/ros2_fndm_ws/install/py_pkg/lib/python3.10/site-packages:/home/foiegreis/ros2_ws_book/install/py_pkg/lib/python3.10/site-packages:/home/foiegreis/ros2_ws/install/my_py_pkg/lib/python3.10/site-packages:/home/foiegreis/ros2_ws/install/lab4/lib/python3.10/site-packages:/home/foiegreis/ros2_ws/install/lab3/lib/python3.10/site-packages:/home/foiegreis/ros2_ws/install/my_interface/lib/python3.10/site-packages:/home/foiegreis/ros2_ws/install/lab2/lib/python3.10/site-packages:/home/foiegreis/ros2_ws/install/lab1/lib/python3.10/site-packages:/opt/ros/iron/lib/python3.10/site-packages /usr/bin/cmake /home/foiegreis/ros2_fndm_ws/src/cpp_actions -DCMAKE_INSTALL_PREFIX=/home/foiegreis/ros2_fndm_ws/install/cpp_actions
[2.356s] Invoking command in '/home/foiegreis/ros2_fndm_ws/build/cpp_actions': CMAKE_PREFIX_PATH=/home/foiegreis/ros2_fndm_ws/install/my_ros2_interface:/home/foiegreis/ros2_fndm_ws/install/my_ros2_bringup:/home/foiegreis/ros2_fndm_ws/install/cpp_actions:/home/foiegreis/ros2_fndm_ws/install/cpp_py_pkg:/home/foiegreis/ros2_fndm_ws/install/cpp_pkg:/home/foiegreis/ros2_ws_book/install/cpp_pkg:/home/foiegreis/ros2_ws/install/my_bringup:/home/foiegreis/ros2_ws/install/my_interface:/home/foiegreis/ros2_ws/install/my_description:/home/foiegreis/ros2_ws_yolo3d/install/yolo3d:/home/foiegreis/ros2_ws_yolo3d/install/omni_robot_description:/home/foiegreis/ros2_ws_yolo3d/install/omni_control:/home/foiegreis/ros2_ws_yolo3d/install/gazebo_simulation:/home/foiegreis/ros2_fndm_ws/install/py_actions:/home/foiegreis/ros2_fndm_ws/install/py_pkg:/home/foiegreis/ros2_ws_book/install/py_pkg:/home/foiegreis/ros2_ws/install/my_py_pkg:/home/foiegreis/ros2_ws/install/lab4:/home/foiegreis/ros2_ws/install/lab3:/home/foiegreis/ros2_ws/install/lab2:/home/foiegreis/ros2_ws/install/lab1:/opt/ros/iron PYTHONPATH=/home/foiegreis/ros2_fndm_ws/install/my_ros2_interface/lib/python3.10/site-packages:/home/foiegreis/ros2_fndm_ws/install/py_actions/lib/python3.10/site-packages:/home/foiegreis/ros2_fndm_ws/install/cpp_py_pkg/lib/python3.10/site-packages:/home/foiegreis/ros2_fndm_ws/build/py_pkg:/home/foiegreis/ros2_fndm_ws/install/py_pkg/lib/python3.10/site-packages:/home/foiegreis/ros2_ws_book/install/py_pkg/lib/python3.10/site-packages:/home/foiegreis/ros2_ws/install/my_py_pkg/lib/python3.10/site-packages:/home/foiegreis/ros2_ws/install/lab4/lib/python3.10/site-packages:/home/foiegreis/ros2_ws/install/lab3/lib/python3.10/site-packages:/home/foiegreis/ros2_ws/install/my_interface/lib/python3.10/site-packages:/home/foiegreis/ros2_ws/install/lab2/lib/python3.10/site-packages:/home/foiegreis/ros2_ws/install/lab1/lib/python3.10/site-packages:/opt/ros/iron/lib/python3.10/site-packages /usr/bin/cmake --build /home/foiegreis/ros2_fndm_ws/build/cpp_actions -- -j12 -l12
[2.404s] [ 50%] [32mBuilding CXX object CMakeFiles/fibonacci_server.dir/src/fibonacci_server.cpp.o[0m
[2.404s] [ 50%] [32mBuilding CXX object CMakeFiles/fibonacci_client.dir/src/fibonacci_client.cpp.o[0m
[6.871s] [ 75%] [32m[1mLinking CXX executable fibonacci_server[0m
[7.075s] [ 75%] Built target fibonacci_server
[7.201s] [100%] [32m[1mLinking CXX executable fibonacci_client[0m
[7.394s] [100%] Built target fibonacci_client
[7.405s] Invoked command in '/home/foiegreis/ros2_fndm_ws/build/cpp_actions' returned '0': CMAKE_PREFIX_PATH=/home/foiegreis/ros2_fndm_ws/install/my_ros2_interface:/home/foiegreis/ros2_fndm_ws/install/my_ros2_bringup:/home/foiegreis/ros2_fndm_ws/install/cpp_actions:/home/foiegreis/ros2_fndm_ws/install/cpp_py_pkg:/home/foiegreis/ros2_fndm_ws/install/cpp_pkg:/home/foiegreis/ros2_ws_book/install/cpp_pkg:/home/foiegreis/ros2_ws/install/my_bringup:/home/foiegreis/ros2_ws/install/my_interface:/home/foiegreis/ros2_ws/install/my_description:/home/foiegreis/ros2_ws_yolo3d/install/yolo3d:/home/foiegreis/ros2_ws_yolo3d/install/omni_robot_description:/home/foiegreis/ros2_ws_yolo3d/install/omni_control:/home/foiegreis/ros2_ws_yolo3d/install/gazebo_simulation:/home/foiegreis/ros2_fndm_ws/install/py_actions:/home/foiegreis/ros2_fndm_ws/install/py_pkg:/home/foiegreis/ros2_ws_book/install/py_pkg:/home/foiegreis/ros2_ws/install/my_py_pkg:/home/foiegreis/ros2_ws/install/lab4:/home/foiegreis/ros2_ws/install/lab3:/home/foiegreis/ros2_ws/install/lab2:/home/foiegreis/ros2_ws/install/lab1:/opt/ros/iron PYTHONPATH=/home/foiegreis/ros2_fndm_ws/install/my_ros2_interface/lib/python3.10/site-packages:/home/foiegreis/ros2_fndm_ws/install/py_actions/lib/python3.10/site-packages:/home/foiegreis/ros2_fndm_ws/install/cpp_py_pkg/lib/python3.10/site-packages:/home/foiegreis/ros2_fndm_ws/build/py_pkg:/home/foiegreis/ros2_fndm_ws/install/py_pkg/lib/python3.10/site-packages:/home/foiegreis/ros2_ws_book/install/py_pkg/lib/python3.10/site-packages:/home/foiegreis/ros2_ws/install/my_py_pkg/lib/python3.10/site-packages:/home/foiegreis/ros2_ws/install/lab4/lib/python3.10/site-packages:/home/foiegreis/ros2_ws/install/lab3/lib/python3.10/site-packages:/home/foiegreis/ros2_ws/install/my_interface/lib/python3.10/site-packages:/home/foiegreis/ros2_ws/install/lab2/lib/python3.10/site-packages:/home/foiegreis/ros2_ws/install/lab1/lib/python3.10/site-packages:/opt/ros/iron/lib/python3.10/site-packages /usr/bin/cmake --build /home/foiegreis/ros2_fndm_ws/build/cpp_actions -- -j12 -l12
[7.433s] Invoking command in '/home/foiegreis/ros2_fndm_ws/build/cpp_actions': CMAKE_PREFIX_PATH=/home/foiegreis/ros2_fndm_ws/install/my_ros2_interface:/home/foiegreis/ros2_fndm_ws/install/my_ros2_bringup:/home/foiegreis/ros2_fndm_ws/install/cpp_actions:/home/foiegreis/ros2_fndm_ws/install/cpp_py_pkg:/home/foiegreis/ros2_fndm_ws/install/cpp_pkg:/home/foiegreis/ros2_ws_book/install/cpp_pkg:/home/foiegreis/ros2_ws/install/my_bringup:/home/foiegreis/ros2_ws/install/my_interface:/home/foiegreis/ros2_ws/install/my_description:/home/foiegreis/ros2_ws_yolo3d/install/yolo3d:/home/foiegreis/ros2_ws_yolo3d/install/omni_robot_description:/home/foiegreis/ros2_ws_yolo3d/install/omni_control:/home/foiegreis/ros2_ws_yolo3d/install/gazebo_simulation:/home/foiegreis/ros2_fndm_ws/install/py_actions:/home/foiegreis/ros2_fndm_ws/install/py_pkg:/home/foiegreis/ros2_ws_book/install/py_pkg:/home/foiegreis/ros2_ws/install/my_py_pkg:/home/foiegreis/ros2_ws/install/lab4:/home/foiegreis/ros2_ws/install/lab3:/home/foiegreis/ros2_ws/install/lab2:/home/foiegreis/ros2_ws/install/lab1:/opt/ros/iron PYTHONPATH=/home/foiegreis/ros2_fndm_ws/install/my_ros2_interface/lib/python3.10/site-packages:/home/foiegreis/ros2_fndm_ws/install/py_actions/lib/python3.10/site-packages:/home/foiegreis/ros2_fndm_ws/install/cpp_py_pkg/lib/python3.10/site-packages:/home/foiegreis/ros2_fndm_ws/build/py_pkg:/home/foiegreis/ros2_fndm_ws/install/py_pkg/lib/python3.10/site-packages:/home/foiegreis/ros2_ws_book/install/py_pkg/lib/python3.10/site-packages:/home/foiegreis/ros2_ws/install/my_py_pkg/lib/python3.10/site-packages:/home/foiegreis/ros2_ws/install/lab4/lib/python3.10/site-packages:/home/foiegreis/ros2_ws/install/lab3/lib/python3.10/site-packages:/home/foiegreis/ros2_ws/install/my_interface/lib/python3.10/site-packages:/home/foiegreis/ros2_ws/install/lab2/lib/python3.10/site-packages:/home/foiegreis/ros2_ws/install/lab1/lib/python3.10/site-packages:/opt/ros/iron/lib/python3.10/site-packages /usr/bin/cmake --install /home/foiegreis/ros2_fndm_ws/build/cpp_actions
[7.441s] -- Install configuration: ""
[7.441s] -- Installing: /home/foiegreis/ros2_fndm_ws/install/cpp_actions/lib/cpp_actions/fibonacci_server
[7.443s] -- Set runtime path of "/home/foiegreis/ros2_fndm_ws/install/cpp_actions/lib/cpp_actions/fibonacci_server" to ""
[7.443s] -- Installing: /home/foiegreis/ros2_fndm_ws/install/cpp_actions/lib/cpp_actions/fibonacci_client
[7.444s] -- Set runtime path of "/home/foiegreis/ros2_fndm_ws/install/cpp_actions/lib/cpp_actions/fibonacci_client" to ""
[7.444s] -- Installing: /home/foiegreis/ros2_fndm_ws/install/cpp_actions/share/ament_index/resource_index/package_run_dependencies/cpp_actions
[7.445s] -- Installing: /home/foiegreis/ros2_fndm_ws/install/cpp_actions/share/ament_index/resource_index/parent_prefix_path/cpp_actions
[7.445s] -- Installing: /home/foiegreis/ros2_fndm_ws/install/cpp_actions/share/cpp_actions/environment/ament_prefix_path.sh
[7.445s] -- Installing: /home/foiegreis/ros2_fndm_ws/install/cpp_actions/share/cpp_actions/environment/ament_prefix_path.dsv
[7.445s] -- Installing: /home/foiegreis/ros2_fndm_ws/install/cpp_actions/share/cpp_actions/environment/path.sh
[7.445s] -- Installing: /home/foiegreis/ros2_fndm_ws/install/cpp_actions/share/cpp_actions/environment/path.dsv
[7.445s] -- Installing: /home/foiegreis/ros2_fndm_ws/install/cpp_actions/share/cpp_actions/local_setup.bash
[7.445s] -- Installing: /home/foiegreis/ros2_fndm_ws/install/cpp_actions/share/cpp_actions/local_setup.sh
[7.446s] -- Installing: /home/foiegreis/ros2_fndm_ws/install/cpp_actions/share/cpp_actions/local_setup.zsh
[7.446s] -- Installing: /home/foiegreis/ros2_fndm_ws/install/cpp_actions/share/cpp_actions/local_setup.dsv
[7.446s] -- Installing: /home/foiegreis/ros2_fndm_ws/install/cpp_actions/share/cpp_actions/package.dsv
[7.446s] -- Installing: /home/foiegreis/ros2_fndm_ws/install/cpp_actions/share/ament_index/resource_index/packages/cpp_actions
[7.446s] -- Installing: /home/foiegreis/ros2_fndm_ws/install/cpp_actions/share/cpp_actions/cmake/ament_cmake_export_dependencies-extras.cmake
[7.446s] -- Installing: /home/foiegreis/ros2_fndm_ws/install/cpp_actions/share/cpp_actions/cmake/cpp_actionsConfig.cmake
[7.446s] -- Installing: /home/foiegreis/ros2_fndm_ws/install/cpp_actions/share/cpp_actions/cmake/cpp_actionsConfig-version.cmake
[7.446s] -- Installing: /home/foiegreis/ros2_fndm_ws/install/cpp_actions/share/cpp_actions/package.xml
[7.448s] Invoked command in '/home/foiegreis/ros2_fndm_ws/build/cpp_actions' returned '0': CMAKE_PREFIX_PATH=/home/foiegreis/ros2_fndm_ws/install/my_ros2_interface:/home/foiegreis/ros2_fndm_ws/install/my_ros2_bringup:/home/foiegreis/ros2_fndm_ws/install/cpp_actions:/home/foiegreis/ros2_fndm_ws/install/cpp_py_pkg:/home/foiegreis/ros2_fndm_ws/install/cpp_pkg:/home/foiegreis/ros2_ws_book/install/cpp_pkg:/home/foiegreis/ros2_ws/install/my_bringup:/home/foiegreis/ros2_ws/install/my_interface:/home/foiegreis/ros2_ws/install/my_description:/home/foiegreis/ros2_ws_yolo3d/install/yolo3d:/home/foiegreis/ros2_ws_yolo3d/install/omni_robot_description:/home/foiegreis/ros2_ws_yolo3d/install/omni_control:/home/foiegreis/ros2_ws_yolo3d/install/gazebo_simulation:/home/foiegreis/ros2_fndm_ws/install/py_actions:/home/foiegreis/ros2_fndm_ws/install/py_pkg:/home/foiegreis/ros2_ws_book/install/py_pkg:/home/foiegreis/ros2_ws/install/my_py_pkg:/home/foiegreis/ros2_ws/install/lab4:/home/foiegreis/ros2_ws/install/lab3:/home/foiegreis/ros2_ws/install/lab2:/home/foiegreis/ros2_ws/install/lab1:/opt/ros/iron PYTHONPATH=/home/foiegreis/ros2_fndm_ws/install/my_ros2_interface/lib/python3.10/site-packages:/home/foiegreis/ros2_fndm_ws/install/py_actions/lib/python3.10/site-packages:/home/foiegreis/ros2_fndm_ws/install/cpp_py_pkg/lib/python3.10/site-packages:/home/foiegreis/ros2_fndm_ws/build/py_pkg:/home/foiegreis/ros2_fndm_ws/install/py_pkg/lib/python3.10/site-packages:/home/foiegreis/ros2_ws_book/install/py_pkg/lib/python3.10/site-packages:/home/foiegreis/ros2_ws/install/my_py_pkg/lib/python3.10/site-packages:/home/foiegreis/ros2_ws/install/lab4/lib/python3.10/site-packages:/home/foiegreis/ros2_ws/install/lab3/lib/python3.10/site-packages:/home/foiegreis/ros2_ws/install/my_interface/lib/python3.10/site-packages:/home/foiegreis/ros2_ws/install/lab2/lib/python3.10/site-packages:/home/foiegreis/ros2_ws/install/lab1/lib/python3.10/site-packages:/opt/ros/iron/lib/python3.10/site-packages /usr/bin/cmake --install /home/foiegreis/ros2_fndm_ws/build/cpp_actions
