[  1%] [34m[1mGenerating type hashes for ROS interfaces[0m
[  1%] Built target ament_cmake_python_copy_ros2_fndm_interface
[  1%] Built target ros2_fndm_interface__rosidl_generator_type_description
[  3%] [34m[1mGenerating C code for ROS interfaces[0m
[  5%] [34m[1mGenerating C++ code for ROS interfaces[0m
running egg_info
creating ros2_fndm_interface.egg-info
writing ros2_fndm_interface.egg-info/PKG-INFO
writing dependency_links to ros2_fndm_interface.egg-info/dependency_links.txt
writing top-level names to ros2_fndm_interface.egg-info/top_level.txt
writing manifest file 'ros2_fndm_interface.egg-info/SOURCES.txt'
reading manifest file 'ros2_fndm_interface.egg-info/SOURCES.txt'
writing manifest file 'ros2_fndm_interface.egg-info/SOURCES.txt'
[  5%] Built target ament_cmake_python_build_ros2_fndm_interface_egg
[  5%] Built target ros2_fndm_interface__cpp
[  7%] [32mBuilding C object CMakeFiles/ros2_fndm_interface__rosidl_generator_c.dir/rosidl_generator_c/ros2_fndm_interface/msg/detail/address_book__type_support.c.o[0m
[  9%] [32mBuilding C object CMakeFiles/ros2_fndm_interface__rosidl_generator_c.dir/rosidl_generator_c/ros2_fndm_interface/msg/detail/address_book__description.c.o[0m
[ 11%] [32mBuilding C object CMakeFiles/ros2_fndm_interface__rosidl_generator_c.dir/rosidl_generator_c/ros2_fndm_interface/msg/detail/address_book__functions.c.o[0m
[ 12%] [32mBuilding C object CMakeFiles/ros2_fndm_interface__rosidl_generator_c.dir/rosidl_generator_c/ros2_fndm_interface/srv/detail/add_three_ints__description.c.o[0m
[ 14%] [32mBuilding C object CMakeFiles/ros2_fndm_interface__rosidl_generator_c.dir/rosidl_generator_c/ros2_fndm_interface/srv/detail/add_three_ints__functions.c.o[0m
[ 16%] [32mBuilding C object CMakeFiles/ros2_fndm_interface__rosidl_generator_c.dir/rosidl_generator_c/ros2_fndm_interface/srv/detail/add_three_ints__type_support.c.o[0m
[ 18%] [32mBuilding C object CMakeFiles/ros2_fndm_interface__rosidl_generator_c.dir/rosidl_generator_c/ros2_fndm_interface/action/detail/fibonacci__functions.c.o[0m
[ 22%] [32mBuilding C object CMakeFiles/ros2_fndm_interface__rosidl_generator_c.dir/rosidl_generator_c/ros2_fndm_interface/action/detail/fibonacci__type_support.c.o[0m
[ 22%] [32mBuilding C object CMakeFiles/ros2_fndm_interface__rosidl_generator_c.dir/rosidl_generator_c/ros2_fndm_interface/action/detail/fibonacci__description.c.o[0m
[ 24%] [32m[1mLinking C shared library libros2_fndm_interface__rosidl_generator_c.so[0m
[ 24%] Built target ros2_fndm_interface__rosidl_generator_c
[ 27%] [34m[1mGenerating C type support dispatch for ROS interfaces[0m
[ 27%] [34m[1mGenerating C introspection for ROS interfaces[0m
[ 29%] [34m[1mGenerating C++ type support for eProsima Fast-RTPS[0m
[ 31%] [34m[1mGenerating C++ introspection for ROS interfaces[0m
[ 33%] [34m[1mGenerating C++ type support dispatch for ROS interfaces[0m
[ 35%] [34m[1mGenerating C type support for eProsima Fast-RTPS[0m
[ 37%] [32mBuilding CXX object CMakeFiles/ros2_fndm_interface__rosidl_typesupport_c.dir/rosidl_typesupport_c/ros2_fndm_interface/action/fibonacci__type_support.cpp.o[0m
[ 38%] [32mBuilding CXX object CMakeFiles/ros2_fndm_interface__rosidl_typesupport_c.dir/rosidl_typesupport_c/ros2_fndm_interface/msg/address_book__type_support.cpp.o[0m
[ 40%] [32mBuilding CXX object CMakeFiles/ros2_fndm_interface__rosidl_typesupport_c.dir/rosidl_typesupport_c/ros2_fndm_interface/srv/add_three_ints__type_support.cpp.o[0m
[ 42%] [32mBuilding CXX object CMakeFiles/ros2_fndm_interface__rosidl_typesupport_cpp.dir/rosidl_typesupport_cpp/ros2_fndm_interface/msg/address_book__type_support.cpp.o[0m
[ 44%] [32mBuilding CXX object CMakeFiles/ros2_fndm_interface__rosidl_typesupport_cpp.dir/rosidl_typesupport_cpp/ros2_fndm_interface/action/fibonacci__type_support.cpp.o[0m
[ 46%] [32mBuilding CXX object CMakeFiles/ros2_fndm_interface__rosidl_typesupport_cpp.dir/rosidl_typesupport_cpp/ros2_fndm_interface/srv/add_three_ints__type_support.cpp.o[0m
[ 48%] [32m[1mLinking CXX shared library libros2_fndm_interface__rosidl_typesupport_c.so[0m
[ 48%] Built target ros2_fndm_interface__rosidl_typesupport_c
[ 51%] [32mBuilding CXX object CMakeFiles/ros2_fndm_interface__rosidl_typesupport_introspection_cpp.dir/rosidl_typesupport_introspection_cpp/ros2_fndm_interface/action/detail/fibonacci__type_support.cpp.o[0m
[ 51%] [32mBuilding CXX object CMakeFiles/ros2_fndm_interface__rosidl_typesupport_introspection_cpp.dir/rosidl_typesupport_introspection_cpp/ros2_fndm_interface/msg/detail/address_book__type_support.cpp.o[0m
[ 53%] [32mBuilding CXX object CMakeFiles/ros2_fndm_interface__rosidl_typesupport_introspection_cpp.dir/rosidl_typesupport_introspection_cpp/ros2_fndm_interface/srv/detail/add_three_ints__type_support.cpp.o[0m
[ 55%] [32mBuilding C object CMakeFiles/ros2_fndm_interface__rosidl_typesupport_introspection_c.dir/rosidl_typesupport_introspection_c/ros2_fndm_interface/msg/detail/address_book__type_support.c.o[0m
[ 57%] [32mBuilding C object CMakeFiles/ros2_fndm_interface__rosidl_typesupport_introspection_c.dir/rosidl_typesupport_introspection_c/ros2_fndm_interface/action/detail/fibonacci__type_support.c.o[0m
[ 59%] [32mBuilding C object CMakeFiles/ros2_fndm_interface__rosidl_typesupport_introspection_c.dir/rosidl_typesupport_introspection_c/ros2_fndm_interface/srv/detail/add_three_ints__type_support.c.o[0m
[ 61%] [32mBuilding CXX object CMakeFiles/ros2_fndm_interface__rosidl_typesupport_fastrtps_c.dir/rosidl_typesupport_fastrtps_c/ros2_fndm_interface/srv/detail/add_three_ints__type_support_c.cpp.o[0m
[ 62%] [32mBuilding CXX object CMakeFiles/ros2_fndm_interface__rosidl_typesupport_fastrtps_c.dir/rosidl_typesupport_fastrtps_c/ros2_fndm_interface/msg/detail/address_book__type_support_c.cpp.o[0m
[ 64%] [32mBuilding CXX object CMakeFiles/ros2_fndm_interface__rosidl_typesupport_fastrtps_c.dir/rosidl_typesupport_fastrtps_c/ros2_fndm_interface/action/detail/fibonacci__type_support_c.cpp.o[0m
[ 66%] [32m[1mLinking C shared library libros2_fndm_interface__rosidl_typesupport_introspection_c.so[0m
[ 66%] Built target ros2_fndm_interface__rosidl_typesupport_introspection_c
[ 70%] [32mBuilding CXX object CMakeFiles/ros2_fndm_interface__rosidl_typesupport_fastrtps_cpp.dir/rosidl_typesupport_fastrtps_cpp/ros2_fndm_interface/srv/detail/dds_fastrtps/add_three_ints__type_support.cpp.o[0m
[ 70%] [32mBuilding CXX object CMakeFiles/ros2_fndm_interface__rosidl_typesupport_fastrtps_cpp.dir/rosidl_typesupport_fastrtps_cpp/ros2_fndm_interface/msg/detail/dds_fastrtps/address_book__type_support.cpp.o[0m
[ 72%] [32mBuilding CXX object CMakeFiles/ros2_fndm_interface__rosidl_typesupport_fastrtps_cpp.dir/rosidl_typesupport_fastrtps_cpp/ros2_fndm_interface/action/detail/dds_fastrtps/fibonacci__type_support.cpp.o[0m
[ 74%] [32m[1mLinking CXX shared library libros2_fndm_interface__rosidl_typesupport_fastrtps_c.so[0m
[ 74%] Built target ros2_fndm_interface__rosidl_typesupport_fastrtps_c
[ 75%] [32m[1mLinking CXX shared library libros2_fndm_interface__rosidl_typesupport_cpp.so[0m
[ 77%] [32m[1mLinking CXX shared library libros2_fndm_interface__rosidl_typesupport_introspection_cpp.so[0m
[ 77%] Built target ros2_fndm_interface__rosidl_typesupport_cpp
[ 77%] Built target ros2_fndm_interface__rosidl_typesupport_introspection_cpp
[ 79%] [32m[1mLinking CXX shared library libros2_fndm_interface__rosidl_typesupport_fastrtps_cpp.so[0m
[ 79%] Built target ros2_fndm_interface__rosidl_typesupport_fastrtps_cpp
[ 79%] Built target ros2_fndm_interface
[ 81%] [34m[1mGenerating Python code for ROS interfaces[0m
[ 81%] Built target ros2_fndm_interface__py
[ 85%] [32mBuilding C object CMakeFiles/ros2_fndm_interface__rosidl_generator_py.dir/rosidl_generator_py/ros2_fndm_interface/msg/_address_book_s.c.o[0m
[ 85%] [32mBuilding C object CMakeFiles/ros2_fndm_interface__rosidl_generator_py.dir/rosidl_generator_py/ros2_fndm_interface/srv/_add_three_ints_s.c.o[0m
[ 87%] [32mBuilding C object CMakeFiles/ros2_fndm_interface__rosidl_generator_py.dir/rosidl_generator_py/ros2_fndm_interface/action/_fibonacci_s.c.o[0m
[ 88%] [32m[1mLinking C shared library rosidl_generator_py/ros2_fndm_interface/libros2_fndm_interface__rosidl_generator_py.so[0m
[ 88%] Built target ros2_fndm_interface__rosidl_generator_py
[ 94%] [32mBuilding C object CMakeFiles/ros2_fndm_interface__rosidl_typesupport_introspection_c__pyext.dir/rosidl_generator_py/ros2_fndm_interface/_ros2_fndm_interface_s.ep.rosidl_typesupport_introspection_c.c.o[0m
[ 94%] [32mBuilding C object CMakeFiles/ros2_fndm_interface__rosidl_typesupport_c__pyext.dir/rosidl_generator_py/ros2_fndm_interface/_ros2_fndm_interface_s.ep.rosidl_typesupport_c.c.o[0m
[ 94%] [32mBuilding C object CMakeFiles/ros2_fndm_interface__rosidl_typesupport_fastrtps_c__pyext.dir/rosidl_generator_py/ros2_fndm_interface/_ros2_fndm_interface_s.ep.rosidl_typesupport_fastrtps_c.c.o[0m
[ 98%] [32m[1mLinking C shared library rosidl_generator_py/ros2_fndm_interface/ros2_fndm_interface_s__rosidl_typesupport_c.cpython-310-x86_64-linux-gnu.so[0m
[ 98%] [32m[1mLinking C shared library rosidl_generator_py/ros2_fndm_interface/ros2_fndm_interface_s__rosidl_typesupport_introspection_c.cpython-310-x86_64-linux-gnu.so[0m
[100%] [32m[1mLinking C shared library rosidl_generator_py/ros2_fndm_interface/ros2_fndm_interface_s__rosidl_typesupport_fastrtps_c.cpython-310-x86_64-linux-gnu.so[0m
[100%] Built target ros2_fndm_interface__rosidl_typesupport_introspection_c__pyext
[100%] Built target ros2_fndm_interface__rosidl_typesupport_c__pyext
[100%] Built target ros2_fndm_interface__rosidl_typesupport_fastrtps_c__pyext
-- Install configuration: ""
-- Installing: /home/foiegreis/ros2_fndm_ws/install/ros2_fndm_interface/share/ament_index/resource_index/rosidl_interfaces/ros2_fndm_interface
-- Installing: /home/foiegreis/ros2_fndm_ws/install/ros2_fndm_interface/share/ros2_fndm_interface/msg/AddressBook.json
-- Installing: /home/foiegreis/ros2_fndm_ws/install/ros2_fndm_interface/share/ros2_fndm_interface/srv/AddThreeInts.json
-- Installing: /home/foiegreis/ros2_fndm_ws/install/ros2_fndm_interface/share/ros2_fndm_interface/action/Fibonacci.json
-- Installing: /home/foiegreis/ros2_fndm_ws/install/ros2_fndm_interface/include/ros2_fndm_interface/ros2_fndm_interface
-- Installing: /home/foiegreis/ros2_fndm_ws/install/ros2_fndm_interface/include/ros2_fndm_interface/ros2_fndm_interface/srv
-- Installing: /home/foiegreis/ros2_fndm_ws/install/ros2_fndm_interface/include/ros2_fndm_interface/ros2_fndm_interface/srv/add_three_ints.h
-- Installing: /home/foiegreis/ros2_fndm_ws/install/ros2_fndm_interface/include/ros2_fndm_interface/ros2_fndm_interface/srv/detail
-- Installing: /home/foiegreis/ros2_fndm_ws/install/ros2_fndm_interface/include/ros2_fndm_interface/ros2_fndm_interface/srv/detail/add_three_ints__functions.c
-- Installing: /home/foiegreis/ros2_fndm_ws/install/ros2_fndm_interface/include/ros2_fndm_interface/ros2_fndm_interface/srv/detail/add_three_ints__functions.h
-- Installing: /home/foiegreis/ros2_fndm_ws/install/ros2_fndm_interface/include/ros2_fndm_interface/ros2_fndm_interface/srv/detail/add_three_ints__struct.h
-- Installing: /home/foiegreis/ros2_fndm_ws/install/ros2_fndm_interface/include/ros2_fndm_interface/ros2_fndm_interface/srv/detail/add_three_ints__type_support.c
-- Installing: /home/foiegreis/ros2_fndm_ws/install/ros2_fndm_interface/include/ros2_fndm_interface/ros2_fndm_interface/srv/detail/add_three_ints__description.c
-- Installing: /home/foiegreis/ros2_fndm_ws/install/ros2_fndm_interface/include/ros2_fndm_interface/ros2_fndm_interface/srv/detail/add_three_ints__type_support.h
-- Installing: /home/foiegreis/ros2_fndm_ws/install/ros2_fndm_interface/include/ros2_fndm_interface/ros2_fndm_interface/msg
-- Installing: /home/foiegreis/ros2_fndm_ws/install/ros2_fndm_interface/include/ros2_fndm_interface/ros2_fndm_interface/msg/address_book.h
-- Installing: /home/foiegreis/ros2_fndm_ws/install/ros2_fndm_interface/include/ros2_fndm_interface/ros2_fndm_interface/msg/detail
-- Installing: /home/foiegreis/ros2_fndm_ws/install/ros2_fndm_interface/include/ros2_fndm_interface/ros2_fndm_interface/msg/detail/address_book__functions.h
-- Installing: /home/foiegreis/ros2_fndm_ws/install/ros2_fndm_interface/include/ros2_fndm_interface/ros2_fndm_interface/msg/detail/address_book__functions.c
-- Installing: /home/foiegreis/ros2_fndm_ws/install/ros2_fndm_interface/include/ros2_fndm_interface/ros2_fndm_interface/msg/detail/address_book__struct.h
-- Installing: /home/foiegreis/ros2_fndm_ws/install/ros2_fndm_interface/include/ros2_fndm_interface/ros2_fndm_interface/msg/detail/address_book__description.c
-- Installing: /home/foiegreis/ros2_fndm_ws/install/ros2_fndm_interface/include/ros2_fndm_interface/ros2_fndm_interface/msg/detail/address_book__type_support.c
-- Installing: /home/foiegreis/ros2_fndm_ws/install/ros2_fndm_interface/include/ros2_fndm_interface/ros2_fndm_interface/msg/detail/address_book__type_support.h
-- Installing: /home/foiegreis/ros2_fndm_ws/install/ros2_fndm_interface/include/ros2_fndm_interface/ros2_fndm_interface/msg/rosidl_generator_c__visibility_control.h
-- Installing: /home/foiegreis/ros2_fndm_ws/install/ros2_fndm_interface/include/ros2_fndm_interface/ros2_fndm_interface/action
-- Installing: /home/foiegreis/ros2_fndm_ws/install/ros2_fndm_interface/include/ros2_fndm_interface/ros2_fndm_interface/action/fibonacci.h
-- Installing: /home/foiegreis/ros2_fndm_ws/install/ros2_fndm_interface/include/ros2_fndm_interface/ros2_fndm_interface/action/detail
-- Installing: /home/foiegreis/ros2_fndm_ws/install/ros2_fndm_interface/include/ros2_fndm_interface/ros2_fndm_interface/action/detail/fibonacci__type_support.h
-- Installing: /home/foiegreis/ros2_fndm_ws/install/ros2_fndm_interface/include/ros2_fndm_interface/ros2_fndm_interface/action/detail/fibonacci__description.c
-- Installing: /home/foiegreis/ros2_fndm_ws/install/ros2_fndm_interface/include/ros2_fndm_interface/ros2_fndm_interface/action/detail/fibonacci__type_support.c
-- Installing: /home/foiegreis/ros2_fndm_ws/install/ros2_fndm_interface/include/ros2_fndm_interface/ros2_fndm_interface/action/detail/fibonacci__functions.h
-- Installing: /home/foiegreis/ros2_fndm_ws/install/ros2_fndm_interface/include/ros2_fndm_interface/ros2_fndm_interface/action/detail/fibonacci__struct.h
-- Installing: /home/foiegreis/ros2_fndm_ws/install/ros2_fndm_interface/include/ros2_fndm_interface/ros2_fndm_interface/action/detail/fibonacci__functions.c
-- Installing: /home/foiegreis/ros2_fndm_ws/install/ros2_fndm_interface/share/ros2_fndm_interface/environment/library_path.sh
-- Installing: /home/foiegreis/ros2_fndm_ws/install/ros2_fndm_interface/share/ros2_fndm_interface/environment/library_path.dsv
-- Installing: /home/foiegreis/ros2_fndm_ws/install/ros2_fndm_interface/lib/libros2_fndm_interface__rosidl_generator_c.so
-- Set runtime path of "/home/foiegreis/ros2_fndm_ws/install/ros2_fndm_interface/lib/libros2_fndm_interface__rosidl_generator_c.so" to ""
-- Up-to-date: /home/foiegreis/ros2_fndm_ws/install/ros2_fndm_interface/include/ros2_fndm_interface/ros2_fndm_interface
-- Up-to-date: /home/foiegreis/ros2_fndm_ws/install/ros2_fndm_interface/include/ros2_fndm_interface/ros2_fndm_interface/srv
-- Up-to-date: /home/foiegreis/ros2_fndm_ws/install/ros2_fndm_interface/include/ros2_fndm_interface/ros2_fndm_interface/srv/detail
-- Installing: /home/foiegreis/ros2_fndm_ws/install/ros2_fndm_interface/include/ros2_fndm_interface/ros2_fndm_interface/srv/detail/add_three_ints__rosidl_typesupport_fastrtps_c.h
-- Up-to-date: /home/foiegreis/ros2_fndm_ws/install/ros2_fndm_interface/include/ros2_fndm_interface/ros2_fndm_interface/msg
-- Installing: /home/foiegreis/ros2_fndm_ws/install/ros2_fndm_interface/include/ros2_fndm_interface/ros2_fndm_interface/msg/rosidl_typesupport_fastrtps_c__visibility_control.h
-- Up-to-date: /home/foiegreis/ros2_fndm_ws/install/ros2_fndm_interface/include/ros2_fndm_interface/ros2_fndm_interface/msg/detail
-- Installing: /home/foiegreis/ros2_fndm_ws/install/ros2_fndm_interface/include/ros2_fndm_interface/ros2_fndm_interface/msg/detail/address_book__rosidl_typesupport_fastrtps_c.h
-- Up-to-date: /home/foiegreis/ros2_fndm_ws/install/ros2_fndm_interface/include/ros2_fndm_interface/ros2_fndm_interface/action
-- Up-to-date: /home/foiegreis/ros2_fndm_ws/install/ros2_fndm_interface/include/ros2_fndm_interface/ros2_fndm_interface/action/detail
-- Installing: /home/foiegreis/ros2_fndm_ws/install/ros2_fndm_interface/include/ros2_fndm_interface/ros2_fndm_interface/action/detail/fibonacci__rosidl_typesupport_fastrtps_c.h
-- Installing: /home/foiegreis/ros2_fndm_ws/install/ros2_fndm_interface/lib/libros2_fndm_interface__rosidl_typesupport_fastrtps_c.so
-- Set runtime path of "/home/foiegreis/ros2_fndm_ws/install/ros2_fndm_interface/lib/libros2_fndm_interface__rosidl_typesupport_fastrtps_c.so" to ""
-- Up-to-date: /home/foiegreis/ros2_fndm_ws/install/ros2_fndm_interface/include/ros2_fndm_interface/ros2_fndm_interface
-- Up-to-date: /home/foiegreis/ros2_fndm_ws/install/ros2_fndm_interface/include/ros2_fndm_interface/ros2_fndm_interface/srv
-- Up-to-date: /home/foiegreis/ros2_fndm_ws/install/ros2_fndm_interface/include/ros2_fndm_interface/ros2_fndm_interface/srv/detail
-- Installing: /home/foiegreis/ros2_fndm_ws/install/ros2_fndm_interface/include/ros2_fndm_interface/ros2_fndm_interface/srv/detail/add_three_ints__type_support.c
-- Installing: /home/foiegreis/ros2_fndm_ws/install/ros2_fndm_interface/include/ros2_fndm_interface/ros2_fndm_interface/srv/detail/add_three_ints__rosidl_typesupport_introspection_c.h
-- Up-to-date: /home/foiegreis/ros2_fndm_ws/install/ros2_fndm_interface/include/ros2_fndm_interface/ros2_fndm_interface/msg
-- Installing: /home/foiegreis/ros2_fndm_ws/install/ros2_fndm_interface/include/ros2_fndm_interface/ros2_fndm_interface/msg/rosidl_typesupport_introspection_c__visibility_control.h
-- Up-to-date: /home/foiegreis/ros2_fndm_ws/install/ros2_fndm_interface/include/ros2_fndm_interface/ros2_fndm_interface/msg/detail
-- Installing: /home/foiegreis/ros2_fndm_ws/install/ros2_fndm_interface/include/ros2_fndm_interface/ros2_fndm_interface/msg/detail/address_book__type_support.c
-- Installing: /home/foiegreis/ros2_fndm_ws/install/ros2_fndm_interface/include/ros2_fndm_interface/ros2_fndm_interface/msg/detail/address_book__rosidl_typesupport_introspection_c.h
-- Up-to-date: /home/foiegreis/ros2_fndm_ws/install/ros2_fndm_interface/include/ros2_fndm_interface/ros2_fndm_interface/action
-- Up-to-date: /home/foiegreis/ros2_fndm_ws/install/ros2_fndm_interface/include/ros2_fndm_interface/ros2_fndm_interface/action/detail
-- Installing: /home/foiegreis/ros2_fndm_ws/install/ros2_fndm_interface/include/ros2_fndm_interface/ros2_fndm_interface/action/detail/fibonacci__type_support.c
-- Installing: /home/foiegreis/ros2_fndm_ws/install/ros2_fndm_interface/include/ros2_fndm_interface/ros2_fndm_interface/action/detail/fibonacci__rosidl_typesupport_introspection_c.h
-- Installing: /home/foiegreis/ros2_fndm_ws/install/ros2_fndm_interface/lib/libros2_fndm_interface__rosidl_typesupport_introspection_c.so
-- Set runtime path of "/home/foiegreis/ros2_fndm_ws/install/ros2_fndm_interface/lib/libros2_fndm_interface__rosidl_typesupport_introspection_c.so" to ""
-- Installing: /home/foiegreis/ros2_fndm_ws/install/ros2_fndm_interface/lib/libros2_fndm_interface__rosidl_typesupport_c.so
-- Set runtime path of "/home/foiegreis/ros2_fndm_ws/install/ros2_fndm_interface/lib/libros2_fndm_interface__rosidl_typesupport_c.so" to ""
-- Up-to-date: /home/foiegreis/ros2_fndm_ws/install/ros2_fndm_interface/include/ros2_fndm_interface/ros2_fndm_interface
-- Up-to-date: /home/foiegreis/ros2_fndm_ws/install/ros2_fndm_interface/include/ros2_fndm_interface/ros2_fndm_interface/srv
-- Installing: /home/foiegreis/ros2_fndm_ws/install/ros2_fndm_interface/include/ros2_fndm_interface/ros2_fndm_interface/srv/add_three_ints.hpp
-- Up-to-date: /home/foiegreis/ros2_fndm_ws/install/ros2_fndm_interface/include/ros2_fndm_interface/ros2_fndm_interface/srv/detail
-- Installing: /home/foiegreis/ros2_fndm_ws/install/ros2_fndm_interface/include/ros2_fndm_interface/ros2_fndm_interface/srv/detail/add_three_ints__builder.hpp
-- Installing: /home/foiegreis/ros2_fndm_ws/install/ros2_fndm_interface/include/ros2_fndm_interface/ros2_fndm_interface/srv/detail/add_three_ints__struct.hpp
-- Installing: /home/foiegreis/ros2_fndm_ws/install/ros2_fndm_interface/include/ros2_fndm_interface/ros2_fndm_interface/srv/detail/add_three_ints__traits.hpp
-- Up-to-date: /home/foiegreis/ros2_fndm_ws/install/ros2_fndm_interface/include/ros2_fndm_interface/ros2_fndm_interface/msg
-- Installing: /home/foiegreis/ros2_fndm_ws/install/ros2_fndm_interface/include/ros2_fndm_interface/ros2_fndm_interface/msg/address_book.hpp
-- Up-to-date: /home/foiegreis/ros2_fndm_ws/install/ros2_fndm_interface/include/ros2_fndm_interface/ros2_fndm_interface/msg/detail
-- Installing: /home/foiegreis/ros2_fndm_ws/install/ros2_fndm_interface/include/ros2_fndm_interface/ros2_fndm_interface/msg/detail/address_book__builder.hpp
-- Installing: /home/foiegreis/ros2_fndm_ws/install/ros2_fndm_interface/include/ros2_fndm_interface/ros2_fndm_interface/msg/detail/address_book__struct.hpp
-- Installing: /home/foiegreis/ros2_fndm_ws/install/ros2_fndm_interface/include/ros2_fndm_interface/ros2_fndm_interface/msg/detail/address_book__traits.hpp
-- Up-to-date: /home/foiegreis/ros2_fndm_ws/install/ros2_fndm_interface/include/ros2_fndm_interface/ros2_fndm_interface/action
-- Installing: /home/foiegreis/ros2_fndm_ws/install/ros2_fndm_interface/include/ros2_fndm_interface/ros2_fndm_interface/action/fibonacci.hpp
-- Up-to-date: /home/foiegreis/ros2_fndm_ws/install/ros2_fndm_interface/include/ros2_fndm_interface/ros2_fndm_interface/action/detail
-- Installing: /home/foiegreis/ros2_fndm_ws/install/ros2_fndm_interface/include/ros2_fndm_interface/ros2_fndm_interface/action/detail/fibonacci__struct.hpp
-- Installing: /home/foiegreis/ros2_fndm_ws/install/ros2_fndm_interface/include/ros2_fndm_interface/ros2_fndm_interface/action/detail/fibonacci__builder.hpp
-- Installing: /home/foiegreis/ros2_fndm_ws/install/ros2_fndm_interface/include/ros2_fndm_interface/ros2_fndm_interface/action/detail/fibonacci__traits.hpp
-- Up-to-date: /home/foiegreis/ros2_fndm_ws/install/ros2_fndm_interface/include/ros2_fndm_interface/ros2_fndm_interface
-- Up-to-date: /home/foiegreis/ros2_fndm_ws/install/ros2_fndm_interface/include/ros2_fndm_interface/ros2_fndm_interface/srv
-- Up-to-date: /home/foiegreis/ros2_fndm_ws/install/ros2_fndm_interface/include/ros2_fndm_interface/ros2_fndm_interface/srv/detail
-- Installing: /home/foiegreis/ros2_fndm_ws/install/ros2_fndm_interface/include/ros2_fndm_interface/ros2_fndm_interface/srv/detail/add_three_ints__rosidl_typesupport_fastrtps_cpp.hpp
-- Installing: /home/foiegreis/ros2_fndm_ws/install/ros2_fndm_interface/include/ros2_fndm_interface/ros2_fndm_interface/srv/detail/dds_fastrtps
-- Up-to-date: /home/foiegreis/ros2_fndm_ws/install/ros2_fndm_interface/include/ros2_fndm_interface/ros2_fndm_interface/msg
-- Up-to-date: /home/foiegreis/ros2_fndm_ws/install/ros2_fndm_interface/include/ros2_fndm_interface/ros2_fndm_interface/msg/detail
-- Installing: /home/foiegreis/ros2_fndm_ws/install/ros2_fndm_interface/include/ros2_fndm_interface/ros2_fndm_interface/msg/detail/address_book__rosidl_typesupport_fastrtps_cpp.hpp
-- Installing: /home/foiegreis/ros2_fndm_ws/install/ros2_fndm_interface/include/ros2_fndm_interface/ros2_fndm_interface/msg/detail/dds_fastrtps
-- Installing: /home/foiegreis/ros2_fndm_ws/install/ros2_fndm_interface/include/ros2_fndm_interface/ros2_fndm_interface/msg/rosidl_typesupport_fastrtps_cpp__visibility_control.h
-- Up-to-date: /home/foiegreis/ros2_fndm_ws/install/ros2_fndm_interface/include/ros2_fndm_interface/ros2_fndm_interface/action
-- Up-to-date: /home/foiegreis/ros2_fndm_ws/install/ros2_fndm_interface/include/ros2_fndm_interface/ros2_fndm_interface/action/detail
-- Installing: /home/foiegreis/ros2_fndm_ws/install/ros2_fndm_interface/include/ros2_fndm_interface/ros2_fndm_interface/action/detail/fibonacci__rosidl_typesupport_fastrtps_cpp.hpp
-- Installing: /home/foiegreis/ros2_fndm_ws/install/ros2_fndm_interface/include/ros2_fndm_interface/ros2_fndm_interface/action/detail/dds_fastrtps
-- Installing: /home/foiegreis/ros2_fndm_ws/install/ros2_fndm_interface/lib/libros2_fndm_interface__rosidl_typesupport_fastrtps_cpp.so
-- Set runtime path of "/home/foiegreis/ros2_fndm_ws/install/ros2_fndm_interface/lib/libros2_fndm_interface__rosidl_typesupport_fastrtps_cpp.so" to ""
-- Up-to-date: /home/foiegreis/ros2_fndm_ws/install/ros2_fndm_interface/include/ros2_fndm_interface/ros2_fndm_interface
-- Up-to-date: /home/foiegreis/ros2_fndm_ws/install/ros2_fndm_interface/include/ros2_fndm_interface/ros2_fndm_interface/srv
-- Up-to-date: /home/foiegreis/ros2_fndm_ws/install/ros2_fndm_interface/include/ros2_fndm_interface/ros2_fndm_interface/srv/detail
-- Installing: /home/foiegreis/ros2_fndm_ws/install/ros2_fndm_interface/include/ros2_fndm_interface/ros2_fndm_interface/srv/detail/add_three_ints__rosidl_typesupport_introspection_cpp.hpp
-- Installing: /home/foiegreis/ros2_fndm_ws/install/ros2_fndm_interface/include/ros2_fndm_interface/ros2_fndm_interface/srv/detail/add_three_ints__type_support.cpp
-- Up-to-date: /home/foiegreis/ros2_fndm_ws/install/ros2_fndm_interface/include/ros2_fndm_interface/ros2_fndm_interface/msg
-- Up-to-date: /home/foiegreis/ros2_fndm_ws/install/ros2_fndm_interface/include/ros2_fndm_interface/ros2_fndm_interface/msg/detail
-- Installing: /home/foiegreis/ros2_fndm_ws/install/ros2_fndm_interface/include/ros2_fndm_interface/ros2_fndm_interface/msg/detail/address_book__rosidl_typesupport_introspection_cpp.hpp
-- Installing: /home/foiegreis/ros2_fndm_ws/install/ros2_fndm_interface/include/ros2_fndm_interface/ros2_fndm_interface/msg/detail/address_book__type_support.cpp
-- Up-to-date: /home/foiegreis/ros2_fndm_ws/install/ros2_fndm_interface/include/ros2_fndm_interface/ros2_fndm_interface/action
-- Up-to-date: /home/foiegreis/ros2_fndm_ws/install/ros2_fndm_interface/include/ros2_fndm_interface/ros2_fndm_interface/action/detail
-- Installing: /home/foiegreis/ros2_fndm_ws/install/ros2_fndm_interface/include/ros2_fndm_interface/ros2_fndm_interface/action/detail/fibonacci__rosidl_typesupport_introspection_cpp.hpp
-- Installing: /home/foiegreis/ros2_fndm_ws/install/ros2_fndm_interface/include/ros2_fndm_interface/ros2_fndm_interface/action/detail/fibonacci__type_support.cpp
-- Installing: /home/foiegreis/ros2_fndm_ws/install/ros2_fndm_interface/lib/libros2_fndm_interface__rosidl_typesupport_introspection_cpp.so
-- Set runtime path of "/home/foiegreis/ros2_fndm_ws/install/ros2_fndm_interface/lib/libros2_fndm_interface__rosidl_typesupport_introspection_cpp.so" to ""
-- Installing: /home/foiegreis/ros2_fndm_ws/install/ros2_fndm_interface/lib/libros2_fndm_interface__rosidl_typesupport_cpp.so
-- Set runtime path of "/home/foiegreis/ros2_fndm_ws/install/ros2_fndm_interface/lib/libros2_fndm_interface__rosidl_typesupport_cpp.so" to ""
-- Installing: /home/foiegreis/ros2_fndm_ws/install/ros2_fndm_interface/share/ros2_fndm_interface/environment/pythonpath.sh
-- Installing: /home/foiegreis/ros2_fndm_ws/install/ros2_fndm_interface/share/ros2_fndm_interface/environment/pythonpath.dsv
-- Installing: /home/foiegreis/ros2_fndm_ws/install/ros2_fndm_interface/lib/python3.10/site-packages/ros2_fndm_interface-0.0.0-py3.10.egg-info
-- Installing: /home/foiegreis/ros2_fndm_ws/install/ros2_fndm_interface/lib/python3.10/site-packages/ros2_fndm_interface-0.0.0-py3.10.egg-info/PKG-INFO
-- Installing: /home/foiegreis/ros2_fndm_ws/install/ros2_fndm_interface/lib/python3.10/site-packages/ros2_fndm_interface-0.0.0-py3.10.egg-info/dependency_links.txt
-- Installing: /home/foiegreis/ros2_fndm_ws/install/ros2_fndm_interface/lib/python3.10/site-packages/ros2_fndm_interface-0.0.0-py3.10.egg-info/SOURCES.txt
-- Installing: /home/foiegreis/ros2_fndm_ws/install/ros2_fndm_interface/lib/python3.10/site-packages/ros2_fndm_interface-0.0.0-py3.10.egg-info/top_level.txt
-- Installing: /home/foiegreis/ros2_fndm_ws/install/ros2_fndm_interface/lib/python3.10/site-packages/ros2_fndm_interface
-- Installing: /home/foiegreis/ros2_fndm_ws/install/ros2_fndm_interface/lib/python3.10/site-packages/ros2_fndm_interface/__init__.py
-- Installing: /home/foiegreis/ros2_fndm_ws/install/ros2_fndm_interface/lib/python3.10/site-packages/ros2_fndm_interface/ros2_fndm_interface_s__rosidl_typesupport_fastrtps_c.cpython-310-x86_64-linux-gnu.so
-- Installing: /home/foiegreis/ros2_fndm_ws/install/ros2_fndm_interface/lib/python3.10/site-packages/ros2_fndm_interface/ros2_fndm_interface_s__rosidl_typesupport_c.cpython-310-x86_64-linux-gnu.so
-- Installing: /home/foiegreis/ros2_fndm_ws/install/ros2_fndm_interface/lib/python3.10/site-packages/ros2_fndm_interface/_ros2_fndm_interface_s.ep.rosidl_typesupport_fastrtps_c.c
-- Installing: /home/foiegreis/ros2_fndm_ws/install/ros2_fndm_interface/lib/python3.10/site-packages/ros2_fndm_interface/_ros2_fndm_interface_s.ep.rosidl_typesupport_introspection_c.c
-- Installing: /home/foiegreis/ros2_fndm_ws/install/ros2_fndm_interface/lib/python3.10/site-packages/ros2_fndm_interface/_ros2_fndm_interface_s.ep.rosidl_typesupport_c.c
-- Installing: /home/foiegreis/ros2_fndm_ws/install/ros2_fndm_interface/lib/python3.10/site-packages/ros2_fndm_interface/srv
-- Installing: /home/foiegreis/ros2_fndm_ws/install/ros2_fndm_interface/lib/python3.10/site-packages/ros2_fndm_interface/srv/__init__.py
-- Installing: /home/foiegreis/ros2_fndm_ws/install/ros2_fndm_interface/lib/python3.10/site-packages/ros2_fndm_interface/srv/_add_three_ints_s.c
-- Installing: /home/foiegreis/ros2_fndm_ws/install/ros2_fndm_interface/lib/python3.10/site-packages/ros2_fndm_interface/srv/_add_three_ints.py
-- Installing: /home/foiegreis/ros2_fndm_ws/install/ros2_fndm_interface/lib/python3.10/site-packages/ros2_fndm_interface/libros2_fndm_interface__rosidl_generator_py.so
-- Installing: /home/foiegreis/ros2_fndm_ws/install/ros2_fndm_interface/lib/python3.10/site-packages/ros2_fndm_interface/ros2_fndm_interface_s__rosidl_typesupport_introspection_c.cpython-310-x86_64-linux-gnu.so
-- Installing: /home/foiegreis/ros2_fndm_ws/install/ros2_fndm_interface/lib/python3.10/site-packages/ros2_fndm_interface/msg
-- Installing: /home/foiegreis/ros2_fndm_ws/install/ros2_fndm_interface/lib/python3.10/site-packages/ros2_fndm_interface/msg/__init__.py
-- Installing: /home/foiegreis/ros2_fndm_ws/install/ros2_fndm_interface/lib/python3.10/site-packages/ros2_fndm_interface/msg/_address_book.py
-- Installing: /home/foiegreis/ros2_fndm_ws/install/ros2_fndm_interface/lib/python3.10/site-packages/ros2_fndm_interface/msg/_address_book_s.c
-- Installing: /home/foiegreis/ros2_fndm_ws/install/ros2_fndm_interface/lib/python3.10/site-packages/ros2_fndm_interface/action
-- Installing: /home/foiegreis/ros2_fndm_ws/install/ros2_fndm_interface/lib/python3.10/site-packages/ros2_fndm_interface/action/_fibonacci.py
-- Installing: /home/foiegreis/ros2_fndm_ws/install/ros2_fndm_interface/lib/python3.10/site-packages/ros2_fndm_interface/action/__init__.py
-- Installing: /home/foiegreis/ros2_fndm_ws/install/ros2_fndm_interface/lib/python3.10/site-packages/ros2_fndm_interface/action/_fibonacci_s.c
Listing '/home/foiegreis/ros2_fndm_ws/install/ros2_fndm_interface/lib/python3.10/site-packages/ros2_fndm_interface'...
Compiling '/home/foiegreis/ros2_fndm_ws/install/ros2_fndm_interface/lib/python3.10/site-packages/ros2_fndm_interface/__init__.py'...
Listing '/home/foiegreis/ros2_fndm_ws/install/ros2_fndm_interface/lib/python3.10/site-packages/ros2_fndm_interface/action'...
Compiling '/home/foiegreis/ros2_fndm_ws/install/ros2_fndm_interface/lib/python3.10/site-packages/ros2_fndm_interface/action/__init__.py'...
Compiling '/home/foiegreis/ros2_fndm_ws/install/ros2_fndm_interface/lib/python3.10/site-packages/ros2_fndm_interface/action/_fibonacci.py'...
Listing '/home/foiegreis/ros2_fndm_ws/install/ros2_fndm_interface/lib/python3.10/site-packages/ros2_fndm_interface/msg'...
Compiling '/home/foiegreis/ros2_fndm_ws/install/ros2_fndm_interface/lib/python3.10/site-packages/ros2_fndm_interface/msg/__init__.py'...
Compiling '/home/foiegreis/ros2_fndm_ws/install/ros2_fndm_interface/lib/python3.10/site-packages/ros2_fndm_interface/msg/_address_book.py'...
Listing '/home/foiegreis/ros2_fndm_ws/install/ros2_fndm_interface/lib/python3.10/site-packages/ros2_fndm_interface/srv'...
Compiling '/home/foiegreis/ros2_fndm_ws/install/ros2_fndm_interface/lib/python3.10/site-packages/ros2_fndm_interface/srv/__init__.py'...
Compiling '/home/foiegreis/ros2_fndm_ws/install/ros2_fndm_interface/lib/python3.10/site-packages/ros2_fndm_interface/srv/_add_three_ints.py'...
-- Installing: /home/foiegreis/ros2_fndm_ws/install/ros2_fndm_interface/lib/python3.10/site-packages/ros2_fndm_interface/ros2_fndm_interface_s__rosidl_typesupport_fastrtps_c.cpython-310-x86_64-linux-gnu.so
-- Set runtime path of "/home/foiegreis/ros2_fndm_ws/install/ros2_fndm_interface/lib/python3.10/site-packages/ros2_fndm_interface/ros2_fndm_interface_s__rosidl_typesupport_fastrtps_c.cpython-310-x86_64-linux-gnu.so" to ""
-- Installing: /home/foiegreis/ros2_fndm_ws/install/ros2_fndm_interface/lib/python3.10/site-packages/ros2_fndm_interface/ros2_fndm_interface_s__rosidl_typesupport_introspection_c.cpython-310-x86_64-linux-gnu.so
-- Set runtime path of "/home/foiegreis/ros2_fndm_ws/install/ros2_fndm_interface/lib/python3.10/site-packages/ros2_fndm_interface/ros2_fndm_interface_s__rosidl_typesupport_introspection_c.cpython-310-x86_64-linux-gnu.so" to ""
-- Installing: /home/foiegreis/ros2_fndm_ws/install/ros2_fndm_interface/lib/python3.10/site-packages/ros2_fndm_interface/ros2_fndm_interface_s__rosidl_typesupport_c.cpython-310-x86_64-linux-gnu.so
-- Set runtime path of "/home/foiegreis/ros2_fndm_ws/install/ros2_fndm_interface/lib/python3.10/site-packages/ros2_fndm_interface/ros2_fndm_interface_s__rosidl_typesupport_c.cpython-310-x86_64-linux-gnu.so" to ""
-- Installing: /home/foiegreis/ros2_fndm_ws/install/ros2_fndm_interface/lib/libros2_fndm_interface__rosidl_generator_py.so
-- Set runtime path of "/home/foiegreis/ros2_fndm_ws/install/ros2_fndm_interface/lib/libros2_fndm_interface__rosidl_generator_py.so" to ""
-- Installing: /home/foiegreis/ros2_fndm_ws/install/ros2_fndm_interface/share/ros2_fndm_interface/msg/AddressBook.idl
-- Installing: /home/foiegreis/ros2_fndm_ws/install/ros2_fndm_interface/share/ros2_fndm_interface/srv/AddThreeInts.idl
-- Installing: /home/foiegreis/ros2_fndm_ws/install/ros2_fndm_interface/share/ros2_fndm_interface/action/Fibonacci.idl
-- Installing: /home/foiegreis/ros2_fndm_ws/install/ros2_fndm_interface/share/ros2_fndm_interface/msg/AddressBook.msg
-- Installing: /home/foiegreis/ros2_fndm_ws/install/ros2_fndm_interface/share/ros2_fndm_interface/srv/AddThreeInts.srv
-- Installing: /home/foiegreis/ros2_fndm_ws/install/ros2_fndm_interface/share/ros2_fndm_interface/srv/AddThreeInts_Request.msg
-- Installing: /home/foiegreis/ros2_fndm_ws/install/ros2_fndm_interface/share/ros2_fndm_interface/srv/AddThreeInts_Response.msg
-- Installing: /home/foiegreis/ros2_fndm_ws/install/ros2_fndm_interface/share/ros2_fndm_interface/action/Fibonacci.action
-- Installing: /home/foiegreis/ros2_fndm_ws/install/ros2_fndm_interface/share/ament_index/resource_index/package_run_dependencies/ros2_fndm_interface
-- Installing: /home/foiegreis/ros2_fndm_ws/install/ros2_fndm_interface/share/ament_index/resource_index/parent_prefix_path/ros2_fndm_interface
-- Installing: /home/foiegreis/ros2_fndm_ws/install/ros2_fndm_interface/share/ros2_fndm_interface/environment/ament_prefix_path.sh
-- Installing: /home/foiegreis/ros2_fndm_ws/install/ros2_fndm_interface/share/ros2_fndm_interface/environment/ament_prefix_path.dsv
-- Installing: /home/foiegreis/ros2_fndm_ws/install/ros2_fndm_interface/share/ros2_fndm_interface/environment/path.sh
-- Installing: /home/foiegreis/ros2_fndm_ws/install/ros2_fndm_interface/share/ros2_fndm_interface/environment/path.dsv
-- Installing: /home/foiegreis/ros2_fndm_ws/install/ros2_fndm_interface/share/ros2_fndm_interface/local_setup.bash
-- Installing: /home/foiegreis/ros2_fndm_ws/install/ros2_fndm_interface/share/ros2_fndm_interface/local_setup.sh
-- Installing: /home/foiegreis/ros2_fndm_ws/install/ros2_fndm_interface/share/ros2_fndm_interface/local_setup.zsh
-- Installing: /home/foiegreis/ros2_fndm_ws/install/ros2_fndm_interface/share/ros2_fndm_interface/local_setup.dsv
-- Installing: /home/foiegreis/ros2_fndm_ws/install/ros2_fndm_interface/share/ros2_fndm_interface/package.dsv
-- Installing: /home/foiegreis/ros2_fndm_ws/install/ros2_fndm_interface/share/ament_index/resource_index/packages/ros2_fndm_interface
-- Installing: /home/foiegreis/ros2_fndm_ws/install/ros2_fndm_interface/share/ros2_fndm_interface/cmake/export_ros2_fndm_interface__rosidl_generator_cExport.cmake
-- Installing: /home/foiegreis/ros2_fndm_ws/install/ros2_fndm_interface/share/ros2_fndm_interface/cmake/export_ros2_fndm_interface__rosidl_generator_cExport-noconfig.cmake
-- Installing: /home/foiegreis/ros2_fndm_ws/install/ros2_fndm_interface/share/ros2_fndm_interface/cmake/export_ros2_fndm_interface__rosidl_typesupport_fastrtps_cExport.cmake
-- Installing: /home/foiegreis/ros2_fndm_ws/install/ros2_fndm_interface/share/ros2_fndm_interface/cmake/export_ros2_fndm_interface__rosidl_typesupport_fastrtps_cExport-noconfig.cmake
-- Installing: /home/foiegreis/ros2_fndm_ws/install/ros2_fndm_interface/share/ros2_fndm_interface/cmake/ros2_fndm_interface__rosidl_typesupport_introspection_cExport.cmake
-- Installing: /home/foiegreis/ros2_fndm_ws/install/ros2_fndm_interface/share/ros2_fndm_interface/cmake/ros2_fndm_interface__rosidl_typesupport_introspection_cExport-noconfig.cmake
-- Installing: /home/foiegreis/ros2_fndm_ws/install/ros2_fndm_interface/share/ros2_fndm_interface/cmake/ros2_fndm_interface__rosidl_typesupport_cExport.cmake
-- Installing: /home/foiegreis/ros2_fndm_ws/install/ros2_fndm_interface/share/ros2_fndm_interface/cmake/ros2_fndm_interface__rosidl_typesupport_cExport-noconfig.cmake
-- Installing: /home/foiegreis/ros2_fndm_ws/install/ros2_fndm_interface/share/ros2_fndm_interface/cmake/export_ros2_fndm_interface__rosidl_generator_cppExport.cmake
-- Installing: /home/foiegreis/ros2_fndm_ws/install/ros2_fndm_interface/share/ros2_fndm_interface/cmake/export_ros2_fndm_interface__rosidl_typesupport_fastrtps_cppExport.cmake
-- Installing: /home/foiegreis/ros2_fndm_ws/install/ros2_fndm_interface/share/ros2_fndm_interface/cmake/export_ros2_fndm_interface__rosidl_typesupport_fastrtps_cppExport-noconfig.cmake
-- Installing: /home/foiegreis/ros2_fndm_ws/install/ros2_fndm_interface/share/ros2_fndm_interface/cmake/ros2_fndm_interface__rosidl_typesupport_introspection_cppExport.cmake
-- Installing: /home/foiegreis/ros2_fndm_ws/install/ros2_fndm_interface/share/ros2_fndm_interface/cmake/ros2_fndm_interface__rosidl_typesupport_introspection_cppExport-noconfig.cmake
-- Installing: /home/foiegreis/ros2_fndm_ws/install/ros2_fndm_interface/share/ros2_fndm_interface/cmake/ros2_fndm_interface__rosidl_typesupport_cppExport.cmake
-- Installing: /home/foiegreis/ros2_fndm_ws/install/ros2_fndm_interface/share/ros2_fndm_interface/cmake/ros2_fndm_interface__rosidl_typesupport_cppExport-noconfig.cmake
-- Installing: /home/foiegreis/ros2_fndm_ws/install/ros2_fndm_interface/share/ros2_fndm_interface/cmake/export_ros2_fndm_interface__rosidl_generator_pyExport.cmake
-- Installing: /home/foiegreis/ros2_fndm_ws/install/ros2_fndm_interface/share/ros2_fndm_interface/cmake/export_ros2_fndm_interface__rosidl_generator_pyExport-noconfig.cmake
-- Installing: /home/foiegreis/ros2_fndm_ws/install/ros2_fndm_interface/share/ros2_fndm_interface/cmake/rosidl_cmake-extras.cmake
-- Installing: /home/foiegreis/ros2_fndm_ws/install/ros2_fndm_interface/share/ros2_fndm_interface/cmake/ament_cmake_export_dependencies-extras.cmake
-- Installing: /home/foiegreis/ros2_fndm_ws/install/ros2_fndm_interface/share/ros2_fndm_interface/cmake/ament_cmake_export_include_directories-extras.cmake
-- Installing: /home/foiegreis/ros2_fndm_ws/install/ros2_fndm_interface/share/ros2_fndm_interface/cmake/ament_cmake_export_libraries-extras.cmake
-- Installing: /home/foiegreis/ros2_fndm_ws/install/ros2_fndm_interface/share/ros2_fndm_interface/cmake/ament_cmake_export_targets-extras.cmake
-- Installing: /home/foiegreis/ros2_fndm_ws/install/ros2_fndm_interface/share/ros2_fndm_interface/cmake/rosidl_cmake_export_typesupport_targets-extras.cmake
-- Installing: /home/foiegreis/ros2_fndm_ws/install/ros2_fndm_interface/share/ros2_fndm_interface/cmake/rosidl_cmake_export_typesupport_libraries-extras.cmake
-- Installing: /home/foiegreis/ros2_fndm_ws/install/ros2_fndm_interface/share/ros2_fndm_interface/cmake/ros2_fndm_interfaceConfig.cmake
-- Installing: /home/foiegreis/ros2_fndm_ws/install/ros2_fndm_interface/share/ros2_fndm_interface/cmake/ros2_fndm_interfaceConfig-version.cmake
-- Installing: /home/foiegreis/ros2_fndm_ws/install/ros2_fndm_interface/share/ros2_fndm_interface/package.xml
