[0.660s] Invoking command in '/home/foiegreis/ros2_fndm_ws/build/ros2_fndm_interface': CMAKE_PREFIX_PATH=${CMAKE_PREFIX_PATH}:/home/foiegreis/ros2_fndm_ws/install/py_actions:/home/foiegreis/ros2_fndm_ws/install/py_pkg:/home/foiegreis/ros2_ws_book/install/py_pkg:/home/foiegreis/ros2_ws/install/my_py_pkg:/home/foiegreis/ros2_ws/install/lab4:/home/foiegreis/ros2_ws/install/lab3:/home/foiegreis/ros2_ws/install/lab2:/home/foiegreis/ros2_ws/install/lab1:/opt/ros/iron /usr/bin/cmake --build /home/foiegreis/ros2_fndm_ws/build/ros2_fndm_interface -- -j12 -l12
[1.176s] [  1%] [34m[1mGenerating type hashes for ROS interfaces[0m
[1.177s] [  1%] Built target ament_cmake_python_copy_ros2_fndm_interface
[1.177s] [  1%] Built target ros2_fndm_interface__rosidl_generator_type_description
[1.177s] [  3%] [34m[1mGenerating C code for ROS interfaces[0m
[1.177s] [  5%] [34m[1mGenerating C++ code for ROS interfaces[0m
[1.178s] running egg_info
[1.178s] creating ros2_fndm_interface.egg-info
[1.179s] writing ros2_fndm_interface.egg-info/PKG-INFO
[1.179s] writing dependency_links to ros2_fndm_interface.egg-info/dependency_links.txt
[1.179s] writing top-level names to ros2_fndm_interface.egg-info/top_level.txt
[1.179s] writing manifest file 'ros2_fndm_interface.egg-info/SOURCES.txt'
[1.179s] reading manifest file 'ros2_fndm_interface.egg-info/SOURCES.txt'
[1.179s] writing manifest file 'ros2_fndm_interface.egg-info/SOURCES.txt'
[1.179s] [  5%] Built target ament_cmake_python_build_ros2_fndm_interface_egg
[1.740s] [  5%] Built target ros2_fndm_interface__cpp
[1.897s] [  7%] [32mBuilding C object CMakeFiles/ros2_fndm_interface__rosidl_generator_c.dir/rosidl_generator_c/ros2_fndm_interface/msg/detail/address_book__type_support.c.o[0m
[1.899s] [  9%] [32mBuilding C object CMakeFiles/ros2_fndm_interface__rosidl_generator_c.dir/rosidl_generator_c/ros2_fndm_interface/msg/detail/address_book__description.c.o[0m
[1.899s] [ 11%] [32mBuilding C object CMakeFiles/ros2_fndm_interface__rosidl_generator_c.dir/rosidl_generator_c/ros2_fndm_interface/msg/detail/address_book__functions.c.o[0m
[1.901s] [ 12%] [32mBuilding C object CMakeFiles/ros2_fndm_interface__rosidl_generator_c.dir/rosidl_generator_c/ros2_fndm_interface/srv/detail/add_three_ints__description.c.o[0m
[1.901s] [ 14%] [32mBuilding C object CMakeFiles/ros2_fndm_interface__rosidl_generator_c.dir/rosidl_generator_c/ros2_fndm_interface/srv/detail/add_three_ints__functions.c.o[0m
[1.901s] [ 16%] [32mBuilding C object CMakeFiles/ros2_fndm_interface__rosidl_generator_c.dir/rosidl_generator_c/ros2_fndm_interface/srv/detail/add_three_ints__type_support.c.o[0m
[1.903s] [ 18%] [32mBuilding C object CMakeFiles/ros2_fndm_interface__rosidl_generator_c.dir/rosidl_generator_c/ros2_fndm_interface/action/detail/fibonacci__functions.c.o[0m
[1.903s] [ 22%] [32mBuilding C object CMakeFiles/ros2_fndm_interface__rosidl_generator_c.dir/rosidl_generator_c/ros2_fndm_interface/action/detail/fibonacci__type_support.c.o[0m
[1.903s] [ 22%] [32mBuilding C object CMakeFiles/ros2_fndm_interface__rosidl_generator_c.dir/rosidl_generator_c/ros2_fndm_interface/action/detail/fibonacci__description.c.o[0m
[2.102s] [ 24%] [32m[1mLinking C shared library libros2_fndm_interface__rosidl_generator_c.so[0m
[2.140s] [ 24%] Built target ros2_fndm_interface__rosidl_generator_c
[2.153s] [ 27%] [34m[1mGenerating C type support dispatch for ROS interfaces[0m
[2.154s] [ 27%] [34m[1mGenerating C introspection for ROS interfaces[0m
[2.154s] [ 29%] [34m[1mGenerating C++ type support for eProsima Fast-RTPS[0m
[2.154s] [ 31%] [34m[1mGenerating C++ introspection for ROS interfaces[0m
[2.156s] [ 33%] [34m[1mGenerating C++ type support dispatch for ROS interfaces[0m
[2.157s] [ 35%] [34m[1mGenerating C type support for eProsima Fast-RTPS[0m
[2.700s] [ 37%] [32mBuilding CXX object CMakeFiles/ros2_fndm_interface__rosidl_typesupport_c.dir/rosidl_typesupport_c/ros2_fndm_interface/action/fibonacci__type_support.cpp.o[0m
[2.701s] [ 38%] [32mBuilding CXX object CMakeFiles/ros2_fndm_interface__rosidl_typesupport_c.dir/rosidl_typesupport_c/ros2_fndm_interface/msg/address_book__type_support.cpp.o[0m
[2.701s] [ 40%] [32mBuilding CXX object CMakeFiles/ros2_fndm_interface__rosidl_typesupport_c.dir/rosidl_typesupport_c/ros2_fndm_interface/srv/add_three_ints__type_support.cpp.o[0m
[2.742s] [ 42%] [32mBuilding CXX object CMakeFiles/ros2_fndm_interface__rosidl_typesupport_cpp.dir/rosidl_typesupport_cpp/ros2_fndm_interface/msg/address_book__type_support.cpp.o[0m
[2.742s] [ 44%] [32mBuilding CXX object CMakeFiles/ros2_fndm_interface__rosidl_typesupport_cpp.dir/rosidl_typesupport_cpp/ros2_fndm_interface/action/fibonacci__type_support.cpp.o[0m
[2.743s] [ 46%] [32mBuilding CXX object CMakeFiles/ros2_fndm_interface__rosidl_typesupport_cpp.dir/rosidl_typesupport_cpp/ros2_fndm_interface/srv/add_three_ints__type_support.cpp.o[0m
[2.808s] [ 48%] [32m[1mLinking CXX shared library libros2_fndm_interface__rosidl_typesupport_c.so[0m
[2.876s] [ 48%] Built target ros2_fndm_interface__rosidl_typesupport_c
[2.886s] [ 51%] [32mBuilding CXX object CMakeFiles/ros2_fndm_interface__rosidl_typesupport_introspection_cpp.dir/rosidl_typesupport_introspection_cpp/ros2_fndm_interface/action/detail/fibonacci__type_support.cpp.o[0m
[2.887s] [ 51%] [32mBuilding CXX object CMakeFiles/ros2_fndm_interface__rosidl_typesupport_introspection_cpp.dir/rosidl_typesupport_introspection_cpp/ros2_fndm_interface/msg/detail/address_book__type_support.cpp.o[0m
[2.887s] [ 53%] [32mBuilding CXX object CMakeFiles/ros2_fndm_interface__rosidl_typesupport_introspection_cpp.dir/rosidl_typesupport_introspection_cpp/ros2_fndm_interface/srv/detail/add_three_ints__type_support.cpp.o[0m
[3.061s] [ 55%] [32mBuilding C object CMakeFiles/ros2_fndm_interface__rosidl_typesupport_introspection_c.dir/rosidl_typesupport_introspection_c/ros2_fndm_interface/msg/detail/address_book__type_support.c.o[0m
[3.061s] [ 57%] [32mBuilding C object CMakeFiles/ros2_fndm_interface__rosidl_typesupport_introspection_c.dir/rosidl_typesupport_introspection_c/ros2_fndm_interface/action/detail/fibonacci__type_support.c.o[0m
[3.064s] [ 59%] [32mBuilding C object CMakeFiles/ros2_fndm_interface__rosidl_typesupport_introspection_c.dir/rosidl_typesupport_introspection_c/ros2_fndm_interface/srv/detail/add_three_ints__type_support.c.o[0m
[3.089s] [ 61%] [32mBuilding CXX object CMakeFiles/ros2_fndm_interface__rosidl_typesupport_fastrtps_c.dir/rosidl_typesupport_fastrtps_c/ros2_fndm_interface/srv/detail/add_three_ints__type_support_c.cpp.o[0m
[3.103s] [ 62%] [32mBuilding CXX object CMakeFiles/ros2_fndm_interface__rosidl_typesupport_fastrtps_c.dir/rosidl_typesupport_fastrtps_c/ros2_fndm_interface/msg/detail/address_book__type_support_c.cpp.o[0m
[3.190s] [ 64%] [32mBuilding CXX object CMakeFiles/ros2_fndm_interface__rosidl_typesupport_fastrtps_c.dir/rosidl_typesupport_fastrtps_c/ros2_fndm_interface/action/detail/fibonacci__type_support_c.cpp.o[0m
[3.239s] [ 66%] [32m[1mLinking C shared library libros2_fndm_interface__rosidl_typesupport_introspection_c.so[0m
[3.323s] [ 66%] Built target ros2_fndm_interface__rosidl_typesupport_introspection_c
[3.557s] [ 70%] [32mBuilding CXX object CMakeFiles/ros2_fndm_interface__rosidl_typesupport_fastrtps_cpp.dir/rosidl_typesupport_fastrtps_cpp/ros2_fndm_interface/srv/detail/dds_fastrtps/add_three_ints__type_support.cpp.o[0m
[3.557s] [ 70%] [32mBuilding CXX object CMakeFiles/ros2_fndm_interface__rosidl_typesupport_fastrtps_cpp.dir/rosidl_typesupport_fastrtps_cpp/ros2_fndm_interface/msg/detail/dds_fastrtps/address_book__type_support.cpp.o[0m
[3.563s] [ 72%] [32mBuilding CXX object CMakeFiles/ros2_fndm_interface__rosidl_typesupport_fastrtps_cpp.dir/rosidl_typesupport_fastrtps_cpp/ros2_fndm_interface/action/detail/dds_fastrtps/fibonacci__type_support.cpp.o[0m
[3.968s] [ 74%] [32m[1mLinking CXX shared library libros2_fndm_interface__rosidl_typesupport_fastrtps_c.so[0m
[4.084s] [ 74%] Built target ros2_fndm_interface__rosidl_typesupport_fastrtps_c
[4.275s] [ 75%] [32m[1mLinking CXX shared library libros2_fndm_interface__rosidl_typesupport_cpp.so[0m
[4.345s] [ 77%] [32m[1mLinking CXX shared library libros2_fndm_interface__rosidl_typesupport_introspection_cpp.so[0m
[4.381s] [ 77%] Built target ros2_fndm_interface__rosidl_typesupport_cpp
[4.444s] [ 77%] Built target ros2_fndm_interface__rosidl_typesupport_introspection_cpp
[4.783s] [ 79%] [32m[1mLinking CXX shared library libros2_fndm_interface__rosidl_typesupport_fastrtps_cpp.so[0m
[4.864s] [ 79%] Built target ros2_fndm_interface__rosidl_typesupport_fastrtps_cpp
[4.884s] [ 79%] Built target ros2_fndm_interface
[4.903s] [ 81%] [34m[1mGenerating Python code for ROS interfaces[0m
[6.001s] [ 81%] Built target ros2_fndm_interface__py
[6.025s] [ 85%] [32mBuilding C object CMakeFiles/ros2_fndm_interface__rosidl_generator_py.dir/rosidl_generator_py/ros2_fndm_interface/msg/_address_book_s.c.o[0m
[6.025s] [ 85%] [32mBuilding C object CMakeFiles/ros2_fndm_interface__rosidl_generator_py.dir/rosidl_generator_py/ros2_fndm_interface/srv/_add_three_ints_s.c.o[0m
[6.025s] [ 87%] [32mBuilding C object CMakeFiles/ros2_fndm_interface__rosidl_generator_py.dir/rosidl_generator_py/ros2_fndm_interface/action/_fibonacci_s.c.o[0m
[6.195s] [ 88%] [32m[1mLinking C shared library rosidl_generator_py/ros2_fndm_interface/libros2_fndm_interface__rosidl_generator_py.so[0m
[6.236s] [ 88%] Built target ros2_fndm_interface__rosidl_generator_py
[6.256s] [ 94%] [32mBuilding C object CMakeFiles/ros2_fndm_interface__rosidl_typesupport_introspection_c__pyext.dir/rosidl_generator_py/ros2_fndm_interface/_ros2_fndm_interface_s.ep.rosidl_typesupport_introspection_c.c.o[0m
[6.256s] [ 94%] [32mBuilding C object CMakeFiles/ros2_fndm_interface__rosidl_typesupport_c__pyext.dir/rosidl_generator_py/ros2_fndm_interface/_ros2_fndm_interface_s.ep.rosidl_typesupport_c.c.o[0m
[6.256s] [ 94%] [32mBuilding C object CMakeFiles/ros2_fndm_interface__rosidl_typesupport_fastrtps_c__pyext.dir/rosidl_generator_py/ros2_fndm_interface/_ros2_fndm_interface_s.ep.rosidl_typesupport_fastrtps_c.c.o[0m
[6.397s] [ 98%] [32m[1mLinking C shared library rosidl_generator_py/ros2_fndm_interface/ros2_fndm_interface_s__rosidl_typesupport_c.cpython-310-x86_64-linux-gnu.so[0m
[6.397s] [ 98%] [32m[1mLinking C shared library rosidl_generator_py/ros2_fndm_interface/ros2_fndm_interface_s__rosidl_typesupport_introspection_c.cpython-310-x86_64-linux-gnu.so[0m
[6.400s] [100%] [32m[1mLinking C shared library rosidl_generator_py/ros2_fndm_interface/ros2_fndm_interface_s__rosidl_typesupport_fastrtps_c.cpython-310-x86_64-linux-gnu.so[0m
[6.440s] [100%] Built target ros2_fndm_interface__rosidl_typesupport_introspection_c__pyext
[6.440s] [100%] Built target ros2_fndm_interface__rosidl_typesupport_c__pyext
[6.441s] [100%] Built target ros2_fndm_interface__rosidl_typesupport_fastrtps_c__pyext
[6.453s] Invoked command in '/home/foiegreis/ros2_fndm_ws/build/ros2_fndm_interface' returned '0': CMAKE_PREFIX_PATH=${CMAKE_PREFIX_PATH}:/home/foiegreis/ros2_fndm_ws/install/py_actions:/home/foiegreis/ros2_fndm_ws/install/py_pkg:/home/foiegreis/ros2_ws_book/install/py_pkg:/home/foiegreis/ros2_ws/install/my_py_pkg:/home/foiegreis/ros2_ws/install/lab4:/home/foiegreis/ros2_ws/install/lab3:/home/foiegreis/ros2_ws/install/lab2:/home/foiegreis/ros2_ws/install/lab1:/opt/ros/iron /usr/bin/cmake --build /home/foiegreis/ros2_fndm_ws/build/ros2_fndm_interface -- -j12 -l12
[6.668s] Invoking command in '/home/foiegreis/ros2_fndm_ws/build/ros2_fndm_interface': CMAKE_PREFIX_PATH=${CMAKE_PREFIX_PATH}:/home/foiegreis/ros2_fndm_ws/install/py_actions:/home/foiegreis/ros2_fndm_ws/install/py_pkg:/home/foiegreis/ros2_ws_book/install/py_pkg:/home/foiegreis/ros2_ws/install/my_py_pkg:/home/foiegreis/ros2_ws/install/lab4:/home/foiegreis/ros2_ws/install/lab3:/home/foiegreis/ros2_ws/install/lab2:/home/foiegreis/ros2_ws/install/lab1:/opt/ros/iron /usr/bin/cmake --install /home/foiegreis/ros2_fndm_ws/build/ros2_fndm_interface
[6.686s] -- Install configuration: ""
[6.687s] -- Installing: /home/foiegreis/ros2_fndm_ws/install/ros2_fndm_interface/share/ament_index/resource_index/rosidl_interfaces/ros2_fndm_interface
[6.687s] -- Installing: /home/foiegreis/ros2_fndm_ws/install/ros2_fndm_interface/share/ros2_fndm_interface/msg/AddressBook.json
[6.688s] -- Installing: /home/foiegreis/ros2_fndm_ws/install/ros2_fndm_interface/share/ros2_fndm_interface/srv/AddThreeInts.json
[6.688s] -- Installing: /home/foiegreis/ros2_fndm_ws/install/ros2_fndm_interface/share/ros2_fndm_interface/action/Fibonacci.json
[6.689s] -- Installing: /home/foiegreis/ros2_fndm_ws/install/ros2_fndm_interface/include/ros2_fndm_interface/ros2_fndm_interface
[6.689s] -- Installing: /home/foiegreis/ros2_fndm_ws/install/ros2_fndm_interface/include/ros2_fndm_interface/ros2_fndm_interface/srv
[6.689s] -- Installing: /home/foiegreis/ros2_fndm_ws/install/ros2_fndm_interface/include/ros2_fndm_interface/ros2_fndm_interface/srv/add_three_ints.h
[6.690s] -- Installing: /home/foiegreis/ros2_fndm_ws/install/ros2_fndm_interface/include/ros2_fndm_interface/ros2_fndm_interface/srv/detail
[6.690s] -- Installing: /home/foiegreis/ros2_fndm_ws/install/ros2_fndm_interface/include/ros2_fndm_interface/ros2_fndm_interface/srv/detail/add_three_ints__functions.c
[6.690s] -- Installing: /home/foiegreis/ros2_fndm_ws/install/ros2_fndm_interface/include/ros2_fndm_interface/ros2_fndm_interface/srv/detail/add_three_ints__functions.h
[6.690s] -- Installing: /home/foiegreis/ros2_fndm_ws/install/ros2_fndm_interface/include/ros2_fndm_interface/ros2_fndm_interface/srv/detail/add_three_ints__struct.h
[6.691s] -- Installing: /home/foiegreis/ros2_fndm_ws/install/ros2_fndm_interface/include/ros2_fndm_interface/ros2_fndm_interface/srv/detail/add_three_ints__type_support.c
[6.691s] -- Installing: /home/foiegreis/ros2_fndm_ws/install/ros2_fndm_interface/include/ros2_fndm_interface/ros2_fndm_interface/srv/detail/add_three_ints__description.c
[6.691s] -- Installing: /home/foiegreis/ros2_fndm_ws/install/ros2_fndm_interface/include/ros2_fndm_interface/ros2_fndm_interface/srv/detail/add_three_ints__type_support.h
[6.691s] -- Installing: /home/foiegreis/ros2_fndm_ws/install/ros2_fndm_interface/include/ros2_fndm_interface/ros2_fndm_interface/msg
[6.692s] -- Installing: /home/foiegreis/ros2_fndm_ws/install/ros2_fndm_interface/include/ros2_fndm_interface/ros2_fndm_interface/msg/address_book.h
[6.692s] -- Installing: /home/foiegreis/ros2_fndm_ws/install/ros2_fndm_interface/include/ros2_fndm_interface/ros2_fndm_interface/msg/detail
[6.692s] -- Installing: /home/foiegreis/ros2_fndm_ws/install/ros2_fndm_interface/include/ros2_fndm_interface/ros2_fndm_interface/msg/detail/address_book__functions.h
[6.692s] -- Installing: /home/foiegreis/ros2_fndm_ws/install/ros2_fndm_interface/include/ros2_fndm_interface/ros2_fndm_interface/msg/detail/address_book__functions.c
[6.693s] -- Installing: /home/foiegreis/ros2_fndm_ws/install/ros2_fndm_interface/include/ros2_fndm_interface/ros2_fndm_interface/msg/detail/address_book__struct.h
[6.693s] -- Installing: /home/foiegreis/ros2_fndm_ws/install/ros2_fndm_interface/include/ros2_fndm_interface/ros2_fndm_interface/msg/detail/address_book__description.c
[6.693s] -- Installing: /home/foiegreis/ros2_fndm_ws/install/ros2_fndm_interface/include/ros2_fndm_interface/ros2_fndm_interface/msg/detail/address_book__type_support.c
[6.693s] -- Installing: /home/foiegreis/ros2_fndm_ws/install/ros2_fndm_interface/include/ros2_fndm_interface/ros2_fndm_interface/msg/detail/address_book__type_support.h
[6.694s] -- Installing: /home/foiegreis/ros2_fndm_ws/install/ros2_fndm_interface/include/ros2_fndm_interface/ros2_fndm_interface/msg/rosidl_generator_c__visibility_control.h
[6.694s] -- Installing: /home/foiegreis/ros2_fndm_ws/install/ros2_fndm_interface/include/ros2_fndm_interface/ros2_fndm_interface/action
[6.694s] -- Installing: /home/foiegreis/ros2_fndm_ws/install/ros2_fndm_interface/include/ros2_fndm_interface/ros2_fndm_interface/action/fibonacci.h
[6.694s] -- Installing: /home/foiegreis/ros2_fndm_ws/install/ros2_fndm_interface/include/ros2_fndm_interface/ros2_fndm_interface/action/detail
[6.695s] -- Installing: /home/foiegreis/ros2_fndm_ws/install/ros2_fndm_interface/include/ros2_fndm_interface/ros2_fndm_interface/action/detail/fibonacci__type_support.h
[6.695s] -- Installing: /home/foiegreis/ros2_fndm_ws/install/ros2_fndm_interface/include/ros2_fndm_interface/ros2_fndm_interface/action/detail/fibonacci__description.c
[6.695s] -- Installing: /home/foiegreis/ros2_fndm_ws/install/ros2_fndm_interface/include/ros2_fndm_interface/ros2_fndm_interface/action/detail/fibonacci__type_support.c
[6.695s] -- Installing: /home/foiegreis/ros2_fndm_ws/install/ros2_fndm_interface/include/ros2_fndm_interface/ros2_fndm_interface/action/detail/fibonacci__functions.h
[6.696s] -- Installing: /home/foiegreis/ros2_fndm_ws/install/ros2_fndm_interface/include/ros2_fndm_interface/ros2_fndm_interface/action/detail/fibonacci__struct.h
[6.696s] -- Installing: /home/foiegreis/ros2_fndm_ws/install/ros2_fndm_interface/include/ros2_fndm_interface/ros2_fndm_interface/action/detail/fibonacci__functions.c
[6.697s] -- Installing: /home/foiegreis/ros2_fndm_ws/install/ros2_fndm_interface/share/ros2_fndm_interface/environment/library_path.sh
[6.697s] -- Installing: /home/foiegreis/ros2_fndm_ws/install/ros2_fndm_interface/share/ros2_fndm_interface/environment/library_path.dsv
[6.697s] -- Installing: /home/foiegreis/ros2_fndm_ws/install/ros2_fndm_interface/lib/libros2_fndm_interface__rosidl_generator_c.so
[6.699s] -- Set runtime path of "/home/foiegreis/ros2_fndm_ws/install/ros2_fndm_interface/lib/libros2_fndm_interface__rosidl_generator_c.so" to ""
[6.699s] -- Up-to-date: /home/foiegreis/ros2_fndm_ws/install/ros2_fndm_interface/include/ros2_fndm_interface/ros2_fndm_interface
[6.699s] -- Up-to-date: /home/foiegreis/ros2_fndm_ws/install/ros2_fndm_interface/include/ros2_fndm_interface/ros2_fndm_interface/srv
[6.699s] -- Up-to-date: /home/foiegreis/ros2_fndm_ws/install/ros2_fndm_interface/include/ros2_fndm_interface/ros2_fndm_interface/srv/detail
[6.700s] -- Installing: /home/foiegreis/ros2_fndm_ws/install/ros2_fndm_interface/include/ros2_fndm_interface/ros2_fndm_interface/srv/detail/add_three_ints__rosidl_typesupport_fastrtps_c.h
[6.700s] -- Up-to-date: /home/foiegreis/ros2_fndm_ws/install/ros2_fndm_interface/include/ros2_fndm_interface/ros2_fndm_interface/msg
[6.700s] -- Installing: /home/foiegreis/ros2_fndm_ws/install/ros2_fndm_interface/include/ros2_fndm_interface/ros2_fndm_interface/msg/rosidl_typesupport_fastrtps_c__visibility_control.h
[6.700s] -- Up-to-date: /home/foiegreis/ros2_fndm_ws/install/ros2_fndm_interface/include/ros2_fndm_interface/ros2_fndm_interface/msg/detail
[6.700s] -- Installing: /home/foiegreis/ros2_fndm_ws/install/ros2_fndm_interface/include/ros2_fndm_interface/ros2_fndm_interface/msg/detail/address_book__rosidl_typesupport_fastrtps_c.h
[6.700s] -- Up-to-date: /home/foiegreis/ros2_fndm_ws/install/ros2_fndm_interface/include/ros2_fndm_interface/ros2_fndm_interface/action
[6.701s] -- Up-to-date: /home/foiegreis/ros2_fndm_ws/install/ros2_fndm_interface/include/ros2_fndm_interface/ros2_fndm_interface/action/detail
[6.701s] -- Installing: /home/foiegreis/ros2_fndm_ws/install/ros2_fndm_interface/include/ros2_fndm_interface/ros2_fndm_interface/action/detail/fibonacci__rosidl_typesupport_fastrtps_c.h
[6.701s] -- Installing: /home/foiegreis/ros2_fndm_ws/install/ros2_fndm_interface/lib/libros2_fndm_interface__rosidl_typesupport_fastrtps_c.so
[6.701s] -- Set runtime path of "/home/foiegreis/ros2_fndm_ws/install/ros2_fndm_interface/lib/libros2_fndm_interface__rosidl_typesupport_fastrtps_c.so" to ""
[6.701s] -- Up-to-date: /home/foiegreis/ros2_fndm_ws/install/ros2_fndm_interface/include/ros2_fndm_interface/ros2_fndm_interface
[6.701s] -- Up-to-date: /home/foiegreis/ros2_fndm_ws/install/ros2_fndm_interface/include/ros2_fndm_interface/ros2_fndm_interface/srv
[6.702s] -- Up-to-date: /home/foiegreis/ros2_fndm_ws/install/ros2_fndm_interface/include/ros2_fndm_interface/ros2_fndm_interface/srv/detail
[6.702s] -- Installing: /home/foiegreis/ros2_fndm_ws/install/ros2_fndm_interface/include/ros2_fndm_interface/ros2_fndm_interface/srv/detail/add_three_ints__type_support.c
[6.702s] -- Installing: /home/foiegreis/ros2_fndm_ws/install/ros2_fndm_interface/include/ros2_fndm_interface/ros2_fndm_interface/srv/detail/add_three_ints__rosidl_typesupport_introspection_c.h
[6.702s] -- Up-to-date: /home/foiegreis/ros2_fndm_ws/install/ros2_fndm_interface/include/ros2_fndm_interface/ros2_fndm_interface/msg
[6.702s] -- Installing: /home/foiegreis/ros2_fndm_ws/install/ros2_fndm_interface/include/ros2_fndm_interface/ros2_fndm_interface/msg/rosidl_typesupport_introspection_c__visibility_control.h
[6.702s] -- Up-to-date: /home/foiegreis/ros2_fndm_ws/install/ros2_fndm_interface/include/ros2_fndm_interface/ros2_fndm_interface/msg/detail
[6.702s] -- Installing: /home/foiegreis/ros2_fndm_ws/install/ros2_fndm_interface/include/ros2_fndm_interface/ros2_fndm_interface/msg/detail/address_book__type_support.c
[6.702s] -- Installing: /home/foiegreis/ros2_fndm_ws/install/ros2_fndm_interface/include/ros2_fndm_interface/ros2_fndm_interface/msg/detail/address_book__rosidl_typesupport_introspection_c.h
[6.703s] -- Up-to-date: /home/foiegreis/ros2_fndm_ws/install/ros2_fndm_interface/include/ros2_fndm_interface/ros2_fndm_interface/action
[6.703s] -- Up-to-date: /home/foiegreis/ros2_fndm_ws/install/ros2_fndm_interface/include/ros2_fndm_interface/ros2_fndm_interface/action/detail
[6.703s] -- Installing: /home/foiegreis/ros2_fndm_ws/install/ros2_fndm_interface/include/ros2_fndm_interface/ros2_fndm_interface/action/detail/fibonacci__type_support.c
[6.703s] -- Installing: /home/foiegreis/ros2_fndm_ws/install/ros2_fndm_interface/include/ros2_fndm_interface/ros2_fndm_interface/action/detail/fibonacci__rosidl_typesupport_introspection_c.h
[6.703s] -- Installing: /home/foiegreis/ros2_fndm_ws/install/ros2_fndm_interface/lib/libros2_fndm_interface__rosidl_typesupport_introspection_c.so
[6.704s] -- Set runtime path of "/home/foiegreis/ros2_fndm_ws/install/ros2_fndm_interface/lib/libros2_fndm_interface__rosidl_typesupport_introspection_c.so" to ""
[6.704s] -- Installing: /home/foiegreis/ros2_fndm_ws/install/ros2_fndm_interface/lib/libros2_fndm_interface__rosidl_typesupport_c.so
[6.705s] -- Set runtime path of "/home/foiegreis/ros2_fndm_ws/install/ros2_fndm_interface/lib/libros2_fndm_interface__rosidl_typesupport_c.so" to ""
[6.705s] -- Up-to-date: /home/foiegreis/ros2_fndm_ws/install/ros2_fndm_interface/include/ros2_fndm_interface/ros2_fndm_interface
[6.705s] -- Up-to-date: /home/foiegreis/ros2_fndm_ws/install/ros2_fndm_interface/include/ros2_fndm_interface/ros2_fndm_interface/srv
[6.705s] -- Installing: /home/foiegreis/ros2_fndm_ws/install/ros2_fndm_interface/include/ros2_fndm_interface/ros2_fndm_interface/srv/add_three_ints.hpp
[6.705s] -- Up-to-date: /home/foiegreis/ros2_fndm_ws/install/ros2_fndm_interface/include/ros2_fndm_interface/ros2_fndm_interface/srv/detail
[6.705s] -- Installing: /home/foiegreis/ros2_fndm_ws/install/ros2_fndm_interface/include/ros2_fndm_interface/ros2_fndm_interface/srv/detail/add_three_ints__builder.hpp
[6.706s] -- Installing: /home/foiegreis/ros2_fndm_ws/install/ros2_fndm_interface/include/ros2_fndm_interface/ros2_fndm_interface/srv/detail/add_three_ints__struct.hpp
[6.706s] -- Installing: /home/foiegreis/ros2_fndm_ws/install/ros2_fndm_interface/include/ros2_fndm_interface/ros2_fndm_interface/srv/detail/add_three_ints__traits.hpp
[6.706s] -- Up-to-date: /home/foiegreis/ros2_fndm_ws/install/ros2_fndm_interface/include/ros2_fndm_interface/ros2_fndm_interface/msg
[6.706s] -- Installing: /home/foiegreis/ros2_fndm_ws/install/ros2_fndm_interface/include/ros2_fndm_interface/ros2_fndm_interface/msg/address_book.hpp
[6.706s] -- Up-to-date: /home/foiegreis/ros2_fndm_ws/install/ros2_fndm_interface/include/ros2_fndm_interface/ros2_fndm_interface/msg/detail
[6.706s] -- Installing: /home/foiegreis/ros2_fndm_ws/install/ros2_fndm_interface/include/ros2_fndm_interface/ros2_fndm_interface/msg/detail/address_book__builder.hpp
[6.706s] -- Installing: /home/foiegreis/ros2_fndm_ws/install/ros2_fndm_interface/include/ros2_fndm_interface/ros2_fndm_interface/msg/detail/address_book__struct.hpp
[6.706s] -- Installing: /home/foiegreis/ros2_fndm_ws/install/ros2_fndm_interface/include/ros2_fndm_interface/ros2_fndm_interface/msg/detail/address_book__traits.hpp
[6.707s] -- Up-to-date: /home/foiegreis/ros2_fndm_ws/install/ros2_fndm_interface/include/ros2_fndm_interface/ros2_fndm_interface/action
[6.707s] -- Installing: /home/foiegreis/ros2_fndm_ws/install/ros2_fndm_interface/include/ros2_fndm_interface/ros2_fndm_interface/action/fibonacci.hpp
[6.707s] -- Up-to-date: /home/foiegreis/ros2_fndm_ws/install/ros2_fndm_interface/include/ros2_fndm_interface/ros2_fndm_interface/action/detail
[6.707s] -- Installing: /home/foiegreis/ros2_fndm_ws/install/ros2_fndm_interface/include/ros2_fndm_interface/ros2_fndm_interface/action/detail/fibonacci__struct.hpp
[6.707s] -- Installing: /home/foiegreis/ros2_fndm_ws/install/ros2_fndm_interface/include/ros2_fndm_interface/ros2_fndm_interface/action/detail/fibonacci__builder.hpp
[6.707s] -- Installing: /home/foiegreis/ros2_fndm_ws/install/ros2_fndm_interface/include/ros2_fndm_interface/ros2_fndm_interface/action/detail/fibonacci__traits.hpp
[6.707s] -- Up-to-date: /home/foiegreis/ros2_fndm_ws/install/ros2_fndm_interface/include/ros2_fndm_interface/ros2_fndm_interface
[6.707s] -- Up-to-date: /home/foiegreis/ros2_fndm_ws/install/ros2_fndm_interface/include/ros2_fndm_interface/ros2_fndm_interface/srv
[6.708s] -- Up-to-date: /home/foiegreis/ros2_fndm_ws/install/ros2_fndm_interface/include/ros2_fndm_interface/ros2_fndm_interface/srv/detail
[6.708s] -- Installing: /home/foiegreis/ros2_fndm_ws/install/ros2_fndm_interface/include/ros2_fndm_interface/ros2_fndm_interface/srv/detail/add_three_ints__rosidl_typesupport_fastrtps_cpp.hpp
[6.708s] -- Installing: /home/foiegreis/ros2_fndm_ws/install/ros2_fndm_interface/include/ros2_fndm_interface/ros2_fndm_interface/srv/detail/dds_fastrtps
[6.708s] -- Up-to-date: /home/foiegreis/ros2_fndm_ws/install/ros2_fndm_interface/include/ros2_fndm_interface/ros2_fndm_interface/msg
[6.708s] -- Up-to-date: /home/foiegreis/ros2_fndm_ws/install/ros2_fndm_interface/include/ros2_fndm_interface/ros2_fndm_interface/msg/detail
[6.708s] -- Installing: /home/foiegreis/ros2_fndm_ws/install/ros2_fndm_interface/include/ros2_fndm_interface/ros2_fndm_interface/msg/detail/address_book__rosidl_typesupport_fastrtps_cpp.hpp
[6.708s] -- Installing: /home/foiegreis/ros2_fndm_ws/install/ros2_fndm_interface/include/ros2_fndm_interface/ros2_fndm_interface/msg/detail/dds_fastrtps
[6.708s] -- Installing: /home/foiegreis/ros2_fndm_ws/install/ros2_fndm_interface/include/ros2_fndm_interface/ros2_fndm_interface/msg/rosidl_typesupport_fastrtps_cpp__visibility_control.h
[6.708s] -- Up-to-date: /home/foiegreis/ros2_fndm_ws/install/ros2_fndm_interface/include/ros2_fndm_interface/ros2_fndm_interface/action
[6.708s] -- Up-to-date: /home/foiegreis/ros2_fndm_ws/install/ros2_fndm_interface/include/ros2_fndm_interface/ros2_fndm_interface/action/detail
[6.709s] -- Installing: /home/foiegreis/ros2_fndm_ws/install/ros2_fndm_interface/include/ros2_fndm_interface/ros2_fndm_interface/action/detail/fibonacci__rosidl_typesupport_fastrtps_cpp.hpp
[6.709s] -- Installing: /home/foiegreis/ros2_fndm_ws/install/ros2_fndm_interface/include/ros2_fndm_interface/ros2_fndm_interface/action/detail/dds_fastrtps
[6.709s] -- Installing: /home/foiegreis/ros2_fndm_ws/install/ros2_fndm_interface/lib/libros2_fndm_interface__rosidl_typesupport_fastrtps_cpp.so
[6.710s] -- Set runtime path of "/home/foiegreis/ros2_fndm_ws/install/ros2_fndm_interface/lib/libros2_fndm_interface__rosidl_typesupport_fastrtps_cpp.so" to ""
[6.710s] -- Up-to-date: /home/foiegreis/ros2_fndm_ws/install/ros2_fndm_interface/include/ros2_fndm_interface/ros2_fndm_interface
[6.710s] -- Up-to-date: /home/foiegreis/ros2_fndm_ws/install/ros2_fndm_interface/include/ros2_fndm_interface/ros2_fndm_interface/srv
[6.710s] -- Up-to-date: /home/foiegreis/ros2_fndm_ws/install/ros2_fndm_interface/include/ros2_fndm_interface/ros2_fndm_interface/srv/detail
[6.710s] -- Installing: /home/foiegreis/ros2_fndm_ws/install/ros2_fndm_interface/include/ros2_fndm_interface/ros2_fndm_interface/srv/detail/add_three_ints__rosidl_typesupport_introspection_cpp.hpp
[6.710s] -- Installing: /home/foiegreis/ros2_fndm_ws/install/ros2_fndm_interface/include/ros2_fndm_interface/ros2_fndm_interface/srv/detail/add_three_ints__type_support.cpp
[6.710s] -- Up-to-date: /home/foiegreis/ros2_fndm_ws/install/ros2_fndm_interface/include/ros2_fndm_interface/ros2_fndm_interface/msg
[6.711s] -- Up-to-date: /home/foiegreis/ros2_fndm_ws/install/ros2_fndm_interface/include/ros2_fndm_interface/ros2_fndm_interface/msg/detail
[6.711s] -- Installing: /home/foiegreis/ros2_fndm_ws/install/ros2_fndm_interface/include/ros2_fndm_interface/ros2_fndm_interface/msg/detail/address_book__rosidl_typesupport_introspection_cpp.hpp
[6.711s] -- Installing: /home/foiegreis/ros2_fndm_ws/install/ros2_fndm_interface/include/ros2_fndm_interface/ros2_fndm_interface/msg/detail/address_book__type_support.cpp
[6.711s] -- Up-to-date: /home/foiegreis/ros2_fndm_ws/install/ros2_fndm_interface/include/ros2_fndm_interface/ros2_fndm_interface/action
[6.711s] -- Up-to-date: /home/foiegreis/ros2_fndm_ws/install/ros2_fndm_interface/include/ros2_fndm_interface/ros2_fndm_interface/action/detail
[6.711s] -- Installing: /home/foiegreis/ros2_fndm_ws/install/ros2_fndm_interface/include/ros2_fndm_interface/ros2_fndm_interface/action/detail/fibonacci__rosidl_typesupport_introspection_cpp.hpp
[6.711s] -- Installing: /home/foiegreis/ros2_fndm_ws/install/ros2_fndm_interface/include/ros2_fndm_interface/ros2_fndm_interface/action/detail/fibonacci__type_support.cpp
[6.711s] -- Installing: /home/foiegreis/ros2_fndm_ws/install/ros2_fndm_interface/lib/libros2_fndm_interface__rosidl_typesupport_introspection_cpp.so
[6.712s] -- Set runtime path of "/home/foiegreis/ros2_fndm_ws/install/ros2_fndm_interface/lib/libros2_fndm_interface__rosidl_typesupport_introspection_cpp.so" to ""
[6.712s] -- Installing: /home/foiegreis/ros2_fndm_ws/install/ros2_fndm_interface/lib/libros2_fndm_interface__rosidl_typesupport_cpp.so
[6.713s] -- Set runtime path of "/home/foiegreis/ros2_fndm_ws/install/ros2_fndm_interface/lib/libros2_fndm_interface__rosidl_typesupport_cpp.so" to ""
[6.713s] -- Installing: /home/foiegreis/ros2_fndm_ws/install/ros2_fndm_interface/share/ros2_fndm_interface/environment/pythonpath.sh
[6.713s] -- Installing: /home/foiegreis/ros2_fndm_ws/install/ros2_fndm_interface/share/ros2_fndm_interface/environment/pythonpath.dsv
[6.713s] -- Installing: /home/foiegreis/ros2_fndm_ws/install/ros2_fndm_interface/lib/python3.10/site-packages/ros2_fndm_interface-0.0.0-py3.10.egg-info
[6.713s] -- Installing: /home/foiegreis/ros2_fndm_ws/install/ros2_fndm_interface/lib/python3.10/site-packages/ros2_fndm_interface-0.0.0-py3.10.egg-info/PKG-INFO
[6.714s] -- Installing: /home/foiegreis/ros2_fndm_ws/install/ros2_fndm_interface/lib/python3.10/site-packages/ros2_fndm_interface-0.0.0-py3.10.egg-info/dependency_links.txt
[6.714s] -- Installing: /home/foiegreis/ros2_fndm_ws/install/ros2_fndm_interface/lib/python3.10/site-packages/ros2_fndm_interface-0.0.0-py3.10.egg-info/SOURCES.txt
[6.714s] -- Installing: /home/foiegreis/ros2_fndm_ws/install/ros2_fndm_interface/lib/python3.10/site-packages/ros2_fndm_interface-0.0.0-py3.10.egg-info/top_level.txt
[6.714s] -- Installing: /home/foiegreis/ros2_fndm_ws/install/ros2_fndm_interface/lib/python3.10/site-packages/ros2_fndm_interface
[6.714s] -- Installing: /home/foiegreis/ros2_fndm_ws/install/ros2_fndm_interface/lib/python3.10/site-packages/ros2_fndm_interface/__init__.py
[6.714s] -- Installing: /home/foiegreis/ros2_fndm_ws/install/ros2_fndm_interface/lib/python3.10/site-packages/ros2_fndm_interface/ros2_fndm_interface_s__rosidl_typesupport_fastrtps_c.cpython-310-x86_64-linux-gnu.so
[6.714s] -- Installing: /home/foiegreis/ros2_fndm_ws/install/ros2_fndm_interface/lib/python3.10/site-packages/ros2_fndm_interface/ros2_fndm_interface_s__rosidl_typesupport_c.cpython-310-x86_64-linux-gnu.so
[6.715s] -- Installing: /home/foiegreis/ros2_fndm_ws/install/ros2_fndm_interface/lib/python3.10/site-packages/ros2_fndm_interface/_ros2_fndm_interface_s.ep.rosidl_typesupport_fastrtps_c.c
[6.715s] -- Installing: /home/foiegreis/ros2_fndm_ws/install/ros2_fndm_interface/lib/python3.10/site-packages/ros2_fndm_interface/_ros2_fndm_interface_s.ep.rosidl_typesupport_introspection_c.c
[6.715s] -- Installing: /home/foiegreis/ros2_fndm_ws/install/ros2_fndm_interface/lib/python3.10/site-packages/ros2_fndm_interface/_ros2_fndm_interface_s.ep.rosidl_typesupport_c.c
[6.715s] -- Installing: /home/foiegreis/ros2_fndm_ws/install/ros2_fndm_interface/lib/python3.10/site-packages/ros2_fndm_interface/srv
[6.715s] -- Installing: /home/foiegreis/ros2_fndm_ws/install/ros2_fndm_interface/lib/python3.10/site-packages/ros2_fndm_interface/srv/__init__.py
[6.715s] -- Installing: /home/foiegreis/ros2_fndm_ws/install/ros2_fndm_interface/lib/python3.10/site-packages/ros2_fndm_interface/srv/_add_three_ints_s.c
[6.716s] -- Installing: /home/foiegreis/ros2_fndm_ws/install/ros2_fndm_interface/lib/python3.10/site-packages/ros2_fndm_interface/srv/_add_three_ints.py
[6.716s] -- Installing: /home/foiegreis/ros2_fndm_ws/install/ros2_fndm_interface/lib/python3.10/site-packages/ros2_fndm_interface/libros2_fndm_interface__rosidl_generator_py.so
[6.716s] -- Installing: /home/foiegreis/ros2_fndm_ws/install/ros2_fndm_interface/lib/python3.10/site-packages/ros2_fndm_interface/ros2_fndm_interface_s__rosidl_typesupport_introspection_c.cpython-310-x86_64-linux-gnu.so
[6.716s] -- Installing: /home/foiegreis/ros2_fndm_ws/install/ros2_fndm_interface/lib/python3.10/site-packages/ros2_fndm_interface/msg
[6.716s] -- Installing: /home/foiegreis/ros2_fndm_ws/install/ros2_fndm_interface/lib/python3.10/site-packages/ros2_fndm_interface/msg/__init__.py
[6.716s] -- Installing: /home/foiegreis/ros2_fndm_ws/install/ros2_fndm_interface/lib/python3.10/site-packages/ros2_fndm_interface/msg/_address_book.py
[6.716s] -- Installing: /home/foiegreis/ros2_fndm_ws/install/ros2_fndm_interface/lib/python3.10/site-packages/ros2_fndm_interface/msg/_address_book_s.c
[6.716s] -- Installing: /home/foiegreis/ros2_fndm_ws/install/ros2_fndm_interface/lib/python3.10/site-packages/ros2_fndm_interface/action
[6.717s] -- Installing: /home/foiegreis/ros2_fndm_ws/install/ros2_fndm_interface/lib/python3.10/site-packages/ros2_fndm_interface/action/_fibonacci.py
[6.717s] -- Installing: /home/foiegreis/ros2_fndm_ws/install/ros2_fndm_interface/lib/python3.10/site-packages/ros2_fndm_interface/action/__init__.py
[6.717s] -- Installing: /home/foiegreis/ros2_fndm_ws/install/ros2_fndm_interface/lib/python3.10/site-packages/ros2_fndm_interface/action/_fibonacci_s.c
[6.764s] Listing '/home/foiegreis/ros2_fndm_ws/install/ros2_fndm_interface/lib/python3.10/site-packages/ros2_fndm_interface'...
[6.764s] Compiling '/home/foiegreis/ros2_fndm_ws/install/ros2_fndm_interface/lib/python3.10/site-packages/ros2_fndm_interface/__init__.py'...
[6.764s] Listing '/home/foiegreis/ros2_fndm_ws/install/ros2_fndm_interface/lib/python3.10/site-packages/ros2_fndm_interface/action'...
[6.764s] Compiling '/home/foiegreis/ros2_fndm_ws/install/ros2_fndm_interface/lib/python3.10/site-packages/ros2_fndm_interface/action/__init__.py'...
[6.764s] Compiling '/home/foiegreis/ros2_fndm_ws/install/ros2_fndm_interface/lib/python3.10/site-packages/ros2_fndm_interface/action/_fibonacci.py'...
[6.764s] Listing '/home/foiegreis/ros2_fndm_ws/install/ros2_fndm_interface/lib/python3.10/site-packages/ros2_fndm_interface/msg'...
[6.764s] Compiling '/home/foiegreis/ros2_fndm_ws/install/ros2_fndm_interface/lib/python3.10/site-packages/ros2_fndm_interface/msg/__init__.py'...
[6.764s] Compiling '/home/foiegreis/ros2_fndm_ws/install/ros2_fndm_interface/lib/python3.10/site-packages/ros2_fndm_interface/msg/_address_book.py'...
[6.764s] Listing '/home/foiegreis/ros2_fndm_ws/install/ros2_fndm_interface/lib/python3.10/site-packages/ros2_fndm_interface/srv'...
[6.764s] Compiling '/home/foiegreis/ros2_fndm_ws/install/ros2_fndm_interface/lib/python3.10/site-packages/ros2_fndm_interface/srv/__init__.py'...
[6.764s] Compiling '/home/foiegreis/ros2_fndm_ws/install/ros2_fndm_interface/lib/python3.10/site-packages/ros2_fndm_interface/srv/_add_three_ints.py'...
[6.768s] -- Installing: /home/foiegreis/ros2_fndm_ws/install/ros2_fndm_interface/lib/python3.10/site-packages/ros2_fndm_interface/ros2_fndm_interface_s__rosidl_typesupport_fastrtps_c.cpython-310-x86_64-linux-gnu.so
[6.768s] -- Set runtime path of "/home/foiegreis/ros2_fndm_ws/install/ros2_fndm_interface/lib/python3.10/site-packages/ros2_fndm_interface/ros2_fndm_interface_s__rosidl_typesupport_fastrtps_c.cpython-310-x86_64-linux-gnu.so" to ""
[6.769s] -- Installing: /home/foiegreis/ros2_fndm_ws/install/ros2_fndm_interface/lib/python3.10/site-packages/ros2_fndm_interface/ros2_fndm_interface_s__rosidl_typesupport_introspection_c.cpython-310-x86_64-linux-gnu.so
[6.769s] -- Set runtime path of "/home/foiegreis/ros2_fndm_ws/install/ros2_fndm_interface/lib/python3.10/site-packages/ros2_fndm_interface/ros2_fndm_interface_s__rosidl_typesupport_introspection_c.cpython-310-x86_64-linux-gnu.so" to ""
[6.769s] -- Installing: /home/foiegreis/ros2_fndm_ws/install/ros2_fndm_interface/lib/python3.10/site-packages/ros2_fndm_interface/ros2_fndm_interface_s__rosidl_typesupport_c.cpython-310-x86_64-linux-gnu.so
[6.770s] -- Set runtime path of "/home/foiegreis/ros2_fndm_ws/install/ros2_fndm_interface/lib/python3.10/site-packages/ros2_fndm_interface/ros2_fndm_interface_s__rosidl_typesupport_c.cpython-310-x86_64-linux-gnu.so" to ""
[6.770s] -- Installing: /home/foiegreis/ros2_fndm_ws/install/ros2_fndm_interface/lib/libros2_fndm_interface__rosidl_generator_py.so
[6.770s] -- Set runtime path of "/home/foiegreis/ros2_fndm_ws/install/ros2_fndm_interface/lib/libros2_fndm_interface__rosidl_generator_py.so" to ""
[6.770s] -- Installing: /home/foiegreis/ros2_fndm_ws/install/ros2_fndm_interface/share/ros2_fndm_interface/msg/AddressBook.idl
[6.770s] -- Installing: /home/foiegreis/ros2_fndm_ws/install/ros2_fndm_interface/share/ros2_fndm_interface/srv/AddThreeInts.idl
[6.771s] -- Installing: /home/foiegreis/ros2_fndm_ws/install/ros2_fndm_interface/share/ros2_fndm_interface/action/Fibonacci.idl
[6.771s] -- Installing: /home/foiegreis/ros2_fndm_ws/install/ros2_fndm_interface/share/ros2_fndm_interface/msg/AddressBook.msg
[6.771s] -- Installing: /home/foiegreis/ros2_fndm_ws/install/ros2_fndm_interface/share/ros2_fndm_interface/srv/AddThreeInts.srv
[6.771s] -- Installing: /home/foiegreis/ros2_fndm_ws/install/ros2_fndm_interface/share/ros2_fndm_interface/srv/AddThreeInts_Request.msg
[6.771s] -- Installing: /home/foiegreis/ros2_fndm_ws/install/ros2_fndm_interface/share/ros2_fndm_interface/srv/AddThreeInts_Response.msg
[6.771s] -- Installing: /home/foiegreis/ros2_fndm_ws/install/ros2_fndm_interface/share/ros2_fndm_interface/action/Fibonacci.action
[6.771s] -- Installing: /home/foiegreis/ros2_fndm_ws/install/ros2_fndm_interface/share/ament_index/resource_index/package_run_dependencies/ros2_fndm_interface
[6.771s] -- Installing: /home/foiegreis/ros2_fndm_ws/install/ros2_fndm_interface/share/ament_index/resource_index/parent_prefix_path/ros2_fndm_interface
[6.771s] -- Installing: /home/foiegreis/ros2_fndm_ws/install/ros2_fndm_interface/share/ros2_fndm_interface/environment/ament_prefix_path.sh
[6.772s] -- Installing: /home/foiegreis/ros2_fndm_ws/install/ros2_fndm_interface/share/ros2_fndm_interface/environment/ament_prefix_path.dsv
[6.772s] -- Installing: /home/foiegreis/ros2_fndm_ws/install/ros2_fndm_interface/share/ros2_fndm_interface/environment/path.sh
[6.772s] -- Installing: /home/foiegreis/ros2_fndm_ws/install/ros2_fndm_interface/share/ros2_fndm_interface/environment/path.dsv
[6.772s] -- Installing: /home/foiegreis/ros2_fndm_ws/install/ros2_fndm_interface/share/ros2_fndm_interface/local_setup.bash
[6.772s] -- Installing: /home/foiegreis/ros2_fndm_ws/install/ros2_fndm_interface/share/ros2_fndm_interface/local_setup.sh
[6.772s] -- Installing: /home/foiegreis/ros2_fndm_ws/install/ros2_fndm_interface/share/ros2_fndm_interface/local_setup.zsh
[6.772s] -- Installing: /home/foiegreis/ros2_fndm_ws/install/ros2_fndm_interface/share/ros2_fndm_interface/local_setup.dsv
[6.772s] -- Installing: /home/foiegreis/ros2_fndm_ws/install/ros2_fndm_interface/share/ros2_fndm_interface/package.dsv
[6.773s] -- Installing: /home/foiegreis/ros2_fndm_ws/install/ros2_fndm_interface/share/ament_index/resource_index/packages/ros2_fndm_interface
[6.773s] -- Installing: /home/foiegreis/ros2_fndm_ws/install/ros2_fndm_interface/share/ros2_fndm_interface/cmake/export_ros2_fndm_interface__rosidl_generator_cExport.cmake
[6.773s] -- Installing: /home/foiegreis/ros2_fndm_ws/install/ros2_fndm_interface/share/ros2_fndm_interface/cmake/export_ros2_fndm_interface__rosidl_generator_cExport-noconfig.cmake
[6.773s] -- Installing: /home/foiegreis/ros2_fndm_ws/install/ros2_fndm_interface/share/ros2_fndm_interface/cmake/export_ros2_fndm_interface__rosidl_typesupport_fastrtps_cExport.cmake
[6.773s] -- Installing: /home/foiegreis/ros2_fndm_ws/install/ros2_fndm_interface/share/ros2_fndm_interface/cmake/export_ros2_fndm_interface__rosidl_typesupport_fastrtps_cExport-noconfig.cmake
[6.773s] -- Installing: /home/foiegreis/ros2_fndm_ws/install/ros2_fndm_interface/share/ros2_fndm_interface/cmake/ros2_fndm_interface__rosidl_typesupport_introspection_cExport.cmake
[6.773s] -- Installing: /home/foiegreis/ros2_fndm_ws/install/ros2_fndm_interface/share/ros2_fndm_interface/cmake/ros2_fndm_interface__rosidl_typesupport_introspection_cExport-noconfig.cmake
[6.774s] -- Installing: /home/foiegreis/ros2_fndm_ws/install/ros2_fndm_interface/share/ros2_fndm_interface/cmake/ros2_fndm_interface__rosidl_typesupport_cExport.cmake
[6.774s] -- Installing: /home/foiegreis/ros2_fndm_ws/install/ros2_fndm_interface/share/ros2_fndm_interface/cmake/ros2_fndm_interface__rosidl_typesupport_cExport-noconfig.cmake
[6.774s] -- Installing: /home/foiegreis/ros2_fndm_ws/install/ros2_fndm_interface/share/ros2_fndm_interface/cmake/export_ros2_fndm_interface__rosidl_generator_cppExport.cmake
[6.774s] -- Installing: /home/foiegreis/ros2_fndm_ws/install/ros2_fndm_interface/share/ros2_fndm_interface/cmake/export_ros2_fndm_interface__rosidl_typesupport_fastrtps_cppExport.cmake
[6.774s] -- Installing: /home/foiegreis/ros2_fndm_ws/install/ros2_fndm_interface/share/ros2_fndm_interface/cmake/export_ros2_fndm_interface__rosidl_typesupport_fastrtps_cppExport-noconfig.cmake
[6.774s] -- Installing: /home/foiegreis/ros2_fndm_ws/install/ros2_fndm_interface/share/ros2_fndm_interface/cmake/ros2_fndm_interface__rosidl_typesupport_introspection_cppExport.cmake
[6.774s] -- Installing: /home/foiegreis/ros2_fndm_ws/install/ros2_fndm_interface/share/ros2_fndm_interface/cmake/ros2_fndm_interface__rosidl_typesupport_introspection_cppExport-noconfig.cmake
[6.774s] -- Installing: /home/foiegreis/ros2_fndm_ws/install/ros2_fndm_interface/share/ros2_fndm_interface/cmake/ros2_fndm_interface__rosidl_typesupport_cppExport.cmake
[6.775s] -- Installing: /home/foiegreis/ros2_fndm_ws/install/ros2_fndm_interface/share/ros2_fndm_interface/cmake/ros2_fndm_interface__rosidl_typesupport_cppExport-noconfig.cmake
[6.775s] -- Installing: /home/foiegreis/ros2_fndm_ws/install/ros2_fndm_interface/share/ros2_fndm_interface/cmake/export_ros2_fndm_interface__rosidl_generator_pyExport.cmake
[6.775s] -- Installing: /home/foiegreis/ros2_fndm_ws/install/ros2_fndm_interface/share/ros2_fndm_interface/cmake/export_ros2_fndm_interface__rosidl_generator_pyExport-noconfig.cmake
[6.775s] -- Installing: /home/foiegreis/ros2_fndm_ws/install/ros2_fndm_interface/share/ros2_fndm_interface/cmake/rosidl_cmake-extras.cmake
[6.775s] -- Installing: /home/foiegreis/ros2_fndm_ws/install/ros2_fndm_interface/share/ros2_fndm_interface/cmake/ament_cmake_export_dependencies-extras.cmake
[6.775s] -- Installing: /home/foiegreis/ros2_fndm_ws/install/ros2_fndm_interface/share/ros2_fndm_interface/cmake/ament_cmake_export_include_directories-extras.cmake
[6.775s] -- Installing: /home/foiegreis/ros2_fndm_ws/install/ros2_fndm_interface/share/ros2_fndm_interface/cmake/ament_cmake_export_libraries-extras.cmake
[6.775s] -- Installing: /home/foiegreis/ros2_fndm_ws/install/ros2_fndm_interface/share/ros2_fndm_interface/cmake/ament_cmake_export_targets-extras.cmake
[6.776s] -- Installing: /home/foiegreis/ros2_fndm_ws/install/ros2_fndm_interface/share/ros2_fndm_interface/cmake/rosidl_cmake_export_typesupport_targets-extras.cmake
[6.776s] -- Installing: /home/foiegreis/ros2_fndm_ws/install/ros2_fndm_interface/share/ros2_fndm_interface/cmake/rosidl_cmake_export_typesupport_libraries-extras.cmake
[6.776s] -- Installing: /home/foiegreis/ros2_fndm_ws/install/ros2_fndm_interface/share/ros2_fndm_interface/cmake/ros2_fndm_interfaceConfig.cmake
[6.776s] -- Installing: /home/foiegreis/ros2_fndm_ws/install/ros2_fndm_interface/share/ros2_fndm_interface/cmake/ros2_fndm_interfaceConfig-version.cmake
[6.776s] -- Installing: /home/foiegreis/ros2_fndm_ws/install/ros2_fndm_interface/share/ros2_fndm_interface/package.xml
[6.779s] Invoked command in '/home/foiegreis/ros2_fndm_ws/build/ros2_fndm_interface' returned '0': CMAKE_PREFIX_PATH=${CMAKE_PREFIX_PATH}:/home/foiegreis/ros2_fndm_ws/install/py_actions:/home/foiegreis/ros2_fndm_ws/install/py_pkg:/home/foiegreis/ros2_ws_book/install/py_pkg:/home/foiegreis/ros2_ws/install/my_py_pkg:/home/foiegreis/ros2_ws/install/lab4:/home/foiegreis/ros2_ws/install/lab3:/home/foiegreis/ros2_ws/install/lab2:/home/foiegreis/ros2_ws/install/lab1:/opt/ros/iron /usr/bin/cmake --install /home/foiegreis/ros2_fndm_ws/build/ros2_fndm_interface
