[1.400s] Invoking command in '/home/foiegreis/ros2_fndm_ws/src/py_actions': CMAKE_PREFIX_PATH=/home/foiegreis/ros2_fndm_ws/install/my_ros2_interface:/home/foiegreis/ros2_fndm_ws/install/my_ros2_bringup:/home/foiegreis/ros2_fndm_ws/install/cpp_actions:/home/foiegreis/ros2_fndm_ws/install/cpp_py_pkg:/home/foiegreis/ros2_fndm_ws/install/cpp_pkg:/home/foiegreis/ros2_ws_book/install/cpp_pkg:/home/foiegreis/ros2_ws/install/my_bringup:/home/foiegreis/ros2_ws/install/my_interface:/home/foiegreis/ros2_ws/install/my_description:/home/foiegreis/ros2_ws_yolo3d/install/yolo3d:/home/foiegreis/ros2_ws_yolo3d/install/omni_robot_description:/home/foiegreis/ros2_ws_yolo3d/install/omni_control:/home/foiegreis/ros2_ws_yolo3d/install/gazebo_simulation PYTHONPATH=/home/foiegreis/ros2_fndm_ws/build/py_actions/prefix_override:/home/foiegreis/ros2_fndm_ws/install/py_actions/lib/python3.10/site-packages:/home/foiegreis/ros2_fndm_ws/install/my_ros2_interface/lib/python3.10/site-packages:/home/foiegreis/ros2_fndm_ws/install/py_actions/lib/python3.10/site-packages:/home/foiegreis/ros2_fndm_ws/install/cpp_py_pkg/lib/python3.10/site-packages:/home/foiegreis/ros2_fndm_ws/build/py_pkg:/home/foiegreis/ros2_fndm_ws/install/py_pkg/lib/python3.10/site-packages:/home/foiegreis/ros2_ws_book/install/py_pkg/lib/python3.10/site-packages:/home/foiegreis/ros2_ws/install/my_py_pkg/lib/python3.10/site-packages:/home/foiegreis/ros2_ws/install/lab4/lib/python3.10/site-packages:/home/foiegreis/ros2_ws/install/lab3/lib/python3.10/site-packages:/home/foiegreis/ros2_ws/install/my_interface/lib/python3.10/site-packages:/home/foiegreis/ros2_ws/install/lab2/lib/python3.10/site-packages:/home/foiegreis/ros2_ws/install/lab1/lib/python3.10/site-packages:/opt/ros/iron/lib/python3.10/site-packages /usr/bin/python3 setup.py egg_info --egg-base ../../build/py_actions build --build-base /home/foiegreis/ros2_fndm_ws/build/py_actions/build install --record /home/foiegreis/ros2_fndm_ws/build/py_actions/install.log --single-version-externally-managed
[1.715s] running egg_info
[1.715s] creating ../../build/py_actions/py_actions.egg-info
[1.715s] writing ../../build/py_actions/py_actions.egg-info/PKG-INFO
[1.715s] writing dependency_links to ../../build/py_actions/py_actions.egg-info/dependency_links.txt
[1.715s] writing entry points to ../../build/py_actions/py_actions.egg-info/entry_points.txt
[1.716s] writing requirements to ../../build/py_actions/py_actions.egg-info/requires.txt
[1.716s] writing top-level names to ../../build/py_actions/py_actions.egg-info/top_level.txt
[1.716s] writing manifest file '../../build/py_actions/py_actions.egg-info/SOURCES.txt'
[1.717s] reading manifest file '../../build/py_actions/py_actions.egg-info/SOURCES.txt'
[1.718s] writing manifest file '../../build/py_actions/py_actions.egg-info/SOURCES.txt'
[1.718s] running build
[1.718s] running build_py
[1.719s] creating /home/foiegreis/ros2_fndm_ws/build/py_actions/build
[1.719s] creating /home/foiegreis/ros2_fndm_ws/build/py_actions/build/lib
[1.719s] creating /home/foiegreis/ros2_fndm_ws/build/py_actions/build/lib/py_actions
[1.719s] copying py_actions/fibonacci_server.py -> /home/foiegreis/ros2_fndm_ws/build/py_actions/build/lib/py_actions
[1.719s] copying py_actions/__init__.py -> /home/foiegreis/ros2_fndm_ws/build/py_actions/build/lib/py_actions
[1.719s] copying py_actions/fibonacci_client.py -> /home/foiegreis/ros2_fndm_ws/build/py_actions/build/lib/py_actions
[1.719s] copying py_actions/fibonacci_cancel_server.py -> /home/foiegreis/ros2_fndm_ws/build/py_actions/build/lib/py_actions
[1.719s] copying py_actions/fibonacci_cancel_client.py -> /home/foiegreis/ros2_fndm_ws/build/py_actions/build/lib/py_actions
[1.719s] running install
[1.719s] running install_lib
[1.720s] creating /home/foiegreis/ros2_fndm_ws/install/py_actions/lib/python3.10/site-packages/py_actions
[1.720s] copying /home/foiegreis/ros2_fndm_ws/build/py_actions/build/lib/py_actions/fibonacci_server.py -> /home/foiegreis/ros2_fndm_ws/install/py_actions/lib/python3.10/site-packages/py_actions
[1.720s] copying /home/foiegreis/ros2_fndm_ws/build/py_actions/build/lib/py_actions/__init__.py -> /home/foiegreis/ros2_fndm_ws/install/py_actions/lib/python3.10/site-packages/py_actions
[1.720s] copying /home/foiegreis/ros2_fndm_ws/build/py_actions/build/lib/py_actions/fibonacci_client.py -> /home/foiegreis/ros2_fndm_ws/install/py_actions/lib/python3.10/site-packages/py_actions
[1.720s] copying /home/foiegreis/ros2_fndm_ws/build/py_actions/build/lib/py_actions/fibonacci_cancel_server.py -> /home/foiegreis/ros2_fndm_ws/install/py_actions/lib/python3.10/site-packages/py_actions
[1.720s] copying /home/foiegreis/ros2_fndm_ws/build/py_actions/build/lib/py_actions/fibonacci_cancel_client.py -> /home/foiegreis/ros2_fndm_ws/install/py_actions/lib/python3.10/site-packages/py_actions
[1.721s] byte-compiling /home/foiegreis/ros2_fndm_ws/install/py_actions/lib/python3.10/site-packages/py_actions/fibonacci_server.py to fibonacci_server.cpython-310.pyc
[1.721s] byte-compiling /home/foiegreis/ros2_fndm_ws/install/py_actions/lib/python3.10/site-packages/py_actions/__init__.py to __init__.cpython-310.pyc
[1.722s] byte-compiling /home/foiegreis/ros2_fndm_ws/install/py_actions/lib/python3.10/site-packages/py_actions/fibonacci_client.py to fibonacci_client.cpython-310.pyc
[1.722s] byte-compiling /home/foiegreis/ros2_fndm_ws/install/py_actions/lib/python3.10/site-packages/py_actions/fibonacci_cancel_server.py to fibonacci_cancel_server.cpython-310.pyc
[1.723s] byte-compiling /home/foiegreis/ros2_fndm_ws/install/py_actions/lib/python3.10/site-packages/py_actions/fibonacci_cancel_client.py to fibonacci_cancel_client.cpython-310.pyc
[1.723s] running install_data
[1.724s] creating /home/foiegreis/ros2_fndm_ws/install/py_actions/share/ament_index
[1.724s] creating /home/foiegreis/ros2_fndm_ws/install/py_actions/share/ament_index/resource_index
[1.724s] creating /home/foiegreis/ros2_fndm_ws/install/py_actions/share/ament_index/resource_index/packages
[1.724s] copying resource/py_actions -> /home/foiegreis/ros2_fndm_ws/install/py_actions/share/ament_index/resource_index/packages
[1.724s] copying package.xml -> /home/foiegreis/ros2_fndm_ws/install/py_actions/share/py_actions
[1.724s] running install_egg_info
[1.726s] Copying ../../build/py_actions/py_actions.egg-info to /home/foiegreis/ros2_fndm_ws/install/py_actions/lib/python3.10/site-packages/py_actions-0.0.0-py3.10.egg-info
[1.726s] running install_scripts
[1.746s] Installing fibonacci_cancel_client script to /home/foiegreis/ros2_fndm_ws/install/py_actions/lib/py_actions
[1.746s] Installing fibonacci_cancel_server script to /home/foiegreis/ros2_fndm_ws/install/py_actions/lib/py_actions
[1.746s] Installing fibonacci_client script to /home/foiegreis/ros2_fndm_ws/install/py_actions/lib/py_actions
[1.746s] Installing fibonacci_server script to /home/foiegreis/ros2_fndm_ws/install/py_actions/lib/py_actions
[1.746s] writing list of installed files to '/home/foiegreis/ros2_fndm_ws/build/py_actions/install.log'
[1.773s] Invoked command in '/home/foiegreis/ros2_fndm_ws/src/py_actions' returned '0': CMAKE_PREFIX_PATH=/home/foiegreis/ros2_fndm_ws/install/my_ros2_interface:/home/foiegreis/ros2_fndm_ws/install/my_ros2_bringup:/home/foiegreis/ros2_fndm_ws/install/cpp_actions:/home/foiegreis/ros2_fndm_ws/install/cpp_py_pkg:/home/foiegreis/ros2_fndm_ws/install/cpp_pkg:/home/foiegreis/ros2_ws_book/install/cpp_pkg:/home/foiegreis/ros2_ws/install/my_bringup:/home/foiegreis/ros2_ws/install/my_interface:/home/foiegreis/ros2_ws/install/my_description:/home/foiegreis/ros2_ws_yolo3d/install/yolo3d:/home/foiegreis/ros2_ws_yolo3d/install/omni_robot_description:/home/foiegreis/ros2_ws_yolo3d/install/omni_control:/home/foiegreis/ros2_ws_yolo3d/install/gazebo_simulation PYTHONPATH=/home/foiegreis/ros2_fndm_ws/build/py_actions/prefix_override:/home/foiegreis/ros2_fndm_ws/install/py_actions/lib/python3.10/site-packages:/home/foiegreis/ros2_fndm_ws/install/my_ros2_interface/lib/python3.10/site-packages:/home/foiegreis/ros2_fndm_ws/install/py_actions/lib/python3.10/site-packages:/home/foiegreis/ros2_fndm_ws/install/cpp_py_pkg/lib/python3.10/site-packages:/home/foiegreis/ros2_fndm_ws/build/py_pkg:/home/foiegreis/ros2_fndm_ws/install/py_pkg/lib/python3.10/site-packages:/home/foiegreis/ros2_ws_book/install/py_pkg/lib/python3.10/site-packages:/home/foiegreis/ros2_ws/install/my_py_pkg/lib/python3.10/site-packages:/home/foiegreis/ros2_ws/install/lab4/lib/python3.10/site-packages:/home/foiegreis/ros2_ws/install/lab3/lib/python3.10/site-packages:/home/foiegreis/ros2_ws/install/my_interface/lib/python3.10/site-packages:/home/foiegreis/ros2_ws/install/lab2/lib/python3.10/site-packages:/home/foiegreis/ros2_ws/install/lab1/lib/python3.10/site-packages:/opt/ros/iron/lib/python3.10/site-packages /usr/bin/python3 setup.py egg_info --egg-base ../../build/py_actions build --build-base /home/foiegreis/ros2_fndm_ws/build/py_actions/build install --record /home/foiegreis/ros2_fndm_ws/build/py_actions/install.log --single-version-externally-managed
