[1.438s] DEBUG:colcon:Command line arguments: ['/usr/bin/colcon', 'build']
[1.438s] DEBUG:colcon:Parsed command line arguments: Namespace(log_base=None, log_level=None, verb_name='build', build_base='build', install_base='install', merge_install=False, symlink_install=False, test_result_base=None, continue_on_error=False, executor='parallel', parallel_workers=12, event_handlers=None, ignore_user_meta=False, metas=['./colcon.meta'], base_paths=['.'], packages_ignore=None, packages_ignore_regex=None, paths=None, packages_up_to=None, packages_up_to_regex=None, packages_above=None, packages_above_and_dependencies=None, packages_above_depth=None, packages_select_by_dep=None, packages_skip_by_dep=None, packages_skip_up_to=None, packages_select_build_failed=False, packages_skip_build_finished=False, packages_select_test_failures=False, packages_skip_test_passed=False, packages_select=None, packages_skip=None, packages_select_regex=None, packages_skip_regex=None, packages_start=None, packages_end=None, allow_overriding=[], cmake_args=None, cmake_target=None, cmake_target_skip_unavailable=False, cmake_clean_cache=False, cmake_clean_first=False, cmake_force_configure=False, ament_cmake_args=None, catkin_cmake_args=None, catkin_skip_building_tests=False, verb_parser=<colcon_defaults.argument_parser.defaults.DefaultArgumentsDecorator object at 0x7d577932f640>, verb_extension=<colcon_core.verb.build.BuildVerb object at 0x7d57794f60b0>, main=<bound method BuildVerb.main of <colcon_core.verb.build.BuildVerb object at 0x7d57794f60b0>>)
[1.503s] Level 1:colcon.colcon_core.package_discovery:discover_packages(colcon_meta) check parameters
[1.503s] Level 1:colcon.colcon_core.package_discovery:discover_packages(recursive) check parameters
[1.503s] Level 1:colcon.colcon_core.package_discovery:discover_packages(ignore) check parameters
[1.503s] Level 1:colcon.colcon_core.package_discovery:discover_packages(path) check parameters
[1.503s] Level 1:colcon.colcon_core.package_discovery:discover_packages(colcon_meta) discover
[1.503s] Level 1:colcon.colcon_core.package_discovery:discover_packages(recursive) discover
[1.503s] INFO:colcon.colcon_core.package_discovery:Crawling recursively for packages in '/home/foiegreis/ros2_fndm_ws/src'
[1.503s] Level 1:colcon.colcon_core.package_identification:_identify(.) by extensions ['ignore', 'ignore_ament_install']
[1.503s] Level 1:colcon.colcon_core.package_identification:_identify(.) by extension 'ignore'
[1.503s] Level 1:colcon.colcon_core.package_identification:_identify(.) by extension 'ignore_ament_install'
[1.503s] Level 1:colcon.colcon_core.package_identification:_identify(.) by extensions ['colcon_pkg']
[1.504s] Level 1:colcon.colcon_core.package_identification:_identify(.) by extension 'colcon_pkg'
[1.504s] Level 1:colcon.colcon_core.package_identification:_identify(.) by extensions ['colcon_meta']
[1.504s] Level 1:colcon.colcon_core.package_identification:_identify(.) by extension 'colcon_meta'
[1.504s] Level 1:colcon.colcon_core.package_identification:_identify(.) by extensions ['ros']
[1.504s] Level 1:colcon.colcon_core.package_identification:_identify(.) by extension 'ros'
[1.514s] Level 1:colcon.colcon_core.package_identification:_identify(.) by extensions ['cmake', 'python']
[1.514s] Level 1:colcon.colcon_core.package_identification:_identify(.) by extension 'cmake'
[1.514s] Level 1:colcon.colcon_core.package_identification:_identify(.) by extension 'python'
[1.514s] Level 1:colcon.colcon_core.package_identification:_identify(.) by extensions ['python_setup_py']
[1.514s] Level 1:colcon.colcon_core.package_identification:_identify(.) by extension 'python_setup_py'
[1.514s] Level 1:colcon.colcon_core.package_identification:_identify(build) by extensions ['ignore', 'ignore_ament_install']
[1.514s] Level 1:colcon.colcon_core.package_identification:_identify(build) by extension 'ignore'
[1.514s] Level 1:colcon.colcon_core.package_identification:_identify(build) ignored
[1.514s] Level 1:colcon.colcon_core.package_identification:_identify(cpp_actions) by extensions ['ignore', 'ignore_ament_install']
[1.514s] Level 1:colcon.colcon_core.package_identification:_identify(cpp_actions) by extension 'ignore'
[1.514s] Level 1:colcon.colcon_core.package_identification:_identify(cpp_actions) by extension 'ignore_ament_install'
[1.514s] Level 1:colcon.colcon_core.package_identification:_identify(cpp_actions) by extensions ['colcon_pkg']
[1.514s] Level 1:colcon.colcon_core.package_identification:_identify(cpp_actions) by extension 'colcon_pkg'
[1.514s] Level 1:colcon.colcon_core.package_identification:_identify(cpp_actions) by extensions ['colcon_meta']
[1.514s] Level 1:colcon.colcon_core.package_identification:_identify(cpp_actions) by extension 'colcon_meta'
[1.514s] Level 1:colcon.colcon_core.package_identification:_identify(cpp_actions) by extensions ['ros']
[1.514s] Level 1:colcon.colcon_core.package_identification:_identify(cpp_actions) by extension 'ros'
[1.517s] DEBUG:colcon.colcon_core.package_identification:Package 'cpp_actions' with type 'ros.ament_cmake' and name 'cpp_actions'
[1.517s] Level 1:colcon.colcon_core.package_identification:_identify(cpp_pkg) by extensions ['ignore', 'ignore_ament_install']
[1.517s] Level 1:colcon.colcon_core.package_identification:_identify(cpp_pkg) by extension 'ignore'
[1.517s] Level 1:colcon.colcon_core.package_identification:_identify(cpp_pkg) by extension 'ignore_ament_install'
[1.517s] Level 1:colcon.colcon_core.package_identification:_identify(cpp_pkg) by extensions ['colcon_pkg']
[1.517s] Level 1:colcon.colcon_core.package_identification:_identify(cpp_pkg) by extension 'colcon_pkg'
[1.517s] Level 1:colcon.colcon_core.package_identification:_identify(cpp_pkg) by extensions ['colcon_meta']
[1.517s] Level 1:colcon.colcon_core.package_identification:_identify(cpp_pkg) by extension 'colcon_meta'
[1.517s] Level 1:colcon.colcon_core.package_identification:_identify(cpp_pkg) by extensions ['ros']
[1.517s] Level 1:colcon.colcon_core.package_identification:_identify(cpp_pkg) by extension 'ros'
[1.518s] DEBUG:colcon.colcon_core.package_identification:Package 'cpp_pkg' with type 'ros.ament_cmake' and name 'cpp_pkg'
[1.518s] Level 1:colcon.colcon_core.package_identification:_identify(cpp_py_pkg) by extensions ['ignore', 'ignore_ament_install']
[1.518s] Level 1:colcon.colcon_core.package_identification:_identify(cpp_py_pkg) by extension 'ignore'
[1.518s] Level 1:colcon.colcon_core.package_identification:_identify(cpp_py_pkg) by extension 'ignore_ament_install'
[1.518s] Level 1:colcon.colcon_core.package_identification:_identify(cpp_py_pkg) by extensions ['colcon_pkg']
[1.518s] Level 1:colcon.colcon_core.package_identification:_identify(cpp_py_pkg) by extension 'colcon_pkg'
[1.518s] Level 1:colcon.colcon_core.package_identification:_identify(cpp_py_pkg) by extensions ['colcon_meta']
[1.518s] Level 1:colcon.colcon_core.package_identification:_identify(cpp_py_pkg) by extension 'colcon_meta'
[1.518s] Level 1:colcon.colcon_core.package_identification:_identify(cpp_py_pkg) by extensions ['ros']
[1.518s] Level 1:colcon.colcon_core.package_identification:_identify(cpp_py_pkg) by extension 'ros'
[1.519s] DEBUG:colcon.colcon_core.package_identification:Package 'cpp_py_pkg' with type 'ros.ament_cmake' and name 'cpp_py_pkg'
[1.519s] Level 1:colcon.colcon_core.package_identification:_identify(install) by extensions ['ignore', 'ignore_ament_install']
[1.519s] Level 1:colcon.colcon_core.package_identification:_identify(install) by extension 'ignore'
[1.519s] Level 1:colcon.colcon_core.package_identification:_identify(install) ignored
[1.519s] Level 1:colcon.colcon_core.package_identification:_identify(log) by extensions ['ignore', 'ignore_ament_install']
[1.519s] Level 1:colcon.colcon_core.package_identification:_identify(log) by extension 'ignore'
[1.519s] Level 1:colcon.colcon_core.package_identification:_identify(log) ignored
[1.519s] Level 1:colcon.colcon_core.package_identification:_identify(py_actions) by extensions ['ignore', 'ignore_ament_install']
[1.519s] Level 1:colcon.colcon_core.package_identification:_identify(py_actions) by extension 'ignore'
[1.519s] Level 1:colcon.colcon_core.package_identification:_identify(py_actions) by extension 'ignore_ament_install'
[1.519s] Level 1:colcon.colcon_core.package_identification:_identify(py_actions) by extensions ['colcon_pkg']
[1.519s] Level 1:colcon.colcon_core.package_identification:_identify(py_actions) by extension 'colcon_pkg'
[1.519s] Level 1:colcon.colcon_core.package_identification:_identify(py_actions) by extensions ['colcon_meta']
[1.519s] Level 1:colcon.colcon_core.package_identification:_identify(py_actions) by extension 'colcon_meta'
[1.519s] Level 1:colcon.colcon_core.package_identification:_identify(py_actions) by extensions ['ros']
[1.519s] Level 1:colcon.colcon_core.package_identification:_identify(py_actions) by extension 'ros'
[1.520s] DEBUG:colcon.colcon_core.package_identification:Package 'py_actions' with type 'ros.ament_python' and name 'py_actions'
[1.520s] Level 1:colcon.colcon_core.package_identification:_identify(py_pkg) by extensions ['ignore', 'ignore_ament_install']
[1.520s] Level 1:colcon.colcon_core.package_identification:_identify(py_pkg) by extension 'ignore'
[1.520s] Level 1:colcon.colcon_core.package_identification:_identify(py_pkg) by extension 'ignore_ament_install'
[1.520s] Level 1:colcon.colcon_core.package_identification:_identify(py_pkg) by extensions ['colcon_pkg']
[1.520s] Level 1:colcon.colcon_core.package_identification:_identify(py_pkg) by extension 'colcon_pkg'
[1.520s] Level 1:colcon.colcon_core.package_identification:_identify(py_pkg) by extensions ['colcon_meta']
[1.520s] Level 1:colcon.colcon_core.package_identification:_identify(py_pkg) by extension 'colcon_meta'
[1.520s] Level 1:colcon.colcon_core.package_identification:_identify(py_pkg) by extensions ['ros']
[1.520s] Level 1:colcon.colcon_core.package_identification:_identify(py_pkg) by extension 'ros'
[1.521s] DEBUG:colcon.colcon_core.package_identification:Package 'py_pkg' with type 'ros.ament_python' and name 'py_pkg'
[1.521s] Level 1:colcon.colcon_core.package_identification:_identify(ros2_fndm_bringup) by extensions ['ignore', 'ignore_ament_install']
[1.521s] Level 1:colcon.colcon_core.package_identification:_identify(ros2_fndm_bringup) by extension 'ignore'
[1.521s] Level 1:colcon.colcon_core.package_identification:_identify(ros2_fndm_bringup) by extension 'ignore_ament_install'
[1.521s] Level 1:colcon.colcon_core.package_identification:_identify(ros2_fndm_bringup) by extensions ['colcon_pkg']
[1.521s] Level 1:colcon.colcon_core.package_identification:_identify(ros2_fndm_bringup) by extension 'colcon_pkg'
[1.521s] Level 1:colcon.colcon_core.package_identification:_identify(ros2_fndm_bringup) by extensions ['colcon_meta']
[1.521s] Level 1:colcon.colcon_core.package_identification:_identify(ros2_fndm_bringup) by extension 'colcon_meta'
[1.521s] Level 1:colcon.colcon_core.package_identification:_identify(ros2_fndm_bringup) by extensions ['ros']
[1.521s] Level 1:colcon.colcon_core.package_identification:_identify(ros2_fndm_bringup) by extension 'ros'
[1.522s] DEBUG:colcon.colcon_core.package_identification:Package 'ros2_fndm_bringup' with type 'ros.ament_cmake' and name 'my_ros2_bringup'
[1.522s] Level 1:colcon.colcon_core.package_identification:_identify(ros2_fndm_interface) by extensions ['ignore', 'ignore_ament_install']
[1.522s] Level 1:colcon.colcon_core.package_identification:_identify(ros2_fndm_interface) by extension 'ignore'
[1.522s] Level 1:colcon.colcon_core.package_identification:_identify(ros2_fndm_interface) by extension 'ignore_ament_install'
[1.522s] Level 1:colcon.colcon_core.package_identification:_identify(ros2_fndm_interface) by extensions ['colcon_pkg']
[1.522s] Level 1:colcon.colcon_core.package_identification:_identify(ros2_fndm_interface) by extension 'colcon_pkg'
[1.522s] Level 1:colcon.colcon_core.package_identification:_identify(ros2_fndm_interface) by extensions ['colcon_meta']
[1.522s] Level 1:colcon.colcon_core.package_identification:_identify(ros2_fndm_interface) by extension 'colcon_meta'
[1.522s] Level 1:colcon.colcon_core.package_identification:_identify(ros2_fndm_interface) by extensions ['ros']
[1.522s] Level 1:colcon.colcon_core.package_identification:_identify(ros2_fndm_interface) by extension 'ros'
[1.523s] DEBUG:colcon.colcon_core.package_identification:Package 'ros2_fndm_interface' with type 'ros.ament_cmake' and name 'my_ros2_interface'
[1.523s] Level 1:colcon.colcon_core.package_discovery:discover_packages(recursive) using defaults
[1.523s] Level 1:colcon.colcon_core.package_discovery:discover_packages(ignore) discover
[1.523s] Level 1:colcon.colcon_core.package_discovery:discover_packages(ignore) using defaults
[1.523s] Level 1:colcon.colcon_core.package_discovery:discover_packages(path) discover
[1.523s] Level 1:colcon.colcon_core.package_discovery:discover_packages(path) using defaults
[1.655s] Level 1:colcon.colcon_core.package_discovery:discover_packages(prefix_path) check parameters
[1.655s] Level 1:colcon.colcon_core.package_discovery:discover_packages(prefix_path) discover
[1.700s] DEBUG:colcon.colcon_installed_package_information.package_discovery:Found 0 installed packages in /home/foiegreis/ros2_fndm_ws/install
[1.722s] DEBUG:colcon.colcon_installed_package_information.package_discovery:Found 7 installed packages in /home/foiegreis/my_ros2_ws/install
[1.744s] DEBUG:colcon.colcon_installed_package_information.package_discovery:Found 3 installed packages in /home/foiegreis/my_ros2_ws/src/install
[1.765s] DEBUG:colcon.colcon_installed_package_information.package_discovery:Found 2 installed packages in /home/foiegreis/ros2_ws_book/install
[1.786s] DEBUG:colcon.colcon_installed_package_information.package_discovery:Found 4 installed packages in /home/foiegreis/ros2_ws_yolo3d/install
[1.807s] DEBUG:colcon.colcon_installed_package_information.package_discovery:Found 8 installed packages in /home/foiegreis/ros2_ws/install
[1.830s] DEBUG:colcon.colcon_installed_package_information.package_discovery:Found 408 installed packages in /opt/ros/iron
[1.831s] Level 1:colcon.colcon_core.package_discovery:discover_packages(prefix_path) using defaults
[1.944s] Level 5:colcon.colcon_core.verb:set package 'cpp_pkg' build argument 'cmake_args' from command line to 'None'
[1.944s] Level 5:colcon.colcon_core.verb:set package 'cpp_pkg' build argument 'cmake_target' from command line to 'None'
[1.944s] Level 5:colcon.colcon_core.verb:set package 'cpp_pkg' build argument 'cmake_target_skip_unavailable' from command line to 'False'
[1.944s] Level 5:colcon.colcon_core.verb:set package 'cpp_pkg' build argument 'cmake_clean_cache' from command line to 'False'
[1.944s] Level 5:colcon.colcon_core.verb:set package 'cpp_pkg' build argument 'cmake_clean_first' from command line to 'False'
[1.944s] Level 5:colcon.colcon_core.verb:set package 'cpp_pkg' build argument 'cmake_force_configure' from command line to 'False'
[1.944s] Level 5:colcon.colcon_core.verb:set package 'cpp_pkg' build argument 'ament_cmake_args' from command line to 'None'
[1.944s] Level 5:colcon.colcon_core.verb:set package 'cpp_pkg' build argument 'catkin_cmake_args' from command line to 'None'
[1.944s] Level 5:colcon.colcon_core.verb:set package 'cpp_pkg' build argument 'catkin_skip_building_tests' from command line to 'False'
[1.944s] DEBUG:colcon.colcon_core.verb:Building package 'cpp_pkg' with the following arguments: {'ament_cmake_args': None, 'build_base': '/home/foiegreis/ros2_fndm_ws/src/build/cpp_pkg', 'catkin_cmake_args': None, 'catkin_skip_building_tests': False, 'cmake_args': None, 'cmake_clean_cache': False, 'cmake_clean_first': False, 'cmake_force_configure': False, 'cmake_target': None, 'cmake_target_skip_unavailable': False, 'install_base': '/home/foiegreis/ros2_fndm_ws/src/install/cpp_pkg', 'merge_install': False, 'path': '/home/foiegreis/ros2_fndm_ws/src/cpp_pkg', 'symlink_install': False, 'test_result_base': None}
[1.970s] Level 5:colcon.colcon_core.verb:set package 'cpp_py_pkg' build argument 'cmake_args' from command line to 'None'
[1.970s] Level 5:colcon.colcon_core.verb:set package 'cpp_py_pkg' build argument 'cmake_target' from command line to 'None'
[1.970s] Level 5:colcon.colcon_core.verb:set package 'cpp_py_pkg' build argument 'cmake_target_skip_unavailable' from command line to 'False'
[1.970s] Level 5:colcon.colcon_core.verb:set package 'cpp_py_pkg' build argument 'cmake_clean_cache' from command line to 'False'
[1.970s] Level 5:colcon.colcon_core.verb:set package 'cpp_py_pkg' build argument 'cmake_clean_first' from command line to 'False'
[1.970s] Level 5:colcon.colcon_core.verb:set package 'cpp_py_pkg' build argument 'cmake_force_configure' from command line to 'False'
[1.970s] Level 5:colcon.colcon_core.verb:set package 'cpp_py_pkg' build argument 'ament_cmake_args' from command line to 'None'
[1.970s] Level 5:colcon.colcon_core.verb:set package 'cpp_py_pkg' build argument 'catkin_cmake_args' from command line to 'None'
[1.970s] Level 5:colcon.colcon_core.verb:set package 'cpp_py_pkg' build argument 'catkin_skip_building_tests' from command line to 'False'
[1.970s] DEBUG:colcon.colcon_core.verb:Building package 'cpp_py_pkg' with the following arguments: {'ament_cmake_args': None, 'build_base': '/home/foiegreis/ros2_fndm_ws/src/build/cpp_py_pkg', 'catkin_cmake_args': None, 'catkin_skip_building_tests': False, 'cmake_args': None, 'cmake_clean_cache': False, 'cmake_clean_first': False, 'cmake_force_configure': False, 'cmake_target': None, 'cmake_target_skip_unavailable': False, 'install_base': '/home/foiegreis/ros2_fndm_ws/src/install/cpp_py_pkg', 'merge_install': False, 'path': '/home/foiegreis/ros2_fndm_ws/src/cpp_py_pkg', 'symlink_install': False, 'test_result_base': None}
[1.991s] Level 5:colcon.colcon_core.verb:set package 'my_ros2_interface' build argument 'cmake_args' from command line to 'None'
[1.991s] Level 5:colcon.colcon_core.verb:set package 'my_ros2_interface' build argument 'cmake_target' from command line to 'None'
[1.991s] Level 5:colcon.colcon_core.verb:set package 'my_ros2_interface' build argument 'cmake_target_skip_unavailable' from command line to 'False'
[1.992s] Level 5:colcon.colcon_core.verb:set package 'my_ros2_interface' build argument 'cmake_clean_cache' from command line to 'False'
[1.992s] Level 5:colcon.colcon_core.verb:set package 'my_ros2_interface' build argument 'cmake_clean_first' from command line to 'False'
[1.992s] Level 5:colcon.colcon_core.verb:set package 'my_ros2_interface' build argument 'cmake_force_configure' from command line to 'False'
[1.992s] Level 5:colcon.colcon_core.verb:set package 'my_ros2_interface' build argument 'ament_cmake_args' from command line to 'None'
[1.992s] Level 5:colcon.colcon_core.verb:set package 'my_ros2_interface' build argument 'catkin_cmake_args' from command line to 'None'
[1.992s] Level 5:colcon.colcon_core.verb:set package 'my_ros2_interface' build argument 'catkin_skip_building_tests' from command line to 'False'
[1.992s] DEBUG:colcon.colcon_core.verb:Building package 'my_ros2_interface' with the following arguments: {'ament_cmake_args': None, 'build_base': '/home/foiegreis/ros2_fndm_ws/src/build/my_ros2_interface', 'catkin_cmake_args': None, 'catkin_skip_building_tests': False, 'cmake_args': None, 'cmake_clean_cache': False, 'cmake_clean_first': False, 'cmake_force_configure': False, 'cmake_target': None, 'cmake_target_skip_unavailable': False, 'install_base': '/home/foiegreis/ros2_fndm_ws/src/install/my_ros2_interface', 'merge_install': False, 'path': '/home/foiegreis/ros2_fndm_ws/src/ros2_fndm_interface', 'symlink_install': False, 'test_result_base': None}
[2.018s] Level 5:colcon.colcon_core.verb:set package 'py_pkg' build argument 'cmake_args' from command line to 'None'
[2.018s] Level 5:colcon.colcon_core.verb:set package 'py_pkg' build argument 'cmake_target' from command line to 'None'
[2.018s] Level 5:colcon.colcon_core.verb:set package 'py_pkg' build argument 'cmake_target_skip_unavailable' from command line to 'False'
[2.019s] Level 5:colcon.colcon_core.verb:set package 'py_pkg' build argument 'cmake_clean_cache' from command line to 'False'
[2.019s] Level 5:colcon.colcon_core.verb:set package 'py_pkg' build argument 'cmake_clean_first' from command line to 'False'
[2.019s] Level 5:colcon.colcon_core.verb:set package 'py_pkg' build argument 'cmake_force_configure' from command line to 'False'
[2.019s] Level 5:colcon.colcon_core.verb:set package 'py_pkg' build argument 'ament_cmake_args' from command line to 'None'
[2.019s] Level 5:colcon.colcon_core.verb:set package 'py_pkg' build argument 'catkin_cmake_args' from command line to 'None'
[2.019s] Level 5:colcon.colcon_core.verb:set package 'py_pkg' build argument 'catkin_skip_building_tests' from command line to 'False'
[2.019s] DEBUG:colcon.colcon_core.verb:Building package 'py_pkg' with the following arguments: {'ament_cmake_args': None, 'build_base': '/home/foiegreis/ros2_fndm_ws/src/build/py_pkg', 'catkin_cmake_args': None, 'catkin_skip_building_tests': False, 'cmake_args': None, 'cmake_clean_cache': False, 'cmake_clean_first': False, 'cmake_force_configure': False, 'cmake_target': None, 'cmake_target_skip_unavailable': False, 'install_base': '/home/foiegreis/ros2_fndm_ws/src/install/py_pkg', 'merge_install': False, 'path': '/home/foiegreis/ros2_fndm_ws/src/py_pkg', 'symlink_install': False, 'test_result_base': None}
[2.048s] Level 5:colcon.colcon_core.verb:set package 'cpp_actions' build argument 'cmake_args' from command line to 'None'
[2.048s] Level 5:colcon.colcon_core.verb:set package 'cpp_actions' build argument 'cmake_target' from command line to 'None'
[2.048s] Level 5:colcon.colcon_core.verb:set package 'cpp_actions' build argument 'cmake_target_skip_unavailable' from command line to 'False'
[2.048s] Level 5:colcon.colcon_core.verb:set package 'cpp_actions' build argument 'cmake_clean_cache' from command line to 'False'
[2.048s] Level 5:colcon.colcon_core.verb:set package 'cpp_actions' build argument 'cmake_clean_first' from command line to 'False'
[2.048s] Level 5:colcon.colcon_core.verb:set package 'cpp_actions' build argument 'cmake_force_configure' from command line to 'False'
[2.048s] Level 5:colcon.colcon_core.verb:set package 'cpp_actions' build argument 'ament_cmake_args' from command line to 'None'
[2.048s] Level 5:colcon.colcon_core.verb:set package 'cpp_actions' build argument 'catkin_cmake_args' from command line to 'None'
[2.048s] Level 5:colcon.colcon_core.verb:set package 'cpp_actions' build argument 'catkin_skip_building_tests' from command line to 'False'
[2.048s] DEBUG:colcon.colcon_core.verb:Building package 'cpp_actions' with the following arguments: {'ament_cmake_args': None, 'build_base': '/home/foiegreis/ros2_fndm_ws/src/build/cpp_actions', 'catkin_cmake_args': None, 'catkin_skip_building_tests': False, 'cmake_args': None, 'cmake_clean_cache': False, 'cmake_clean_first': False, 'cmake_force_configure': False, 'cmake_target': None, 'cmake_target_skip_unavailable': False, 'install_base': '/home/foiegreis/ros2_fndm_ws/src/install/cpp_actions', 'merge_install': False, 'path': '/home/foiegreis/ros2_fndm_ws/src/cpp_actions', 'symlink_install': False, 'test_result_base': None}
[2.070s] Level 5:colcon.colcon_core.verb:set package 'my_ros2_bringup' build argument 'cmake_args' from command line to 'None'
[2.070s] Level 5:colcon.colcon_core.verb:set package 'my_ros2_bringup' build argument 'cmake_target' from command line to 'None'
[2.070s] Level 5:colcon.colcon_core.verb:set package 'my_ros2_bringup' build argument 'cmake_target_skip_unavailable' from command line to 'False'
[2.070s] Level 5:colcon.colcon_core.verb:set package 'my_ros2_bringup' build argument 'cmake_clean_cache' from command line to 'False'
[2.070s] Level 5:colcon.colcon_core.verb:set package 'my_ros2_bringup' build argument 'cmake_clean_first' from command line to 'False'
[2.070s] Level 5:colcon.colcon_core.verb:set package 'my_ros2_bringup' build argument 'cmake_force_configure' from command line to 'False'
[2.070s] Level 5:colcon.colcon_core.verb:set package 'my_ros2_bringup' build argument 'ament_cmake_args' from command line to 'None'
[2.070s] Level 5:colcon.colcon_core.verb:set package 'my_ros2_bringup' build argument 'catkin_cmake_args' from command line to 'None'
[2.070s] Level 5:colcon.colcon_core.verb:set package 'my_ros2_bringup' build argument 'catkin_skip_building_tests' from command line to 'False'
[2.070s] DEBUG:colcon.colcon_core.verb:Building package 'my_ros2_bringup' with the following arguments: {'ament_cmake_args': None, 'build_base': '/home/foiegreis/ros2_fndm_ws/src/build/my_ros2_bringup', 'catkin_cmake_args': None, 'catkin_skip_building_tests': False, 'cmake_args': None, 'cmake_clean_cache': False, 'cmake_clean_first': False, 'cmake_force_configure': False, 'cmake_target': None, 'cmake_target_skip_unavailable': False, 'install_base': '/home/foiegreis/ros2_fndm_ws/src/install/my_ros2_bringup', 'merge_install': False, 'path': '/home/foiegreis/ros2_fndm_ws/src/ros2_fndm_bringup', 'symlink_install': False, 'test_result_base': None}
[2.092s] Level 5:colcon.colcon_core.verb:set package 'py_actions' build argument 'cmake_args' from command line to 'None'
[2.092s] Level 5:colcon.colcon_core.verb:set package 'py_actions' build argument 'cmake_target' from command line to 'None'
[2.092s] Level 5:colcon.colcon_core.verb:set package 'py_actions' build argument 'cmake_target_skip_unavailable' from command line to 'False'
[2.092s] Level 5:colcon.colcon_core.verb:set package 'py_actions' build argument 'cmake_clean_cache' from command line to 'False'
[2.092s] Level 5:colcon.colcon_core.verb:set package 'py_actions' build argument 'cmake_clean_first' from command line to 'False'
[2.092s] Level 5:colcon.colcon_core.verb:set package 'py_actions' build argument 'cmake_force_configure' from command line to 'False'
[2.092s] Level 5:colcon.colcon_core.verb:set package 'py_actions' build argument 'ament_cmake_args' from command line to 'None'
[2.092s] Level 5:colcon.colcon_core.verb:set package 'py_actions' build argument 'catkin_cmake_args' from command line to 'None'
[2.092s] Level 5:colcon.colcon_core.verb:set package 'py_actions' build argument 'catkin_skip_building_tests' from command line to 'False'
[2.092s] DEBUG:colcon.colcon_core.verb:Building package 'py_actions' with the following arguments: {'ament_cmake_args': None, 'build_base': '/home/foiegreis/ros2_fndm_ws/src/build/py_actions', 'catkin_cmake_args': None, 'catkin_skip_building_tests': False, 'cmake_args': None, 'cmake_clean_cache': False, 'cmake_clean_first': False, 'cmake_force_configure': False, 'cmake_target': None, 'cmake_target_skip_unavailable': False, 'install_base': '/home/foiegreis/ros2_fndm_ws/src/install/py_actions', 'merge_install': False, 'path': '/home/foiegreis/ros2_fndm_ws/src/py_actions', 'symlink_install': False, 'test_result_base': None}
[2.113s] INFO:colcon.colcon_core.executor:Executing jobs using 'parallel' executor
[2.135s] DEBUG:colcon.colcon_parallel_executor.executor.parallel:run_until_complete
[2.135s] INFO:colcon.colcon_ros.task.ament_cmake.build:Building ROS package in '/home/foiegreis/ros2_fndm_ws/src/ros2_fndm_interface' with build type 'ament_cmake'
[2.136s] INFO:colcon.colcon_cmake.task.cmake.build:Building CMake package in '/home/foiegreis/ros2_fndm_ws/src/ros2_fndm_interface'
[2.160s] INFO:colcon.colcon_core.plugin_system:Skipping extension 'colcon_core.shell.bat': Not used on non-Windows systems
[2.160s] INFO:colcon.colcon_core.shell:Skip shell extension 'powershell' for command environment: Not usable outside of PowerShell
[2.160s] DEBUG:colcon.colcon_core.shell:Skip shell extension 'dsv' for command environment
[2.339s] INFO:colcon.colcon_ros.task.ament_cmake.build:Building ROS package in '/home/foiegreis/ros2_fndm_ws/src/cpp_pkg' with build type 'ament_cmake'
[2.340s] INFO:colcon.colcon_cmake.task.cmake.build:Building CMake package in '/home/foiegreis/ros2_fndm_ws/src/cpp_pkg'
[2.362s] INFO:colcon.colcon_core.shell:Skip shell extension 'powershell' for command environment: Not usable outside of PowerShell
[2.362s] DEBUG:colcon.colcon_core.shell:Skip shell extension 'dsv' for command environment
[2.543s] INFO:colcon.colcon_ros.task.ament_python.build:Building ROS package in '/home/foiegreis/ros2_fndm_ws/src/py_pkg' with build type 'ament_python'
[2.543s] Level 1:colcon.colcon_core.shell:create_environment_hook('py_pkg', 'ament_prefix_path')
[2.565s] INFO:colcon.colcon_core.shell:Creating environment hook '/home/foiegreis/ros2_fndm_ws/src/install/py_pkg/share/py_pkg/hook/ament_prefix_path.ps1'
[2.565s] INFO:colcon.colcon_core.shell:Creating environment descriptor '/home/foiegreis/ros2_fndm_ws/src/install/py_pkg/share/py_pkg/hook/ament_prefix_path.dsv'
[2.566s] INFO:colcon.colcon_core.shell:Creating environment hook '/home/foiegreis/ros2_fndm_ws/src/install/py_pkg/share/py_pkg/hook/ament_prefix_path.sh'
[2.587s] INFO:colcon.colcon_core.shell:Skip shell extension 'powershell' for command environment: Not usable outside of PowerShell
[2.587s] DEBUG:colcon.colcon_core.shell:Skip shell extension 'dsv' for command environment
[2.771s] INFO:colcon.colcon_ros.task.ament_cmake.build:Building ROS package in '/home/foiegreis/ros2_fndm_ws/src/cpp_py_pkg' with build type 'ament_cmake'
[2.772s] INFO:colcon.colcon_cmake.task.cmake.build:Building CMake package in '/home/foiegreis/ros2_fndm_ws/src/cpp_py_pkg'
[2.794s] INFO:colcon.colcon_core.shell:Skip shell extension 'powershell' for command environment: Not usable outside of PowerShell
[2.794s] DEBUG:colcon.colcon_core.shell:Skip shell extension 'dsv' for command environment
[2.974s] DEBUG:colcon.colcon_core.event_handler.log_command:Invoking command in '/home/foiegreis/ros2_fndm_ws/src/build/my_ros2_interface': CMAKE_PREFIX_PATH=${CMAKE_PREFIX_PATH}:/home/foiegreis/my_ros2_ws/install/py_pkg:/home/foiegreis/my_ros2_ws/install/py_actions:/home/foiegreis/my_ros2_ws/src/install/py_pkg:/home/foiegreis/ros2_ws_book/install/py_pkg:/home/foiegreis/ros2_ws/install/my_py_pkg:/home/foiegreis/ros2_ws/install/lab4:/home/foiegreis/ros2_ws/install/lab3:/home/foiegreis/ros2_ws/install/lab2:/home/foiegreis/ros2_ws/install/lab1:/opt/ros/iron /usr/bin/cmake /home/foiegreis/ros2_fndm_ws/src/ros2_fndm_interface -DCMAKE_INSTALL_PREFIX=/home/foiegreis/ros2_fndm_ws/src/install/my_ros2_interface
[2.980s] DEBUG:colcon.colcon_core.event_handler.log_command:Invoking command in '/home/foiegreis/ros2_fndm_ws/src/build/cpp_pkg': CMAKE_PREFIX_PATH=${CMAKE_PREFIX_PATH}:/home/foiegreis/my_ros2_ws/install/py_pkg:/home/foiegreis/my_ros2_ws/install/py_actions:/home/foiegreis/my_ros2_ws/src/install/py_pkg:/home/foiegreis/ros2_ws_book/install/py_pkg:/home/foiegreis/ros2_ws/install/my_py_pkg:/home/foiegreis/ros2_ws/install/lab4:/home/foiegreis/ros2_ws/install/lab3:/home/foiegreis/ros2_ws/install/lab2:/home/foiegreis/ros2_ws/install/lab1:/opt/ros/iron /usr/bin/cmake --build /home/foiegreis/ros2_fndm_ws/src/build/cpp_pkg -- -j12 -l12
[3.324s] INFO:colcon.colcon_core.task.python.build:Building Python package in '/home/foiegreis/ros2_fndm_ws/src/py_pkg'
[3.346s] INFO:colcon.colcon_core.shell:Skip shell extension 'powershell' for command environment: Not usable outside of PowerShell
[3.346s] DEBUG:colcon.colcon_core.shell:Skip shell extension 'dsv' for command environment
[3.537s] DEBUG:colcon.colcon_core.event_handler.log_command:Invoking command in '/home/foiegreis/ros2_fndm_ws/src/build/cpp_py_pkg': CMAKE_PREFIX_PATH=${CMAKE_PREFIX_PATH}:/home/foiegreis/my_ros2_ws/install/py_pkg:/home/foiegreis/my_ros2_ws/install/py_actions:/home/foiegreis/my_ros2_ws/src/install/py_pkg:/home/foiegreis/ros2_ws_book/install/py_pkg:/home/foiegreis/ros2_ws/install/my_py_pkg:/home/foiegreis/ros2_ws/install/lab4:/home/foiegreis/ros2_ws/install/lab3:/home/foiegreis/ros2_ws/install/lab2:/home/foiegreis/ros2_ws/install/lab1:/opt/ros/iron /usr/bin/cmake --build /home/foiegreis/ros2_fndm_ws/src/build/cpp_py_pkg -- -j12 -l12
[3.538s] DEBUG:colcon.colcon_core.event_handler.log_command:Invoked command in '/home/foiegreis/ros2_fndm_ws/src/build/cpp_pkg' returned '0': CMAKE_PREFIX_PATH=${CMAKE_PREFIX_PATH}:/home/foiegreis/my_ros2_ws/install/py_pkg:/home/foiegreis/my_ros2_ws/install/py_actions:/home/foiegreis/my_ros2_ws/src/install/py_pkg:/home/foiegreis/ros2_ws_book/install/py_pkg:/home/foiegreis/ros2_ws/install/my_py_pkg:/home/foiegreis/ros2_ws/install/lab4:/home/foiegreis/ros2_ws/install/lab3:/home/foiegreis/ros2_ws/install/lab2:/home/foiegreis/ros2_ws/install/lab1:/opt/ros/iron /usr/bin/cmake --build /home/foiegreis/ros2_fndm_ws/src/build/cpp_pkg -- -j12 -l12
[3.587s] DEBUG:colcon.colcon_core.event_handler.log_command:Invoking command in '/home/foiegreis/ros2_fndm_ws/src/build/cpp_pkg': CMAKE_PREFIX_PATH=${CMAKE_PREFIX_PATH}:/home/foiegreis/my_ros2_ws/install/py_pkg:/home/foiegreis/my_ros2_ws/install/py_actions:/home/foiegreis/my_ros2_ws/src/install/py_pkg:/home/foiegreis/ros2_ws_book/install/py_pkg:/home/foiegreis/ros2_ws/install/my_py_pkg:/home/foiegreis/ros2_ws/install/lab4:/home/foiegreis/ros2_ws/install/lab3:/home/foiegreis/ros2_ws/install/lab2:/home/foiegreis/ros2_ws/install/lab1:/opt/ros/iron /usr/bin/cmake --install /home/foiegreis/ros2_fndm_ws/src/build/cpp_pkg
[3.600s] Level 1:colcon.colcon_core.environment:create_environment_scripts_only(cpp_pkg)
[3.603s] DEBUG:colcon.colcon_core.event_handler.log_command:Invoked command in '/home/foiegreis/ros2_fndm_ws/src/build/cpp_pkg' returned '0': CMAKE_PREFIX_PATH=${CMAKE_PREFIX_PATH}:/home/foiegreis/my_ros2_ws/install/py_pkg:/home/foiegreis/my_ros2_ws/install/py_actions:/home/foiegreis/my_ros2_ws/src/install/py_pkg:/home/foiegreis/ros2_ws_book/install/py_pkg:/home/foiegreis/ros2_ws/install/my_py_pkg:/home/foiegreis/ros2_ws/install/lab4:/home/foiegreis/ros2_ws/install/lab3:/home/foiegreis/ros2_ws/install/lab2:/home/foiegreis/ros2_ws/install/lab1:/opt/ros/iron /usr/bin/cmake --install /home/foiegreis/ros2_fndm_ws/src/build/cpp_pkg
[3.636s] Level 1:colcon.colcon_core.environment:checking '/home/foiegreis/ros2_fndm_ws/src/install/cpp_pkg' for CMake module files
[3.636s] Level 1:colcon.colcon_core.environment:checking '/home/foiegreis/ros2_fndm_ws/src/install/cpp_pkg' for CMake config files
[3.636s] Level 1:colcon.colcon_core.shell:create_environment_hook('cpp_pkg', 'cmake_prefix_path')
[3.661s] INFO:colcon.colcon_core.shell:Creating environment hook '/home/foiegreis/ros2_fndm_ws/src/install/cpp_pkg/share/cpp_pkg/hook/cmake_prefix_path.ps1'
[3.662s] INFO:colcon.colcon_core.shell:Creating environment descriptor '/home/foiegreis/ros2_fndm_ws/src/install/cpp_pkg/share/cpp_pkg/hook/cmake_prefix_path.dsv'
[3.662s] INFO:colcon.colcon_core.shell:Creating environment hook '/home/foiegreis/ros2_fndm_ws/src/install/cpp_pkg/share/cpp_pkg/hook/cmake_prefix_path.sh'
[3.663s] Level 1:colcon.colcon_core.environment:checking '/home/foiegreis/ros2_fndm_ws/src/install/cpp_pkg/lib'
[3.663s] Level 1:colcon.colcon_core.environment:checking '/home/foiegreis/ros2_fndm_ws/src/install/cpp_pkg/bin'
[3.663s] Level 1:colcon.colcon_core.environment:checking '/home/foiegreis/ros2_fndm_ws/src/install/cpp_pkg/lib/pkgconfig/cpp_pkg.pc'
[3.663s] Level 1:colcon.colcon_core.environment:checking '/home/foiegreis/ros2_fndm_ws/src/install/cpp_pkg/lib/python3.10/site-packages'
[3.663s] Level 1:colcon.colcon_core.environment:checking '/home/foiegreis/ros2_fndm_ws/src/install/cpp_pkg/bin'
[3.688s] INFO:colcon.colcon_core.shell:Creating package script '/home/foiegreis/ros2_fndm_ws/src/install/cpp_pkg/share/cpp_pkg/package.ps1'
[3.689s] INFO:colcon.colcon_core.shell:Creating package descriptor '/home/foiegreis/ros2_fndm_ws/src/install/cpp_pkg/share/cpp_pkg/package.dsv'
[3.689s] INFO:colcon.colcon_core.shell:Creating package script '/home/foiegreis/ros2_fndm_ws/src/install/cpp_pkg/share/cpp_pkg/package.sh'
[3.690s] INFO:colcon.colcon_core.shell:Creating package script '/home/foiegreis/ros2_fndm_ws/src/install/cpp_pkg/share/cpp_pkg/package.bash'
[3.690s] INFO:colcon.colcon_core.shell:Creating package script '/home/foiegreis/ros2_fndm_ws/src/install/cpp_pkg/share/cpp_pkg/package.zsh'
[3.691s] Level 1:colcon.colcon_core.environment:create_file_with_runtime_dependencies(/home/foiegreis/ros2_fndm_ws/src/install/cpp_pkg/share/colcon-core/packages/cpp_pkg)
[3.756s] Level 1:colcon.colcon_core.environment:create_environment_scripts_only(cpp_pkg)
[3.781s] Level 1:colcon.colcon_core.environment:checking '/home/foiegreis/ros2_fndm_ws/src/install/cpp_pkg' for CMake module files
[3.781s] Level 1:colcon.colcon_core.environment:checking '/home/foiegreis/ros2_fndm_ws/src/install/cpp_pkg' for CMake config files
[3.782s] Level 1:colcon.colcon_core.shell:create_environment_hook('cpp_pkg', 'cmake_prefix_path')
[3.806s] INFO:colcon.colcon_core.shell:Creating environment hook '/home/foiegreis/ros2_fndm_ws/src/install/cpp_pkg/share/cpp_pkg/hook/cmake_prefix_path.ps1'
[3.807s] INFO:colcon.colcon_core.shell:Creating environment descriptor '/home/foiegreis/ros2_fndm_ws/src/install/cpp_pkg/share/cpp_pkg/hook/cmake_prefix_path.dsv'
[3.807s] INFO:colcon.colcon_core.shell:Creating environment hook '/home/foiegreis/ros2_fndm_ws/src/install/cpp_pkg/share/cpp_pkg/hook/cmake_prefix_path.sh'
[3.808s] Level 1:colcon.colcon_core.environment:checking '/home/foiegreis/ros2_fndm_ws/src/install/cpp_pkg/lib'
[3.808s] Level 1:colcon.colcon_core.environment:checking '/home/foiegreis/ros2_fndm_ws/src/install/cpp_pkg/bin'
[3.808s] Level 1:colcon.colcon_core.environment:checking '/home/foiegreis/ros2_fndm_ws/src/install/cpp_pkg/lib/pkgconfig/cpp_pkg.pc'
[3.808s] Level 1:colcon.colcon_core.environment:checking '/home/foiegreis/ros2_fndm_ws/src/install/cpp_pkg/lib/python3.10/site-packages'
[3.808s] Level 1:colcon.colcon_core.environment:checking '/home/foiegreis/ros2_fndm_ws/src/install/cpp_pkg/bin'
[3.833s] INFO:colcon.colcon_core.shell:Creating package script '/home/foiegreis/ros2_fndm_ws/src/install/cpp_pkg/share/cpp_pkg/package.ps1'
[3.833s] INFO:colcon.colcon_core.shell:Creating package descriptor '/home/foiegreis/ros2_fndm_ws/src/install/cpp_pkg/share/cpp_pkg/package.dsv'
[3.834s] INFO:colcon.colcon_core.shell:Creating package script '/home/foiegreis/ros2_fndm_ws/src/install/cpp_pkg/share/cpp_pkg/package.sh'
[3.834s] INFO:colcon.colcon_core.shell:Creating package script '/home/foiegreis/ros2_fndm_ws/src/install/cpp_pkg/share/cpp_pkg/package.bash'
[3.834s] INFO:colcon.colcon_core.shell:Creating package script '/home/foiegreis/ros2_fndm_ws/src/install/cpp_pkg/share/cpp_pkg/package.zsh'
[3.835s] Level 1:colcon.colcon_core.environment:create_file_with_runtime_dependencies(/home/foiegreis/ros2_fndm_ws/src/install/cpp_pkg/share/colcon-core/packages/cpp_pkg)
[3.977s] DEBUG:colcon.colcon_core.event_handler.log_command:Invoked command in '/home/foiegreis/ros2_fndm_ws/src/build/cpp_py_pkg' returned '0': CMAKE_PREFIX_PATH=${CMAKE_PREFIX_PATH}:/home/foiegreis/my_ros2_ws/install/py_pkg:/home/foiegreis/my_ros2_ws/install/py_actions:/home/foiegreis/my_ros2_ws/src/install/py_pkg:/home/foiegreis/ros2_ws_book/install/py_pkg:/home/foiegreis/ros2_ws/install/my_py_pkg:/home/foiegreis/ros2_ws/install/lab4:/home/foiegreis/ros2_ws/install/lab3:/home/foiegreis/ros2_ws/install/lab2:/home/foiegreis/ros2_ws/install/lab1:/opt/ros/iron /usr/bin/cmake --build /home/foiegreis/ros2_fndm_ws/src/build/cpp_py_pkg -- -j12 -l12
[3.991s] DEBUG:colcon.colcon_core.event_handler.log_command:Invoking command in '/home/foiegreis/ros2_fndm_ws/src/py_pkg': PYTHONPATH=/home/foiegreis/ros2_fndm_ws/src/build/py_pkg/prefix_override:/home/foiegreis/ros2_fndm_ws/src/install/py_pkg/lib/python3.10/site-packages:${PYTHONPATH} /usr/bin/python3 setup.py egg_info --egg-base ../build/py_pkg build --build-base /home/foiegreis/ros2_fndm_ws/src/build/py_pkg/build install --record /home/foiegreis/ros2_fndm_ws/src/build/py_pkg/install.log --single-version-externally-managed
[4.005s] DEBUG:colcon.colcon_core.event_handler.log_command:Invoking command in '/home/foiegreis/ros2_fndm_ws/src/build/cpp_py_pkg': CMAKE_PREFIX_PATH=${CMAKE_PREFIX_PATH}:/home/foiegreis/my_ros2_ws/install/py_pkg:/home/foiegreis/my_ros2_ws/install/py_actions:/home/foiegreis/my_ros2_ws/src/install/py_pkg:/home/foiegreis/ros2_ws_book/install/py_pkg:/home/foiegreis/ros2_ws/install/my_py_pkg:/home/foiegreis/ros2_ws/install/lab4:/home/foiegreis/ros2_ws/install/lab3:/home/foiegreis/ros2_ws/install/lab2:/home/foiegreis/ros2_ws/install/lab1:/opt/ros/iron /usr/bin/cmake --install /home/foiegreis/ros2_fndm_ws/src/build/cpp_py_pkg
[4.054s] Level 1:colcon.colcon_core.environment:create_environment_scripts_only(cpp_py_pkg)
[4.055s] DEBUG:colcon.colcon_core.event_handler.log_command:Invoked command in '/home/foiegreis/ros2_fndm_ws/src/build/cpp_py_pkg' returned '0': CMAKE_PREFIX_PATH=${CMAKE_PREFIX_PATH}:/home/foiegreis/my_ros2_ws/install/py_pkg:/home/foiegreis/my_ros2_ws/install/py_actions:/home/foiegreis/my_ros2_ws/src/install/py_pkg:/home/foiegreis/ros2_ws_book/install/py_pkg:/home/foiegreis/ros2_ws/install/my_py_pkg:/home/foiegreis/ros2_ws/install/lab4:/home/foiegreis/ros2_ws/install/lab3:/home/foiegreis/ros2_ws/install/lab2:/home/foiegreis/ros2_ws/install/lab1:/opt/ros/iron /usr/bin/cmake --install /home/foiegreis/ros2_fndm_ws/src/build/cpp_py_pkg
[4.078s] Level 1:colcon.colcon_core.environment:checking '/home/foiegreis/ros2_fndm_ws/src/install/cpp_py_pkg' for CMake module files
[4.079s] Level 1:colcon.colcon_core.environment:checking '/home/foiegreis/ros2_fndm_ws/src/install/cpp_py_pkg' for CMake config files
[4.079s] Level 1:colcon.colcon_core.shell:create_environment_hook('cpp_py_pkg', 'cmake_prefix_path')
[4.102s] INFO:colcon.colcon_core.shell:Creating environment hook '/home/foiegreis/ros2_fndm_ws/src/install/cpp_py_pkg/share/cpp_py_pkg/hook/cmake_prefix_path.ps1'
[4.103s] INFO:colcon.colcon_core.shell:Creating environment descriptor '/home/foiegreis/ros2_fndm_ws/src/install/cpp_py_pkg/share/cpp_py_pkg/hook/cmake_prefix_path.dsv'
[4.103s] INFO:colcon.colcon_core.shell:Creating environment hook '/home/foiegreis/ros2_fndm_ws/src/install/cpp_py_pkg/share/cpp_py_pkg/hook/cmake_prefix_path.sh'
[4.103s] Level 1:colcon.colcon_core.environment:checking '/home/foiegreis/ros2_fndm_ws/src/install/cpp_py_pkg/lib'
[4.103s] Level 1:colcon.colcon_core.environment:checking '/home/foiegreis/ros2_fndm_ws/src/install/cpp_py_pkg/bin'
[4.104s] Level 1:colcon.colcon_core.environment:checking '/home/foiegreis/ros2_fndm_ws/src/install/cpp_py_pkg/lib/pkgconfig/cpp_py_pkg.pc'
[4.104s] Level 1:colcon.colcon_core.environment:checking '/home/foiegreis/ros2_fndm_ws/src/install/cpp_py_pkg/lib/python3.10/site-packages'
[4.104s] Level 1:colcon.colcon_core.shell:create_environment_hook('cpp_py_pkg', 'pythonpath')
[4.127s] INFO:colcon.colcon_core.shell:Creating environment hook '/home/foiegreis/ros2_fndm_ws/src/install/cpp_py_pkg/share/cpp_py_pkg/hook/pythonpath.ps1'
[4.127s] INFO:colcon.colcon_core.shell:Creating environment descriptor '/home/foiegreis/ros2_fndm_ws/src/install/cpp_py_pkg/share/cpp_py_pkg/hook/pythonpath.dsv'
[4.128s] INFO:colcon.colcon_core.shell:Creating environment hook '/home/foiegreis/ros2_fndm_ws/src/install/cpp_py_pkg/share/cpp_py_pkg/hook/pythonpath.sh'
[4.128s] Level 1:colcon.colcon_core.environment:checking '/home/foiegreis/ros2_fndm_ws/src/install/cpp_py_pkg/bin'
[4.152s] INFO:colcon.colcon_core.shell:Creating package script '/home/foiegreis/ros2_fndm_ws/src/install/cpp_py_pkg/share/cpp_py_pkg/package.ps1'
[4.152s] INFO:colcon.colcon_core.shell:Creating package descriptor '/home/foiegreis/ros2_fndm_ws/src/install/cpp_py_pkg/share/cpp_py_pkg/package.dsv'
[4.152s] INFO:colcon.colcon_core.shell:Creating package script '/home/foiegreis/ros2_fndm_ws/src/install/cpp_py_pkg/share/cpp_py_pkg/package.sh'
[4.153s] INFO:colcon.colcon_core.shell:Creating package script '/home/foiegreis/ros2_fndm_ws/src/install/cpp_py_pkg/share/cpp_py_pkg/package.bash'
[4.153s] INFO:colcon.colcon_core.shell:Creating package script '/home/foiegreis/ros2_fndm_ws/src/install/cpp_py_pkg/share/cpp_py_pkg/package.zsh'
[4.153s] Level 1:colcon.colcon_core.environment:create_file_with_runtime_dependencies(/home/foiegreis/ros2_fndm_ws/src/install/cpp_py_pkg/share/colcon-core/packages/cpp_py_pkg)
[4.203s] Level 1:colcon.colcon_core.environment:create_environment_scripts_only(cpp_py_pkg)
[4.226s] Level 1:colcon.colcon_core.environment:checking '/home/foiegreis/ros2_fndm_ws/src/install/cpp_py_pkg' for CMake module files
[4.227s] Level 1:colcon.colcon_core.environment:checking '/home/foiegreis/ros2_fndm_ws/src/install/cpp_py_pkg' for CMake config files
[4.227s] Level 1:colcon.colcon_core.shell:create_environment_hook('cpp_py_pkg', 'cmake_prefix_path')
[4.251s] INFO:colcon.colcon_core.shell:Creating environment hook '/home/foiegreis/ros2_fndm_ws/src/install/cpp_py_pkg/share/cpp_py_pkg/hook/cmake_prefix_path.ps1'
[4.251s] INFO:colcon.colcon_core.shell:Creating environment descriptor '/home/foiegreis/ros2_fndm_ws/src/install/cpp_py_pkg/share/cpp_py_pkg/hook/cmake_prefix_path.dsv'
[4.251s] INFO:colcon.colcon_core.shell:Creating environment hook '/home/foiegreis/ros2_fndm_ws/src/install/cpp_py_pkg/share/cpp_py_pkg/hook/cmake_prefix_path.sh'
[4.252s] Level 1:colcon.colcon_core.environment:checking '/home/foiegreis/ros2_fndm_ws/src/install/cpp_py_pkg/lib'
[4.252s] Level 1:colcon.colcon_core.environment:checking '/home/foiegreis/ros2_fndm_ws/src/install/cpp_py_pkg/bin'
[4.252s] Level 1:colcon.colcon_core.environment:checking '/home/foiegreis/ros2_fndm_ws/src/install/cpp_py_pkg/lib/pkgconfig/cpp_py_pkg.pc'
[4.252s] Level 1:colcon.colcon_core.environment:checking '/home/foiegreis/ros2_fndm_ws/src/install/cpp_py_pkg/lib/python3.10/site-packages'
[4.252s] Level 1:colcon.colcon_core.shell:create_environment_hook('cpp_py_pkg', 'pythonpath')
[4.276s] INFO:colcon.colcon_core.shell:Creating environment hook '/home/foiegreis/ros2_fndm_ws/src/install/cpp_py_pkg/share/cpp_py_pkg/hook/pythonpath.ps1'
[4.276s] INFO:colcon.colcon_core.shell:Creating environment descriptor '/home/foiegreis/ros2_fndm_ws/src/install/cpp_py_pkg/share/cpp_py_pkg/hook/pythonpath.dsv'
[4.276s] INFO:colcon.colcon_core.shell:Creating environment hook '/home/foiegreis/ros2_fndm_ws/src/install/cpp_py_pkg/share/cpp_py_pkg/hook/pythonpath.sh'
[4.277s] Level 1:colcon.colcon_core.environment:checking '/home/foiegreis/ros2_fndm_ws/src/install/cpp_py_pkg/bin'
[4.299s] INFO:colcon.colcon_core.shell:Creating package script '/home/foiegreis/ros2_fndm_ws/src/install/cpp_py_pkg/share/cpp_py_pkg/package.ps1'
[4.300s] INFO:colcon.colcon_core.shell:Creating package descriptor '/home/foiegreis/ros2_fndm_ws/src/install/cpp_py_pkg/share/cpp_py_pkg/package.dsv'
[4.300s] INFO:colcon.colcon_core.shell:Creating package script '/home/foiegreis/ros2_fndm_ws/src/install/cpp_py_pkg/share/cpp_py_pkg/package.sh'
[4.301s] INFO:colcon.colcon_core.shell:Creating package script '/home/foiegreis/ros2_fndm_ws/src/install/cpp_py_pkg/share/cpp_py_pkg/package.bash'
[4.301s] INFO:colcon.colcon_core.shell:Creating package script '/home/foiegreis/ros2_fndm_ws/src/install/cpp_py_pkg/share/cpp_py_pkg/package.zsh'
[4.301s] Level 1:colcon.colcon_core.environment:create_file_with_runtime_dependencies(/home/foiegreis/ros2_fndm_ws/src/install/cpp_py_pkg/share/colcon-core/packages/cpp_py_pkg)
[4.369s] DEBUG:colcon.colcon_core.event_handler.log_command:Invoked command in '/home/foiegreis/ros2_fndm_ws/src/py_pkg' returned '0': PYTHONPATH=/home/foiegreis/ros2_fndm_ws/src/build/py_pkg/prefix_override:/home/foiegreis/ros2_fndm_ws/src/install/py_pkg/lib/python3.10/site-packages:${PYTHONPATH} /usr/bin/python3 setup.py egg_info --egg-base ../build/py_pkg build --build-base /home/foiegreis/ros2_fndm_ws/src/build/py_pkg/build install --record /home/foiegreis/ros2_fndm_ws/src/build/py_pkg/install.log --single-version-externally-managed
[4.391s] Level 1:colcon.colcon_core.environment:checking '/home/foiegreis/ros2_fndm_ws/src/install/py_pkg' for CMake module files
[4.391s] Level 1:colcon.colcon_core.environment:checking '/home/foiegreis/ros2_fndm_ws/src/install/py_pkg' for CMake config files
[4.392s] Level 1:colcon.colcon_core.environment:checking '/home/foiegreis/ros2_fndm_ws/src/install/py_pkg/lib'
[4.392s] Level 1:colcon.colcon_core.environment:checking '/home/foiegreis/ros2_fndm_ws/src/install/py_pkg/bin'
[4.392s] Level 1:colcon.colcon_core.environment:checking '/home/foiegreis/ros2_fndm_ws/src/install/py_pkg/lib/pkgconfig/py_pkg.pc'
[4.392s] Level 1:colcon.colcon_core.environment:checking '/home/foiegreis/ros2_fndm_ws/src/install/py_pkg/lib/python3.10/site-packages'
[4.392s] Level 1:colcon.colcon_core.shell:create_environment_hook('py_pkg', 'pythonpath')
[4.414s] INFO:colcon.colcon_core.shell:Creating environment hook '/home/foiegreis/ros2_fndm_ws/src/install/py_pkg/share/py_pkg/hook/pythonpath.ps1'
[4.415s] INFO:colcon.colcon_core.shell:Creating environment descriptor '/home/foiegreis/ros2_fndm_ws/src/install/py_pkg/share/py_pkg/hook/pythonpath.dsv'
[4.415s] INFO:colcon.colcon_core.shell:Creating environment hook '/home/foiegreis/ros2_fndm_ws/src/install/py_pkg/share/py_pkg/hook/pythonpath.sh'
[4.415s] Level 1:colcon.colcon_core.environment:checking '/home/foiegreis/ros2_fndm_ws/src/install/py_pkg/bin'
[4.415s] Level 1:colcon.colcon_core.environment:create_environment_scripts_only(py_pkg)
[4.437s] INFO:colcon.colcon_core.shell:Creating package script '/home/foiegreis/ros2_fndm_ws/src/install/py_pkg/share/py_pkg/package.ps1'
[4.438s] INFO:colcon.colcon_core.shell:Creating package descriptor '/home/foiegreis/ros2_fndm_ws/src/install/py_pkg/share/py_pkg/package.dsv'
[4.438s] INFO:colcon.colcon_core.shell:Creating package script '/home/foiegreis/ros2_fndm_ws/src/install/py_pkg/share/py_pkg/package.sh'
[4.438s] INFO:colcon.colcon_core.shell:Creating package script '/home/foiegreis/ros2_fndm_ws/src/install/py_pkg/share/py_pkg/package.bash'
[4.439s] INFO:colcon.colcon_core.shell:Creating package script '/home/foiegreis/ros2_fndm_ws/src/install/py_pkg/share/py_pkg/package.zsh'
[4.439s] Level 1:colcon.colcon_core.environment:create_file_with_runtime_dependencies(/home/foiegreis/ros2_fndm_ws/src/install/py_pkg/share/colcon-core/packages/py_pkg)
[4.439s] INFO:colcon.colcon_ros.task.ament_cmake.build:Building ROS package in '/home/foiegreis/ros2_fndm_ws/src/ros2_fndm_bringup' with build type 'ament_cmake'
[4.439s] INFO:colcon.colcon_cmake.task.cmake.build:Building CMake package in '/home/foiegreis/ros2_fndm_ws/src/ros2_fndm_bringup'
[4.462s] INFO:colcon.colcon_core.shell:Skip shell extension 'powershell' for command environment: Not usable outside of PowerShell
[4.462s] DEBUG:colcon.colcon_core.shell:Skip shell extension 'dsv' for command environment
[4.649s] DEBUG:colcon.colcon_core.event_handler.log_command:Invoking command in '/home/foiegreis/ros2_fndm_ws/src/build/my_ros2_bringup': AMENT_PREFIX_PATH=/home/foiegreis/ros2_fndm_ws/src/install/py_pkg:/home/foiegreis/ros2_fndm_ws/src/install/cpp_pkg:${AMENT_PREFIX_PATH} CMAKE_PREFIX_PATH=/home/foiegreis/ros2_fndm_ws/src/install/cpp_pkg:/home/foiegreis/my_ros2_ws/install/my_ros2_bringup:/home/foiegreis/my_ros2_ws/install/cpp_actions:/home/foiegreis/my_ros2_ws/install/my_ros2_interface:/home/foiegreis/my_ros2_ws/install/cpp_py_pkg:/home/foiegreis/my_ros2_ws/install/cpp_pkg:/home/foiegreis/my_ros2_ws/src/install/cpp_py_pkg:/home/foiegreis/my_ros2_ws/src/install/cpp_pkg:/home/foiegreis/ros2_ws_book/install/cpp_pkg:/home/foiegreis/ros2_ws/install/my_bringup:/home/foiegreis/ros2_ws/install/my_interface:/home/foiegreis/ros2_ws/install/my_description:/home/foiegreis/ros2_ws_yolo3d/install/yolo3d:/home/foiegreis/ros2_ws_yolo3d/install/omni_robot_description:/home/foiegreis/ros2_ws_yolo3d/install/omni_control:/home/foiegreis/ros2_ws_yolo3d/install/gazebo_simulation:/home/foiegreis/my_ros2_ws/install/py_pkg:/home/foiegreis/my_ros2_ws/install/py_actions:/home/foiegreis/my_ros2_ws/src/install/py_pkg:/home/foiegreis/ros2_ws_book/install/py_pkg:/home/foiegreis/ros2_ws/install/my_py_pkg:/home/foiegreis/ros2_ws/install/lab4:/home/foiegreis/ros2_ws/install/lab3:/home/foiegreis/ros2_ws/install/lab2:/home/foiegreis/ros2_ws/install/lab1:/opt/ros/iron PYTHONPATH=/home/foiegreis/ros2_fndm_ws/src/install/py_pkg/lib/python3.10/site-packages:${PYTHONPATH} /usr/bin/cmake /home/foiegreis/ros2_fndm_ws/src/ros2_fndm_bringup -DCMAKE_INSTALL_PREFIX=/home/foiegreis/ros2_fndm_ws/src/install/my_ros2_bringup
[4.996s] DEBUG:colcon.colcon_core.event_handler.log_command:Invoked command in '/home/foiegreis/ros2_fndm_ws/src/build/my_ros2_interface' returned '0': CMAKE_PREFIX_PATH=${CMAKE_PREFIX_PATH}:/home/foiegreis/my_ros2_ws/install/py_pkg:/home/foiegreis/my_ros2_ws/install/py_actions:/home/foiegreis/my_ros2_ws/src/install/py_pkg:/home/foiegreis/ros2_ws_book/install/py_pkg:/home/foiegreis/ros2_ws/install/my_py_pkg:/home/foiegreis/ros2_ws/install/lab4:/home/foiegreis/ros2_ws/install/lab3:/home/foiegreis/ros2_ws/install/lab2:/home/foiegreis/ros2_ws/install/lab1:/opt/ros/iron /usr/bin/cmake /home/foiegreis/ros2_fndm_ws/src/ros2_fndm_interface -DCMAKE_INSTALL_PREFIX=/home/foiegreis/ros2_fndm_ws/src/install/my_ros2_interface
[4.997s] DEBUG:colcon.colcon_core.event_handler.log_command:Invoking command in '/home/foiegreis/ros2_fndm_ws/src/build/my_ros2_interface': CMAKE_PREFIX_PATH=${CMAKE_PREFIX_PATH}:/home/foiegreis/my_ros2_ws/install/py_pkg:/home/foiegreis/my_ros2_ws/install/py_actions:/home/foiegreis/my_ros2_ws/src/install/py_pkg:/home/foiegreis/ros2_ws_book/install/py_pkg:/home/foiegreis/ros2_ws/install/my_py_pkg:/home/foiegreis/ros2_ws/install/lab4:/home/foiegreis/ros2_ws/install/lab3:/home/foiegreis/ros2_ws/install/lab2:/home/foiegreis/ros2_ws/install/lab1:/opt/ros/iron /usr/bin/cmake --build /home/foiegreis/ros2_fndm_ws/src/build/my_ros2_interface -- -j12 -l12
[5.328s] DEBUG:colcon.colcon_core.event_handler.log_command:Invoked command in '/home/foiegreis/ros2_fndm_ws/src/build/my_ros2_bringup' returned '0': AMENT_PREFIX_PATH=/home/foiegreis/ros2_fndm_ws/src/install/py_pkg:/home/foiegreis/ros2_fndm_ws/src/install/cpp_pkg:${AMENT_PREFIX_PATH} CMAKE_PREFIX_PATH=/home/foiegreis/ros2_fndm_ws/src/install/cpp_pkg:/home/foiegreis/my_ros2_ws/install/my_ros2_bringup:/home/foiegreis/my_ros2_ws/install/cpp_actions:/home/foiegreis/my_ros2_ws/install/my_ros2_interface:/home/foiegreis/my_ros2_ws/install/cpp_py_pkg:/home/foiegreis/my_ros2_ws/install/cpp_pkg:/home/foiegreis/my_ros2_ws/src/install/cpp_py_pkg:/home/foiegreis/my_ros2_ws/src/install/cpp_pkg:/home/foiegreis/ros2_ws_book/install/cpp_pkg:/home/foiegreis/ros2_ws/install/my_bringup:/home/foiegreis/ros2_ws/install/my_interface:/home/foiegreis/ros2_ws/install/my_description:/home/foiegreis/ros2_ws_yolo3d/install/yolo3d:/home/foiegreis/ros2_ws_yolo3d/install/omni_robot_description:/home/foiegreis/ros2_ws_yolo3d/install/omni_control:/home/foiegreis/ros2_ws_yolo3d/install/gazebo_simulation:/home/foiegreis/my_ros2_ws/install/py_pkg:/home/foiegreis/my_ros2_ws/install/py_actions:/home/foiegreis/my_ros2_ws/src/install/py_pkg:/home/foiegreis/ros2_ws_book/install/py_pkg:/home/foiegreis/ros2_ws/install/my_py_pkg:/home/foiegreis/ros2_ws/install/lab4:/home/foiegreis/ros2_ws/install/lab3:/home/foiegreis/ros2_ws/install/lab2:/home/foiegreis/ros2_ws/install/lab1:/opt/ros/iron PYTHONPATH=/home/foiegreis/ros2_fndm_ws/src/install/py_pkg/lib/python3.10/site-packages:${PYTHONPATH} /usr/bin/cmake /home/foiegreis/ros2_fndm_ws/src/ros2_fndm_bringup -DCMAKE_INSTALL_PREFIX=/home/foiegreis/ros2_fndm_ws/src/install/my_ros2_bringup
[5.330s] DEBUG:colcon.colcon_core.event_handler.log_command:Invoking command in '/home/foiegreis/ros2_fndm_ws/src/build/my_ros2_bringup': AMENT_PREFIX_PATH=/home/foiegreis/ros2_fndm_ws/src/install/py_pkg:/home/foiegreis/ros2_fndm_ws/src/install/cpp_pkg:${AMENT_PREFIX_PATH} CMAKE_PREFIX_PATH=/home/foiegreis/ros2_fndm_ws/src/install/cpp_pkg:/home/foiegreis/my_ros2_ws/install/my_ros2_bringup:/home/foiegreis/my_ros2_ws/install/cpp_actions:/home/foiegreis/my_ros2_ws/install/my_ros2_interface:/home/foiegreis/my_ros2_ws/install/cpp_py_pkg:/home/foiegreis/my_ros2_ws/install/cpp_pkg:/home/foiegreis/my_ros2_ws/src/install/cpp_py_pkg:/home/foiegreis/my_ros2_ws/src/install/cpp_pkg:/home/foiegreis/ros2_ws_book/install/cpp_pkg:/home/foiegreis/ros2_ws/install/my_bringup:/home/foiegreis/ros2_ws/install/my_interface:/home/foiegreis/ros2_ws/install/my_description:/home/foiegreis/ros2_ws_yolo3d/install/yolo3d:/home/foiegreis/ros2_ws_yolo3d/install/omni_robot_description:/home/foiegreis/ros2_ws_yolo3d/install/omni_control:/home/foiegreis/ros2_ws_yolo3d/install/gazebo_simulation:/home/foiegreis/my_ros2_ws/install/py_pkg:/home/foiegreis/my_ros2_ws/install/py_actions:/home/foiegreis/my_ros2_ws/src/install/py_pkg:/home/foiegreis/ros2_ws_book/install/py_pkg:/home/foiegreis/ros2_ws/install/my_py_pkg:/home/foiegreis/ros2_ws/install/lab4:/home/foiegreis/ros2_ws/install/lab3:/home/foiegreis/ros2_ws/install/lab2:/home/foiegreis/ros2_ws/install/lab1:/opt/ros/iron PYTHONPATH=/home/foiegreis/ros2_fndm_ws/src/install/py_pkg/lib/python3.10/site-packages:${PYTHONPATH} /usr/bin/cmake --build /home/foiegreis/ros2_fndm_ws/src/build/my_ros2_bringup -- -j12 -l12
[5.370s] DEBUG:colcon.colcon_core.event_handler.log_command:Invoked command in '/home/foiegreis/ros2_fndm_ws/src/build/my_ros2_bringup' returned '0': AMENT_PREFIX_PATH=/home/foiegreis/ros2_fndm_ws/src/install/py_pkg:/home/foiegreis/ros2_fndm_ws/src/install/cpp_pkg:${AMENT_PREFIX_PATH} CMAKE_PREFIX_PATH=/home/foiegreis/ros2_fndm_ws/src/install/cpp_pkg:/home/foiegreis/my_ros2_ws/install/my_ros2_bringup:/home/foiegreis/my_ros2_ws/install/cpp_actions:/home/foiegreis/my_ros2_ws/install/my_ros2_interface:/home/foiegreis/my_ros2_ws/install/cpp_py_pkg:/home/foiegreis/my_ros2_ws/install/cpp_pkg:/home/foiegreis/my_ros2_ws/src/install/cpp_py_pkg:/home/foiegreis/my_ros2_ws/src/install/cpp_pkg:/home/foiegreis/ros2_ws_book/install/cpp_pkg:/home/foiegreis/ros2_ws/install/my_bringup:/home/foiegreis/ros2_ws/install/my_interface:/home/foiegreis/ros2_ws/install/my_description:/home/foiegreis/ros2_ws_yolo3d/install/yolo3d:/home/foiegreis/ros2_ws_yolo3d/install/omni_robot_description:/home/foiegreis/ros2_ws_yolo3d/install/omni_control:/home/foiegreis/ros2_ws_yolo3d/install/gazebo_simulation:/home/foiegreis/my_ros2_ws/install/py_pkg:/home/foiegreis/my_ros2_ws/install/py_actions:/home/foiegreis/my_ros2_ws/src/install/py_pkg:/home/foiegreis/ros2_ws_book/install/py_pkg:/home/foiegreis/ros2_ws/install/my_py_pkg:/home/foiegreis/ros2_ws/install/lab4:/home/foiegreis/ros2_ws/install/lab3:/home/foiegreis/ros2_ws/install/lab2:/home/foiegreis/ros2_ws/install/lab1:/opt/ros/iron PYTHONPATH=/home/foiegreis/ros2_fndm_ws/src/install/py_pkg/lib/python3.10/site-packages:${PYTHONPATH} /usr/bin/cmake --build /home/foiegreis/ros2_fndm_ws/src/build/my_ros2_bringup -- -j12 -l12
[5.397s] DEBUG:colcon.colcon_core.event_handler.log_command:Invoking command in '/home/foiegreis/ros2_fndm_ws/src/build/my_ros2_bringup': AMENT_PREFIX_PATH=/home/foiegreis/ros2_fndm_ws/src/install/py_pkg:/home/foiegreis/ros2_fndm_ws/src/install/cpp_pkg:${AMENT_PREFIX_PATH} CMAKE_PREFIX_PATH=/home/foiegreis/ros2_fndm_ws/src/install/cpp_pkg:/home/foiegreis/my_ros2_ws/install/my_ros2_bringup:/home/foiegreis/my_ros2_ws/install/cpp_actions:/home/foiegreis/my_ros2_ws/install/my_ros2_interface:/home/foiegreis/my_ros2_ws/install/cpp_py_pkg:/home/foiegreis/my_ros2_ws/install/cpp_pkg:/home/foiegreis/my_ros2_ws/src/install/cpp_py_pkg:/home/foiegreis/my_ros2_ws/src/install/cpp_pkg:/home/foiegreis/ros2_ws_book/install/cpp_pkg:/home/foiegreis/ros2_ws/install/my_bringup:/home/foiegreis/ros2_ws/install/my_interface:/home/foiegreis/ros2_ws/install/my_description:/home/foiegreis/ros2_ws_yolo3d/install/yolo3d:/home/foiegreis/ros2_ws_yolo3d/install/omni_robot_description:/home/foiegreis/ros2_ws_yolo3d/install/omni_control:/home/foiegreis/ros2_ws_yolo3d/install/gazebo_simulation:/home/foiegreis/my_ros2_ws/install/py_pkg:/home/foiegreis/my_ros2_ws/install/py_actions:/home/foiegreis/my_ros2_ws/src/install/py_pkg:/home/foiegreis/ros2_ws_book/install/py_pkg:/home/foiegreis/ros2_ws/install/my_py_pkg:/home/foiegreis/ros2_ws/install/lab4:/home/foiegreis/ros2_ws/install/lab3:/home/foiegreis/ros2_ws/install/lab2:/home/foiegreis/ros2_ws/install/lab1:/opt/ros/iron PYTHONPATH=/home/foiegreis/ros2_fndm_ws/src/install/py_pkg/lib/python3.10/site-packages:${PYTHONPATH} /usr/bin/cmake --install /home/foiegreis/ros2_fndm_ws/src/build/my_ros2_bringup
[5.410s] Level 1:colcon.colcon_core.environment:create_environment_scripts_only(my_ros2_bringup)
[5.411s] DEBUG:colcon.colcon_core.event_handler.log_command:Invoked command in '/home/foiegreis/ros2_fndm_ws/src/build/my_ros2_bringup' returned '0': AMENT_PREFIX_PATH=/home/foiegreis/ros2_fndm_ws/src/install/py_pkg:/home/foiegreis/ros2_fndm_ws/src/install/cpp_pkg:${AMENT_PREFIX_PATH} CMAKE_PREFIX_PATH=/home/foiegreis/ros2_fndm_ws/src/install/cpp_pkg:/home/foiegreis/my_ros2_ws/install/my_ros2_bringup:/home/foiegreis/my_ros2_ws/install/cpp_actions:/home/foiegreis/my_ros2_ws/install/my_ros2_interface:/home/foiegreis/my_ros2_ws/install/cpp_py_pkg:/home/foiegreis/my_ros2_ws/install/cpp_pkg:/home/foiegreis/my_ros2_ws/src/install/cpp_py_pkg:/home/foiegreis/my_ros2_ws/src/install/cpp_pkg:/home/foiegreis/ros2_ws_book/install/cpp_pkg:/home/foiegreis/ros2_ws/install/my_bringup:/home/foiegreis/ros2_ws/install/my_interface:/home/foiegreis/ros2_ws/install/my_description:/home/foiegreis/ros2_ws_yolo3d/install/yolo3d:/home/foiegreis/ros2_ws_yolo3d/install/omni_robot_description:/home/foiegreis/ros2_ws_yolo3d/install/omni_control:/home/foiegreis/ros2_ws_yolo3d/install/gazebo_simulation:/home/foiegreis/my_ros2_ws/install/py_pkg:/home/foiegreis/my_ros2_ws/install/py_actions:/home/foiegreis/my_ros2_ws/src/install/py_pkg:/home/foiegreis/ros2_ws_book/install/py_pkg:/home/foiegreis/ros2_ws/install/my_py_pkg:/home/foiegreis/ros2_ws/install/lab4:/home/foiegreis/ros2_ws/install/lab3:/home/foiegreis/ros2_ws/install/lab2:/home/foiegreis/ros2_ws/install/lab1:/opt/ros/iron PYTHONPATH=/home/foiegreis/ros2_fndm_ws/src/install/py_pkg/lib/python3.10/site-packages:${PYTHONPATH} /usr/bin/cmake --install /home/foiegreis/ros2_fndm_ws/src/build/my_ros2_bringup
[5.435s] Level 1:colcon.colcon_core.environment:checking '/home/foiegreis/ros2_fndm_ws/src/install/my_ros2_bringup' for CMake module files
[5.436s] Level 1:colcon.colcon_core.environment:checking '/home/foiegreis/ros2_fndm_ws/src/install/my_ros2_bringup' for CMake config files
[5.436s] Level 1:colcon.colcon_core.shell:create_environment_hook('my_ros2_bringup', 'cmake_prefix_path')
[5.458s] INFO:colcon.colcon_core.shell:Creating environment hook '/home/foiegreis/ros2_fndm_ws/src/install/my_ros2_bringup/share/my_ros2_bringup/hook/cmake_prefix_path.ps1'
[5.459s] INFO:colcon.colcon_core.shell:Creating environment descriptor '/home/foiegreis/ros2_fndm_ws/src/install/my_ros2_bringup/share/my_ros2_bringup/hook/cmake_prefix_path.dsv'
[5.459s] INFO:colcon.colcon_core.shell:Creating environment hook '/home/foiegreis/ros2_fndm_ws/src/install/my_ros2_bringup/share/my_ros2_bringup/hook/cmake_prefix_path.sh'
[5.459s] Level 1:colcon.colcon_core.environment:checking '/home/foiegreis/ros2_fndm_ws/src/install/my_ros2_bringup/bin'
[5.459s] Level 1:colcon.colcon_core.environment:checking '/home/foiegreis/ros2_fndm_ws/src/install/my_ros2_bringup/lib/pkgconfig/my_ros2_bringup.pc'
[5.459s] Level 1:colcon.colcon_core.environment:checking '/home/foiegreis/ros2_fndm_ws/src/install/my_ros2_bringup/lib/python3.10/site-packages'
[5.460s] Level 1:colcon.colcon_core.environment:checking '/home/foiegreis/ros2_fndm_ws/src/install/my_ros2_bringup/bin'
[5.483s] INFO:colcon.colcon_core.shell:Creating package script '/home/foiegreis/ros2_fndm_ws/src/install/my_ros2_bringup/share/my_ros2_bringup/package.ps1'
[5.483s] INFO:colcon.colcon_core.shell:Creating package descriptor '/home/foiegreis/ros2_fndm_ws/src/install/my_ros2_bringup/share/my_ros2_bringup/package.dsv'
[5.483s] INFO:colcon.colcon_core.shell:Creating package script '/home/foiegreis/ros2_fndm_ws/src/install/my_ros2_bringup/share/my_ros2_bringup/package.sh'
[5.484s] INFO:colcon.colcon_core.shell:Creating package script '/home/foiegreis/ros2_fndm_ws/src/install/my_ros2_bringup/share/my_ros2_bringup/package.bash'
[5.484s] INFO:colcon.colcon_core.shell:Creating package script '/home/foiegreis/ros2_fndm_ws/src/install/my_ros2_bringup/share/my_ros2_bringup/package.zsh'
[5.484s] Level 1:colcon.colcon_core.environment:create_file_with_runtime_dependencies(/home/foiegreis/ros2_fndm_ws/src/install/my_ros2_bringup/share/colcon-core/packages/my_ros2_bringup)
[5.542s] Level 1:colcon.colcon_core.environment:create_environment_scripts_only(my_ros2_bringup)
[5.566s] Level 1:colcon.colcon_core.environment:checking '/home/foiegreis/ros2_fndm_ws/src/install/my_ros2_bringup' for CMake module files
[5.567s] Level 1:colcon.colcon_core.environment:checking '/home/foiegreis/ros2_fndm_ws/src/install/my_ros2_bringup' for CMake config files
[5.567s] Level 1:colcon.colcon_core.shell:create_environment_hook('my_ros2_bringup', 'cmake_prefix_path')
[5.589s] INFO:colcon.colcon_core.shell:Creating environment hook '/home/foiegreis/ros2_fndm_ws/src/install/my_ros2_bringup/share/my_ros2_bringup/hook/cmake_prefix_path.ps1'
[5.589s] INFO:colcon.colcon_core.shell:Creating environment descriptor '/home/foiegreis/ros2_fndm_ws/src/install/my_ros2_bringup/share/my_ros2_bringup/hook/cmake_prefix_path.dsv'
[5.590s] INFO:colcon.colcon_core.shell:Creating environment hook '/home/foiegreis/ros2_fndm_ws/src/install/my_ros2_bringup/share/my_ros2_bringup/hook/cmake_prefix_path.sh'
[5.590s] Level 1:colcon.colcon_core.environment:checking '/home/foiegreis/ros2_fndm_ws/src/install/my_ros2_bringup/bin'
[5.590s] Level 1:colcon.colcon_core.environment:checking '/home/foiegreis/ros2_fndm_ws/src/install/my_ros2_bringup/lib/pkgconfig/my_ros2_bringup.pc'
[5.590s] Level 1:colcon.colcon_core.environment:checking '/home/foiegreis/ros2_fndm_ws/src/install/my_ros2_bringup/lib/python3.10/site-packages'
[5.590s] Level 1:colcon.colcon_core.environment:checking '/home/foiegreis/ros2_fndm_ws/src/install/my_ros2_bringup/bin'
[5.613s] INFO:colcon.colcon_core.shell:Creating package script '/home/foiegreis/ros2_fndm_ws/src/install/my_ros2_bringup/share/my_ros2_bringup/package.ps1'
[5.613s] INFO:colcon.colcon_core.shell:Creating package descriptor '/home/foiegreis/ros2_fndm_ws/src/install/my_ros2_bringup/share/my_ros2_bringup/package.dsv'
[5.614s] INFO:colcon.colcon_core.shell:Creating package script '/home/foiegreis/ros2_fndm_ws/src/install/my_ros2_bringup/share/my_ros2_bringup/package.sh'
[5.614s] INFO:colcon.colcon_core.shell:Creating package script '/home/foiegreis/ros2_fndm_ws/src/install/my_ros2_bringup/share/my_ros2_bringup/package.bash'
[5.614s] INFO:colcon.colcon_core.shell:Creating package script '/home/foiegreis/ros2_fndm_ws/src/install/my_ros2_bringup/share/my_ros2_bringup/package.zsh'
[5.615s] Level 1:colcon.colcon_core.environment:create_file_with_runtime_dependencies(/home/foiegreis/ros2_fndm_ws/src/install/my_ros2_bringup/share/colcon-core/packages/my_ros2_bringup)
[10.296s] DEBUG:colcon.colcon_core.event_handler.log_command:Invoked command in '/home/foiegreis/ros2_fndm_ws/src/build/my_ros2_interface' returned '0': CMAKE_PREFIX_PATH=${CMAKE_PREFIX_PATH}:/home/foiegreis/my_ros2_ws/install/py_pkg:/home/foiegreis/my_ros2_ws/install/py_actions:/home/foiegreis/my_ros2_ws/src/install/py_pkg:/home/foiegreis/ros2_ws_book/install/py_pkg:/home/foiegreis/ros2_ws/install/my_py_pkg:/home/foiegreis/ros2_ws/install/lab4:/home/foiegreis/ros2_ws/install/lab3:/home/foiegreis/ros2_ws/install/lab2:/home/foiegreis/ros2_ws/install/lab1:/opt/ros/iron /usr/bin/cmake --build /home/foiegreis/ros2_fndm_ws/src/build/my_ros2_interface -- -j12 -l12
[10.417s] DEBUG:colcon.colcon_core.event_handler.log_command:Invoking command in '/home/foiegreis/ros2_fndm_ws/src/build/my_ros2_interface': CMAKE_PREFIX_PATH=${CMAKE_PREFIX_PATH}:/home/foiegreis/my_ros2_ws/install/py_pkg:/home/foiegreis/my_ros2_ws/install/py_actions:/home/foiegreis/my_ros2_ws/src/install/py_pkg:/home/foiegreis/ros2_ws_book/install/py_pkg:/home/foiegreis/ros2_ws/install/my_py_pkg:/home/foiegreis/ros2_ws/install/lab4:/home/foiegreis/ros2_ws/install/lab3:/home/foiegreis/ros2_ws/install/lab2:/home/foiegreis/ros2_ws/install/lab1:/opt/ros/iron /usr/bin/cmake --install /home/foiegreis/ros2_fndm_ws/src/build/my_ros2_interface
[10.512s] Level 1:colcon.colcon_core.environment:create_environment_scripts_only(my_ros2_interface)
[10.513s] DEBUG:colcon.colcon_core.event_handler.log_command:Invoked command in '/home/foiegreis/ros2_fndm_ws/src/build/my_ros2_interface' returned '0': CMAKE_PREFIX_PATH=${CMAKE_PREFIX_PATH}:/home/foiegreis/my_ros2_ws/install/py_pkg:/home/foiegreis/my_ros2_ws/install/py_actions:/home/foiegreis/my_ros2_ws/src/install/py_pkg:/home/foiegreis/ros2_ws_book/install/py_pkg:/home/foiegreis/ros2_ws/install/my_py_pkg:/home/foiegreis/ros2_ws/install/lab4:/home/foiegreis/ros2_ws/install/lab3:/home/foiegreis/ros2_ws/install/lab2:/home/foiegreis/ros2_ws/install/lab1:/opt/ros/iron /usr/bin/cmake --install /home/foiegreis/ros2_fndm_ws/src/build/my_ros2_interface
[10.535s] Level 1:colcon.colcon_core.environment:checking '/home/foiegreis/ros2_fndm_ws/src/install/my_ros2_interface' for CMake module files
[10.535s] Level 1:colcon.colcon_core.environment:checking '/home/foiegreis/ros2_fndm_ws/src/install/my_ros2_interface' for CMake config files
[10.536s] Level 1:colcon.colcon_core.shell:create_environment_hook('my_ros2_interface', 'cmake_prefix_path')
[10.558s] INFO:colcon.colcon_core.shell:Creating environment hook '/home/foiegreis/ros2_fndm_ws/src/install/my_ros2_interface/share/my_ros2_interface/hook/cmake_prefix_path.ps1'
[10.558s] INFO:colcon.colcon_core.shell:Creating environment descriptor '/home/foiegreis/ros2_fndm_ws/src/install/my_ros2_interface/share/my_ros2_interface/hook/cmake_prefix_path.dsv'
[10.558s] INFO:colcon.colcon_core.shell:Creating environment hook '/home/foiegreis/ros2_fndm_ws/src/install/my_ros2_interface/share/my_ros2_interface/hook/cmake_prefix_path.sh'
[10.559s] Level 1:colcon.colcon_core.environment:checking '/home/foiegreis/ros2_fndm_ws/src/install/my_ros2_interface/lib'
[10.559s] Level 1:colcon.colcon_core.shell:create_environment_hook('my_ros2_interface', 'ld_library_path_lib')
[10.582s] INFO:colcon.colcon_core.shell:Creating environment hook '/home/foiegreis/ros2_fndm_ws/src/install/my_ros2_interface/share/my_ros2_interface/hook/ld_library_path_lib.ps1'
[10.582s] INFO:colcon.colcon_core.shell:Creating environment descriptor '/home/foiegreis/ros2_fndm_ws/src/install/my_ros2_interface/share/my_ros2_interface/hook/ld_library_path_lib.dsv'
[10.582s] INFO:colcon.colcon_core.shell:Creating environment hook '/home/foiegreis/ros2_fndm_ws/src/install/my_ros2_interface/share/my_ros2_interface/hook/ld_library_path_lib.sh'
[10.583s] Level 1:colcon.colcon_core.environment:checking '/home/foiegreis/ros2_fndm_ws/src/install/my_ros2_interface/bin'
[10.583s] Level 1:colcon.colcon_core.environment:checking '/home/foiegreis/ros2_fndm_ws/src/install/my_ros2_interface/lib/pkgconfig/my_ros2_interface.pc'
[10.583s] Level 1:colcon.colcon_core.environment:checking '/home/foiegreis/ros2_fndm_ws/src/install/my_ros2_interface/lib/python3.10/site-packages'
[10.583s] Level 1:colcon.colcon_core.shell:create_environment_hook('my_ros2_interface', 'pythonpath')
[10.604s] INFO:colcon.colcon_core.shell:Creating environment hook '/home/foiegreis/ros2_fndm_ws/src/install/my_ros2_interface/share/my_ros2_interface/hook/pythonpath.ps1'
[10.605s] INFO:colcon.colcon_core.shell:Creating environment descriptor '/home/foiegreis/ros2_fndm_ws/src/install/my_ros2_interface/share/my_ros2_interface/hook/pythonpath.dsv'
[10.605s] INFO:colcon.colcon_core.shell:Creating environment hook '/home/foiegreis/ros2_fndm_ws/src/install/my_ros2_interface/share/my_ros2_interface/hook/pythonpath.sh'
[10.605s] Level 1:colcon.colcon_core.environment:checking '/home/foiegreis/ros2_fndm_ws/src/install/my_ros2_interface/bin'
[10.636s] INFO:colcon.colcon_core.shell:Creating package script '/home/foiegreis/ros2_fndm_ws/src/install/my_ros2_interface/share/my_ros2_interface/package.ps1'
[10.637s] INFO:colcon.colcon_core.shell:Creating package descriptor '/home/foiegreis/ros2_fndm_ws/src/install/my_ros2_interface/share/my_ros2_interface/package.dsv'
[10.637s] INFO:colcon.colcon_core.shell:Creating package script '/home/foiegreis/ros2_fndm_ws/src/install/my_ros2_interface/share/my_ros2_interface/package.sh'
[10.637s] INFO:colcon.colcon_core.shell:Creating package script '/home/foiegreis/ros2_fndm_ws/src/install/my_ros2_interface/share/my_ros2_interface/package.bash'
[10.638s] INFO:colcon.colcon_core.shell:Creating package script '/home/foiegreis/ros2_fndm_ws/src/install/my_ros2_interface/share/my_ros2_interface/package.zsh'
[10.638s] Level 1:colcon.colcon_core.environment:create_file_with_runtime_dependencies(/home/foiegreis/ros2_fndm_ws/src/install/my_ros2_interface/share/colcon-core/packages/my_ros2_interface)
[10.784s] Level 1:colcon.colcon_core.environment:create_environment_scripts_only(my_ros2_interface)
[10.816s] Level 1:colcon.colcon_core.environment:checking '/home/foiegreis/ros2_fndm_ws/src/install/my_ros2_interface' for CMake module files
[10.817s] Level 1:colcon.colcon_core.environment:checking '/home/foiegreis/ros2_fndm_ws/src/install/my_ros2_interface' for CMake config files
[10.818s] Level 1:colcon.colcon_core.shell:create_environment_hook('my_ros2_interface', 'cmake_prefix_path')
[10.839s] INFO:colcon.colcon_core.shell:Creating environment hook '/home/foiegreis/ros2_fndm_ws/src/install/my_ros2_interface/share/my_ros2_interface/hook/cmake_prefix_path.ps1'
[10.839s] INFO:colcon.colcon_core.shell:Creating environment descriptor '/home/foiegreis/ros2_fndm_ws/src/install/my_ros2_interface/share/my_ros2_interface/hook/cmake_prefix_path.dsv'
[10.839s] INFO:colcon.colcon_core.shell:Creating environment hook '/home/foiegreis/ros2_fndm_ws/src/install/my_ros2_interface/share/my_ros2_interface/hook/cmake_prefix_path.sh'
[10.840s] Level 1:colcon.colcon_core.environment:checking '/home/foiegreis/ros2_fndm_ws/src/install/my_ros2_interface/lib'
[10.840s] Level 1:colcon.colcon_core.shell:create_environment_hook('my_ros2_interface', 'ld_library_path_lib')
[10.864s] INFO:colcon.colcon_core.shell:Creating environment hook '/home/foiegreis/ros2_fndm_ws/src/install/my_ros2_interface/share/my_ros2_interface/hook/ld_library_path_lib.ps1'
[10.865s] INFO:colcon.colcon_core.shell:Creating environment descriptor '/home/foiegreis/ros2_fndm_ws/src/install/my_ros2_interface/share/my_ros2_interface/hook/ld_library_path_lib.dsv'
[10.865s] INFO:colcon.colcon_core.shell:Creating environment hook '/home/foiegreis/ros2_fndm_ws/src/install/my_ros2_interface/share/my_ros2_interface/hook/ld_library_path_lib.sh'
[10.865s] Level 1:colcon.colcon_core.environment:checking '/home/foiegreis/ros2_fndm_ws/src/install/my_ros2_interface/bin'
[10.865s] Level 1:colcon.colcon_core.environment:checking '/home/foiegreis/ros2_fndm_ws/src/install/my_ros2_interface/lib/pkgconfig/my_ros2_interface.pc'
[10.866s] Level 1:colcon.colcon_core.environment:checking '/home/foiegreis/ros2_fndm_ws/src/install/my_ros2_interface/lib/python3.10/site-packages'
[10.866s] Level 1:colcon.colcon_core.shell:create_environment_hook('my_ros2_interface', 'pythonpath')
[10.887s] INFO:colcon.colcon_core.shell:Creating environment hook '/home/foiegreis/ros2_fndm_ws/src/install/my_ros2_interface/share/my_ros2_interface/hook/pythonpath.ps1'
[10.888s] INFO:colcon.colcon_core.shell:Creating environment descriptor '/home/foiegreis/ros2_fndm_ws/src/install/my_ros2_interface/share/my_ros2_interface/hook/pythonpath.dsv'
[10.888s] INFO:colcon.colcon_core.shell:Creating environment hook '/home/foiegreis/ros2_fndm_ws/src/install/my_ros2_interface/share/my_ros2_interface/hook/pythonpath.sh'
[10.888s] Level 1:colcon.colcon_core.environment:checking '/home/foiegreis/ros2_fndm_ws/src/install/my_ros2_interface/bin'
[10.910s] INFO:colcon.colcon_core.shell:Creating package script '/home/foiegreis/ros2_fndm_ws/src/install/my_ros2_interface/share/my_ros2_interface/package.ps1'
[10.910s] INFO:colcon.colcon_core.shell:Creating package descriptor '/home/foiegreis/ros2_fndm_ws/src/install/my_ros2_interface/share/my_ros2_interface/package.dsv'
[10.911s] INFO:colcon.colcon_core.shell:Creating package script '/home/foiegreis/ros2_fndm_ws/src/install/my_ros2_interface/share/my_ros2_interface/package.sh'
[10.911s] INFO:colcon.colcon_core.shell:Creating package script '/home/foiegreis/ros2_fndm_ws/src/install/my_ros2_interface/share/my_ros2_interface/package.bash'
[10.911s] INFO:colcon.colcon_core.shell:Creating package script '/home/foiegreis/ros2_fndm_ws/src/install/my_ros2_interface/share/my_ros2_interface/package.zsh'
[10.912s] Level 1:colcon.colcon_core.environment:create_file_with_runtime_dependencies(/home/foiegreis/ros2_fndm_ws/src/install/my_ros2_interface/share/colcon-core/packages/my_ros2_interface)
[10.912s] INFO:colcon.colcon_ros.task.ament_cmake.build:Building ROS package in '/home/foiegreis/ros2_fndm_ws/src/cpp_actions' with build type 'ament_cmake'
[10.912s] INFO:colcon.colcon_cmake.task.cmake.build:Building CMake package in '/home/foiegreis/ros2_fndm_ws/src/cpp_actions'
[10.934s] INFO:colcon.colcon_core.shell:Skip shell extension 'powershell' for command environment: Not usable outside of PowerShell
[10.934s] DEBUG:colcon.colcon_core.shell:Skip shell extension 'dsv' for command environment
[11.108s] INFO:colcon.colcon_ros.task.ament_python.build:Building ROS package in '/home/foiegreis/ros2_fndm_ws/src/py_actions' with build type 'ament_python'
[11.108s] Level 1:colcon.colcon_core.shell:create_environment_hook('py_actions', 'ament_prefix_path')
[11.130s] INFO:colcon.colcon_core.shell:Creating environment hook '/home/foiegreis/ros2_fndm_ws/src/install/py_actions/share/py_actions/hook/ament_prefix_path.ps1'
[11.130s] INFO:colcon.colcon_core.shell:Creating environment descriptor '/home/foiegreis/ros2_fndm_ws/src/install/py_actions/share/py_actions/hook/ament_prefix_path.dsv'
[11.130s] INFO:colcon.colcon_core.shell:Creating environment hook '/home/foiegreis/ros2_fndm_ws/src/install/py_actions/share/py_actions/hook/ament_prefix_path.sh'
[11.152s] INFO:colcon.colcon_core.shell:Skip shell extension 'powershell' for command environment: Not usable outside of PowerShell
[11.152s] DEBUG:colcon.colcon_core.shell:Skip shell extension 'dsv' for command environment
[11.332s] DEBUG:colcon.colcon_core.event_handler.log_command:Invoking command in '/home/foiegreis/ros2_fndm_ws/src/build/cpp_actions': AMENT_PREFIX_PATH=/home/foiegreis/ros2_fndm_ws/src/install/my_ros2_interface:${AMENT_PREFIX_PATH} CMAKE_PREFIX_PATH=/home/foiegreis/ros2_fndm_ws/src/install/my_ros2_interface:/home/foiegreis/my_ros2_ws/install/my_ros2_bringup:/home/foiegreis/my_ros2_ws/install/cpp_actions:/home/foiegreis/my_ros2_ws/install/my_ros2_interface:/home/foiegreis/my_ros2_ws/install/cpp_py_pkg:/home/foiegreis/my_ros2_ws/install/cpp_pkg:/home/foiegreis/my_ros2_ws/src/install/cpp_py_pkg:/home/foiegreis/my_ros2_ws/src/install/cpp_pkg:/home/foiegreis/ros2_ws_book/install/cpp_pkg:/home/foiegreis/ros2_ws/install/my_bringup:/home/foiegreis/ros2_ws/install/my_interface:/home/foiegreis/ros2_ws/install/my_description:/home/foiegreis/ros2_ws_yolo3d/install/yolo3d:/home/foiegreis/ros2_ws_yolo3d/install/omni_robot_description:/home/foiegreis/ros2_ws_yolo3d/install/omni_control:/home/foiegreis/ros2_ws_yolo3d/install/gazebo_simulation:/home/foiegreis/my_ros2_ws/install/py_pkg:/home/foiegreis/my_ros2_ws/install/py_actions:/home/foiegreis/my_ros2_ws/src/install/py_pkg:/home/foiegreis/ros2_ws_book/install/py_pkg:/home/foiegreis/ros2_ws/install/my_py_pkg:/home/foiegreis/ros2_ws/install/lab4:/home/foiegreis/ros2_ws/install/lab3:/home/foiegreis/ros2_ws/install/lab2:/home/foiegreis/ros2_ws/install/lab1:/opt/ros/iron LD_LIBRARY_PATH=/home/foiegreis/ros2_fndm_ws/src/install/my_ros2_interface/lib:${LD_LIBRARY_PATH} PYTHONPATH=/home/foiegreis/ros2_fndm_ws/src/install/my_ros2_interface/lib/python3.10/site-packages:${PYTHONPATH} /usr/bin/cmake --build /home/foiegreis/ros2_fndm_ws/src/build/cpp_actions -- -j12 -l12
[11.644s] INFO:colcon.colcon_core.task.python.build:Building Python package in '/home/foiegreis/ros2_fndm_ws/src/py_actions'
[11.669s] INFO:colcon.colcon_core.shell:Skip shell extension 'powershell' for command environment: Not usable outside of PowerShell
[11.669s] DEBUG:colcon.colcon_core.shell:Skip shell extension 'dsv' for command environment
[11.852s] DEBUG:colcon.colcon_core.event_handler.log_command:Invoked command in '/home/foiegreis/ros2_fndm_ws/src/build/cpp_actions' returned '0': AMENT_PREFIX_PATH=/home/foiegreis/ros2_fndm_ws/src/install/my_ros2_interface:${AMENT_PREFIX_PATH} CMAKE_PREFIX_PATH=/home/foiegreis/ros2_fndm_ws/src/install/my_ros2_interface:/home/foiegreis/my_ros2_ws/install/my_ros2_bringup:/home/foiegreis/my_ros2_ws/install/cpp_actions:/home/foiegreis/my_ros2_ws/install/my_ros2_interface:/home/foiegreis/my_ros2_ws/install/cpp_py_pkg:/home/foiegreis/my_ros2_ws/install/cpp_pkg:/home/foiegreis/my_ros2_ws/src/install/cpp_py_pkg:/home/foiegreis/my_ros2_ws/src/install/cpp_pkg:/home/foiegreis/ros2_ws_book/install/cpp_pkg:/home/foiegreis/ros2_ws/install/my_bringup:/home/foiegreis/ros2_ws/install/my_interface:/home/foiegreis/ros2_ws/install/my_description:/home/foiegreis/ros2_ws_yolo3d/install/yolo3d:/home/foiegreis/ros2_ws_yolo3d/install/omni_robot_description:/home/foiegreis/ros2_ws_yolo3d/install/omni_control:/home/foiegreis/ros2_ws_yolo3d/install/gazebo_simulation:/home/foiegreis/my_ros2_ws/install/py_pkg:/home/foiegreis/my_ros2_ws/install/py_actions:/home/foiegreis/my_ros2_ws/src/install/py_pkg:/home/foiegreis/ros2_ws_book/install/py_pkg:/home/foiegreis/ros2_ws/install/my_py_pkg:/home/foiegreis/ros2_ws/install/lab4:/home/foiegreis/ros2_ws/install/lab3:/home/foiegreis/ros2_ws/install/lab2:/home/foiegreis/ros2_ws/install/lab1:/opt/ros/iron LD_LIBRARY_PATH=/home/foiegreis/ros2_fndm_ws/src/install/my_ros2_interface/lib:${LD_LIBRARY_PATH} PYTHONPATH=/home/foiegreis/ros2_fndm_ws/src/install/my_ros2_interface/lib/python3.10/site-packages:${PYTHONPATH} /usr/bin/cmake --build /home/foiegreis/ros2_fndm_ws/src/build/cpp_actions -- -j12 -l12
[11.876s] DEBUG:colcon.colcon_core.event_handler.log_command:Invoking command in '/home/foiegreis/ros2_fndm_ws/src/build/cpp_actions': AMENT_PREFIX_PATH=/home/foiegreis/ros2_fndm_ws/src/install/my_ros2_interface:${AMENT_PREFIX_PATH} CMAKE_PREFIX_PATH=/home/foiegreis/ros2_fndm_ws/src/install/my_ros2_interface:/home/foiegreis/my_ros2_ws/install/my_ros2_bringup:/home/foiegreis/my_ros2_ws/install/cpp_actions:/home/foiegreis/my_ros2_ws/install/my_ros2_interface:/home/foiegreis/my_ros2_ws/install/cpp_py_pkg:/home/foiegreis/my_ros2_ws/install/cpp_pkg:/home/foiegreis/my_ros2_ws/src/install/cpp_py_pkg:/home/foiegreis/my_ros2_ws/src/install/cpp_pkg:/home/foiegreis/ros2_ws_book/install/cpp_pkg:/home/foiegreis/ros2_ws/install/my_bringup:/home/foiegreis/ros2_ws/install/my_interface:/home/foiegreis/ros2_ws/install/my_description:/home/foiegreis/ros2_ws_yolo3d/install/yolo3d:/home/foiegreis/ros2_ws_yolo3d/install/omni_robot_description:/home/foiegreis/ros2_ws_yolo3d/install/omni_control:/home/foiegreis/ros2_ws_yolo3d/install/gazebo_simulation:/home/foiegreis/my_ros2_ws/install/py_pkg:/home/foiegreis/my_ros2_ws/install/py_actions:/home/foiegreis/my_ros2_ws/src/install/py_pkg:/home/foiegreis/ros2_ws_book/install/py_pkg:/home/foiegreis/ros2_ws/install/my_py_pkg:/home/foiegreis/ros2_ws/install/lab4:/home/foiegreis/ros2_ws/install/lab3:/home/foiegreis/ros2_ws/install/lab2:/home/foiegreis/ros2_ws/install/lab1:/opt/ros/iron LD_LIBRARY_PATH=/home/foiegreis/ros2_fndm_ws/src/install/my_ros2_interface/lib:${LD_LIBRARY_PATH} PYTHONPATH=/home/foiegreis/ros2_fndm_ws/src/install/my_ros2_interface/lib/python3.10/site-packages:${PYTHONPATH} /usr/bin/cmake --install /home/foiegreis/ros2_fndm_ws/src/build/cpp_actions
[11.886s] Level 1:colcon.colcon_core.environment:create_environment_scripts_only(cpp_actions)
[11.887s] DEBUG:colcon.colcon_core.event_handler.log_command:Invoked command in '/home/foiegreis/ros2_fndm_ws/src/build/cpp_actions' returned '0': AMENT_PREFIX_PATH=/home/foiegreis/ros2_fndm_ws/src/install/my_ros2_interface:${AMENT_PREFIX_PATH} CMAKE_PREFIX_PATH=/home/foiegreis/ros2_fndm_ws/src/install/my_ros2_interface:/home/foiegreis/my_ros2_ws/install/my_ros2_bringup:/home/foiegreis/my_ros2_ws/install/cpp_actions:/home/foiegreis/my_ros2_ws/install/my_ros2_interface:/home/foiegreis/my_ros2_ws/install/cpp_py_pkg:/home/foiegreis/my_ros2_ws/install/cpp_pkg:/home/foiegreis/my_ros2_ws/src/install/cpp_py_pkg:/home/foiegreis/my_ros2_ws/src/install/cpp_pkg:/home/foiegreis/ros2_ws_book/install/cpp_pkg:/home/foiegreis/ros2_ws/install/my_bringup:/home/foiegreis/ros2_ws/install/my_interface:/home/foiegreis/ros2_ws/install/my_description:/home/foiegreis/ros2_ws_yolo3d/install/yolo3d:/home/foiegreis/ros2_ws_yolo3d/install/omni_robot_description:/home/foiegreis/ros2_ws_yolo3d/install/omni_control:/home/foiegreis/ros2_ws_yolo3d/install/gazebo_simulation:/home/foiegreis/my_ros2_ws/install/py_pkg:/home/foiegreis/my_ros2_ws/install/py_actions:/home/foiegreis/my_ros2_ws/src/install/py_pkg:/home/foiegreis/ros2_ws_book/install/py_pkg:/home/foiegreis/ros2_ws/install/my_py_pkg:/home/foiegreis/ros2_ws/install/lab4:/home/foiegreis/ros2_ws/install/lab3:/home/foiegreis/ros2_ws/install/lab2:/home/foiegreis/ros2_ws/install/lab1:/opt/ros/iron LD_LIBRARY_PATH=/home/foiegreis/ros2_fndm_ws/src/install/my_ros2_interface/lib:${LD_LIBRARY_PATH} PYTHONPATH=/home/foiegreis/ros2_fndm_ws/src/install/my_ros2_interface/lib/python3.10/site-packages:${PYTHONPATH} /usr/bin/cmake --install /home/foiegreis/ros2_fndm_ws/src/build/cpp_actions
[11.920s] Level 1:colcon.colcon_core.environment:checking '/home/foiegreis/ros2_fndm_ws/src/install/cpp_actions' for CMake module files
[11.920s] Level 1:colcon.colcon_core.environment:checking '/home/foiegreis/ros2_fndm_ws/src/install/cpp_actions' for CMake config files
[11.921s] Level 1:colcon.colcon_core.shell:create_environment_hook('cpp_actions', 'cmake_prefix_path')
[11.942s] INFO:colcon.colcon_core.shell:Creating environment hook '/home/foiegreis/ros2_fndm_ws/src/install/cpp_actions/share/cpp_actions/hook/cmake_prefix_path.ps1'
[11.943s] INFO:colcon.colcon_core.shell:Creating environment descriptor '/home/foiegreis/ros2_fndm_ws/src/install/cpp_actions/share/cpp_actions/hook/cmake_prefix_path.dsv'
[11.943s] INFO:colcon.colcon_core.shell:Creating environment hook '/home/foiegreis/ros2_fndm_ws/src/install/cpp_actions/share/cpp_actions/hook/cmake_prefix_path.sh'
[11.944s] Level 1:colcon.colcon_core.environment:checking '/home/foiegreis/ros2_fndm_ws/src/install/cpp_actions/bin'
[11.944s] Level 1:colcon.colcon_core.environment:checking '/home/foiegreis/ros2_fndm_ws/src/install/cpp_actions/lib/pkgconfig/cpp_actions.pc'
[11.944s] Level 1:colcon.colcon_core.environment:checking '/home/foiegreis/ros2_fndm_ws/src/install/cpp_actions/lib/python3.10/site-packages'
[11.944s] Level 1:colcon.colcon_core.environment:checking '/home/foiegreis/ros2_fndm_ws/src/install/cpp_actions/bin'
[11.966s] INFO:colcon.colcon_core.shell:Creating package script '/home/foiegreis/ros2_fndm_ws/src/install/cpp_actions/share/cpp_actions/package.ps1'
[11.966s] INFO:colcon.colcon_core.shell:Creating package descriptor '/home/foiegreis/ros2_fndm_ws/src/install/cpp_actions/share/cpp_actions/package.dsv'
[11.967s] INFO:colcon.colcon_core.shell:Creating package script '/home/foiegreis/ros2_fndm_ws/src/install/cpp_actions/share/cpp_actions/package.sh'
[11.967s] INFO:colcon.colcon_core.shell:Creating package script '/home/foiegreis/ros2_fndm_ws/src/install/cpp_actions/share/cpp_actions/package.bash'
[11.967s] INFO:colcon.colcon_core.shell:Creating package script '/home/foiegreis/ros2_fndm_ws/src/install/cpp_actions/share/cpp_actions/package.zsh'
[11.967s] Level 1:colcon.colcon_core.environment:create_file_with_runtime_dependencies(/home/foiegreis/ros2_fndm_ws/src/install/cpp_actions/share/colcon-core/packages/cpp_actions)
[12.010s] Level 1:colcon.colcon_core.environment:create_environment_scripts_only(cpp_actions)
[12.033s] Level 1:colcon.colcon_core.environment:checking '/home/foiegreis/ros2_fndm_ws/src/install/cpp_actions' for CMake module files
[12.034s] Level 1:colcon.colcon_core.environment:checking '/home/foiegreis/ros2_fndm_ws/src/install/cpp_actions' for CMake config files
[12.034s] Level 1:colcon.colcon_core.shell:create_environment_hook('cpp_actions', 'cmake_prefix_path')
[12.055s] INFO:colcon.colcon_core.shell:Creating environment hook '/home/foiegreis/ros2_fndm_ws/src/install/cpp_actions/share/cpp_actions/hook/cmake_prefix_path.ps1'
[12.055s] INFO:colcon.colcon_core.shell:Creating environment descriptor '/home/foiegreis/ros2_fndm_ws/src/install/cpp_actions/share/cpp_actions/hook/cmake_prefix_path.dsv'
[12.056s] INFO:colcon.colcon_core.shell:Creating environment hook '/home/foiegreis/ros2_fndm_ws/src/install/cpp_actions/share/cpp_actions/hook/cmake_prefix_path.sh'
[12.056s] Level 1:colcon.colcon_core.environment:checking '/home/foiegreis/ros2_fndm_ws/src/install/cpp_actions/bin'
[12.056s] Level 1:colcon.colcon_core.environment:checking '/home/foiegreis/ros2_fndm_ws/src/install/cpp_actions/lib/pkgconfig/cpp_actions.pc'
[12.056s] Level 1:colcon.colcon_core.environment:checking '/home/foiegreis/ros2_fndm_ws/src/install/cpp_actions/lib/python3.10/site-packages'
[12.057s] Level 1:colcon.colcon_core.environment:checking '/home/foiegreis/ros2_fndm_ws/src/install/cpp_actions/bin'
[12.078s] INFO:colcon.colcon_core.shell:Creating package script '/home/foiegreis/ros2_fndm_ws/src/install/cpp_actions/share/cpp_actions/package.ps1'
[12.079s] INFO:colcon.colcon_core.shell:Creating package descriptor '/home/foiegreis/ros2_fndm_ws/src/install/cpp_actions/share/cpp_actions/package.dsv'
[12.079s] INFO:colcon.colcon_core.shell:Creating package script '/home/foiegreis/ros2_fndm_ws/src/install/cpp_actions/share/cpp_actions/package.sh'
[12.079s] INFO:colcon.colcon_core.shell:Creating package script '/home/foiegreis/ros2_fndm_ws/src/install/cpp_actions/share/cpp_actions/package.bash'
[12.080s] INFO:colcon.colcon_core.shell:Creating package script '/home/foiegreis/ros2_fndm_ws/src/install/cpp_actions/share/cpp_actions/package.zsh'
[12.080s] Level 1:colcon.colcon_core.environment:create_file_with_runtime_dependencies(/home/foiegreis/ros2_fndm_ws/src/install/cpp_actions/share/colcon-core/packages/cpp_actions)
[12.264s] DEBUG:colcon.colcon_core.event_handler.log_command:Invoking command in '/home/foiegreis/ros2_fndm_ws/src/py_actions': AMENT_PREFIX_PATH=/home/foiegreis/ros2_fndm_ws/src/install/my_ros2_interface:${AMENT_PREFIX_PATH} CMAKE_PREFIX_PATH=/home/foiegreis/ros2_fndm_ws/src/install/my_ros2_interface:${CMAKE_PREFIX_PATH} LD_LIBRARY_PATH=/home/foiegreis/ros2_fndm_ws/src/install/my_ros2_interface/lib:${LD_LIBRARY_PATH} PYTHONPATH=/home/foiegreis/ros2_fndm_ws/src/build/py_actions/prefix_override:/home/foiegreis/ros2_fndm_ws/src/install/py_actions/lib/python3.10/site-packages:/home/foiegreis/ros2_fndm_ws/src/install/my_ros2_interface/lib/python3.10/site-packages:${PYTHONPATH} /usr/bin/python3 setup.py egg_info --egg-base ../build/py_actions build --build-base /home/foiegreis/ros2_fndm_ws/src/build/py_actions/build install --record /home/foiegreis/ros2_fndm_ws/src/build/py_actions/install.log --single-version-externally-managed
[12.631s] DEBUG:colcon.colcon_core.event_handler.log_command:Invoked command in '/home/foiegreis/ros2_fndm_ws/src/py_actions' returned '0': AMENT_PREFIX_PATH=/home/foiegreis/ros2_fndm_ws/src/install/my_ros2_interface:${AMENT_PREFIX_PATH} CMAKE_PREFIX_PATH=/home/foiegreis/ros2_fndm_ws/src/install/my_ros2_interface:${CMAKE_PREFIX_PATH} LD_LIBRARY_PATH=/home/foiegreis/ros2_fndm_ws/src/install/my_ros2_interface/lib:${LD_LIBRARY_PATH} PYTHONPATH=/home/foiegreis/ros2_fndm_ws/src/build/py_actions/prefix_override:/home/foiegreis/ros2_fndm_ws/src/install/py_actions/lib/python3.10/site-packages:/home/foiegreis/ros2_fndm_ws/src/install/my_ros2_interface/lib/python3.10/site-packages:${PYTHONPATH} /usr/bin/python3 setup.py egg_info --egg-base ../build/py_actions build --build-base /home/foiegreis/ros2_fndm_ws/src/build/py_actions/build install --record /home/foiegreis/ros2_fndm_ws/src/build/py_actions/install.log --single-version-externally-managed
[12.653s] Level 1:colcon.colcon_core.environment:checking '/home/foiegreis/ros2_fndm_ws/src/install/py_actions' for CMake module files
[12.653s] Level 1:colcon.colcon_core.environment:checking '/home/foiegreis/ros2_fndm_ws/src/install/py_actions' for CMake config files
[12.654s] Level 1:colcon.colcon_core.environment:checking '/home/foiegreis/ros2_fndm_ws/src/install/py_actions/lib'
[12.654s] Level 1:colcon.colcon_core.environment:checking '/home/foiegreis/ros2_fndm_ws/src/install/py_actions/bin'
[12.654s] Level 1:colcon.colcon_core.environment:checking '/home/foiegreis/ros2_fndm_ws/src/install/py_actions/lib/pkgconfig/py_actions.pc'
[12.654s] Level 1:colcon.colcon_core.environment:checking '/home/foiegreis/ros2_fndm_ws/src/install/py_actions/lib/python3.10/site-packages'
[12.654s] Level 1:colcon.colcon_core.shell:create_environment_hook('py_actions', 'pythonpath')
[12.675s] INFO:colcon.colcon_core.shell:Creating environment hook '/home/foiegreis/ros2_fndm_ws/src/install/py_actions/share/py_actions/hook/pythonpath.ps1'
[12.676s] INFO:colcon.colcon_core.shell:Creating environment descriptor '/home/foiegreis/ros2_fndm_ws/src/install/py_actions/share/py_actions/hook/pythonpath.dsv'
[12.676s] INFO:colcon.colcon_core.shell:Creating environment hook '/home/foiegreis/ros2_fndm_ws/src/install/py_actions/share/py_actions/hook/pythonpath.sh'
[12.677s] Level 1:colcon.colcon_core.environment:checking '/home/foiegreis/ros2_fndm_ws/src/install/py_actions/bin'
[12.677s] Level 1:colcon.colcon_core.environment:create_environment_scripts_only(py_actions)
[12.698s] INFO:colcon.colcon_core.shell:Creating package script '/home/foiegreis/ros2_fndm_ws/src/install/py_actions/share/py_actions/package.ps1'
[12.699s] INFO:colcon.colcon_core.shell:Creating package descriptor '/home/foiegreis/ros2_fndm_ws/src/install/py_actions/share/py_actions/package.dsv'
[12.699s] INFO:colcon.colcon_core.shell:Creating package script '/home/foiegreis/ros2_fndm_ws/src/install/py_actions/share/py_actions/package.sh'
[12.700s] INFO:colcon.colcon_core.shell:Creating package script '/home/foiegreis/ros2_fndm_ws/src/install/py_actions/share/py_actions/package.bash'
[12.700s] INFO:colcon.colcon_core.shell:Creating package script '/home/foiegreis/ros2_fndm_ws/src/install/py_actions/share/py_actions/package.zsh'
[12.700s] Level 1:colcon.colcon_core.environment:create_file_with_runtime_dependencies(/home/foiegreis/ros2_fndm_ws/src/install/py_actions/share/colcon-core/packages/py_actions)
[12.700s] DEBUG:colcon.colcon_parallel_executor.executor.parallel:closing loop
[12.700s] DEBUG:colcon.colcon_parallel_executor.executor.parallel:loop closed
[12.700s] DEBUG:colcon.colcon_parallel_executor.executor.parallel:run_until_complete finished with '0'
[12.701s] DEBUG:colcon.colcon_core.event_reactor:joining thread
[12.729s] INFO:colcon.colcon_core.plugin_system:Skipping extension 'colcon_notification.desktop_notification.terminal_notifier': Not used on non-Darwin systems
[12.729s] INFO:colcon.colcon_core.plugin_system:Skipping extension 'colcon_notification.desktop_notification.win32': Not used on non-Windows systems
[12.729s] INFO:colcon.colcon_notification.desktop_notification:Sending desktop notification using 'notify2'
[12.739s] DEBUG:colcon.colcon_core.event_reactor:joined thread
[12.761s] INFO:colcon.colcon_core.shell:Creating prefix script '/home/foiegreis/ros2_fndm_ws/src/install/local_setup.ps1'
[12.762s] INFO:colcon.colcon_core.shell:Creating prefix util module '/home/foiegreis/ros2_fndm_ws/src/install/_local_setup_util_ps1.py'
[12.763s] INFO:colcon.colcon_core.shell:Creating prefix chain script '/home/foiegreis/ros2_fndm_ws/src/install/setup.ps1'
[12.786s] INFO:colcon.colcon_core.shell:Creating prefix script '/home/foiegreis/ros2_fndm_ws/src/install/local_setup.sh'
[12.787s] INFO:colcon.colcon_core.shell:Creating prefix util module '/home/foiegreis/ros2_fndm_ws/src/install/_local_setup_util_sh.py'
[12.787s] INFO:colcon.colcon_core.shell:Creating prefix chain script '/home/foiegreis/ros2_fndm_ws/src/install/setup.sh'
[12.811s] INFO:colcon.colcon_core.shell:Creating prefix script '/home/foiegreis/ros2_fndm_ws/src/install/local_setup.bash'
[12.811s] INFO:colcon.colcon_core.shell:Creating prefix chain script '/home/foiegreis/ros2_fndm_ws/src/install/setup.bash'
[12.835s] INFO:colcon.colcon_core.shell:Creating prefix script '/home/foiegreis/ros2_fndm_ws/src/install/local_setup.zsh'
[12.835s] INFO:colcon.colcon_core.shell:Creating prefix chain script '/home/foiegreis/ros2_fndm_ws/src/install/setup.zsh'
