[1.303s] Invoking command in '/home/foiegreis/ros2_fndm_ws/build/py_actions': CMAKE_PREFIX_PATH=/home/foiegreis/ros2_fndm_ws/install/ros2_fndm_interface:/home/foiegreis/ros2_fndm_ws/install/ros2_fndm_bringup:/home/foiegreis/ros2_fndm_ws/install/cpp_actions:/home/foiegreis/ros2_fndm_ws/install/cpp_py_pkg:/home/foiegreis/ros2_fndm_ws/install/cpp_pkg:/home/foiegreis/ros2_ws_book/install/cpp_pkg:/home/foiegreis/ros2_ws/install/my_bringup:/home/foiegreis/ros2_ws/install/my_interface:/home/foiegreis/ros2_ws/install/my_description:/home/foiegreis/ros2_ws_yolo3d/install/yolo3d:/home/foiegreis/ros2_ws_yolo3d/install/omni_robot_description:/home/foiegreis/ros2_ws_yolo3d/install/omni_control:/home/foiegreis/ros2_ws_yolo3d/install/gazebo_simulation PYTHONPATH=/home/foiegreis/ros2_fndm_ws/build/py_actions/prefix_override:/home/foiegreis/ros2_fndm_ws/install/py_actions/lib/python3.10/site-packages:/home/foiegreis/ros2_fndm_ws/install/ros2_fndm_interface/lib/python3.10/site-packages:/home/foiegreis/ros2_fndm_ws/build/py_actions:/home/foiegreis/ros2_fndm_ws/install/py_actions/lib/python3.10/site-packages:/home/foiegreis/ros2_fndm_ws/install/my_ros2_interface/lib/python3.10/site-packages:/home/foiegreis/ros2_fndm_ws/install/cpp_py_pkg/lib/python3.10/site-packages:/home/foiegreis/ros2_fndm_ws/build/py_pkg:/home/foiegreis/ros2_fndm_ws/install/py_pkg/lib/python3.10/site-packages:/home/foiegreis/ros2_ws_book/install/py_pkg/lib/python3.10/site-packages:/home/foiegreis/ros2_ws/install/my_py_pkg/lib/python3.10/site-packages:/home/foiegreis/ros2_ws/install/lab4/lib/python3.10/site-packages:/home/foiegreis/ros2_ws/install/lab3/lib/python3.10/site-packages:/home/foiegreis/ros2_ws/install/my_interface/lib/python3.10/site-packages:/home/foiegreis/ros2_ws/install/lab2/lib/python3.10/site-packages:/home/foiegreis/ros2_ws/install/lab1/lib/python3.10/site-packages:/opt/ros/iron/lib/python3.10/site-packages /usr/bin/python3 setup.py develop --editable --build-directory /home/foiegreis/ros2_fndm_ws/build/py_actions/build --no-deps install_data
[1.753s] running develop
[2.075s] running egg_info
[2.076s] writing py_actions.egg-info/PKG-INFO
[2.076s] writing dependency_links to py_actions.egg-info/dependency_links.txt
[2.076s] writing entry points to py_actions.egg-info/entry_points.txt
[2.076s] writing requirements to py_actions.egg-info/requires.txt
[2.076s] writing top-level names to py_actions.egg-info/top_level.txt
[2.078s] reading manifest file 'py_actions.egg-info/SOURCES.txt'
[2.079s] writing manifest file 'py_actions.egg-info/SOURCES.txt'
[2.080s] running build_ext
[2.080s] Creating /home/foiegreis/ros2_fndm_ws/install/py_actions/lib/python3.10/site-packages/py-actions.egg-link (link to .)
[2.081s] Installing fibonacci_client script to /home/foiegreis/ros2_fndm_ws/install/py_actions/lib/py_actions
[2.081s] Installing fibonacci_client_cancel script to /home/foiegreis/ros2_fndm_ws/install/py_actions/lib/py_actions
[2.081s] Installing fibonacci_client_feedback script to /home/foiegreis/ros2_fndm_ws/install/py_actions/lib/py_actions
[2.081s] Installing fibonacci_server script to /home/foiegreis/ros2_fndm_ws/install/py_actions/lib/py_actions
[2.081s] Installing fibonacci_server_cancel script to /home/foiegreis/ros2_fndm_ws/install/py_actions/lib/py_actions
[2.081s] Installing fibonacci_server_feedback script to /home/foiegreis/ros2_fndm_ws/install/py_actions/lib/py_actions
[2.081s] 
[2.082s] Installed /home/foiegreis/ros2_fndm_ws/build/py_actions
[2.082s] running install_data
[2.111s] Invoked command in '/home/foiegreis/ros2_fndm_ws/build/py_actions' returned '0': CMAKE_PREFIX_PATH=/home/foiegreis/ros2_fndm_ws/install/ros2_fndm_interface:/home/foiegreis/ros2_fndm_ws/install/ros2_fndm_bringup:/home/foiegreis/ros2_fndm_ws/install/cpp_actions:/home/foiegreis/ros2_fndm_ws/install/cpp_py_pkg:/home/foiegreis/ros2_fndm_ws/install/cpp_pkg:/home/foiegreis/ros2_ws_book/install/cpp_pkg:/home/foiegreis/ros2_ws/install/my_bringup:/home/foiegreis/ros2_ws/install/my_interface:/home/foiegreis/ros2_ws/install/my_description:/home/foiegreis/ros2_ws_yolo3d/install/yolo3d:/home/foiegreis/ros2_ws_yolo3d/install/omni_robot_description:/home/foiegreis/ros2_ws_yolo3d/install/omni_control:/home/foiegreis/ros2_ws_yolo3d/install/gazebo_simulation PYTHONPATH=/home/foiegreis/ros2_fndm_ws/build/py_actions/prefix_override:/home/foiegreis/ros2_fndm_ws/install/py_actions/lib/python3.10/site-packages:/home/foiegreis/ros2_fndm_ws/install/ros2_fndm_interface/lib/python3.10/site-packages:/home/foiegreis/ros2_fndm_ws/build/py_actions:/home/foiegreis/ros2_fndm_ws/install/py_actions/lib/python3.10/site-packages:/home/foiegreis/ros2_fndm_ws/install/my_ros2_interface/lib/python3.10/site-packages:/home/foiegreis/ros2_fndm_ws/install/cpp_py_pkg/lib/python3.10/site-packages:/home/foiegreis/ros2_fndm_ws/build/py_pkg:/home/foiegreis/ros2_fndm_ws/install/py_pkg/lib/python3.10/site-packages:/home/foiegreis/ros2_ws_book/install/py_pkg/lib/python3.10/site-packages:/home/foiegreis/ros2_ws/install/my_py_pkg/lib/python3.10/site-packages:/home/foiegreis/ros2_ws/install/lab4/lib/python3.10/site-packages:/home/foiegreis/ros2_ws/install/lab3/lib/python3.10/site-packages:/home/foiegreis/ros2_ws/install/my_interface/lib/python3.10/site-packages:/home/foiegreis/ros2_ws/install/lab2/lib/python3.10/site-packages:/home/foiegreis/ros2_ws/install/lab1/lib/python3.10/site-packages:/opt/ros/iron/lib/python3.10/site-packages /usr/bin/python3 setup.py develop --editable --build-directory /home/foiegreis/ros2_fndm_ws/build/py_actions/build --no-deps install_data
