-- The C compiler identification is GNU 11.4.0
-- The CXX compiler identification is GNU 11.4.0
-- Detecting C compiler ABI info
-- Detecting C compiler ABI info - done
-- Check for working C compiler: /usr/bin/cc - skipped
-- Detecting C compile features
-- Detecting C compile features - done
-- Detecting CXX compiler ABI info
-- Detecting CXX compiler ABI info - done
-- Check for working CXX compiler: /usr/bin/c++ - skipped
-- Detecting CXX compile features
-- Detecting CXX compile features - done
-- Found ament_cmake: 2.0.4 (/opt/ros/iron/share/ament_cmake/cmake)
-- Found Python3: /usr/bin/python3.10 (found version "3.10.12") found components: Interpreter 
-- Found rclcpp: 21.0.5 (/opt/ros/iron/share/rclcpp/cmake)
-- Found rosidl_generator_c: 4.0.1 (/opt/ros/iron/share/rosidl_generator_c/cmake)
-- Found rosidl_generator_cpp: 4.0.1 (/opt/ros/iron/share/rosidl_generator_cpp/cmake)
-- Using all available rosidl_typesupport_c: rosidl_typesupport_fastrtps_c;rosidl_typesupport_introspection_c
-- Using all available rosidl_typesupport_cpp: rosidl_typesupport_fastrtps_cpp;rosidl_typesupport_introspection_cpp
-- Found rmw_implementation_cmake: 7.1.0 (/opt/ros/iron/share/rmw_implementation_cmake/cmake)
-- Found rmw_fastrtps_cpp: 7.1.3 (/opt/ros/iron/share/rmw_fastrtps_cpp/cmake)
-- Found OpenSSL: /usr/lib/x86_64-linux-gnu/libcrypto.so (found version "3.0.2")  
-- Found FastRTPS: /opt/ros/iron/include  
-- Using RMW implementation 'rmw_fastrtps_cpp' as default
-- Found rclpy: 4.1.4 (/opt/ros/iron/share/rclpy/cmake)
-- Configuring done
-- Generating done
-- Build files have been written to: /home/foiegreis/ros2_fndm_ws/src/build/cpp_py_pkg
[ 50%] [32mBuilding CXX object CMakeFiles/simple_node_cpp.dir/src/simple_node.cpp.o[0m
[ 50%] Built target ament_cmake_python_copy_cpp_py_pkg
running egg_info
creating cpp_py_pkg.egg-info
writing cpp_py_pkg.egg-info/PKG-INFO
writing dependency_links to cpp_py_pkg.egg-info/dependency_links.txt
writing top-level names to cpp_py_pkg.egg-info/top_level.txt
writing manifest file 'cpp_py_pkg.egg-info/SOURCES.txt'
reading manifest file 'cpp_py_pkg.egg-info/SOURCES.txt'
writing manifest file 'cpp_py_pkg.egg-info/SOURCES.txt'
[ 50%] Built target ament_cmake_python_build_cpp_py_pkg_egg
[100%] [32m[1mLinking CXX executable simple_node_cpp[0m
[100%] Built target simple_node_cpp
-- Install configuration: ""
-- Installing: /home/foiegreis/ros2_fndm_ws/src/install/cpp_py_pkg/lib/cpp_py_pkg/simple_node_cpp
-- Set runtime path of "/home/foiegreis/ros2_fndm_ws/src/install/cpp_py_pkg/lib/cpp_py_pkg/simple_node_cpp" to ""
-- Installing: /home/foiegreis/ros2_fndm_ws/src/install/cpp_py_pkg/share/cpp_py_pkg/environment/pythonpath.sh
-- Installing: /home/foiegreis/ros2_fndm_ws/src/install/cpp_py_pkg/share/cpp_py_pkg/environment/pythonpath.dsv
-- Installing: /home/foiegreis/ros2_fndm_ws/src/install/cpp_py_pkg/lib/python3.10/site-packages/cpp_py_pkg-0.0.0-py3.10.egg-info
-- Installing: /home/foiegreis/ros2_fndm_ws/src/install/cpp_py_pkg/lib/python3.10/site-packages/cpp_py_pkg-0.0.0-py3.10.egg-info/PKG-INFO
-- Installing: /home/foiegreis/ros2_fndm_ws/src/install/cpp_py_pkg/lib/python3.10/site-packages/cpp_py_pkg-0.0.0-py3.10.egg-info/dependency_links.txt
-- Installing: /home/foiegreis/ros2_fndm_ws/src/install/cpp_py_pkg/lib/python3.10/site-packages/cpp_py_pkg-0.0.0-py3.10.egg-info/SOURCES.txt
-- Installing: /home/foiegreis/ros2_fndm_ws/src/install/cpp_py_pkg/lib/python3.10/site-packages/cpp_py_pkg-0.0.0-py3.10.egg-info/top_level.txt
-- Installing: /home/foiegreis/ros2_fndm_ws/src/install/cpp_py_pkg/lib/python3.10/site-packages/cpp_py_pkg
-- Installing: /home/foiegreis/ros2_fndm_ws/src/install/cpp_py_pkg/lib/python3.10/site-packages/cpp_py_pkg/__init__.py
Listing '/home/foiegreis/ros2_fndm_ws/src/install/cpp_py_pkg/lib/python3.10/site-packages/cpp_py_pkg'...
Compiling '/home/foiegreis/ros2_fndm_ws/src/install/cpp_py_pkg/lib/python3.10/site-packages/cpp_py_pkg/__init__.py'...
-- Installing: /home/foiegreis/ros2_fndm_ws/src/install/cpp_py_pkg/lib/cpp_py_pkg/simple_node.py
-- Installing: /home/foiegreis/ros2_fndm_ws/src/install/cpp_py_pkg/share/ament_index/resource_index/package_run_dependencies/cpp_py_pkg
-- Installing: /home/foiegreis/ros2_fndm_ws/src/install/cpp_py_pkg/share/ament_index/resource_index/parent_prefix_path/cpp_py_pkg
-- Installing: /home/foiegreis/ros2_fndm_ws/src/install/cpp_py_pkg/share/cpp_py_pkg/environment/ament_prefix_path.sh
-- Installing: /home/foiegreis/ros2_fndm_ws/src/install/cpp_py_pkg/share/cpp_py_pkg/environment/ament_prefix_path.dsv
-- Installing: /home/foiegreis/ros2_fndm_ws/src/install/cpp_py_pkg/share/cpp_py_pkg/environment/path.sh
-- Installing: /home/foiegreis/ros2_fndm_ws/src/install/cpp_py_pkg/share/cpp_py_pkg/environment/path.dsv
-- Installing: /home/foiegreis/ros2_fndm_ws/src/install/cpp_py_pkg/share/cpp_py_pkg/local_setup.bash
-- Installing: /home/foiegreis/ros2_fndm_ws/src/install/cpp_py_pkg/share/cpp_py_pkg/local_setup.sh
-- Installing: /home/foiegreis/ros2_fndm_ws/src/install/cpp_py_pkg/share/cpp_py_pkg/local_setup.zsh
-- Installing: /home/foiegreis/ros2_fndm_ws/src/install/cpp_py_pkg/share/cpp_py_pkg/local_setup.dsv
-- Installing: /home/foiegreis/ros2_fndm_ws/src/install/cpp_py_pkg/share/cpp_py_pkg/package.dsv
-- Installing: /home/foiegreis/ros2_fndm_ws/src/install/cpp_py_pkg/share/ament_index/resource_index/packages/cpp_py_pkg
-- Installing: /home/foiegreis/ros2_fndm_ws/src/install/cpp_py_pkg/share/cpp_py_pkg/cmake/ament_cmake_export_dependencies-extras.cmake
-- Installing: /home/foiegreis/ros2_fndm_ws/src/install/cpp_py_pkg/share/cpp_py_pkg/cmake/cpp_py_pkgConfig.cmake
-- Installing: /home/foiegreis/ros2_fndm_ws/src/install/cpp_py_pkg/share/cpp_py_pkg/cmake/cpp_py_pkgConfig-version.cmake
-- Installing: /home/foiegreis/ros2_fndm_ws/src/install/cpp_py_pkg/share/cpp_py_pkg/package.xml
