[1.110s] Invoking command in '/home/foiegreis/ros2_fndm_ws/src/build/cpp_py_pkg': CMAKE_PREFIX_PATH=${CMAKE_PREFIX_PATH}:/home/foiegreis/my_ros2_ws/install/py_pkg:/home/foiegreis/my_ros2_ws/install/py_actions:/home/foiegreis/my_ros2_ws/src/install/py_pkg:/home/foiegreis/ros2_ws_book/install/py_pkg:/home/foiegreis/ros2_ws/install/my_py_pkg:/home/foiegreis/ros2_ws/install/lab4:/home/foiegreis/ros2_ws/install/lab3:/home/foiegreis/ros2_ws/install/lab2:/home/foiegreis/ros2_ws/install/lab1:/opt/ros/iron /usr/bin/cmake /home/foiegreis/ros2_fndm_ws/src/cpp_py_pkg -DCMAKE_INSTALL_PREFIX=/home/foiegreis/ros2_fndm_ws/src/install/cpp_py_pkg
[2.289s] -- The C compiler identification is GNU 11.4.0
[2.289s] -- The CXX compiler identification is GNU 11.4.0
[2.289s] -- Detecting C compiler ABI info
[2.289s] -- Detecting C compiler ABI info - done
[2.290s] -- Check for working C compiler: /usr/bin/cc - skipped
[2.290s] -- Detecting C compile features
[2.290s] -- Detecting C compile features - done
[2.290s] -- Detecting CXX compiler ABI info
[2.290s] -- Detecting CXX compiler ABI info - done
[2.290s] -- Check for working CXX compiler: /usr/bin/c++ - skipped
[2.290s] -- Detecting CXX compile features
[2.291s] -- Detecting CXX compile features - done
[2.291s] -- Found ament_cmake: 2.0.4 (/opt/ros/iron/share/ament_cmake/cmake)
[2.291s] -- Found Python3: /usr/bin/python3.10 (found version "3.10.12") found components: Interpreter 
[2.291s] -- Found rclcpp: 21.0.5 (/opt/ros/iron/share/rclcpp/cmake)
[2.291s] -- Found rosidl_generator_c: 4.0.1 (/opt/ros/iron/share/rosidl_generator_c/cmake)
[2.291s] -- Found rosidl_generator_cpp: 4.0.1 (/opt/ros/iron/share/rosidl_generator_cpp/cmake)
[2.291s] -- Using all available rosidl_typesupport_c: rosidl_typesupport_fastrtps_c;rosidl_typesupport_introspection_c
[2.291s] -- Using all available rosidl_typesupport_cpp: rosidl_typesupport_fastrtps_cpp;rosidl_typesupport_introspection_cpp
[2.292s] -- Found rmw_implementation_cmake: 7.1.0 (/opt/ros/iron/share/rmw_implementation_cmake/cmake)
[2.292s] -- Found rmw_fastrtps_cpp: 7.1.3 (/opt/ros/iron/share/rmw_fastrtps_cpp/cmake)
[2.422s] -- Found OpenSSL: /usr/lib/x86_64-linux-gnu/libcrypto.so (found version "3.0.2")  
[2.470s] -- Found FastRTPS: /opt/ros/iron/include  
[2.549s] -- Using RMW implementation 'rmw_fastrtps_cpp' as default
[2.879s] -- Found rclpy: 4.1.4 (/opt/ros/iron/share/rclpy/cmake)
[3.094s] -- Configuring done
[3.109s] -- Generating done
[3.112s] -- Build files have been written to: /home/foiegreis/ros2_fndm_ws/src/build/cpp_py_pkg
[3.125s] Invoked command in '/home/foiegreis/ros2_fndm_ws/src/build/cpp_py_pkg' returned '0': CMAKE_PREFIX_PATH=${CMAKE_PREFIX_PATH}:/home/foiegreis/my_ros2_ws/install/py_pkg:/home/foiegreis/my_ros2_ws/install/py_actions:/home/foiegreis/my_ros2_ws/src/install/py_pkg:/home/foiegreis/ros2_ws_book/install/py_pkg:/home/foiegreis/ros2_ws/install/my_py_pkg:/home/foiegreis/ros2_ws/install/lab4:/home/foiegreis/ros2_ws/install/lab3:/home/foiegreis/ros2_ws/install/lab2:/home/foiegreis/ros2_ws/install/lab1:/opt/ros/iron /usr/bin/cmake /home/foiegreis/ros2_fndm_ws/src/cpp_py_pkg -DCMAKE_INSTALL_PREFIX=/home/foiegreis/ros2_fndm_ws/src/install/cpp_py_pkg
[3.127s] Invoking command in '/home/foiegreis/ros2_fndm_ws/src/build/cpp_py_pkg': CMAKE_PREFIX_PATH=${CMAKE_PREFIX_PATH}:/home/foiegreis/my_ros2_ws/install/py_pkg:/home/foiegreis/my_ros2_ws/install/py_actions:/home/foiegreis/my_ros2_ws/src/install/py_pkg:/home/foiegreis/ros2_ws_book/install/py_pkg:/home/foiegreis/ros2_ws/install/my_py_pkg:/home/foiegreis/ros2_ws/install/lab4:/home/foiegreis/ros2_ws/install/lab3:/home/foiegreis/ros2_ws/install/lab2:/home/foiegreis/ros2_ws/install/lab1:/opt/ros/iron /usr/bin/cmake --build /home/foiegreis/ros2_fndm_ws/src/build/cpp_py_pkg -- -j12 -l12
[3.186s] [ 50%] [32mBuilding CXX object CMakeFiles/simple_node_cpp.dir/src/simple_node.cpp.o[0m
[3.197s] [ 50%] Built target ament_cmake_python_copy_cpp_py_pkg
[3.818s] running egg_info
[3.820s] creating cpp_py_pkg.egg-info
[3.821s] writing cpp_py_pkg.egg-info/PKG-INFO
[3.821s] writing dependency_links to cpp_py_pkg.egg-info/dependency_links.txt
[3.821s] writing top-level names to cpp_py_pkg.egg-info/top_level.txt
[3.821s] writing manifest file 'cpp_py_pkg.egg-info/SOURCES.txt'
[3.826s] reading manifest file 'cpp_py_pkg.egg-info/SOURCES.txt'
[3.828s] writing manifest file 'cpp_py_pkg.egg-info/SOURCES.txt'
[3.874s] [ 50%] Built target ament_cmake_python_build_cpp_py_pkg_egg
[7.991s] [100%] [32m[1mLinking CXX executable simple_node_cpp[0m
[8.185s] [100%] Built target simple_node_cpp
[8.200s] Invoked command in '/home/foiegreis/ros2_fndm_ws/src/build/cpp_py_pkg' returned '0': CMAKE_PREFIX_PATH=${CMAKE_PREFIX_PATH}:/home/foiegreis/my_ros2_ws/install/py_pkg:/home/foiegreis/my_ros2_ws/install/py_actions:/home/foiegreis/my_ros2_ws/src/install/py_pkg:/home/foiegreis/ros2_ws_book/install/py_pkg:/home/foiegreis/ros2_ws/install/my_py_pkg:/home/foiegreis/ros2_ws/install/lab4:/home/foiegreis/ros2_ws/install/lab3:/home/foiegreis/ros2_ws/install/lab2:/home/foiegreis/ros2_ws/install/lab1:/opt/ros/iron /usr/bin/cmake --build /home/foiegreis/ros2_fndm_ws/src/build/cpp_py_pkg -- -j12 -l12
[8.238s] Invoking command in '/home/foiegreis/ros2_fndm_ws/src/build/cpp_py_pkg': CMAKE_PREFIX_PATH=${CMAKE_PREFIX_PATH}:/home/foiegreis/my_ros2_ws/install/py_pkg:/home/foiegreis/my_ros2_ws/install/py_actions:/home/foiegreis/my_ros2_ws/src/install/py_pkg:/home/foiegreis/ros2_ws_book/install/py_pkg:/home/foiegreis/ros2_ws/install/my_py_pkg:/home/foiegreis/ros2_ws/install/lab4:/home/foiegreis/ros2_ws/install/lab3:/home/foiegreis/ros2_ws/install/lab2:/home/foiegreis/ros2_ws/install/lab1:/opt/ros/iron /usr/bin/cmake --install /home/foiegreis/ros2_fndm_ws/src/build/cpp_py_pkg
[8.249s] -- Install configuration: ""
[8.249s] -- Installing: /home/foiegreis/ros2_fndm_ws/src/install/cpp_py_pkg/lib/cpp_py_pkg/simple_node_cpp
[8.250s] -- Set runtime path of "/home/foiegreis/ros2_fndm_ws/src/install/cpp_py_pkg/lib/cpp_py_pkg/simple_node_cpp" to ""
[8.250s] -- Installing: /home/foiegreis/ros2_fndm_ws/src/install/cpp_py_pkg/share/cpp_py_pkg/environment/pythonpath.sh
[8.251s] -- Installing: /home/foiegreis/ros2_fndm_ws/src/install/cpp_py_pkg/share/cpp_py_pkg/environment/pythonpath.dsv
[8.251s] -- Installing: /home/foiegreis/ros2_fndm_ws/src/install/cpp_py_pkg/lib/python3.10/site-packages/cpp_py_pkg-0.0.0-py3.10.egg-info
[8.251s] -- Installing: /home/foiegreis/ros2_fndm_ws/src/install/cpp_py_pkg/lib/python3.10/site-packages/cpp_py_pkg-0.0.0-py3.10.egg-info/PKG-INFO
[8.251s] -- Installing: /home/foiegreis/ros2_fndm_ws/src/install/cpp_py_pkg/lib/python3.10/site-packages/cpp_py_pkg-0.0.0-py3.10.egg-info/dependency_links.txt
[8.252s] -- Installing: /home/foiegreis/ros2_fndm_ws/src/install/cpp_py_pkg/lib/python3.10/site-packages/cpp_py_pkg-0.0.0-py3.10.egg-info/SOURCES.txt
[8.252s] -- Installing: /home/foiegreis/ros2_fndm_ws/src/install/cpp_py_pkg/lib/python3.10/site-packages/cpp_py_pkg-0.0.0-py3.10.egg-info/top_level.txt
[8.252s] -- Installing: /home/foiegreis/ros2_fndm_ws/src/install/cpp_py_pkg/lib/python3.10/site-packages/cpp_py_pkg
[8.252s] -- Installing: /home/foiegreis/ros2_fndm_ws/src/install/cpp_py_pkg/lib/python3.10/site-packages/cpp_py_pkg/__init__.py
[8.306s] Listing '/home/foiegreis/ros2_fndm_ws/src/install/cpp_py_pkg/lib/python3.10/site-packages/cpp_py_pkg'...
[8.307s] Compiling '/home/foiegreis/ros2_fndm_ws/src/install/cpp_py_pkg/lib/python3.10/site-packages/cpp_py_pkg/__init__.py'...
[8.312s] -- Installing: /home/foiegreis/ros2_fndm_ws/src/install/cpp_py_pkg/lib/cpp_py_pkg/simple_node.py
[8.312s] -- Installing: /home/foiegreis/ros2_fndm_ws/src/install/cpp_py_pkg/share/ament_index/resource_index/package_run_dependencies/cpp_py_pkg
[8.312s] -- Installing: /home/foiegreis/ros2_fndm_ws/src/install/cpp_py_pkg/share/ament_index/resource_index/parent_prefix_path/cpp_py_pkg
[8.312s] -- Installing: /home/foiegreis/ros2_fndm_ws/src/install/cpp_py_pkg/share/cpp_py_pkg/environment/ament_prefix_path.sh
[8.313s] -- Installing: /home/foiegreis/ros2_fndm_ws/src/install/cpp_py_pkg/share/cpp_py_pkg/environment/ament_prefix_path.dsv
[8.313s] -- Installing: /home/foiegreis/ros2_fndm_ws/src/install/cpp_py_pkg/share/cpp_py_pkg/environment/path.sh
[8.313s] -- Installing: /home/foiegreis/ros2_fndm_ws/src/install/cpp_py_pkg/share/cpp_py_pkg/environment/path.dsv
[8.313s] -- Installing: /home/foiegreis/ros2_fndm_ws/src/install/cpp_py_pkg/share/cpp_py_pkg/local_setup.bash
[8.314s] -- Installing: /home/foiegreis/ros2_fndm_ws/src/install/cpp_py_pkg/share/cpp_py_pkg/local_setup.sh
[8.314s] -- Installing: /home/foiegreis/ros2_fndm_ws/src/install/cpp_py_pkg/share/cpp_py_pkg/local_setup.zsh
[8.314s] -- Installing: /home/foiegreis/ros2_fndm_ws/src/install/cpp_py_pkg/share/cpp_py_pkg/local_setup.dsv
[8.314s] -- Installing: /home/foiegreis/ros2_fndm_ws/src/install/cpp_py_pkg/share/cpp_py_pkg/package.dsv
[8.314s] -- Installing: /home/foiegreis/ros2_fndm_ws/src/install/cpp_py_pkg/share/ament_index/resource_index/packages/cpp_py_pkg
[8.314s] -- Installing: /home/foiegreis/ros2_fndm_ws/src/install/cpp_py_pkg/share/cpp_py_pkg/cmake/ament_cmake_export_dependencies-extras.cmake
[8.314s] -- Installing: /home/foiegreis/ros2_fndm_ws/src/install/cpp_py_pkg/share/cpp_py_pkg/cmake/cpp_py_pkgConfig.cmake
[8.314s] -- Installing: /home/foiegreis/ros2_fndm_ws/src/install/cpp_py_pkg/share/cpp_py_pkg/cmake/cpp_py_pkgConfig-version.cmake
[8.315s] -- Installing: /home/foiegreis/ros2_fndm_ws/src/install/cpp_py_pkg/share/cpp_py_pkg/package.xml
[8.317s] Invoked command in '/home/foiegreis/ros2_fndm_ws/src/build/cpp_py_pkg' returned '0': CMAKE_PREFIX_PATH=${CMAKE_PREFIX_PATH}:/home/foiegreis/my_ros2_ws/install/py_pkg:/home/foiegreis/my_ros2_ws/install/py_actions:/home/foiegreis/my_ros2_ws/src/install/py_pkg:/home/foiegreis/ros2_ws_book/install/py_pkg:/home/foiegreis/ros2_ws/install/my_py_pkg:/home/foiegreis/ros2_ws/install/lab4:/home/foiegreis/ros2_ws/install/lab3:/home/foiegreis/ros2_ws/install/lab2:/home/foiegreis/ros2_ws/install/lab1:/opt/ros/iron /usr/bin/cmake --install /home/foiegreis/ros2_fndm_ws/src/build/cpp_py_pkg
