[1.310s] Invoking command in '/home/foiegreis/ros2_fndm_ws/src/build/cpp_pkg': CMAKE_PREFIX_PATH=${CMAKE_PREFIX_PATH}:/home/foiegreis/my_ros2_ws/install/py_pkg:/home/foiegreis/my_ros2_ws/install/py_actions:/home/foiegreis/my_ros2_ws/src/install/py_pkg:/home/foiegreis/ros2_ws_book/install/py_pkg:/home/foiegreis/ros2_ws/install/my_py_pkg:/home/foiegreis/ros2_ws/install/lab4:/home/foiegreis/ros2_ws/install/lab3:/home/foiegreis/ros2_ws/install/lab2:/home/foiegreis/ros2_ws/install/lab1:/opt/ros/iron /usr/bin/cmake /home/foiegreis/ros2_fndm_ws/src/cpp_pkg -DCMAKE_INSTALL_PREFIX=/home/foiegreis/ros2_fndm_ws/src/install/cpp_pkg
[2.488s] -- The C compiler identification is GNU 11.4.0
[2.488s] -- The CXX compiler identification is GNU 11.4.0
[2.488s] -- Detecting C compiler ABI info
[2.489s] -- Detecting C compiler ABI info - done
[2.489s] -- Check for working C compiler: /usr/bin/cc - skipped
[2.489s] -- Detecting C compile features
[2.490s] -- Detecting C compile features - done
[2.490s] -- Detecting CXX compiler ABI info
[2.490s] -- Detecting CXX compiler ABI info - done
[2.491s] -- Check for working CXX compiler: /usr/bin/c++ - skipped
[2.491s] -- Detecting CXX compile features
[2.491s] -- Detecting CXX compile features - done
[2.492s] -- Found ament_cmake: 2.0.4 (/opt/ros/iron/share/ament_cmake/cmake)
[2.492s] -- Found Python3: /usr/bin/python3.10 (found version "3.10.12") found components: Interpreter 
[2.493s] -- Found rclcpp: 21.0.5 (/opt/ros/iron/share/rclcpp/cmake)
[2.493s] -- Found rosidl_generator_c: 4.0.1 (/opt/ros/iron/share/rosidl_generator_c/cmake)
[2.493s] -- Found rosidl_generator_cpp: 4.0.1 (/opt/ros/iron/share/rosidl_generator_cpp/cmake)
[2.494s] -- Using all available rosidl_typesupport_c: rosidl_typesupport_fastrtps_c;rosidl_typesupport_introspection_c
[2.494s] -- Using all available rosidl_typesupport_cpp: rosidl_typesupport_fastrtps_cpp;rosidl_typesupport_introspection_cpp
[2.494s] -- Found rmw_implementation_cmake: 7.1.0 (/opt/ros/iron/share/rmw_implementation_cmake/cmake)
[2.494s] -- Found rmw_fastrtps_cpp: 7.1.3 (/opt/ros/iron/share/rmw_fastrtps_cpp/cmake)
[2.631s] -- Found OpenSSL: /usr/lib/x86_64-linux-gnu/libcrypto.so (found version "3.0.2")  
[2.677s] -- Found FastRTPS: /opt/ros/iron/include  
[2.763s] -- Using RMW implementation 'rmw_fastrtps_cpp' as default
[3.026s] -- Found std_msgs: 5.0.0 (/opt/ros/iron/share/std_msgs/cmake)
[3.073s] -- Found example_interfaces: 0.10.2 (/opt/ros/iron/share/example_interfaces/cmake)
[3.484s] -- Configuring done
[3.531s] -- Generating done
[3.536s] -- Build files have been written to: /home/foiegreis/ros2_fndm_ws/src/build/cpp_pkg
[3.553s] Invoked command in '/home/foiegreis/ros2_fndm_ws/src/build/cpp_pkg' returned '0': CMAKE_PREFIX_PATH=${CMAKE_PREFIX_PATH}:/home/foiegreis/my_ros2_ws/install/py_pkg:/home/foiegreis/my_ros2_ws/install/py_actions:/home/foiegreis/my_ros2_ws/src/install/py_pkg:/home/foiegreis/ros2_ws_book/install/py_pkg:/home/foiegreis/ros2_ws/install/my_py_pkg:/home/foiegreis/ros2_ws/install/lab4:/home/foiegreis/ros2_ws/install/lab3:/home/foiegreis/ros2_ws/install/lab2:/home/foiegreis/ros2_ws/install/lab1:/opt/ros/iron /usr/bin/cmake /home/foiegreis/ros2_fndm_ws/src/cpp_pkg -DCMAKE_INSTALL_PREFIX=/home/foiegreis/ros2_fndm_ws/src/install/cpp_pkg
[3.555s] Invoking command in '/home/foiegreis/ros2_fndm_ws/src/build/cpp_pkg': CMAKE_PREFIX_PATH=${CMAKE_PREFIX_PATH}:/home/foiegreis/my_ros2_ws/install/py_pkg:/home/foiegreis/my_ros2_ws/install/py_actions:/home/foiegreis/my_ros2_ws/src/install/py_pkg:/home/foiegreis/ros2_ws_book/install/py_pkg:/home/foiegreis/ros2_ws/install/my_py_pkg:/home/foiegreis/ros2_ws/install/lab4:/home/foiegreis/ros2_ws/install/lab3:/home/foiegreis/ros2_ws/install/lab2:/home/foiegreis/ros2_ws/install/lab1:/opt/ros/iron /usr/bin/cmake --build /home/foiegreis/ros2_fndm_ws/src/build/cpp_pkg -- -j12 -l12
[3.638s] [ 10%] [32mBuilding CXX object CMakeFiles/listener_cpp.dir/src/listener.cpp.o[0m
[3.639s] [ 30%] [32mBuilding CXX object CMakeFiles/simple_node_cpp.dir/src/simple_node.cpp.o[0m
[3.639s] [ 30%] [32mBuilding CXX object CMakeFiles/talker_cpp.dir/src/talker.cpp.o[0m
[3.639s] [ 40%] [32mBuilding CXX object CMakeFiles/sum_server_cpp.dir/src/sum_server.cpp.o[0m
[3.651s] [ 50%] [32mBuilding CXX object CMakeFiles/sum_client_cpp.dir/src/sum_client.cpp.o[0m
[8.291s] [ 60%] [32m[1mLinking CXX executable simple_node_cpp[0m
[8.502s] [ 60%] Built target simple_node_cpp
[8.994s] [ 70%] [32m[1mLinking CXX executable sum_server_cpp[0m
[9.121s] [ 80%] [32m[1mLinking CXX executable sum_client_cpp[0m
[9.189s] [ 80%] Built target sum_server_cpp
[9.198s] [ 90%] [32m[1mLinking CXX executable talker_cpp[0m
[9.314s] [ 90%] Built target sum_client_cpp
[9.396s] [ 90%] Built target talker_cpp
[11.716s] [100%] [32m[1mLinking CXX executable listener_cpp[0m
[12.025s] [100%] Built target listener_cpp
[12.036s] Invoked command in '/home/foiegreis/ros2_fndm_ws/src/build/cpp_pkg' returned '0': CMAKE_PREFIX_PATH=${CMAKE_PREFIX_PATH}:/home/foiegreis/my_ros2_ws/install/py_pkg:/home/foiegreis/my_ros2_ws/install/py_actions:/home/foiegreis/my_ros2_ws/src/install/py_pkg:/home/foiegreis/ros2_ws_book/install/py_pkg:/home/foiegreis/ros2_ws/install/my_py_pkg:/home/foiegreis/ros2_ws/install/lab4:/home/foiegreis/ros2_ws/install/lab3:/home/foiegreis/ros2_ws/install/lab2:/home/foiegreis/ros2_ws/install/lab1:/opt/ros/iron /usr/bin/cmake --build /home/foiegreis/ros2_fndm_ws/src/build/cpp_pkg -- -j12 -l12
[12.076s] Invoking command in '/home/foiegreis/ros2_fndm_ws/src/build/cpp_pkg': CMAKE_PREFIX_PATH=${CMAKE_PREFIX_PATH}:/home/foiegreis/my_ros2_ws/install/py_pkg:/home/foiegreis/my_ros2_ws/install/py_actions:/home/foiegreis/my_ros2_ws/src/install/py_pkg:/home/foiegreis/ros2_ws_book/install/py_pkg:/home/foiegreis/ros2_ws/install/my_py_pkg:/home/foiegreis/ros2_ws/install/lab4:/home/foiegreis/ros2_ws/install/lab3:/home/foiegreis/ros2_ws/install/lab2:/home/foiegreis/ros2_ws/install/lab1:/opt/ros/iron /usr/bin/cmake --install /home/foiegreis/ros2_fndm_ws/src/build/cpp_pkg
[12.083s] -- Install configuration: ""
[12.083s] -- Installing: /home/foiegreis/ros2_fndm_ws/src/install/cpp_pkg/lib/cpp_pkg/simple_node_cpp
[12.084s] -- Set runtime path of "/home/foiegreis/ros2_fndm_ws/src/install/cpp_pkg/lib/cpp_pkg/simple_node_cpp" to ""
[12.084s] -- Installing: /home/foiegreis/ros2_fndm_ws/src/install/cpp_pkg/lib/cpp_pkg/talker_cpp
[12.085s] -- Set runtime path of "/home/foiegreis/ros2_fndm_ws/src/install/cpp_pkg/lib/cpp_pkg/talker_cpp" to ""
[12.085s] -- Installing: /home/foiegreis/ros2_fndm_ws/src/install/cpp_pkg/lib/cpp_pkg/listener_cpp
[12.090s] -- Set runtime path of "/home/foiegreis/ros2_fndm_ws/src/install/cpp_pkg/lib/cpp_pkg/listener_cpp" to ""
[12.090s] -- Installing: /home/foiegreis/ros2_fndm_ws/src/install/cpp_pkg/lib/cpp_pkg/sum_server_cpp
[12.091s] -- Set runtime path of "/home/foiegreis/ros2_fndm_ws/src/install/cpp_pkg/lib/cpp_pkg/sum_server_cpp" to ""
[12.091s] -- Installing: /home/foiegreis/ros2_fndm_ws/src/install/cpp_pkg/lib/cpp_pkg/sum_client_cpp
[12.092s] -- Set runtime path of "/home/foiegreis/ros2_fndm_ws/src/install/cpp_pkg/lib/cpp_pkg/sum_client_cpp" to ""
[12.092s] -- Installing: /home/foiegreis/ros2_fndm_ws/src/install/cpp_pkg/share/ament_index/resource_index/package_run_dependencies/cpp_pkg
[12.092s] -- Installing: /home/foiegreis/ros2_fndm_ws/src/install/cpp_pkg/share/ament_index/resource_index/parent_prefix_path/cpp_pkg
[12.093s] -- Installing: /home/foiegreis/ros2_fndm_ws/src/install/cpp_pkg/share/cpp_pkg/environment/ament_prefix_path.sh
[12.093s] -- Installing: /home/foiegreis/ros2_fndm_ws/src/install/cpp_pkg/share/cpp_pkg/environment/ament_prefix_path.dsv
[12.093s] -- Installing: /home/foiegreis/ros2_fndm_ws/src/install/cpp_pkg/share/cpp_pkg/environment/path.sh
[12.093s] -- Installing: /home/foiegreis/ros2_fndm_ws/src/install/cpp_pkg/share/cpp_pkg/environment/path.dsv
[12.093s] -- Installing: /home/foiegreis/ros2_fndm_ws/src/install/cpp_pkg/share/cpp_pkg/local_setup.bash
[12.093s] -- Installing: /home/foiegreis/ros2_fndm_ws/src/install/cpp_pkg/share/cpp_pkg/local_setup.sh
[12.093s] -- Installing: /home/foiegreis/ros2_fndm_ws/src/install/cpp_pkg/share/cpp_pkg/local_setup.zsh
[12.093s] -- Installing: /home/foiegreis/ros2_fndm_ws/src/install/cpp_pkg/share/cpp_pkg/local_setup.dsv
[12.094s] -- Installing: /home/foiegreis/ros2_fndm_ws/src/install/cpp_pkg/share/cpp_pkg/package.dsv
[12.094s] -- Installing: /home/foiegreis/ros2_fndm_ws/src/install/cpp_pkg/share/ament_index/resource_index/packages/cpp_pkg
[12.094s] -- Installing: /home/foiegreis/ros2_fndm_ws/src/install/cpp_pkg/share/cpp_pkg/cmake/ament_cmake_export_dependencies-extras.cmake
[12.094s] -- Installing: /home/foiegreis/ros2_fndm_ws/src/install/cpp_pkg/share/cpp_pkg/cmake/cpp_pkgConfig.cmake
[12.094s] -- Installing: /home/foiegreis/ros2_fndm_ws/src/install/cpp_pkg/share/cpp_pkg/cmake/cpp_pkgConfig-version.cmake
[12.094s] -- Installing: /home/foiegreis/ros2_fndm_ws/src/install/cpp_pkg/share/cpp_pkg/package.xml
[12.096s] Invoked command in '/home/foiegreis/ros2_fndm_ws/src/build/cpp_pkg' returned '0': CMAKE_PREFIX_PATH=${CMAKE_PREFIX_PATH}:/home/foiegreis/my_ros2_ws/install/py_pkg:/home/foiegreis/my_ros2_ws/install/py_actions:/home/foiegreis/my_ros2_ws/src/install/py_pkg:/home/foiegreis/ros2_ws_book/install/py_pkg:/home/foiegreis/ros2_ws/install/my_py_pkg:/home/foiegreis/ros2_ws/install/lab4:/home/foiegreis/ros2_ws/install/lab3:/home/foiegreis/ros2_ws/install/lab2:/home/foiegreis/ros2_ws/install/lab1:/opt/ros/iron /usr/bin/cmake --install /home/foiegreis/ros2_fndm_ws/src/build/cpp_pkg
