[1.059s] Invoking command in '/home/foiegreis/ros2_fndm_ws/build/py_pkg': PYTHONPATH=/home/foiegreis/ros2_fndm_ws/build/py_pkg/prefix_override:/home/foiegreis/ros2_fndm_ws/install/py_pkg/lib/python3.10/site-packages:${PYTHONPATH} /usr/bin/python3 setup.py develop --editable --build-directory /home/foiegreis/ros2_fndm_ws/build/py_pkg/build --no-deps install_data
[1.374s] running develop
[1.613s] running egg_info
[1.613s] writing py_pkg.egg-info/PKG-INFO
[1.613s] writing dependency_links to py_pkg.egg-info/dependency_links.txt
[1.613s] writing entry points to py_pkg.egg-info/entry_points.txt
[1.613s] writing requirements to py_pkg.egg-info/requires.txt
[1.613s] writing top-level names to py_pkg.egg-info/top_level.txt
[1.615s] reading manifest file 'py_pkg.egg-info/SOURCES.txt'
[1.615s] writing manifest file 'py_pkg.egg-info/SOURCES.txt'
[1.617s] running build_ext
[1.617s] Creating /home/foiegreis/ros2_fndm_ws/install/py_pkg/lib/python3.10/site-packages/py-pkg.egg-link (link to .)
[1.617s] Installing listener_py script to /home/foiegreis/ros2_fndm_ws/install/py_pkg/lib/py_pkg
[1.618s] Installing simple_node_py script to /home/foiegreis/ros2_fndm_ws/install/py_pkg/lib/py_pkg
[1.618s] Installing sum_client_py script to /home/foiegreis/ros2_fndm_ws/install/py_pkg/lib/py_pkg
[1.618s] Installing sum_server_py script to /home/foiegreis/ros2_fndm_ws/install/py_pkg/lib/py_pkg
[1.618s] Installing talker_py script to /home/foiegreis/ros2_fndm_ws/install/py_pkg/lib/py_pkg
[1.618s] 
[1.618s] Installed /home/foiegreis/ros2_fndm_ws/build/py_pkg
[1.618s] running install_data
[1.644s] Invoked command in '/home/foiegreis/ros2_fndm_ws/build/py_pkg' returned '0': PYTHONPATH=/home/foiegreis/ros2_fndm_ws/build/py_pkg/prefix_override:/home/foiegreis/ros2_fndm_ws/install/py_pkg/lib/python3.10/site-packages:${PYTHONPATH} /usr/bin/python3 setup.py develop --editable --build-directory /home/foiegreis/ros2_fndm_ws/build/py_pkg/build --no-deps install_data
