/home/foiegreis/ros2_fndm_ws/install/py_pkg/lib/python3.10/site-packages/py_pkg/__init__.py
/home/foiegreis/ros2_fndm_ws/install/py_pkg/lib/python3.10/site-packages/py_pkg/severity_levels.py
/home/foiegreis/ros2_fndm_ws/install/py_pkg/lib/python3.10/site-packages/py_pkg/talker.py
/home/foiegreis/ros2_fndm_ws/install/py_pkg/lib/python3.10/site-packages/py_pkg/simple_node.py
/home/foiegreis/ros2_fndm_ws/install/py_pkg/lib/python3.10/site-packages/py_pkg/sum_server.py
/home/foiegreis/ros2_fndm_ws/install/py_pkg/lib/python3.10/site-packages/py_pkg/sum_client.py
/home/foiegreis/ros2_fndm_ws/install/py_pkg/lib/python3.10/site-packages/py_pkg/listener.py
/home/foiegreis/ros2_fndm_ws/install/py_pkg/lib/python3.10/site-packages/py_pkg/__pycache__/__init__.cpython-310.pyc
/home/foiegreis/ros2_fndm_ws/install/py_pkg/lib/python3.10/site-packages/py_pkg/__pycache__/severity_levels.cpython-310.pyc
/home/foiegreis/ros2_fndm_ws/install/py_pkg/lib/python3.10/site-packages/py_pkg/__pycache__/talker.cpython-310.pyc
/home/foiegreis/ros2_fndm_ws/install/py_pkg/lib/python3.10/site-packages/py_pkg/__pycache__/simple_node.cpython-310.pyc
/home/foiegreis/ros2_fndm_ws/install/py_pkg/lib/python3.10/site-packages/py_pkg/__pycache__/sum_server.cpython-310.pyc
/home/foiegreis/ros2_fndm_ws/install/py_pkg/lib/python3.10/site-packages/py_pkg/__pycache__/sum_client.cpython-310.pyc
/home/foiegreis/ros2_fndm_ws/install/py_pkg/lib/python3.10/site-packages/py_pkg/__pycache__/listener.cpython-310.pyc
/home/foiegreis/ros2_fndm_ws/install/py_pkg/share/ament_index/resource_index/packages/py_pkg
/home/foiegreis/ros2_fndm_ws/install/py_pkg/share/py_pkg/package.xml
/home/foiegreis/ros2_fndm_ws/install/py_pkg/lib/python3.10/site-packages/py_pkg-0.0.0-py3.10.egg-info/requires.txt
/home/foiegreis/ros2_fndm_ws/install/py_pkg/lib/python3.10/site-packages/py_pkg-0.0.0-py3.10.egg-info/entry_points.txt
/home/foiegreis/ros2_fndm_ws/install/py_pkg/lib/python3.10/site-packages/py_pkg-0.0.0-py3.10.egg-info/PKG-INFO
/home/foiegreis/ros2_fndm_ws/install/py_pkg/lib/python3.10/site-packages/py_pkg-0.0.0-py3.10.egg-info/zip-safe
/home/foiegreis/ros2_fndm_ws/install/py_pkg/lib/python3.10/site-packages/py_pkg-0.0.0-py3.10.egg-info/dependency_links.txt
/home/foiegreis/ros2_fndm_ws/install/py_pkg/lib/python3.10/site-packages/py_pkg-0.0.0-py3.10.egg-info/SOURCES.txt
/home/foiegreis/ros2_fndm_ws/install/py_pkg/lib/python3.10/site-packages/py_pkg-0.0.0-py3.10.egg-info/top_level.txt
/home/foiegreis/ros2_fndm_ws/install/py_pkg/lib/py_pkg/listener_py
/home/foiegreis/ros2_fndm_ws/install/py_pkg/lib/py_pkg/severity_levels_py
/home/foiegreis/ros2_fndm_ws/install/py_pkg/lib/py_pkg/simple_node_py
/home/foiegreis/ros2_fndm_ws/install/py_pkg/lib/py_pkg/sum_client_py
/home/foiegreis/ros2_fndm_ws/install/py_pkg/lib/py_pkg/sum_server_py
/home/foiegreis/ros2_fndm_ws/install/py_pkg/lib/py_pkg/talker_py
