running egg_info
writing ../../build/py_pkg/py_pkg.egg-info/PKG-INFO
writing dependency_links to ../../build/py_pkg/py_pkg.egg-info/dependency_links.txt
writing entry points to ../../build/py_pkg/py_pkg.egg-info/entry_points.txt
writing requirements to ../../build/py_pkg/py_pkg.egg-info/requires.txt
writing top-level names to ../../build/py_pkg/py_pkg.egg-info/top_level.txt
reading manifest file '../../build/py_pkg/py_pkg.egg-info/SOURCES.txt'
writing manifest file '../../build/py_pkg/py_pkg.egg-info/SOURCES.txt'
running build
running build_py
running install
running install_lib
running install_data
running install_egg_info
removing '/home/foiegreis/ros2_fndm_ws/install/py_pkg/lib/python3.10/site-packages/py_pkg-0.0.0-py3.10.egg-info' (and everything under it)
Copying ../../build/py_pkg/py_pkg.egg-info to /home/foiegreis/ros2_fndm_ws/install/py_pkg/lib/python3.10/site-packages/py_pkg-0.0.0-py3.10.egg-info
running install_scripts
Installing listener_py script to /home/foiegreis/ros2_fndm_ws/install/py_pkg/lib/py_pkg
Installing simple_node_py script to /home/foiegreis/ros2_fndm_ws/install/py_pkg/lib/py_pkg
Installing sum_client_py script to /home/foiegreis/ros2_fndm_ws/install/py_pkg/lib/py_pkg
Installing sum_server_py script to /home/foiegreis/ros2_fndm_ws/install/py_pkg/lib/py_pkg
Installing talker_py script to /home/foiegreis/ros2_fndm_ws/install/py_pkg/lib/py_pkg
writing list of installed files to '/home/foiegreis/ros2_fndm_ws/build/py_pkg/install.log'
