[1.096s] Invoking command in '/home/foiegreis/ros2_fndm_ws/src/py_actions': AMENT_PREFIX_PATH=/home/foiegreis/ros2_fndm_ws/install/ros2_fndm_interface:${AMENT_PREFIX_PATH} CMAKE_PREFIX_PATH=/home/foiegreis/ros2_fndm_ws/install/ros2_fndm_interface:${CMAKE_PREFIX_PATH} LD_LIBRARY_PATH=/home/foiegreis/ros2_fndm_ws/install/ros2_fndm_interface/lib:${LD_LIBRARY_PATH} PYTHONPATH=/home/foiegreis/ros2_fndm_ws/build/py_actions/prefix_override:/home/foiegreis/ros2_fndm_ws/install/py_actions/lib/python3.10/site-packages:/home/foiegreis/ros2_fndm_ws/install/ros2_fndm_interface/lib/python3.10/site-packages:${PYTHONPATH} /usr/bin/python3 setup.py egg_info --egg-base ../../build/py_actions build --build-base /home/foiegreis/ros2_fndm_ws/build/py_actions/build install --record /home/foiegreis/ros2_fndm_ws/build/py_actions/install.log --single-version-externally-managed
[1.404s] running egg_info
[1.405s] writing ../../build/py_actions/py_actions.egg-info/PKG-INFO
[1.405s] writing dependency_links to ../../build/py_actions/py_actions.egg-info/dependency_links.txt
[1.405s] writing entry points to ../../build/py_actions/py_actions.egg-info/entry_points.txt
[1.405s] writing requirements to ../../build/py_actions/py_actions.egg-info/requires.txt
[1.405s] writing top-level names to ../../build/py_actions/py_actions.egg-info/top_level.txt
[1.407s] reading manifest file '../../build/py_actions/py_actions.egg-info/SOURCES.txt'
[1.408s] writing manifest file '../../build/py_actions/py_actions.egg-info/SOURCES.txt'
[1.408s] running build
[1.408s] running build_py
[1.408s] copying py_actions/fibonacci_server.py -> /home/foiegreis/ros2_fndm_ws/build/py_actions/build/lib/py_actions
[1.408s] copying py_actions/fibonacci_client.py -> /home/foiegreis/ros2_fndm_ws/build/py_actions/build/lib/py_actions
[1.408s] copying py_actions/fibonacci_cancel_server.py -> /home/foiegreis/ros2_fndm_ws/build/py_actions/build/lib/py_actions
[1.409s] copying py_actions/fibonacci_cancel_client.py -> /home/foiegreis/ros2_fndm_ws/build/py_actions/build/lib/py_actions
[1.409s] running install
[1.409s] running install_lib
[1.410s] copying /home/foiegreis/ros2_fndm_ws/build/py_actions/build/lib/py_actions/fibonacci_server.py -> /home/foiegreis/ros2_fndm_ws/install/py_actions/lib/python3.10/site-packages/py_actions
[1.410s] copying /home/foiegreis/ros2_fndm_ws/build/py_actions/build/lib/py_actions/fibonacci_client.py -> /home/foiegreis/ros2_fndm_ws/install/py_actions/lib/python3.10/site-packages/py_actions
[1.410s] copying /home/foiegreis/ros2_fndm_ws/build/py_actions/build/lib/py_actions/fibonacci_cancel_server.py -> /home/foiegreis/ros2_fndm_ws/install/py_actions/lib/python3.10/site-packages/py_actions
[1.410s] copying /home/foiegreis/ros2_fndm_ws/build/py_actions/build/lib/py_actions/fibonacci_cancel_client.py -> /home/foiegreis/ros2_fndm_ws/install/py_actions/lib/python3.10/site-packages/py_actions
[1.411s] byte-compiling /home/foiegreis/ros2_fndm_ws/install/py_actions/lib/python3.10/site-packages/py_actions/fibonacci_server.py to fibonacci_server.cpython-310.pyc
[1.411s] byte-compiling /home/foiegreis/ros2_fndm_ws/install/py_actions/lib/python3.10/site-packages/py_actions/fibonacci_client.py to fibonacci_client.cpython-310.pyc
[1.412s] byte-compiling /home/foiegreis/ros2_fndm_ws/install/py_actions/lib/python3.10/site-packages/py_actions/fibonacci_cancel_server.py to fibonacci_cancel_server.cpython-310.pyc
[1.412s] byte-compiling /home/foiegreis/ros2_fndm_ws/install/py_actions/lib/python3.10/site-packages/py_actions/fibonacci_cancel_client.py to fibonacci_cancel_client.cpython-310.pyc
[1.413s] running install_data
[1.413s] copying package.xml -> /home/foiegreis/ros2_fndm_ws/install/py_actions/share/py_actions
[1.414s] running install_egg_info
[1.415s] removing '/home/foiegreis/ros2_fndm_ws/install/py_actions/lib/python3.10/site-packages/py_actions-0.0.0-py3.10.egg-info' (and everything under it)
[1.415s] Copying ../../build/py_actions/py_actions.egg-info to /home/foiegreis/ros2_fndm_ws/install/py_actions/lib/python3.10/site-packages/py_actions-0.0.0-py3.10.egg-info
[1.416s] running install_scripts
[1.435s] Installing fibonacci_cancel_client script to /home/foiegreis/ros2_fndm_ws/install/py_actions/lib/py_actions
[1.435s] Installing fibonacci_cancel_server script to /home/foiegreis/ros2_fndm_ws/install/py_actions/lib/py_actions
[1.435s] Installing fibonacci_client script to /home/foiegreis/ros2_fndm_ws/install/py_actions/lib/py_actions
[1.435s] Installing fibonacci_server script to /home/foiegreis/ros2_fndm_ws/install/py_actions/lib/py_actions
[1.435s] writing list of installed files to '/home/foiegreis/ros2_fndm_ws/build/py_actions/install.log'
[1.458s] Invoked command in '/home/foiegreis/ros2_fndm_ws/src/py_actions' returned '0': AMENT_PREFIX_PATH=/home/foiegreis/ros2_fndm_ws/install/ros2_fndm_interface:${AMENT_PREFIX_PATH} CMAKE_PREFIX_PATH=/home/foiegreis/ros2_fndm_ws/install/ros2_fndm_interface:${CMAKE_PREFIX_PATH} LD_LIBRARY_PATH=/home/foiegreis/ros2_fndm_ws/install/ros2_fndm_interface/lib:${LD_LIBRARY_PATH} PYTHONPATH=/home/foiegreis/ros2_fndm_ws/build/py_actions/prefix_override:/home/foiegreis/ros2_fndm_ws/install/py_actions/lib/python3.10/site-packages:/home/foiegreis/ros2_fndm_ws/install/ros2_fndm_interface/lib/python3.10/site-packages:${PYTHONPATH} /usr/bin/python3 setup.py egg_info --egg-base ../../build/py_actions build --build-base /home/foiegreis/ros2_fndm_ws/build/py_actions/build install --record /home/foiegreis/ros2_fndm_ws/build/py_actions/install.log --single-version-externally-managed
