-- The C compiler identification is GNU 11.4.0
-- The CXX compiler identification is GNU 11.4.0
-- Detecting C compiler ABI info
-- Detecting C compiler ABI info - done
-- Check for working C compiler: /usr/bin/cc - skipped
-- Detecting C compile features
-- Detecting C compile features - done
-- Detecting CXX compiler ABI info
-- Detecting CXX compiler ABI info - done
-- Check for working CXX compiler: /usr/bin/c++ - skipped
-- Detecting CXX compile features
-- Detecting CXX compile features - done
-- Found ament_cmake: 2.0.4 (/opt/ros/iron/share/ament_cmake/cmake)
-- Found Python3: /usr/bin/python3.10 (found version "3.10.12") found components: Interpreter 
-- Found rosidl_default_generators: 1.5.0 (/opt/ros/iron/share/rosidl_default_generators/cmake)
-- Using all available rosidl_typesupport_c: rosidl_typesupport_fastrtps_c;rosidl_typesupport_introspection_c
-- Using all available rosidl_typesupport_cpp: rosidl_typesupport_fastrtps_cpp;rosidl_typesupport_introspection_cpp
-- Found rosidl_adapter: 4.0.1 (/opt/ros/iron/share/rosidl_adapter/cmake)
-- Found ament_cmake_ros: 0.11.2 (/opt/ros/iron/share/ament_cmake_ros/cmake)
-- Using all available rosidl_typesupport_c: rosidl_typesupport_fastrtps_c;rosidl_typesupport_introspection_c
-- Using all available rosidl_typesupport_cpp: rosidl_typesupport_fastrtps_cpp;rosidl_typesupport_introspection_cpp
-- Found PythonInterp: /usr/bin/python3 (found suitable version "3.10.12", minimum required is "3.6") 
-- Found python_cmake_module: 0.10.2 (/opt/ros/iron/share/python_cmake_module/cmake)
-- Found PythonLibs: /usr/lib/x86_64-linux-gnu/libpython3.10.so (found suitable version "3.10.12", minimum required is "3.5") 
-- Using PYTHON_EXECUTABLE: /usr/bin/python3
-- Using PYTHON_INCLUDE_DIRS: /usr/include/python3.10
-- Using PYTHON_LIBRARIES: /usr/lib/x86_64-linux-gnu/libpython3.10.so
-- Found PythonExtra: .so  
-- Configuring done
-- Generating done
-- Build files have been written to: /home/foiegreis/ros2_fndm_ws/build/my_ros2_interface
[  1%] [34m[1mGenerating type hashes for ROS interfaces[0m
[  1%] Built target ament_cmake_python_copy_my_ros2_interface
[  1%] Built target my_ros2_interface__rosidl_generator_type_description
[  3%] [34m[1mGenerating C code for ROS interfaces[0m
[  5%] [34m[1mGenerating C++ code for ROS interfaces[0m
running egg_info
creating my_ros2_interface.egg-info
writing my_ros2_interface.egg-info/PKG-INFO
writing dependency_links to my_ros2_interface.egg-info/dependency_links.txt
writing top-level names to my_ros2_interface.egg-info/top_level.txt
writing manifest file 'my_ros2_interface.egg-info/SOURCES.txt'
reading manifest file 'my_ros2_interface.egg-info/SOURCES.txt'
writing manifest file 'my_ros2_interface.egg-info/SOURCES.txt'
[  5%] Built target ament_cmake_python_build_my_ros2_interface_egg
[ 11%] [32mBuilding C object CMakeFiles/my_ros2_interface__rosidl_generator_c.dir/rosidl_generator_c/my_ros2_interface/msg/detail/address_book__functions.c.o[0m
[ 12%] [32mBuilding C object CMakeFiles/my_ros2_interface__rosidl_generator_c.dir/rosidl_generator_c/my_ros2_interface/srv/detail/add_three_ints__functions.c.o[0m
[ 11%] [32mBuilding C object CMakeFiles/my_ros2_interface__rosidl_generator_c.dir/rosidl_generator_c/my_ros2_interface/srv/detail/add_three_ints__description.c.o[0m
[ 11%] [32mBuilding C object CMakeFiles/my_ros2_interface__rosidl_generator_c.dir/rosidl_generator_c/my_ros2_interface/msg/detail/address_book__type_support.c.o[0m
[ 14%] [32mBuilding C object CMakeFiles/my_ros2_interface__rosidl_generator_c.dir/rosidl_generator_c/my_ros2_interface/msg/detail/address_book__description.c.o[0m
[ 16%] [32mBuilding C object CMakeFiles/my_ros2_interface__rosidl_generator_c.dir/rosidl_generator_c/my_ros2_interface/srv/detail/add_three_ints__type_support.c.o[0m
[ 18%] [32mBuilding C object CMakeFiles/my_ros2_interface__rosidl_generator_c.dir/rosidl_generator_c/my_ros2_interface/action/detail/fibonacci__functions.c.o[0m
[ 20%] [32mBuilding C object CMakeFiles/my_ros2_interface__rosidl_generator_c.dir/rosidl_generator_c/my_ros2_interface/action/detail/fibonacci__description.c.o[0m
[ 22%] [32mBuilding C object CMakeFiles/my_ros2_interface__rosidl_generator_c.dir/rosidl_generator_c/my_ros2_interface/action/detail/fibonacci__type_support.c.o[0m
[ 24%] [32m[1mLinking C shared library libmy_ros2_interface__rosidl_generator_c.so[0m
[ 24%] Built target my_ros2_interface__cpp
[ 24%] Built target my_ros2_interface__rosidl_generator_c
[ 27%] [34m[1mGenerating C type support dispatch for ROS interfaces[0m
[ 27%] [34m[1mGenerating C++ type support for eProsima Fast-RTPS[0m
[ 31%] [34m[1mGenerating C++ introspection for ROS interfaces[0m
[ 33%] [34m[1mGenerating C introspection for ROS interfaces[0m
[ 33%] [34m[1mGenerating C++ type support dispatch for ROS interfaces[0m
[ 35%] [34m[1mGenerating C type support for eProsima Fast-RTPS[0m
[ 37%] [32mBuilding CXX object CMakeFiles/my_ros2_interface__rosidl_typesupport_c.dir/rosidl_typesupport_c/my_ros2_interface/msg/address_book__type_support.cpp.o[0m
[ 38%] [32mBuilding CXX object CMakeFiles/my_ros2_interface__rosidl_typesupport_c.dir/rosidl_typesupport_c/my_ros2_interface/srv/add_three_ints__type_support.cpp.o[0m
[ 40%] [32mBuilding CXX object CMakeFiles/my_ros2_interface__rosidl_typesupport_cpp.dir/rosidl_typesupport_cpp/my_ros2_interface/msg/address_book__type_support.cpp.o[0m
[ 42%] [32mBuilding CXX object CMakeFiles/my_ros2_interface__rosidl_typesupport_c.dir/rosidl_typesupport_c/my_ros2_interface/action/fibonacci__type_support.cpp.o[0m
[ 46%] [32mBuilding CXX object CMakeFiles/my_ros2_interface__rosidl_typesupport_cpp.dir/rosidl_typesupport_cpp/my_ros2_interface/action/fibonacci__type_support.cpp.o[0m
[ 46%] [32mBuilding CXX object CMakeFiles/my_ros2_interface__rosidl_typesupport_cpp.dir/rosidl_typesupport_cpp/my_ros2_interface/srv/add_three_ints__type_support.cpp.o[0m
[ 48%] [32m[1mLinking CXX shared library libmy_ros2_interface__rosidl_typesupport_c.so[0m
[ 50%] [32mBuilding CXX object CMakeFiles/my_ros2_interface__rosidl_typesupport_introspection_cpp.dir/rosidl_typesupport_introspection_cpp/my_ros2_interface/msg/detail/address_book__type_support.cpp.o[0m
[ 51%] [32mBuilding CXX object CMakeFiles/my_ros2_interface__rosidl_typesupport_introspection_cpp.dir/rosidl_typesupport_introspection_cpp/my_ros2_interface/srv/detail/add_three_ints__type_support.cpp.o[0m
[ 53%] [32mBuilding CXX object CMakeFiles/my_ros2_interface__rosidl_typesupport_introspection_cpp.dir/rosidl_typesupport_introspection_cpp/my_ros2_interface/action/detail/fibonacci__type_support.cpp.o[0m
[ 53%] Built target my_ros2_interface__rosidl_typesupport_c
[ 55%] [32mBuilding C object CMakeFiles/my_ros2_interface__rosidl_typesupport_introspection_c.dir/rosidl_typesupport_introspection_c/my_ros2_interface/msg/detail/address_book__type_support.c.o[0m
[ 57%] [32mBuilding C object CMakeFiles/my_ros2_interface__rosidl_typesupport_introspection_c.dir/rosidl_typesupport_introspection_c/my_ros2_interface/srv/detail/add_three_ints__type_support.c.o[0m
[ 59%] [32mBuilding C object CMakeFiles/my_ros2_interface__rosidl_typesupport_introspection_c.dir/rosidl_typesupport_introspection_c/my_ros2_interface/action/detail/fibonacci__type_support.c.o[0m
[ 61%] [32mBuilding CXX object CMakeFiles/my_ros2_interface__rosidl_typesupport_fastrtps_cpp.dir/rosidl_typesupport_fastrtps_cpp/my_ros2_interface/msg/detail/dds_fastrtps/address_book__type_support.cpp.o[0m
[ 62%] [32mBuilding CXX object CMakeFiles/my_ros2_interface__rosidl_typesupport_fastrtps_c.dir/rosidl_typesupport_fastrtps_c/my_ros2_interface/msg/detail/address_book__type_support_c.cpp.o[0m
[ 64%] [32mBuilding CXX object CMakeFiles/my_ros2_interface__rosidl_typesupport_fastrtps_c.dir/rosidl_typesupport_fastrtps_c/my_ros2_interface/srv/detail/add_three_ints__type_support_c.cpp.o[0m
[ 66%] [32mBuilding CXX object CMakeFiles/my_ros2_interface__rosidl_typesupport_fastrtps_cpp.dir/rosidl_typesupport_fastrtps_cpp/my_ros2_interface/srv/detail/dds_fastrtps/add_three_ints__type_support.cpp.o[0m
[ 68%] [32mBuilding CXX object CMakeFiles/my_ros2_interface__rosidl_typesupport_fastrtps_cpp.dir/rosidl_typesupport_fastrtps_cpp/my_ros2_interface/action/detail/dds_fastrtps/fibonacci__type_support.cpp.o[0m
[ 70%] [32m[1mLinking C shared library libmy_ros2_interface__rosidl_typesupport_introspection_c.so[0m
[ 70%] Built target my_ros2_interface__rosidl_typesupport_introspection_c
[ 72%] [32mBuilding CXX object CMakeFiles/my_ros2_interface__rosidl_typesupport_fastrtps_c.dir/rosidl_typesupport_fastrtps_c/my_ros2_interface/action/detail/fibonacci__type_support_c.cpp.o[0m
[ 74%] [32m[1mLinking CXX shared library libmy_ros2_interface__rosidl_typesupport_fastrtps_c.so[0m
[ 75%] [32m[1mLinking CXX shared library libmy_ros2_interface__rosidl_typesupport_cpp.so[0m
[ 75%] Built target my_ros2_interface__rosidl_typesupport_fastrtps_c
[ 75%] Built target my_ros2_interface__rosidl_typesupport_cpp
[ 77%] [32m[1mLinking CXX shared library libmy_ros2_interface__rosidl_typesupport_introspection_cpp.so[0m
[ 77%] Built target my_ros2_interface__rosidl_typesupport_introspection_cpp
[ 79%] [32m[1mLinking CXX shared library libmy_ros2_interface__rosidl_typesupport_fastrtps_cpp.so[0m
[ 79%] Built target my_ros2_interface__rosidl_typesupport_fastrtps_cpp
[ 79%] Built target my_ros2_interface
[ 81%] [34m[1mGenerating Python code for ROS interfaces[0m
[ 81%] Built target my_ros2_interface__py
[ 85%] [32mBuilding C object CMakeFiles/my_ros2_interface__rosidl_generator_py.dir/rosidl_generator_py/my_ros2_interface/msg/_address_book_s.c.o[0m
[ 87%] [32mBuilding C object CMakeFiles/my_ros2_interface__rosidl_generator_py.dir/rosidl_generator_py/my_ros2_interface/srv/_add_three_ints_s.c.o[0m
[ 87%] [32mBuilding C object CMakeFiles/my_ros2_interface__rosidl_generator_py.dir/rosidl_generator_py/my_ros2_interface/action/_fibonacci_s.c.o[0m
[ 88%] [32m[1mLinking C shared library rosidl_generator_py/my_ros2_interface/libmy_ros2_interface__rosidl_generator_py.so[0m
[ 88%] Built target my_ros2_interface__rosidl_generator_py
[ 94%] [32mBuilding C object CMakeFiles/my_ros2_interface__rosidl_typesupport_introspection_c__pyext.dir/rosidl_generator_py/my_ros2_interface/_my_ros2_interface_s.ep.rosidl_typesupport_introspection_c.c.o[0m
[ 94%] [32mBuilding C object CMakeFiles/my_ros2_interface__rosidl_typesupport_c__pyext.dir/rosidl_generator_py/my_ros2_interface/_my_ros2_interface_s.ep.rosidl_typesupport_c.c.o[0m
[ 94%] [32mBuilding C object CMakeFiles/my_ros2_interface__rosidl_typesupport_fastrtps_c__pyext.dir/rosidl_generator_py/my_ros2_interface/_my_ros2_interface_s.ep.rosidl_typesupport_fastrtps_c.c.o[0m
[ 96%] [32m[1mLinking C shared library rosidl_generator_py/my_ros2_interface/my_ros2_interface_s__rosidl_typesupport_introspection_c.cpython-310-x86_64-linux-gnu.so[0m
[ 98%] [32m[1mLinking C shared library rosidl_generator_py/my_ros2_interface/my_ros2_interface_s__rosidl_typesupport_fastrtps_c.cpython-310-x86_64-linux-gnu.so[0m
[100%] [32m[1mLinking C shared library rosidl_generator_py/my_ros2_interface/my_ros2_interface_s__rosidl_typesupport_c.cpython-310-x86_64-linux-gnu.so[0m
[100%] Built target my_ros2_interface__rosidl_typesupport_c__pyext
[100%] Built target my_ros2_interface__rosidl_typesupport_fastrtps_c__pyext
[100%] Built target my_ros2_interface__rosidl_typesupport_introspection_c__pyext
