[0.677s] Invoking command in '/home/foiegreis/ros2_fndm_ws/build/my_ros2_interface': CMAKE_PREFIX_PATH=${CMAKE_PREFIX_PATH}:/home/foiegreis/ros2_fndm_ws/install/py_actions:/home/foiegreis/ros2_fndm_ws/install/py_pkg:/home/foiegreis/ros2_ws_book/install/py_pkg:/home/foiegreis/ros2_ws/install/my_py_pkg:/home/foiegreis/ros2_ws/install/lab4:/home/foiegreis/ros2_ws/install/lab3:/home/foiegreis/ros2_ws/install/lab2:/home/foiegreis/ros2_ws/install/lab1:/opt/ros/iron /usr/bin/cmake /home/foiegreis/ros2_fndm_ws/src/ros2_fndm_interface -DCMAKE_INSTALL_PREFIX=/home/foiegreis/ros2_fndm_ws/install/my_ros2_interface
[1.179s] -- The C compiler identification is GNU 11.4.0
[1.179s] -- The CXX compiler identification is GNU 11.4.0
[1.179s] -- Detecting C compiler ABI info
[1.179s] -- Detecting C compiler ABI info - done
[1.180s] -- Check for working C compiler: /usr/bin/cc - skipped
[1.180s] -- Detecting C compile features
[1.180s] -- Detecting C compile features - done
[1.181s] -- Detecting CXX compiler ABI info
[1.181s] -- Detecting CXX compiler ABI info - done
[1.181s] -- Check for working CXX compiler: /usr/bin/c++ - skipped
[1.182s] -- Detecting CXX compile features
[1.182s] -- Detecting CXX compile features - done
[1.183s] -- Found ament_cmake: 2.0.4 (/opt/ros/iron/share/ament_cmake/cmake)
[1.183s] -- Found Python3: /usr/bin/python3.10 (found version "3.10.12") found components: Interpreter 
[1.265s] -- Found rosidl_default_generators: 1.5.0 (/opt/ros/iron/share/rosidl_default_generators/cmake)
[1.276s] -- Using all available rosidl_typesupport_c: rosidl_typesupport_fastrtps_c;rosidl_typesupport_introspection_c
[1.347s] -- Using all available rosidl_typesupport_cpp: rosidl_typesupport_fastrtps_cpp;rosidl_typesupport_introspection_cpp
[1.405s] -- Found rosidl_adapter: 4.0.1 (/opt/ros/iron/share/rosidl_adapter/cmake)
[1.988s] -- Found ament_cmake_ros: 0.11.2 (/opt/ros/iron/share/ament_cmake_ros/cmake)
[2.201s] -- Using all available rosidl_typesupport_c: rosidl_typesupport_fastrtps_c;rosidl_typesupport_introspection_c
[2.500s] -- Using all available rosidl_typesupport_cpp: rosidl_typesupport_fastrtps_cpp;rosidl_typesupport_introspection_cpp
[2.554s] -- Found PythonInterp: /usr/bin/python3 (found suitable version "3.10.12", minimum required is "3.6") 
[2.560s] -- Found python_cmake_module: 0.10.2 (/opt/ros/iron/share/python_cmake_module/cmake)
[2.619s] -- Found PythonLibs: /usr/lib/x86_64-linux-gnu/libpython3.10.so (found suitable version "3.10.12", minimum required is "3.5") 
[2.620s] -- Using PYTHON_EXECUTABLE: /usr/bin/python3
[2.620s] -- Using PYTHON_INCLUDE_DIRS: /usr/include/python3.10
[2.620s] -- Using PYTHON_LIBRARIES: /usr/lib/x86_64-linux-gnu/libpython3.10.so
[2.660s] -- Found PythonExtra: .so  
[2.800s] -- Configuring done
[2.889s] -- Generating done
[2.894s] -- Build files have been written to: /home/foiegreis/ros2_fndm_ws/build/my_ros2_interface
[2.912s] Invoked command in '/home/foiegreis/ros2_fndm_ws/build/my_ros2_interface' returned '0': CMAKE_PREFIX_PATH=${CMAKE_PREFIX_PATH}:/home/foiegreis/ros2_fndm_ws/install/py_actions:/home/foiegreis/ros2_fndm_ws/install/py_pkg:/home/foiegreis/ros2_ws_book/install/py_pkg:/home/foiegreis/ros2_ws/install/my_py_pkg:/home/foiegreis/ros2_ws/install/lab4:/home/foiegreis/ros2_ws/install/lab3:/home/foiegreis/ros2_ws/install/lab2:/home/foiegreis/ros2_ws/install/lab1:/opt/ros/iron /usr/bin/cmake /home/foiegreis/ros2_fndm_ws/src/ros2_fndm_interface -DCMAKE_INSTALL_PREFIX=/home/foiegreis/ros2_fndm_ws/install/my_ros2_interface
[2.915s] Invoking command in '/home/foiegreis/ros2_fndm_ws/build/my_ros2_interface': CMAKE_PREFIX_PATH=${CMAKE_PREFIX_PATH}:/home/foiegreis/ros2_fndm_ws/install/py_actions:/home/foiegreis/ros2_fndm_ws/install/py_pkg:/home/foiegreis/ros2_ws_book/install/py_pkg:/home/foiegreis/ros2_ws/install/my_py_pkg:/home/foiegreis/ros2_ws/install/lab4:/home/foiegreis/ros2_ws/install/lab3:/home/foiegreis/ros2_ws/install/lab2:/home/foiegreis/ros2_ws/install/lab1:/opt/ros/iron /usr/bin/cmake --build /home/foiegreis/ros2_fndm_ws/build/my_ros2_interface -- -j12 -l12
[3.009s] [  1%] [34m[1mGenerating type hashes for ROS interfaces[0m
[3.025s] [  1%] Built target ament_cmake_python_copy_my_ros2_interface
[3.480s] [  1%] Built target my_ros2_interface__rosidl_generator_type_description
[3.498s] [  3%] [34m[1mGenerating C code for ROS interfaces[0m
[3.519s] [  5%] [34m[1mGenerating C++ code for ROS interfaces[0m
[3.762s] running egg_info
[3.763s] creating my_ros2_interface.egg-info
[3.763s] writing my_ros2_interface.egg-info/PKG-INFO
[3.763s] writing dependency_links to my_ros2_interface.egg-info/dependency_links.txt
[3.764s] writing top-level names to my_ros2_interface.egg-info/top_level.txt
[3.765s] writing manifest file 'my_ros2_interface.egg-info/SOURCES.txt'
[3.769s] reading manifest file 'my_ros2_interface.egg-info/SOURCES.txt'
[3.771s] writing manifest file 'my_ros2_interface.egg-info/SOURCES.txt'
[3.822s] [  5%] Built target ament_cmake_python_build_my_ros2_interface_egg
[4.681s] [ 11%] [32mBuilding C object CMakeFiles/my_ros2_interface__rosidl_generator_c.dir/rosidl_generator_c/my_ros2_interface/msg/detail/address_book__functions.c.o[0m
[4.683s] [ 12%] [32mBuilding C object CMakeFiles/my_ros2_interface__rosidl_generator_c.dir/rosidl_generator_c/my_ros2_interface/srv/detail/add_three_ints__functions.c.o[0m
[4.683s] [ 11%] [32mBuilding C object CMakeFiles/my_ros2_interface__rosidl_generator_c.dir/rosidl_generator_c/my_ros2_interface/srv/detail/add_three_ints__description.c.o[0m
[4.683s] [ 11%] [32mBuilding C object CMakeFiles/my_ros2_interface__rosidl_generator_c.dir/rosidl_generator_c/my_ros2_interface/msg/detail/address_book__type_support.c.o[0m
[4.685s] [ 14%] [32mBuilding C object CMakeFiles/my_ros2_interface__rosidl_generator_c.dir/rosidl_generator_c/my_ros2_interface/msg/detail/address_book__description.c.o[0m
[4.698s] [ 16%] [32mBuilding C object CMakeFiles/my_ros2_interface__rosidl_generator_c.dir/rosidl_generator_c/my_ros2_interface/srv/detail/add_three_ints__type_support.c.o[0m
[4.698s] [ 18%] [32mBuilding C object CMakeFiles/my_ros2_interface__rosidl_generator_c.dir/rosidl_generator_c/my_ros2_interface/action/detail/fibonacci__functions.c.o[0m
[4.700s] [ 20%] [32mBuilding C object CMakeFiles/my_ros2_interface__rosidl_generator_c.dir/rosidl_generator_c/my_ros2_interface/action/detail/fibonacci__description.c.o[0m
[4.757s] [ 22%] [32mBuilding C object CMakeFiles/my_ros2_interface__rosidl_generator_c.dir/rosidl_generator_c/my_ros2_interface/action/detail/fibonacci__type_support.c.o[0m
[4.988s] [ 24%] [32m[1mLinking C shared library libmy_ros2_interface__rosidl_generator_c.so[0m
[5.023s] [ 24%] Built target my_ros2_interface__cpp
[5.044s] [ 24%] Built target my_ros2_interface__rosidl_generator_c
[5.063s] [ 27%] [34m[1mGenerating C type support dispatch for ROS interfaces[0m
[5.063s] [ 27%] [34m[1mGenerating C++ type support for eProsima Fast-RTPS[0m
[5.063s] [ 31%] [34m[1mGenerating C++ introspection for ROS interfaces[0m
[5.063s] [ 33%] [34m[1mGenerating C introspection for ROS interfaces[0m
[5.063s] [ 33%] [34m[1mGenerating C++ type support dispatch for ROS interfaces[0m
[5.064s] [ 35%] [34m[1mGenerating C type support for eProsima Fast-RTPS[0m
[6.036s] [ 37%] [32mBuilding CXX object CMakeFiles/my_ros2_interface__rosidl_typesupport_c.dir/rosidl_typesupport_c/my_ros2_interface/msg/address_book__type_support.cpp.o[0m
[6.062s] [ 38%] [32mBuilding CXX object CMakeFiles/my_ros2_interface__rosidl_typesupport_c.dir/rosidl_typesupport_c/my_ros2_interface/srv/add_three_ints__type_support.cpp.o[0m
[6.062s] [ 40%] [32mBuilding CXX object CMakeFiles/my_ros2_interface__rosidl_typesupport_cpp.dir/rosidl_typesupport_cpp/my_ros2_interface/msg/address_book__type_support.cpp.o[0m
[6.066s] [ 42%] [32mBuilding CXX object CMakeFiles/my_ros2_interface__rosidl_typesupport_c.dir/rosidl_typesupport_c/my_ros2_interface/action/fibonacci__type_support.cpp.o[0m
[6.079s] [ 46%] [32mBuilding CXX object CMakeFiles/my_ros2_interface__rosidl_typesupport_cpp.dir/rosidl_typesupport_cpp/my_ros2_interface/action/fibonacci__type_support.cpp.o[0m
[6.079s] [ 46%] [32mBuilding CXX object CMakeFiles/my_ros2_interface__rosidl_typesupport_cpp.dir/rosidl_typesupport_cpp/my_ros2_interface/srv/add_three_ints__type_support.cpp.o[0m
[6.351s] [ 48%] [32m[1mLinking CXX shared library libmy_ros2_interface__rosidl_typesupport_c.so[0m
[6.430s] [ 50%] [32mBuilding CXX object CMakeFiles/my_ros2_interface__rosidl_typesupport_introspection_cpp.dir/rosidl_typesupport_introspection_cpp/my_ros2_interface/msg/detail/address_book__type_support.cpp.o[0m
[6.438s] [ 51%] [32mBuilding CXX object CMakeFiles/my_ros2_interface__rosidl_typesupport_introspection_cpp.dir/rosidl_typesupport_introspection_cpp/my_ros2_interface/srv/detail/add_three_ints__type_support.cpp.o[0m
[6.452s] [ 53%] [32mBuilding CXX object CMakeFiles/my_ros2_interface__rosidl_typesupport_introspection_cpp.dir/rosidl_typesupport_introspection_cpp/my_ros2_interface/action/detail/fibonacci__type_support.cpp.o[0m
[6.527s] [ 53%] Built target my_ros2_interface__rosidl_typesupport_c
[6.712s] [ 55%] [32mBuilding C object CMakeFiles/my_ros2_interface__rosidl_typesupport_introspection_c.dir/rosidl_typesupport_introspection_c/my_ros2_interface/msg/detail/address_book__type_support.c.o[0m
[6.726s] [ 57%] [32mBuilding C object CMakeFiles/my_ros2_interface__rosidl_typesupport_introspection_c.dir/rosidl_typesupport_introspection_c/my_ros2_interface/srv/detail/add_three_ints__type_support.c.o[0m
[6.746s] [ 59%] [32mBuilding C object CMakeFiles/my_ros2_interface__rosidl_typesupport_introspection_c.dir/rosidl_typesupport_introspection_c/my_ros2_interface/action/detail/fibonacci__type_support.c.o[0m
[6.864s] [ 61%] [32mBuilding CXX object CMakeFiles/my_ros2_interface__rosidl_typesupport_fastrtps_cpp.dir/rosidl_typesupport_fastrtps_cpp/my_ros2_interface/msg/detail/dds_fastrtps/address_book__type_support.cpp.o[0m
[6.879s] [ 62%] [32mBuilding CXX object CMakeFiles/my_ros2_interface__rosidl_typesupport_fastrtps_c.dir/rosidl_typesupport_fastrtps_c/my_ros2_interface/msg/detail/address_book__type_support_c.cpp.o[0m
[6.892s] [ 64%] [32mBuilding CXX object CMakeFiles/my_ros2_interface__rosidl_typesupport_fastrtps_c.dir/rosidl_typesupport_fastrtps_c/my_ros2_interface/srv/detail/add_three_ints__type_support_c.cpp.o[0m
[6.918s] [ 66%] [32mBuilding CXX object CMakeFiles/my_ros2_interface__rosidl_typesupport_fastrtps_cpp.dir/rosidl_typesupport_fastrtps_cpp/my_ros2_interface/srv/detail/dds_fastrtps/add_three_ints__type_support.cpp.o[0m
[6.950s] [ 68%] [32mBuilding CXX object CMakeFiles/my_ros2_interface__rosidl_typesupport_fastrtps_cpp.dir/rosidl_typesupport_fastrtps_cpp/my_ros2_interface/action/detail/dds_fastrtps/fibonacci__type_support.cpp.o[0m
[6.955s] [ 70%] [32m[1mLinking C shared library libmy_ros2_interface__rosidl_typesupport_introspection_c.so[0m
[7.108s] [ 70%] Built target my_ros2_interface__rosidl_typesupport_introspection_c
[7.201s] [ 72%] [32mBuilding CXX object CMakeFiles/my_ros2_interface__rosidl_typesupport_fastrtps_c.dir/rosidl_typesupport_fastrtps_c/my_ros2_interface/action/detail/fibonacci__type_support_c.cpp.o[0m
[8.385s] [ 74%] [32m[1mLinking CXX shared library libmy_ros2_interface__rosidl_typesupport_fastrtps_c.so[0m
[8.392s] [ 75%] [32m[1mLinking CXX shared library libmy_ros2_interface__rosidl_typesupport_cpp.so[0m
[8.563s] [ 75%] Built target my_ros2_interface__rosidl_typesupport_fastrtps_c
[8.566s] [ 75%] Built target my_ros2_interface__rosidl_typesupport_cpp
[8.698s] [ 77%] [32m[1mLinking CXX shared library libmy_ros2_interface__rosidl_typesupport_introspection_cpp.so[0m
[8.829s] [ 77%] Built target my_ros2_interface__rosidl_typesupport_introspection_cpp
[9.157s] [ 79%] [32m[1mLinking CXX shared library libmy_ros2_interface__rosidl_typesupport_fastrtps_cpp.so[0m
[9.275s] [ 79%] Built target my_ros2_interface__rosidl_typesupport_fastrtps_cpp
[9.300s] [ 79%] Built target my_ros2_interface
[9.324s] [ 81%] [34m[1mGenerating Python code for ROS interfaces[0m
[10.696s] [ 81%] Built target my_ros2_interface__py
[10.716s] [ 85%] [32mBuilding C object CMakeFiles/my_ros2_interface__rosidl_generator_py.dir/rosidl_generator_py/my_ros2_interface/msg/_address_book_s.c.o[0m
[10.716s] [ 87%] [32mBuilding C object CMakeFiles/my_ros2_interface__rosidl_generator_py.dir/rosidl_generator_py/my_ros2_interface/srv/_add_three_ints_s.c.o[0m
[10.716s] [ 87%] [32mBuilding C object CMakeFiles/my_ros2_interface__rosidl_generator_py.dir/rosidl_generator_py/my_ros2_interface/action/_fibonacci_s.c.o[0m
[10.903s] [ 88%] [32m[1mLinking C shared library rosidl_generator_py/my_ros2_interface/libmy_ros2_interface__rosidl_generator_py.so[0m
[10.943s] [ 88%] Built target my_ros2_interface__rosidl_generator_py
[10.964s] [ 94%] [32mBuilding C object CMakeFiles/my_ros2_interface__rosidl_typesupport_introspection_c__pyext.dir/rosidl_generator_py/my_ros2_interface/_my_ros2_interface_s.ep.rosidl_typesupport_introspection_c.c.o[0m
[10.964s] [ 94%] [32mBuilding C object CMakeFiles/my_ros2_interface__rosidl_typesupport_c__pyext.dir/rosidl_generator_py/my_ros2_interface/_my_ros2_interface_s.ep.rosidl_typesupport_c.c.o[0m
[10.964s] [ 94%] [32mBuilding C object CMakeFiles/my_ros2_interface__rosidl_typesupport_fastrtps_c__pyext.dir/rosidl_generator_py/my_ros2_interface/_my_ros2_interface_s.ep.rosidl_typesupport_fastrtps_c.c.o[0m
[11.102s] [ 96%] [32m[1mLinking C shared library rosidl_generator_py/my_ros2_interface/my_ros2_interface_s__rosidl_typesupport_introspection_c.cpython-310-x86_64-linux-gnu.so[0m
[11.102s] [ 98%] [32m[1mLinking C shared library rosidl_generator_py/my_ros2_interface/my_ros2_interface_s__rosidl_typesupport_fastrtps_c.cpython-310-x86_64-linux-gnu.so[0m
[11.103s] [100%] [32m[1mLinking C shared library rosidl_generator_py/my_ros2_interface/my_ros2_interface_s__rosidl_typesupport_c.cpython-310-x86_64-linux-gnu.so[0m
[11.145s] [100%] Built target my_ros2_interface__rosidl_typesupport_c__pyext
[11.145s] [100%] Built target my_ros2_interface__rosidl_typesupport_fastrtps_c__pyext
[11.145s] [100%] Built target my_ros2_interface__rosidl_typesupport_introspection_c__pyext
