[0.164s] Invoking command in '/home/foiegreis/ros2_fndm_ws/build/cpp_pkg': CMAKE_PREFIX_PATH=${CMAKE_PREFIX_PATH}:/home/foiegreis/ros2_fndm_ws/install/py_actions:/home/foiegreis/ros2_fndm_ws/install/py_pkg:/home/foiegreis/ros2_ws_book/install/py_pkg:/home/foiegreis/ros2_ws/install/my_py_pkg:/home/foiegreis/ros2_ws/install/lab4:/home/foiegreis/ros2_ws/install/lab3:/home/foiegreis/ros2_ws/install/lab2:/home/foiegreis/ros2_ws/install/lab1:/opt/ros/iron /usr/bin/cmake --build /home/foiegreis/ros2_fndm_ws/build/cpp_pkg -- -j12 -l12
[0.212s] [35m[1mConsolidate compiler generated dependencies of target sum_server_cpp[0m
[0.230s] [ 70%] Built target simple_node_cpp
[0.230s] [ 70%] Built target talker_cpp
[0.231s] [ 70%] Built target listener_cpp
[0.231s] [ 70%] [32mBuilding CXX object CMakeFiles/sum_client_cpp.dir/src/sum_client.cpp.o[0m
[0.241s] [ 90%] Built target sum_server_cpp
[4.357s] [100%] [32m[1mLinking CXX executable sum_client_cpp[0m
[4.774s] [100%] Built target sum_client_cpp
[4.784s] Invoked command in '/home/foiegreis/ros2_fndm_ws/build/cpp_pkg' returned '0': CMAKE_PREFIX_PATH=${CMAKE_PREFIX_PATH}:/home/foiegreis/ros2_fndm_ws/install/py_actions:/home/foiegreis/ros2_fndm_ws/install/py_pkg:/home/foiegreis/ros2_ws_book/install/py_pkg:/home/foiegreis/ros2_ws/install/my_py_pkg:/home/foiegreis/ros2_ws/install/lab4:/home/foiegreis/ros2_ws/install/lab3:/home/foiegreis/ros2_ws/install/lab2:/home/foiegreis/ros2_ws/install/lab1:/opt/ros/iron /usr/bin/cmake --build /home/foiegreis/ros2_fndm_ws/build/cpp_pkg -- -j12 -l12
[4.836s] Invoking command in '/home/foiegreis/ros2_fndm_ws/build/cpp_pkg': CMAKE_PREFIX_PATH=${CMAKE_PREFIX_PATH}:/home/foiegreis/ros2_fndm_ws/install/py_actions:/home/foiegreis/ros2_fndm_ws/install/py_pkg:/home/foiegreis/ros2_ws_book/install/py_pkg:/home/foiegreis/ros2_ws/install/my_py_pkg:/home/foiegreis/ros2_ws/install/lab4:/home/foiegreis/ros2_ws/install/lab3:/home/foiegreis/ros2_ws/install/lab2:/home/foiegreis/ros2_ws/install/lab1:/opt/ros/iron /usr/bin/cmake --install /home/foiegreis/ros2_fndm_ws/build/cpp_pkg
[4.846s] -- Install configuration: ""
[4.846s] -- Up-to-date: /home/foiegreis/ros2_fndm_ws/install/cpp_pkg/lib/cpp_pkg/simple_node_cpp
[4.847s] -- Up-to-date: /home/foiegreis/ros2_fndm_ws/install/cpp_pkg/lib/cpp_pkg/talker_cpp
[4.847s] -- Up-to-date: /home/foiegreis/ros2_fndm_ws/install/cpp_pkg/lib/cpp_pkg/listener_cpp
[4.848s] -- Up-to-date: /home/foiegreis/ros2_fndm_ws/install/cpp_pkg/lib/cpp_pkg/sum_server_cpp
[4.848s] -- Installing: /home/foiegreis/ros2_fndm_ws/install/cpp_pkg/lib/cpp_pkg/sum_client_cpp
[4.851s] -- Set runtime path of "/home/foiegreis/ros2_fndm_ws/install/cpp_pkg/lib/cpp_pkg/sum_client_cpp" to ""
[4.851s] -- Up-to-date: /home/foiegreis/ros2_fndm_ws/install/cpp_pkg/share/ament_index/resource_index/package_run_dependencies/cpp_pkg
[4.851s] -- Up-to-date: /home/foiegreis/ros2_fndm_ws/install/cpp_pkg/share/ament_index/resource_index/parent_prefix_path/cpp_pkg
[4.852s] -- Up-to-date: /home/foiegreis/ros2_fndm_ws/install/cpp_pkg/share/cpp_pkg/environment/ament_prefix_path.sh
[4.852s] -- Up-to-date: /home/foiegreis/ros2_fndm_ws/install/cpp_pkg/share/cpp_pkg/environment/ament_prefix_path.dsv
[4.852s] -- Up-to-date: /home/foiegreis/ros2_fndm_ws/install/cpp_pkg/share/cpp_pkg/environment/path.sh
[4.852s] -- Up-to-date: /home/foiegreis/ros2_fndm_ws/install/cpp_pkg/share/cpp_pkg/environment/path.dsv
[4.852s] -- Up-to-date: /home/foiegreis/ros2_fndm_ws/install/cpp_pkg/share/cpp_pkg/local_setup.bash
[4.852s] -- Up-to-date: /home/foiegreis/ros2_fndm_ws/install/cpp_pkg/share/cpp_pkg/local_setup.sh
[4.852s] -- Up-to-date: /home/foiegreis/ros2_fndm_ws/install/cpp_pkg/share/cpp_pkg/local_setup.zsh
[4.852s] -- Up-to-date: /home/foiegreis/ros2_fndm_ws/install/cpp_pkg/share/cpp_pkg/local_setup.dsv
[4.852s] -- Installing: /home/foiegreis/ros2_fndm_ws/install/cpp_pkg/share/cpp_pkg/package.dsv
[4.853s] -- Up-to-date: /home/foiegreis/ros2_fndm_ws/install/cpp_pkg/share/ament_index/resource_index/packages/cpp_pkg
[4.853s] -- Up-to-date: /home/foiegreis/ros2_fndm_ws/install/cpp_pkg/share/cpp_pkg/cmake/ament_cmake_export_dependencies-extras.cmake
[4.853s] -- Up-to-date: /home/foiegreis/ros2_fndm_ws/install/cpp_pkg/share/cpp_pkg/cmake/cpp_pkgConfig.cmake
[4.853s] -- Up-to-date: /home/foiegreis/ros2_fndm_ws/install/cpp_pkg/share/cpp_pkg/cmake/cpp_pkgConfig-version.cmake
[4.853s] -- Up-to-date: /home/foiegreis/ros2_fndm_ws/install/cpp_pkg/share/cpp_pkg/package.xml
[4.855s] Invoked command in '/home/foiegreis/ros2_fndm_ws/build/cpp_pkg' returned '0': CMAKE_PREFIX_PATH=${CMAKE_PREFIX_PATH}:/home/foiegreis/ros2_fndm_ws/install/py_actions:/home/foiegreis/ros2_fndm_ws/install/py_pkg:/home/foiegreis/ros2_ws_book/install/py_pkg:/home/foiegreis/ros2_ws/install/my_py_pkg:/home/foiegreis/ros2_ws/install/lab4:/home/foiegreis/ros2_ws/install/lab3:/home/foiegreis/ros2_ws/install/lab2:/home/foiegreis/ros2_ws/install/lab1:/opt/ros/iron /usr/bin/cmake --install /home/foiegreis/ros2_fndm_ws/build/cpp_pkg
