running egg_info
creating ../build/py_actions/py_actions.egg-info
writing ../build/py_actions/py_actions.egg-info/PKG-INFO
writing dependency_links to ../build/py_actions/py_actions.egg-info/dependency_links.txt
writing entry points to ../build/py_actions/py_actions.egg-info/entry_points.txt
writing requirements to ../build/py_actions/py_actions.egg-info/requires.txt
writing top-level names to ../build/py_actions/py_actions.egg-info/top_level.txt
writing manifest file '../build/py_actions/py_actions.egg-info/SOURCES.txt'
reading manifest file '../build/py_actions/py_actions.egg-info/SOURCES.txt'
writing manifest file '../build/py_actions/py_actions.egg-info/SOURCES.txt'
running build
running build_py
creating /home/foiegreis/ros2_fndm_ws/src/build/py_actions/build
creating /home/foiegreis/ros2_fndm_ws/src/build/py_actions/build/lib
creating /home/foiegreis/ros2_fndm_ws/src/build/py_actions/build/lib/py_actions
copying py_actions/__init__.py -> /home/foiegreis/ros2_fndm_ws/src/build/py_actions/build/lib/py_actions
running install
running install_lib
creating /home/foiegreis/ros2_fndm_ws/src/install/py_actions/lib/python3.10/site-packages/py_actions
copying /home/foiegreis/ros2_fndm_ws/src/build/py_actions/build/lib/py_actions/__init__.py -> /home/foiegreis/ros2_fndm_ws/src/install/py_actions/lib/python3.10/site-packages/py_actions
byte-compiling /home/foiegreis/ros2_fndm_ws/src/install/py_actions/lib/python3.10/site-packages/py_actions/__init__.py to __init__.cpython-310.pyc
running install_data
creating /home/foiegreis/ros2_fndm_ws/src/install/py_actions/share/ament_index
creating /home/foiegreis/ros2_fndm_ws/src/install/py_actions/share/ament_index/resource_index
creating /home/foiegreis/ros2_fndm_ws/src/install/py_actions/share/ament_index/resource_index/packages
copying resource/py_actions -> /home/foiegreis/ros2_fndm_ws/src/install/py_actions/share/ament_index/resource_index/packages
copying package.xml -> /home/foiegreis/ros2_fndm_ws/src/install/py_actions/share/py_actions
running install_egg_info
Copying ../build/py_actions/py_actions.egg-info to /home/foiegreis/ros2_fndm_ws/src/install/py_actions/lib/python3.10/site-packages/py_actions-0.0.0-py3.10.egg-info
running install_scripts
writing list of installed files to '/home/foiegreis/ros2_fndm_ws/src/build/py_actions/install.log'
