[0.162s] Invoking command in '/home/foiegreis/ros2_fndm_ws/build/ros2_fndm_interface': CMAKE_PREFIX_PATH=${CMAKE_PREFIX_PATH}:/home/foiegreis/ros2_fndm_ws/install/py_actions:/home/foiegreis/ros2_fndm_ws/install/py_pkg:/home/foiegreis/ros2_ws_book/install/py_pkg:/home/foiegreis/ros2_ws/install/my_py_pkg:/home/foiegreis/ros2_ws/install/lab4:/home/foiegreis/ros2_ws/install/lab3:/home/foiegreis/ros2_ws/install/lab2:/home/foiegreis/ros2_ws/install/lab1:/opt/ros/iron /usr/bin/cmake --build /home/foiegreis/ros2_fndm_ws/build/ros2_fndm_interface -- -j12 -l12
[0.185s] -- Found ament_cmake: 2.0.4 (/opt/ros/iron/share/ament_cmake/cmake)
[0.330s] -- Found rosidl_default_generators: 1.5.0 (/opt/ros/iron/share/rosidl_default_generators/cmake)
[0.334s] -- Using all available rosidl_typesupport_c: rosidl_typesupport_fastrtps_c;rosidl_typesupport_introspection_c
[0.367s] -- Using all available rosidl_typesupport_cpp: rosidl_typesupport_fastrtps_cpp;rosidl_typesupport_introspection_cpp
[0.394s] -- Found rosidl_adapter: 4.0.1 (/opt/ros/iron/share/rosidl_adapter/cmake)
[0.861s] -- Found ament_cmake_ros: 0.11.2 (/opt/ros/iron/share/ament_cmake_ros/cmake)
[1.050s] -- Using all available rosidl_typesupport_c: rosidl_typesupport_fastrtps_c;rosidl_typesupport_introspection_c
[1.297s] -- Using all available rosidl_typesupport_cpp: rosidl_typesupport_fastrtps_cpp;rosidl_typesupport_introspection_cpp
[1.320s] -- Found python_cmake_module: 0.10.2 (/opt/ros/iron/share/python_cmake_module/cmake)
[1.343s] -- Using PYTHON_EXECUTABLE: /usr/bin/python3
[1.343s] -- Using PYTHON_INCLUDE_DIRS: /usr/include/python3.10
[1.343s] -- Using PYTHON_LIBRARIES: /usr/lib/x86_64-linux-gnu/libpython3.10.so
[1.377s] -- Configuring done
[1.414s] -- Generating done
[1.417s] -- Build files have been written to: /home/foiegreis/ros2_fndm_ws/build/ros2_fndm_interface
[1.450s] [  1%] [34m[1mGenerating type hashes for ROS interfaces[0m
[1.460s] [  1%] Built target ament_cmake_python_copy_ros2_fndm_interface
[1.686s] [  1%] Built target ros2_fndm_interface__rosidl_generator_type_description
[1.696s] [  3%] [34m[1mGenerating C code for ROS interfaces[0m
[1.707s] [  5%] [34m[1mGenerating C++ code for ROS interfaces[0m
[1.781s] running egg_info
[1.781s] writing ros2_fndm_interface.egg-info/PKG-INFO
[1.781s] writing dependency_links to ros2_fndm_interface.egg-info/dependency_links.txt
[1.782s] writing top-level names to ros2_fndm_interface.egg-info/top_level.txt
[1.784s] reading manifest file 'ros2_fndm_interface.egg-info/SOURCES.txt'
[1.784s] writing manifest file 'ros2_fndm_interface.egg-info/SOURCES.txt'
[1.808s] [  5%] Built target ament_cmake_python_build_ros2_fndm_interface_egg
[2.308s] [  5%] Built target ros2_fndm_interface__cpp
[2.407s] [35m[1mConsolidate compiler generated dependencies of target ros2_fndm_interface__rosidl_generator_c[0m
[2.423s] [  9%] [32mBuilding C object CMakeFiles/ros2_fndm_interface__rosidl_generator_c.dir/rosidl_generator_c/ros2_fndm_interface/srv/detail/grade_point_average__description.c.o[0m
[2.423s] [  9%] [32mBuilding C object CMakeFiles/ros2_fndm_interface__rosidl_generator_c.dir/rosidl_generator_c/ros2_fndm_interface/srv/detail/grade_point_average__functions.c.o[0m
[2.425s] [ 11%] [32mBuilding C object CMakeFiles/ros2_fndm_interface__rosidl_generator_c.dir/rosidl_generator_c/ros2_fndm_interface/action/detail/fibonacci__type_support.c.o[0m
[2.425s] [ 12%] [32mBuilding C object CMakeFiles/ros2_fndm_interface__rosidl_generator_c.dir/rosidl_generator_c/ros2_fndm_interface/msg/detail/student__functions.c.o[0m
[2.426s] [ 14%] [32mBuilding C object CMakeFiles/ros2_fndm_interface__rosidl_generator_c.dir/rosidl_generator_c/ros2_fndm_interface/msg/detail/student__description.c.o[0m
[2.426s] [ 16%] [32mBuilding C object CMakeFiles/ros2_fndm_interface__rosidl_generator_c.dir/rosidl_generator_c/ros2_fndm_interface/msg/detail/student__type_support.c.o[0m
[2.427s] [ 18%] [32mBuilding C object CMakeFiles/ros2_fndm_interface__rosidl_generator_c.dir/rosidl_generator_c/ros2_fndm_interface/srv/detail/grade_point_average__type_support.c.o[0m
[2.428s] [ 20%] [32mBuilding C object CMakeFiles/ros2_fndm_interface__rosidl_generator_c.dir/rosidl_generator_c/ros2_fndm_interface/action/detail/fibonacci__description.c.o[0m
[2.428s] [ 22%] [32mBuilding C object CMakeFiles/ros2_fndm_interface__rosidl_generator_c.dir/rosidl_generator_c/ros2_fndm_interface/action/detail/fibonacci__functions.c.o[0m
[2.602s] [ 24%] [32m[1mLinking C shared library libros2_fndm_interface__rosidl_generator_c.so[0m
[2.640s] [ 24%] Built target ros2_fndm_interface__rosidl_generator_c
[2.652s] [ 29%] [34m[1mGenerating C introspection for ROS interfaces[0m
[2.652s] [ 29%] [34m[1mGenerating C type support for eProsima Fast-RTPS[0m
[2.652s] [ 25%] [34m[1mGenerating C++ type support dispatch for ROS interfaces[0m
[2.652s] [ 31%] [34m[1mGenerating C type support dispatch for ROS interfaces[0m
[2.652s] [ 33%] [34m[1mGenerating C++ type support for eProsima Fast-RTPS[0m
[2.653s] [ 35%] [34m[1mGenerating C++ introspection for ROS interfaces[0m
[3.135s] [35m[1mConsolidate compiler generated dependencies of target ros2_fndm_interface__rosidl_typesupport_c[0m
[3.150s] [ 38%] [32mBuilding CXX object CMakeFiles/ros2_fndm_interface__rosidl_typesupport_c.dir/rosidl_typesupport_c/ros2_fndm_interface/srv/grade_point_average__type_support.cpp.o[0m
[3.151s] [ 38%] [32mBuilding CXX object CMakeFiles/ros2_fndm_interface__rosidl_typesupport_c.dir/rosidl_typesupport_c/ros2_fndm_interface/msg/student__type_support.cpp.o[0m
[3.154s] [ 40%] [32mBuilding CXX object CMakeFiles/ros2_fndm_interface__rosidl_typesupport_c.dir/rosidl_typesupport_c/ros2_fndm_interface/action/fibonacci__type_support.cpp.o[0m
[3.155s] [35m[1mConsolidate compiler generated dependencies of target ros2_fndm_interface__rosidl_typesupport_cpp[0m
[3.179s] [ 42%] [32mBuilding CXX object CMakeFiles/ros2_fndm_interface__rosidl_typesupport_cpp.dir/rosidl_typesupport_cpp/ros2_fndm_interface/msg/student__type_support.cpp.o[0m
[3.179s] [ 44%] [32mBuilding CXX object CMakeFiles/ros2_fndm_interface__rosidl_typesupport_cpp.dir/rosidl_typesupport_cpp/ros2_fndm_interface/srv/grade_point_average__type_support.cpp.o[0m
[3.181s] [ 46%] [32mBuilding CXX object CMakeFiles/ros2_fndm_interface__rosidl_typesupport_cpp.dir/rosidl_typesupport_cpp/ros2_fndm_interface/action/fibonacci__type_support.cpp.o[0m
[3.264s] [ 48%] [32m[1mLinking CXX shared library libros2_fndm_interface__rosidl_typesupport_c.so[0m
[3.347s] [ 48%] Built target ros2_fndm_interface__rosidl_typesupport_c
[3.372s] [35m[1mConsolidate compiler generated dependencies of target ros2_fndm_interface__rosidl_typesupport_introspection_c[0m
[3.379s] [35m[1mConsolidate compiler generated dependencies of target ros2_fndm_interface__rosidl_typesupport_introspection_cpp[0m
[3.394s] [ 50%] [32mBuilding C object CMakeFiles/ros2_fndm_interface__rosidl_typesupport_introspection_c.dir/rosidl_typesupport_introspection_c/ros2_fndm_interface/msg/detail/student__type_support.c.o[0m
[3.395s] [ 51%] [32mBuilding C object CMakeFiles/ros2_fndm_interface__rosidl_typesupport_introspection_c.dir/rosidl_typesupport_introspection_c/ros2_fndm_interface/srv/detail/grade_point_average__type_support.c.o[0m
[3.396s] [ 53%] [32mBuilding C object CMakeFiles/ros2_fndm_interface__rosidl_typesupport_introspection_c.dir/rosidl_typesupport_introspection_c/ros2_fndm_interface/action/detail/fibonacci__type_support.c.o[0m
[3.400s] [ 55%] [32mBuilding CXX object CMakeFiles/ros2_fndm_interface__rosidl_typesupport_introspection_cpp.dir/rosidl_typesupport_introspection_cpp/ros2_fndm_interface/msg/detail/student__type_support.cpp.o[0m
[3.403s] [ 57%] [32mBuilding CXX object CMakeFiles/ros2_fndm_interface__rosidl_typesupport_introspection_cpp.dir/rosidl_typesupport_introspection_cpp/ros2_fndm_interface/srv/detail/grade_point_average__type_support.cpp.o[0m
[3.404s] [ 59%] [32mBuilding CXX object CMakeFiles/ros2_fndm_interface__rosidl_typesupport_introspection_cpp.dir/rosidl_typesupport_introspection_cpp/ros2_fndm_interface/action/detail/fibonacci__type_support.cpp.o[0m
[3.498s] [35m[1mConsolidate compiler generated dependencies of target ros2_fndm_interface__rosidl_typesupport_fastrtps_c[0m
[3.521s] [ 61%] [32mBuilding CXX object CMakeFiles/ros2_fndm_interface__rosidl_typesupport_fastrtps_c.dir/rosidl_typesupport_fastrtps_c/ros2_fndm_interface/msg/detail/student__type_support_c.cpp.o[0m
[3.521s] [ 62%] [32mBuilding CXX object CMakeFiles/ros2_fndm_interface__rosidl_typesupport_fastrtps_c.dir/rosidl_typesupport_fastrtps_c/ros2_fndm_interface/srv/detail/grade_point_average__type_support_c.cpp.o[0m
[3.524s] [ 64%] [32mBuilding CXX object CMakeFiles/ros2_fndm_interface__rosidl_typesupport_fastrtps_c.dir/rosidl_typesupport_fastrtps_c/ros2_fndm_interface/action/detail/fibonacci__type_support_c.cpp.o[0m
[3.542s] [ 66%] [32m[1mLinking C shared library libros2_fndm_interface__rosidl_typesupport_introspection_c.so[0m
[3.603s] [35m[1mConsolidate compiler generated dependencies of target ros2_fndm_interface__rosidl_typesupport_fastrtps_cpp[0m
[3.614s] [ 66%] Built target ros2_fndm_interface__rosidl_typesupport_introspection_c
[3.630s] [ 68%] [32mBuilding CXX object CMakeFiles/ros2_fndm_interface__rosidl_typesupport_fastrtps_cpp.dir/rosidl_typesupport_fastrtps_cpp/ros2_fndm_interface/msg/detail/dds_fastrtps/student__type_support.cpp.o[0m
[3.634s] [ 72%] [32mBuilding CXX object CMakeFiles/ros2_fndm_interface__rosidl_typesupport_fastrtps_cpp.dir/rosidl_typesupport_fastrtps_cpp/ros2_fndm_interface/action/detail/dds_fastrtps/fibonacci__type_support.cpp.o[0m
[3.635s] [ 72%] [32mBuilding CXX object CMakeFiles/ros2_fndm_interface__rosidl_typesupport_fastrtps_cpp.dir/rosidl_typesupport_fastrtps_cpp/ros2_fndm_interface/srv/detail/dds_fastrtps/grade_point_average__type_support.cpp.o[0m
[4.325s] [ 74%] [32m[1mLinking CXX shared library libros2_fndm_interface__rosidl_typesupport_fastrtps_c.so[0m
[4.432s] [ 74%] Built target ros2_fndm_interface__rosidl_typesupport_fastrtps_c
[4.546s] [ 75%] [32m[1mLinking CXX shared library libros2_fndm_interface__rosidl_typesupport_cpp.so[0m
[4.641s] [ 75%] Built target ros2_fndm_interface__rosidl_typesupport_cpp
[4.765s] [ 77%] [32m[1mLinking CXX shared library libros2_fndm_interface__rosidl_typesupport_introspection_cpp.so[0m
[4.852s] [ 77%] Built target ros2_fndm_interface__rosidl_typesupport_introspection_cpp
[4.992s] [ 79%] [32m[1mLinking CXX shared library libros2_fndm_interface__rosidl_typesupport_fastrtps_cpp.so[0m
[5.075s] [ 79%] Built target ros2_fndm_interface__rosidl_typesupport_fastrtps_cpp
[5.094s] [ 79%] Built target ros2_fndm_interface
[5.115s] [ 81%] [34m[1mGenerating Python code for ROS interfaces[0m
[6.229s] [ 81%] Built target ros2_fndm_interface__py
[6.239s] [35m[1mConsolidate compiler generated dependencies of target ros2_fndm_interface__rosidl_generator_py[0m
[6.252s] [ 85%] [32mBuilding C object CMakeFiles/ros2_fndm_interface__rosidl_generator_py.dir/rosidl_generator_py/ros2_fndm_interface/srv/_grade_point_average_s.c.o[0m
[6.252s] [ 85%] [32mBuilding C object CMakeFiles/ros2_fndm_interface__rosidl_generator_py.dir/rosidl_generator_py/ros2_fndm_interface/msg/_student_s.c.o[0m
[6.252s] [ 87%] [32mBuilding C object CMakeFiles/ros2_fndm_interface__rosidl_generator_py.dir/rosidl_generator_py/ros2_fndm_interface/action/_fibonacci_s.c.o[0m
[6.421s] [ 88%] [32m[1mLinking C shared library rosidl_generator_py/ros2_fndm_interface/libros2_fndm_interface__rosidl_generator_py.so[0m
[6.462s] [ 88%] Built target ros2_fndm_interface__rosidl_generator_py
[6.473s] [35m[1mConsolidate compiler generated dependencies of target ros2_fndm_interface__rosidl_typesupport_introspection_c__pyext[0m
[6.473s] [35m[1mConsolidate compiler generated dependencies of target ros2_fndm_interface__rosidl_typesupport_fastrtps_c__pyext[0m
[6.473s] [35m[1mConsolidate compiler generated dependencies of target ros2_fndm_interface__rosidl_typesupport_c__pyext[0m
[6.486s] [ 92%] [32mBuilding C object CMakeFiles/ros2_fndm_interface__rosidl_typesupport_introspection_c__pyext.dir/rosidl_generator_py/ros2_fndm_interface/_ros2_fndm_interface_s.ep.rosidl_typesupport_introspection_c.c.o[0m
[6.486s] [ 92%] [32mBuilding C object CMakeFiles/ros2_fndm_interface__rosidl_typesupport_fastrtps_c__pyext.dir/rosidl_generator_py/ros2_fndm_interface/_ros2_fndm_interface_s.ep.rosidl_typesupport_fastrtps_c.c.o[0m
[6.486s] [ 94%] [32mBuilding C object CMakeFiles/ros2_fndm_interface__rosidl_typesupport_c__pyext.dir/rosidl_generator_py/ros2_fndm_interface/_ros2_fndm_interface_s.ep.rosidl_typesupport_c.c.o[0m
[6.627s] [ 96%] [32m[1mLinking C shared library rosidl_generator_py/ros2_fndm_interface/ros2_fndm_interface_s__rosidl_typesupport_c.cpython-310-x86_64-linux-gnu.so[0m
[6.628s] [ 98%] [32m[1mLinking C shared library rosidl_generator_py/ros2_fndm_interface/ros2_fndm_interface_s__rosidl_typesupport_fastrtps_c.cpython-310-x86_64-linux-gnu.so[0m
[6.629s] [100%] [32m[1mLinking C shared library rosidl_generator_py/ros2_fndm_interface/ros2_fndm_interface_s__rosidl_typesupport_introspection_c.cpython-310-x86_64-linux-gnu.so[0m
[6.671s] [100%] Built target ros2_fndm_interface__rosidl_typesupport_c__pyext
[6.671s] [100%] Built target ros2_fndm_interface__rosidl_typesupport_fastrtps_c__pyext
[6.672s] [100%] Built target ros2_fndm_interface__rosidl_typesupport_introspection_c__pyext
[6.683s] Invoked command in '/home/foiegreis/ros2_fndm_ws/build/ros2_fndm_interface' returned '0': CMAKE_PREFIX_PATH=${CMAKE_PREFIX_PATH}:/home/foiegreis/ros2_fndm_ws/install/py_actions:/home/foiegreis/ros2_fndm_ws/install/py_pkg:/home/foiegreis/ros2_ws_book/install/py_pkg:/home/foiegreis/ros2_ws/install/my_py_pkg:/home/foiegreis/ros2_ws/install/lab4:/home/foiegreis/ros2_ws/install/lab3:/home/foiegreis/ros2_ws/install/lab2:/home/foiegreis/ros2_ws/install/lab1:/opt/ros/iron /usr/bin/cmake --build /home/foiegreis/ros2_fndm_ws/build/ros2_fndm_interface -- -j12 -l12
[6.877s] Invoking command in '/home/foiegreis/ros2_fndm_ws/build/ros2_fndm_interface': CMAKE_PREFIX_PATH=${CMAKE_PREFIX_PATH}:/home/foiegreis/ros2_fndm_ws/install/py_actions:/home/foiegreis/ros2_fndm_ws/install/py_pkg:/home/foiegreis/ros2_ws_book/install/py_pkg:/home/foiegreis/ros2_ws/install/my_py_pkg:/home/foiegreis/ros2_ws/install/lab4:/home/foiegreis/ros2_ws/install/lab3:/home/foiegreis/ros2_ws/install/lab2:/home/foiegreis/ros2_ws/install/lab1:/opt/ros/iron /usr/bin/cmake --install /home/foiegreis/ros2_fndm_ws/build/ros2_fndm_interface
[6.890s] -- Install configuration: ""
[6.890s] -- Installing: /home/foiegreis/ros2_fndm_ws/install/ros2_fndm_interface/share/ament_index/resource_index/rosidl_interfaces/ros2_fndm_interface
[6.890s] -- Installing: /home/foiegreis/ros2_fndm_ws/install/ros2_fndm_interface/share/ros2_fndm_interface/msg/Student.json
[6.891s] -- Installing: /home/foiegreis/ros2_fndm_ws/install/ros2_fndm_interface/share/ros2_fndm_interface/srv/GradePointAverage.json
[6.891s] -- Installing: /home/foiegreis/ros2_fndm_ws/install/ros2_fndm_interface/share/ros2_fndm_interface/action/Fibonacci.json
[6.891s] -- Up-to-date: /home/foiegreis/ros2_fndm_ws/install/ros2_fndm_interface/include/ros2_fndm_interface/ros2_fndm_interface
[6.891s] -- Up-to-date: /home/foiegreis/ros2_fndm_ws/install/ros2_fndm_interface/include/ros2_fndm_interface/ros2_fndm_interface/srv
[6.892s] -- Installing: /home/foiegreis/ros2_fndm_ws/install/ros2_fndm_interface/include/ros2_fndm_interface/ros2_fndm_interface/srv/grade_point_average.h
[6.892s] -- Up-to-date: /home/foiegreis/ros2_fndm_ws/install/ros2_fndm_interface/include/ros2_fndm_interface/ros2_fndm_interface/srv/add_three_ints.h
[6.892s] -- Up-to-date: /home/foiegreis/ros2_fndm_ws/install/ros2_fndm_interface/include/ros2_fndm_interface/ros2_fndm_interface/srv/detail
[6.892s] -- Up-to-date: /home/foiegreis/ros2_fndm_ws/install/ros2_fndm_interface/include/ros2_fndm_interface/ros2_fndm_interface/srv/detail/add_three_ints__functions.c
[6.893s] -- Up-to-date: /home/foiegreis/ros2_fndm_ws/install/ros2_fndm_interface/include/ros2_fndm_interface/ros2_fndm_interface/srv/detail/add_three_ints__functions.h
[6.893s] -- Up-to-date: /home/foiegreis/ros2_fndm_ws/install/ros2_fndm_interface/include/ros2_fndm_interface/ros2_fndm_interface/srv/detail/add_three_ints__struct.h
[6.893s] -- Installing: /home/foiegreis/ros2_fndm_ws/install/ros2_fndm_interface/include/ros2_fndm_interface/ros2_fndm_interface/srv/detail/grade_point_average__functions.h
[6.893s] -- Installing: /home/foiegreis/ros2_fndm_ws/install/ros2_fndm_interface/include/ros2_fndm_interface/ros2_fndm_interface/srv/detail/grade_point_average__type_support.c
[6.893s] -- Installing: /home/foiegreis/ros2_fndm_ws/install/ros2_fndm_interface/include/ros2_fndm_interface/ros2_fndm_interface/srv/detail/grade_point_average__type_support.h
[6.894s] -- Installing: /home/foiegreis/ros2_fndm_ws/install/ros2_fndm_interface/include/ros2_fndm_interface/ros2_fndm_interface/srv/detail/grade_point_average__struct.h
[6.894s] -- Installing: /home/foiegreis/ros2_fndm_ws/install/ros2_fndm_interface/include/ros2_fndm_interface/ros2_fndm_interface/srv/detail/add_three_ints__type_support.c
[6.894s] -- Installing: /home/foiegreis/ros2_fndm_ws/install/ros2_fndm_interface/include/ros2_fndm_interface/ros2_fndm_interface/srv/detail/grade_point_average__description.c
[6.894s] -- Up-to-date: /home/foiegreis/ros2_fndm_ws/install/ros2_fndm_interface/include/ros2_fndm_interface/ros2_fndm_interface/srv/detail/add_three_ints__description.c
[6.894s] -- Up-to-date: /home/foiegreis/ros2_fndm_ws/install/ros2_fndm_interface/include/ros2_fndm_interface/ros2_fndm_interface/srv/detail/add_three_ints__type_support.h
[6.895s] -- Installing: /home/foiegreis/ros2_fndm_ws/install/ros2_fndm_interface/include/ros2_fndm_interface/ros2_fndm_interface/srv/detail/grade_point_average__functions.c
[6.895s] -- Up-to-date: /home/foiegreis/ros2_fndm_ws/install/ros2_fndm_interface/include/ros2_fndm_interface/ros2_fndm_interface/msg
[6.895s] -- Up-to-date: /home/foiegreis/ros2_fndm_ws/install/ros2_fndm_interface/include/ros2_fndm_interface/ros2_fndm_interface/msg/address_book.h
[6.895s] -- Up-to-date: /home/foiegreis/ros2_fndm_ws/install/ros2_fndm_interface/include/ros2_fndm_interface/ros2_fndm_interface/msg/detail
[6.895s] -- Up-to-date: /home/foiegreis/ros2_fndm_ws/install/ros2_fndm_interface/include/ros2_fndm_interface/ros2_fndm_interface/msg/detail/address_book__functions.h
[6.895s] -- Up-to-date: /home/foiegreis/ros2_fndm_ws/install/ros2_fndm_interface/include/ros2_fndm_interface/ros2_fndm_interface/msg/detail/address_book__functions.c
[6.896s] -- Up-to-date: /home/foiegreis/ros2_fndm_ws/install/ros2_fndm_interface/include/ros2_fndm_interface/ros2_fndm_interface/msg/detail/address_book__struct.h
[6.896s] -- Installing: /home/foiegreis/ros2_fndm_ws/install/ros2_fndm_interface/include/ros2_fndm_interface/ros2_fndm_interface/msg/detail/student__type_support.c
[6.896s] -- Installing: /home/foiegreis/ros2_fndm_ws/install/ros2_fndm_interface/include/ros2_fndm_interface/ros2_fndm_interface/msg/detail/student__type_support.h
[6.896s] -- Installing: /home/foiegreis/ros2_fndm_ws/install/ros2_fndm_interface/include/ros2_fndm_interface/ros2_fndm_interface/msg/detail/student__functions.h
[6.896s] -- Up-to-date: /home/foiegreis/ros2_fndm_ws/install/ros2_fndm_interface/include/ros2_fndm_interface/ros2_fndm_interface/msg/detail/address_book__description.c
[6.896s] -- Installing: /home/foiegreis/ros2_fndm_ws/install/ros2_fndm_interface/include/ros2_fndm_interface/ros2_fndm_interface/msg/detail/address_book__type_support.c
[6.896s] -- Installing: /home/foiegreis/ros2_fndm_ws/install/ros2_fndm_interface/include/ros2_fndm_interface/ros2_fndm_interface/msg/detail/student__struct.h
[6.897s] -- Up-to-date: /home/foiegreis/ros2_fndm_ws/install/ros2_fndm_interface/include/ros2_fndm_interface/ros2_fndm_interface/msg/detail/address_book__type_support.h
[6.897s] -- Installing: /home/foiegreis/ros2_fndm_ws/install/ros2_fndm_interface/include/ros2_fndm_interface/ros2_fndm_interface/msg/detail/student__description.c
[6.897s] -- Installing: /home/foiegreis/ros2_fndm_ws/install/ros2_fndm_interface/include/ros2_fndm_interface/ros2_fndm_interface/msg/detail/student__functions.c
[6.897s] -- Up-to-date: /home/foiegreis/ros2_fndm_ws/install/ros2_fndm_interface/include/ros2_fndm_interface/ros2_fndm_interface/msg/rosidl_generator_c__visibility_control.h
[6.897s] -- Installing: /home/foiegreis/ros2_fndm_ws/install/ros2_fndm_interface/include/ros2_fndm_interface/ros2_fndm_interface/msg/student.h
[6.897s] -- Up-to-date: /home/foiegreis/ros2_fndm_ws/install/ros2_fndm_interface/include/ros2_fndm_interface/ros2_fndm_interface/action
[6.897s] -- Installing: /home/foiegreis/ros2_fndm_ws/install/ros2_fndm_interface/include/ros2_fndm_interface/ros2_fndm_interface/action/fibonacci.h
[6.898s] -- Up-to-date: /home/foiegreis/ros2_fndm_ws/install/ros2_fndm_interface/include/ros2_fndm_interface/ros2_fndm_interface/action/detail
[6.898s] -- Installing: /home/foiegreis/ros2_fndm_ws/install/ros2_fndm_interface/include/ros2_fndm_interface/ros2_fndm_interface/action/detail/fibonacci__type_support.h
[6.898s] -- Installing: /home/foiegreis/ros2_fndm_ws/install/ros2_fndm_interface/include/ros2_fndm_interface/ros2_fndm_interface/action/detail/fibonacci__description.c
[6.898s] -- Installing: /home/foiegreis/ros2_fndm_ws/install/ros2_fndm_interface/include/ros2_fndm_interface/ros2_fndm_interface/action/detail/fibonacci__type_support.c
[6.898s] -- Installing: /home/foiegreis/ros2_fndm_ws/install/ros2_fndm_interface/include/ros2_fndm_interface/ros2_fndm_interface/action/detail/fibonacci__functions.h
[6.898s] -- Installing: /home/foiegreis/ros2_fndm_ws/install/ros2_fndm_interface/include/ros2_fndm_interface/ros2_fndm_interface/action/detail/fibonacci__struct.h
[6.898s] -- Installing: /home/foiegreis/ros2_fndm_ws/install/ros2_fndm_interface/include/ros2_fndm_interface/ros2_fndm_interface/action/detail/fibonacci__functions.c
[6.899s] -- Up-to-date: /home/foiegreis/ros2_fndm_ws/install/ros2_fndm_interface/share/ros2_fndm_interface/environment/library_path.sh
[6.899s] -- Up-to-date: /home/foiegreis/ros2_fndm_ws/install/ros2_fndm_interface/share/ros2_fndm_interface/environment/library_path.dsv
[6.899s] -- Installing: /home/foiegreis/ros2_fndm_ws/install/ros2_fndm_interface/lib/libros2_fndm_interface__rosidl_generator_c.so
[6.899s] -- Set runtime path of "/home/foiegreis/ros2_fndm_ws/install/ros2_fndm_interface/lib/libros2_fndm_interface__rosidl_generator_c.so" to ""
[6.899s] -- Up-to-date: /home/foiegreis/ros2_fndm_ws/install/ros2_fndm_interface/include/ros2_fndm_interface/ros2_fndm_interface
[6.899s] -- Up-to-date: /home/foiegreis/ros2_fndm_ws/install/ros2_fndm_interface/include/ros2_fndm_interface/ros2_fndm_interface/srv
[6.899s] -- Up-to-date: /home/foiegreis/ros2_fndm_ws/install/ros2_fndm_interface/include/ros2_fndm_interface/ros2_fndm_interface/srv/detail
[6.900s] -- Installing: /home/foiegreis/ros2_fndm_ws/install/ros2_fndm_interface/include/ros2_fndm_interface/ros2_fndm_interface/srv/detail/grade_point_average__rosidl_typesupport_fastrtps_c.h
[6.900s] -- Up-to-date: /home/foiegreis/ros2_fndm_ws/install/ros2_fndm_interface/include/ros2_fndm_interface/ros2_fndm_interface/srv/detail/add_three_ints__rosidl_typesupport_fastrtps_c.h
[6.900s] -- Up-to-date: /home/foiegreis/ros2_fndm_ws/install/ros2_fndm_interface/include/ros2_fndm_interface/ros2_fndm_interface/msg
[6.900s] -- Up-to-date: /home/foiegreis/ros2_fndm_ws/install/ros2_fndm_interface/include/ros2_fndm_interface/ros2_fndm_interface/msg/rosidl_typesupport_fastrtps_c__visibility_control.h
[6.900s] -- Up-to-date: /home/foiegreis/ros2_fndm_ws/install/ros2_fndm_interface/include/ros2_fndm_interface/ros2_fndm_interface/msg/detail
[6.900s] -- Up-to-date: /home/foiegreis/ros2_fndm_ws/install/ros2_fndm_interface/include/ros2_fndm_interface/ros2_fndm_interface/msg/detail/address_book__rosidl_typesupport_fastrtps_c.h
[6.901s] -- Installing: /home/foiegreis/ros2_fndm_ws/install/ros2_fndm_interface/include/ros2_fndm_interface/ros2_fndm_interface/msg/detail/student__rosidl_typesupport_fastrtps_c.h
[6.901s] -- Up-to-date: /home/foiegreis/ros2_fndm_ws/install/ros2_fndm_interface/include/ros2_fndm_interface/ros2_fndm_interface/action
[6.901s] -- Up-to-date: /home/foiegreis/ros2_fndm_ws/install/ros2_fndm_interface/include/ros2_fndm_interface/ros2_fndm_interface/action/detail
[6.901s] -- Installing: /home/foiegreis/ros2_fndm_ws/install/ros2_fndm_interface/include/ros2_fndm_interface/ros2_fndm_interface/action/detail/fibonacci__rosidl_typesupport_fastrtps_c.h
[6.901s] -- Installing: /home/foiegreis/ros2_fndm_ws/install/ros2_fndm_interface/lib/libros2_fndm_interface__rosidl_typesupport_fastrtps_c.so
[6.901s] -- Set runtime path of "/home/foiegreis/ros2_fndm_ws/install/ros2_fndm_interface/lib/libros2_fndm_interface__rosidl_typesupport_fastrtps_c.so" to ""
[6.901s] -- Up-to-date: /home/foiegreis/ros2_fndm_ws/install/ros2_fndm_interface/include/ros2_fndm_interface/ros2_fndm_interface
[6.902s] -- Up-to-date: /home/foiegreis/ros2_fndm_ws/install/ros2_fndm_interface/include/ros2_fndm_interface/ros2_fndm_interface/srv
[6.902s] -- Up-to-date: /home/foiegreis/ros2_fndm_ws/install/ros2_fndm_interface/include/ros2_fndm_interface/ros2_fndm_interface/srv/detail
[6.902s] -- Installing: /home/foiegreis/ros2_fndm_ws/install/ros2_fndm_interface/include/ros2_fndm_interface/ros2_fndm_interface/srv/detail/grade_point_average__type_support.c
[6.902s] -- Installing: /home/foiegreis/ros2_fndm_ws/install/ros2_fndm_interface/include/ros2_fndm_interface/ros2_fndm_interface/srv/detail/add_three_ints__type_support.c
[6.902s] -- Installing: /home/foiegreis/ros2_fndm_ws/install/ros2_fndm_interface/include/ros2_fndm_interface/ros2_fndm_interface/srv/detail/grade_point_average__rosidl_typesupport_introspection_c.h
[6.902s] -- Up-to-date: /home/foiegreis/ros2_fndm_ws/install/ros2_fndm_interface/include/ros2_fndm_interface/ros2_fndm_interface/srv/detail/add_three_ints__rosidl_typesupport_introspection_c.h
[6.903s] -- Up-to-date: /home/foiegreis/ros2_fndm_ws/install/ros2_fndm_interface/include/ros2_fndm_interface/ros2_fndm_interface/msg
[6.903s] -- Up-to-date: /home/foiegreis/ros2_fndm_ws/install/ros2_fndm_interface/include/ros2_fndm_interface/ros2_fndm_interface/msg/rosidl_typesupport_introspection_c__visibility_control.h
[6.903s] -- Up-to-date: /home/foiegreis/ros2_fndm_ws/install/ros2_fndm_interface/include/ros2_fndm_interface/ros2_fndm_interface/msg/detail
[6.903s] -- Installing: /home/foiegreis/ros2_fndm_ws/install/ros2_fndm_interface/include/ros2_fndm_interface/ros2_fndm_interface/msg/detail/student__type_support.c
[6.903s] -- Installing: /home/foiegreis/ros2_fndm_ws/install/ros2_fndm_interface/include/ros2_fndm_interface/ros2_fndm_interface/msg/detail/address_book__type_support.c
[6.903s] -- Up-to-date: /home/foiegreis/ros2_fndm_ws/install/ros2_fndm_interface/include/ros2_fndm_interface/ros2_fndm_interface/msg/detail/address_book__rosidl_typesupport_introspection_c.h
[6.903s] -- Installing: /home/foiegreis/ros2_fndm_ws/install/ros2_fndm_interface/include/ros2_fndm_interface/ros2_fndm_interface/msg/detail/student__rosidl_typesupport_introspection_c.h
[6.904s] -- Up-to-date: /home/foiegreis/ros2_fndm_ws/install/ros2_fndm_interface/include/ros2_fndm_interface/ros2_fndm_interface/action
[6.904s] -- Up-to-date: /home/foiegreis/ros2_fndm_ws/install/ros2_fndm_interface/include/ros2_fndm_interface/ros2_fndm_interface/action/detail
[6.904s] -- Installing: /home/foiegreis/ros2_fndm_ws/install/ros2_fndm_interface/include/ros2_fndm_interface/ros2_fndm_interface/action/detail/fibonacci__type_support.c
[6.904s] -- Installing: /home/foiegreis/ros2_fndm_ws/install/ros2_fndm_interface/include/ros2_fndm_interface/ros2_fndm_interface/action/detail/fibonacci__rosidl_typesupport_introspection_c.h
[6.904s] -- Installing: /home/foiegreis/ros2_fndm_ws/install/ros2_fndm_interface/lib/libros2_fndm_interface__rosidl_typesupport_introspection_c.so
[6.904s] -- Set runtime path of "/home/foiegreis/ros2_fndm_ws/install/ros2_fndm_interface/lib/libros2_fndm_interface__rosidl_typesupport_introspection_c.so" to ""
[6.904s] -- Installing: /home/foiegreis/ros2_fndm_ws/install/ros2_fndm_interface/lib/libros2_fndm_interface__rosidl_typesupport_c.so
[6.905s] -- Set runtime path of "/home/foiegreis/ros2_fndm_ws/install/ros2_fndm_interface/lib/libros2_fndm_interface__rosidl_typesupport_c.so" to ""
[6.905s] -- Up-to-date: /home/foiegreis/ros2_fndm_ws/install/ros2_fndm_interface/include/ros2_fndm_interface/ros2_fndm_interface
[6.905s] -- Up-to-date: /home/foiegreis/ros2_fndm_ws/install/ros2_fndm_interface/include/ros2_fndm_interface/ros2_fndm_interface/srv
[6.905s] -- Installing: /home/foiegreis/ros2_fndm_ws/install/ros2_fndm_interface/include/ros2_fndm_interface/ros2_fndm_interface/srv/grade_point_average.hpp
[6.905s] -- Up-to-date: /home/foiegreis/ros2_fndm_ws/install/ros2_fndm_interface/include/ros2_fndm_interface/ros2_fndm_interface/srv/add_three_ints.hpp
[6.905s] -- Up-to-date: /home/foiegreis/ros2_fndm_ws/install/ros2_fndm_interface/include/ros2_fndm_interface/ros2_fndm_interface/srv/detail
[6.906s] -- Installing: /home/foiegreis/ros2_fndm_ws/install/ros2_fndm_interface/include/ros2_fndm_interface/ros2_fndm_interface/srv/detail/grade_point_average__traits.hpp
[6.906s] -- Up-to-date: /home/foiegreis/ros2_fndm_ws/install/ros2_fndm_interface/include/ros2_fndm_interface/ros2_fndm_interface/srv/detail/add_three_ints__builder.hpp
[6.906s] -- Up-to-date: /home/foiegreis/ros2_fndm_ws/install/ros2_fndm_interface/include/ros2_fndm_interface/ros2_fndm_interface/srv/detail/add_three_ints__struct.hpp
[6.906s] -- Up-to-date: /home/foiegreis/ros2_fndm_ws/install/ros2_fndm_interface/include/ros2_fndm_interface/ros2_fndm_interface/srv/detail/add_three_ints__traits.hpp
[6.906s] -- Installing: /home/foiegreis/ros2_fndm_ws/install/ros2_fndm_interface/include/ros2_fndm_interface/ros2_fndm_interface/srv/detail/grade_point_average__builder.hpp
[6.906s] -- Installing: /home/foiegreis/ros2_fndm_ws/install/ros2_fndm_interface/include/ros2_fndm_interface/ros2_fndm_interface/srv/detail/grade_point_average__struct.hpp
[6.907s] -- Up-to-date: /home/foiegreis/ros2_fndm_ws/install/ros2_fndm_interface/include/ros2_fndm_interface/ros2_fndm_interface/msg
[6.907s] -- Up-to-date: /home/foiegreis/ros2_fndm_ws/install/ros2_fndm_interface/include/ros2_fndm_interface/ros2_fndm_interface/msg/address_book.hpp
[6.907s] -- Installing: /home/foiegreis/ros2_fndm_ws/install/ros2_fndm_interface/include/ros2_fndm_interface/ros2_fndm_interface/msg/student.hpp
[6.907s] -- Up-to-date: /home/foiegreis/ros2_fndm_ws/install/ros2_fndm_interface/include/ros2_fndm_interface/ros2_fndm_interface/msg/detail
[6.907s] -- Up-to-date: /home/foiegreis/ros2_fndm_ws/install/ros2_fndm_interface/include/ros2_fndm_interface/ros2_fndm_interface/msg/detail/address_book__builder.hpp
[6.907s] -- Installing: /home/foiegreis/ros2_fndm_ws/install/ros2_fndm_interface/include/ros2_fndm_interface/ros2_fndm_interface/msg/detail/student__struct.hpp
[6.907s] -- Up-to-date: /home/foiegreis/ros2_fndm_ws/install/ros2_fndm_interface/include/ros2_fndm_interface/ros2_fndm_interface/msg/detail/address_book__struct.hpp
[6.908s] -- Up-to-date: /home/foiegreis/ros2_fndm_ws/install/ros2_fndm_interface/include/ros2_fndm_interface/ros2_fndm_interface/msg/detail/address_book__traits.hpp
[6.908s] -- Installing: /home/foiegreis/ros2_fndm_ws/install/ros2_fndm_interface/include/ros2_fndm_interface/ros2_fndm_interface/msg/detail/student__traits.hpp
[6.908s] -- Installing: /home/foiegreis/ros2_fndm_ws/install/ros2_fndm_interface/include/ros2_fndm_interface/ros2_fndm_interface/msg/detail/student__builder.hpp
[6.908s] -- Up-to-date: /home/foiegreis/ros2_fndm_ws/install/ros2_fndm_interface/include/ros2_fndm_interface/ros2_fndm_interface/action
[6.908s] -- Installing: /home/foiegreis/ros2_fndm_ws/install/ros2_fndm_interface/include/ros2_fndm_interface/ros2_fndm_interface/action/fibonacci.hpp
[6.908s] -- Up-to-date: /home/foiegreis/ros2_fndm_ws/install/ros2_fndm_interface/include/ros2_fndm_interface/ros2_fndm_interface/action/detail
[6.909s] -- Installing: /home/foiegreis/ros2_fndm_ws/install/ros2_fndm_interface/include/ros2_fndm_interface/ros2_fndm_interface/action/detail/fibonacci__struct.hpp
[6.909s] -- Installing: /home/foiegreis/ros2_fndm_ws/install/ros2_fndm_interface/include/ros2_fndm_interface/ros2_fndm_interface/action/detail/fibonacci__builder.hpp
[6.909s] -- Installing: /home/foiegreis/ros2_fndm_ws/install/ros2_fndm_interface/include/ros2_fndm_interface/ros2_fndm_interface/action/detail/fibonacci__traits.hpp
[6.909s] -- Up-to-date: /home/foiegreis/ros2_fndm_ws/install/ros2_fndm_interface/include/ros2_fndm_interface/ros2_fndm_interface
[6.909s] -- Up-to-date: /home/foiegreis/ros2_fndm_ws/install/ros2_fndm_interface/include/ros2_fndm_interface/ros2_fndm_interface/srv
[6.909s] -- Up-to-date: /home/foiegreis/ros2_fndm_ws/install/ros2_fndm_interface/include/ros2_fndm_interface/ros2_fndm_interface/srv/detail
[6.909s] -- Up-to-date: /home/foiegreis/ros2_fndm_ws/install/ros2_fndm_interface/include/ros2_fndm_interface/ros2_fndm_interface/srv/detail/add_three_ints__rosidl_typesupport_fastrtps_cpp.hpp
[6.910s] -- Installing: /home/foiegreis/ros2_fndm_ws/install/ros2_fndm_interface/include/ros2_fndm_interface/ros2_fndm_interface/srv/detail/grade_point_average__rosidl_typesupport_fastrtps_cpp.hpp
[6.910s] -- Up-to-date: /home/foiegreis/ros2_fndm_ws/install/ros2_fndm_interface/include/ros2_fndm_interface/ros2_fndm_interface/srv/detail/dds_fastrtps
[6.910s] -- Up-to-date: /home/foiegreis/ros2_fndm_ws/install/ros2_fndm_interface/include/ros2_fndm_interface/ros2_fndm_interface/msg
[6.910s] -- Up-to-date: /home/foiegreis/ros2_fndm_ws/install/ros2_fndm_interface/include/ros2_fndm_interface/ros2_fndm_interface/msg/detail
[6.910s] -- Installing: /home/foiegreis/ros2_fndm_ws/install/ros2_fndm_interface/include/ros2_fndm_interface/ros2_fndm_interface/msg/detail/student__rosidl_typesupport_fastrtps_cpp.hpp
[6.910s] -- Up-to-date: /home/foiegreis/ros2_fndm_ws/install/ros2_fndm_interface/include/ros2_fndm_interface/ros2_fndm_interface/msg/detail/address_book__rosidl_typesupport_fastrtps_cpp.hpp
[6.910s] -- Up-to-date: /home/foiegreis/ros2_fndm_ws/install/ros2_fndm_interface/include/ros2_fndm_interface/ros2_fndm_interface/msg/detail/dds_fastrtps
[6.911s] -- Up-to-date: /home/foiegreis/ros2_fndm_ws/install/ros2_fndm_interface/include/ros2_fndm_interface/ros2_fndm_interface/msg/rosidl_typesupport_fastrtps_cpp__visibility_control.h
[6.911s] -- Up-to-date: /home/foiegreis/ros2_fndm_ws/install/ros2_fndm_interface/include/ros2_fndm_interface/ros2_fndm_interface/action
[6.911s] -- Up-to-date: /home/foiegreis/ros2_fndm_ws/install/ros2_fndm_interface/include/ros2_fndm_interface/ros2_fndm_interface/action/detail
[6.911s] -- Installing: /home/foiegreis/ros2_fndm_ws/install/ros2_fndm_interface/include/ros2_fndm_interface/ros2_fndm_interface/action/detail/fibonacci__rosidl_typesupport_fastrtps_cpp.hpp
[6.911s] -- Up-to-date: /home/foiegreis/ros2_fndm_ws/install/ros2_fndm_interface/include/ros2_fndm_interface/ros2_fndm_interface/action/detail/dds_fastrtps
[6.911s] -- Installing: /home/foiegreis/ros2_fndm_ws/install/ros2_fndm_interface/lib/libros2_fndm_interface__rosidl_typesupport_fastrtps_cpp.so
[6.912s] -- Set runtime path of "/home/foiegreis/ros2_fndm_ws/install/ros2_fndm_interface/lib/libros2_fndm_interface__rosidl_typesupport_fastrtps_cpp.so" to ""
[6.912s] -- Up-to-date: /home/foiegreis/ros2_fndm_ws/install/ros2_fndm_interface/include/ros2_fndm_interface/ros2_fndm_interface
[6.912s] -- Up-to-date: /home/foiegreis/ros2_fndm_ws/install/ros2_fndm_interface/include/ros2_fndm_interface/ros2_fndm_interface/srv
[6.912s] -- Up-to-date: /home/foiegreis/ros2_fndm_ws/install/ros2_fndm_interface/include/ros2_fndm_interface/ros2_fndm_interface/srv/detail
[6.912s] -- Installing: /home/foiegreis/ros2_fndm_ws/install/ros2_fndm_interface/include/ros2_fndm_interface/ros2_fndm_interface/srv/detail/grade_point_average__rosidl_typesupport_introspection_cpp.hpp
[6.912s] -- Up-to-date: /home/foiegreis/ros2_fndm_ws/install/ros2_fndm_interface/include/ros2_fndm_interface/ros2_fndm_interface/srv/detail/add_three_ints__rosidl_typesupport_introspection_cpp.hpp
[6.912s] -- Installing: /home/foiegreis/ros2_fndm_ws/install/ros2_fndm_interface/include/ros2_fndm_interface/ros2_fndm_interface/srv/detail/grade_point_average__type_support.cpp
[6.913s] -- Up-to-date: /home/foiegreis/ros2_fndm_ws/install/ros2_fndm_interface/include/ros2_fndm_interface/ros2_fndm_interface/srv/detail/add_three_ints__type_support.cpp
[6.913s] -- Up-to-date: /home/foiegreis/ros2_fndm_ws/install/ros2_fndm_interface/include/ros2_fndm_interface/ros2_fndm_interface/msg
[6.913s] -- Up-to-date: /home/foiegreis/ros2_fndm_ws/install/ros2_fndm_interface/include/ros2_fndm_interface/ros2_fndm_interface/msg/detail
[6.913s] -- Up-to-date: /home/foiegreis/ros2_fndm_ws/install/ros2_fndm_interface/include/ros2_fndm_interface/ros2_fndm_interface/msg/detail/address_book__rosidl_typesupport_introspection_cpp.hpp
[6.913s] -- Installing: /home/foiegreis/ros2_fndm_ws/install/ros2_fndm_interface/include/ros2_fndm_interface/ros2_fndm_interface/msg/detail/student__type_support.cpp
[6.913s] -- Installing: /home/foiegreis/ros2_fndm_ws/install/ros2_fndm_interface/include/ros2_fndm_interface/ros2_fndm_interface/msg/detail/student__rosidl_typesupport_introspection_cpp.hpp
[6.913s] -- Up-to-date: /home/foiegreis/ros2_fndm_ws/install/ros2_fndm_interface/include/ros2_fndm_interface/ros2_fndm_interface/msg/detail/address_book__type_support.cpp
[6.914s] -- Up-to-date: /home/foiegreis/ros2_fndm_ws/install/ros2_fndm_interface/include/ros2_fndm_interface/ros2_fndm_interface/action
[6.914s] -- Up-to-date: /home/foiegreis/ros2_fndm_ws/install/ros2_fndm_interface/include/ros2_fndm_interface/ros2_fndm_interface/action/detail
[6.914s] -- Installing: /home/foiegreis/ros2_fndm_ws/install/ros2_fndm_interface/include/ros2_fndm_interface/ros2_fndm_interface/action/detail/fibonacci__rosidl_typesupport_introspection_cpp.hpp
[6.914s] -- Installing: /home/foiegreis/ros2_fndm_ws/install/ros2_fndm_interface/include/ros2_fndm_interface/ros2_fndm_interface/action/detail/fibonacci__type_support.cpp
[6.914s] -- Installing: /home/foiegreis/ros2_fndm_ws/install/ros2_fndm_interface/lib/libros2_fndm_interface__rosidl_typesupport_introspection_cpp.so
[6.914s] -- Set runtime path of "/home/foiegreis/ros2_fndm_ws/install/ros2_fndm_interface/lib/libros2_fndm_interface__rosidl_typesupport_introspection_cpp.so" to ""
[6.914s] -- Installing: /home/foiegreis/ros2_fndm_ws/install/ros2_fndm_interface/lib/libros2_fndm_interface__rosidl_typesupport_cpp.so
[6.914s] -- Set runtime path of "/home/foiegreis/ros2_fndm_ws/install/ros2_fndm_interface/lib/libros2_fndm_interface__rosidl_typesupport_cpp.so" to ""
[6.914s] -- Up-to-date: /home/foiegreis/ros2_fndm_ws/install/ros2_fndm_interface/share/ros2_fndm_interface/environment/pythonpath.sh
[6.915s] -- Up-to-date: /home/foiegreis/ros2_fndm_ws/install/ros2_fndm_interface/share/ros2_fndm_interface/environment/pythonpath.dsv
[6.915s] -- Up-to-date: /home/foiegreis/ros2_fndm_ws/install/ros2_fndm_interface/lib/python3.10/site-packages/ros2_fndm_interface-0.0.0-py3.10.egg-info
[6.915s] -- Installing: /home/foiegreis/ros2_fndm_ws/install/ros2_fndm_interface/lib/python3.10/site-packages/ros2_fndm_interface-0.0.0-py3.10.egg-info/PKG-INFO
[6.915s] -- Installing: /home/foiegreis/ros2_fndm_ws/install/ros2_fndm_interface/lib/python3.10/site-packages/ros2_fndm_interface-0.0.0-py3.10.egg-info/dependency_links.txt
[6.915s] -- Installing: /home/foiegreis/ros2_fndm_ws/install/ros2_fndm_interface/lib/python3.10/site-packages/ros2_fndm_interface-0.0.0-py3.10.egg-info/SOURCES.txt
[6.915s] -- Installing: /home/foiegreis/ros2_fndm_ws/install/ros2_fndm_interface/lib/python3.10/site-packages/ros2_fndm_interface-0.0.0-py3.10.egg-info/top_level.txt
[6.915s] -- Up-to-date: /home/foiegreis/ros2_fndm_ws/install/ros2_fndm_interface/lib/python3.10/site-packages/ros2_fndm_interface
[6.915s] -- Installing: /home/foiegreis/ros2_fndm_ws/install/ros2_fndm_interface/lib/python3.10/site-packages/ros2_fndm_interface/__init__.py
[6.915s] -- Installing: /home/foiegreis/ros2_fndm_ws/install/ros2_fndm_interface/lib/python3.10/site-packages/ros2_fndm_interface/ros2_fndm_interface_s__rosidl_typesupport_fastrtps_c.cpython-310-x86_64-linux-gnu.so
[6.915s] -- Installing: /home/foiegreis/ros2_fndm_ws/install/ros2_fndm_interface/lib/python3.10/site-packages/ros2_fndm_interface/ros2_fndm_interface_s__rosidl_typesupport_c.cpython-310-x86_64-linux-gnu.so
[6.915s] -- Installing: /home/foiegreis/ros2_fndm_ws/install/ros2_fndm_interface/lib/python3.10/site-packages/ros2_fndm_interface/_ros2_fndm_interface_s.ep.rosidl_typesupport_fastrtps_c.c
[6.915s] -- Installing: /home/foiegreis/ros2_fndm_ws/install/ros2_fndm_interface/lib/python3.10/site-packages/ros2_fndm_interface/_ros2_fndm_interface_s.ep.rosidl_typesupport_introspection_c.c
[6.916s] -- Installing: /home/foiegreis/ros2_fndm_ws/install/ros2_fndm_interface/lib/python3.10/site-packages/ros2_fndm_interface/_ros2_fndm_interface_s.ep.rosidl_typesupport_c.c
[6.916s] -- Up-to-date: /home/foiegreis/ros2_fndm_ws/install/ros2_fndm_interface/lib/python3.10/site-packages/ros2_fndm_interface/srv
[6.916s] -- Installing: /home/foiegreis/ros2_fndm_ws/install/ros2_fndm_interface/lib/python3.10/site-packages/ros2_fndm_interface/srv/__init__.py
[6.916s] -- Up-to-date: /home/foiegreis/ros2_fndm_ws/install/ros2_fndm_interface/lib/python3.10/site-packages/ros2_fndm_interface/srv/_add_three_ints_s.c
[6.916s] -- Installing: /home/foiegreis/ros2_fndm_ws/install/ros2_fndm_interface/lib/python3.10/site-packages/ros2_fndm_interface/srv/_grade_point_average_s.c
[6.916s] -- Up-to-date: /home/foiegreis/ros2_fndm_ws/install/ros2_fndm_interface/lib/python3.10/site-packages/ros2_fndm_interface/srv/_add_three_ints.py
[6.916s] -- Installing: /home/foiegreis/ros2_fndm_ws/install/ros2_fndm_interface/lib/python3.10/site-packages/ros2_fndm_interface/srv/_grade_point_average.py
[6.917s] -- Installing: /home/foiegreis/ros2_fndm_ws/install/ros2_fndm_interface/lib/python3.10/site-packages/ros2_fndm_interface/libros2_fndm_interface__rosidl_generator_py.so
[6.917s] -- Installing: /home/foiegreis/ros2_fndm_ws/install/ros2_fndm_interface/lib/python3.10/site-packages/ros2_fndm_interface/ros2_fndm_interface_s__rosidl_typesupport_introspection_c.cpython-310-x86_64-linux-gnu.so
[6.917s] -- Up-to-date: /home/foiegreis/ros2_fndm_ws/install/ros2_fndm_interface/lib/python3.10/site-packages/ros2_fndm_interface/msg
[6.917s] -- Installing: /home/foiegreis/ros2_fndm_ws/install/ros2_fndm_interface/lib/python3.10/site-packages/ros2_fndm_interface/msg/__init__.py
[6.917s] -- Installing: /home/foiegreis/ros2_fndm_ws/install/ros2_fndm_interface/lib/python3.10/site-packages/ros2_fndm_interface/msg/_student_s.c
[6.917s] -- Up-to-date: /home/foiegreis/ros2_fndm_ws/install/ros2_fndm_interface/lib/python3.10/site-packages/ros2_fndm_interface/msg/_address_book.py
[6.917s] -- Up-to-date: /home/foiegreis/ros2_fndm_ws/install/ros2_fndm_interface/lib/python3.10/site-packages/ros2_fndm_interface/msg/_address_book_s.c
[6.917s] -- Installing: /home/foiegreis/ros2_fndm_ws/install/ros2_fndm_interface/lib/python3.10/site-packages/ros2_fndm_interface/msg/_student.py
[6.917s] -- Up-to-date: /home/foiegreis/ros2_fndm_ws/install/ros2_fndm_interface/lib/python3.10/site-packages/ros2_fndm_interface/action
[6.917s] -- Installing: /home/foiegreis/ros2_fndm_ws/install/ros2_fndm_interface/lib/python3.10/site-packages/ros2_fndm_interface/action/_fibonacci.py
[6.918s] -- Installing: /home/foiegreis/ros2_fndm_ws/install/ros2_fndm_interface/lib/python3.10/site-packages/ros2_fndm_interface/action/__init__.py
[6.918s] -- Installing: /home/foiegreis/ros2_fndm_ws/install/ros2_fndm_interface/lib/python3.10/site-packages/ros2_fndm_interface/action/_fibonacci_s.c
[6.965s] Listing '/home/foiegreis/ros2_fndm_ws/install/ros2_fndm_interface/lib/python3.10/site-packages/ros2_fndm_interface'...
[6.965s] Compiling '/home/foiegreis/ros2_fndm_ws/install/ros2_fndm_interface/lib/python3.10/site-packages/ros2_fndm_interface/__init__.py'...
[6.965s] Listing '/home/foiegreis/ros2_fndm_ws/install/ros2_fndm_interface/lib/python3.10/site-packages/ros2_fndm_interface/action'...
[6.965s] Compiling '/home/foiegreis/ros2_fndm_ws/install/ros2_fndm_interface/lib/python3.10/site-packages/ros2_fndm_interface/action/__init__.py'...
[6.965s] Compiling '/home/foiegreis/ros2_fndm_ws/install/ros2_fndm_interface/lib/python3.10/site-packages/ros2_fndm_interface/action/_fibonacci.py'...
[6.965s] Listing '/home/foiegreis/ros2_fndm_ws/install/ros2_fndm_interface/lib/python3.10/site-packages/ros2_fndm_interface/msg'...
[6.966s] Compiling '/home/foiegreis/ros2_fndm_ws/install/ros2_fndm_interface/lib/python3.10/site-packages/ros2_fndm_interface/msg/__init__.py'...
[6.966s] Compiling '/home/foiegreis/ros2_fndm_ws/install/ros2_fndm_interface/lib/python3.10/site-packages/ros2_fndm_interface/msg/_student.py'...
[6.966s] Listing '/home/foiegreis/ros2_fndm_ws/install/ros2_fndm_interface/lib/python3.10/site-packages/ros2_fndm_interface/srv'...
[6.966s] Compiling '/home/foiegreis/ros2_fndm_ws/install/ros2_fndm_interface/lib/python3.10/site-packages/ros2_fndm_interface/srv/__init__.py'...
[6.966s] Compiling '/home/foiegreis/ros2_fndm_ws/install/ros2_fndm_interface/lib/python3.10/site-packages/ros2_fndm_interface/srv/_grade_point_average.py'...
[6.969s] -- Installing: /home/foiegreis/ros2_fndm_ws/install/ros2_fndm_interface/lib/python3.10/site-packages/ros2_fndm_interface/ros2_fndm_interface_s__rosidl_typesupport_fastrtps_c.cpython-310-x86_64-linux-gnu.so
[6.970s] -- Set runtime path of "/home/foiegreis/ros2_fndm_ws/install/ros2_fndm_interface/lib/python3.10/site-packages/ros2_fndm_interface/ros2_fndm_interface_s__rosidl_typesupport_fastrtps_c.cpython-310-x86_64-linux-gnu.so" to ""
[6.970s] -- Installing: /home/foiegreis/ros2_fndm_ws/install/ros2_fndm_interface/lib/python3.10/site-packages/ros2_fndm_interface/ros2_fndm_interface_s__rosidl_typesupport_introspection_c.cpython-310-x86_64-linux-gnu.so
[6.970s] -- Set runtime path of "/home/foiegreis/ros2_fndm_ws/install/ros2_fndm_interface/lib/python3.10/site-packages/ros2_fndm_interface/ros2_fndm_interface_s__rosidl_typesupport_introspection_c.cpython-310-x86_64-linux-gnu.so" to ""
[6.971s] -- Installing: /home/foiegreis/ros2_fndm_ws/install/ros2_fndm_interface/lib/python3.10/site-packages/ros2_fndm_interface/ros2_fndm_interface_s__rosidl_typesupport_c.cpython-310-x86_64-linux-gnu.so
[6.971s] -- Set runtime path of "/home/foiegreis/ros2_fndm_ws/install/ros2_fndm_interface/lib/python3.10/site-packages/ros2_fndm_interface/ros2_fndm_interface_s__rosidl_typesupport_c.cpython-310-x86_64-linux-gnu.so" to ""
[6.971s] -- Installing: /home/foiegreis/ros2_fndm_ws/install/ros2_fndm_interface/lib/libros2_fndm_interface__rosidl_generator_py.so
[6.972s] -- Set runtime path of "/home/foiegreis/ros2_fndm_ws/install/ros2_fndm_interface/lib/libros2_fndm_interface__rosidl_generator_py.so" to ""
[6.972s] -- Installing: /home/foiegreis/ros2_fndm_ws/install/ros2_fndm_interface/share/ros2_fndm_interface/msg/Student.idl
[6.972s] -- Installing: /home/foiegreis/ros2_fndm_ws/install/ros2_fndm_interface/share/ros2_fndm_interface/srv/GradePointAverage.idl
[6.972s] -- Up-to-date: /home/foiegreis/ros2_fndm_ws/install/ros2_fndm_interface/share/ros2_fndm_interface/action/Fibonacci.idl
[6.972s] -- Installing: /home/foiegreis/ros2_fndm_ws/install/ros2_fndm_interface/share/ros2_fndm_interface/msg/Student.msg
[6.973s] -- Installing: /home/foiegreis/ros2_fndm_ws/install/ros2_fndm_interface/share/ros2_fndm_interface/srv/GradePointAverage.srv
[6.973s] -- Installing: /home/foiegreis/ros2_fndm_ws/install/ros2_fndm_interface/share/ros2_fndm_interface/srv/GradePointAverage_Request.msg
[6.973s] -- Installing: /home/foiegreis/ros2_fndm_ws/install/ros2_fndm_interface/share/ros2_fndm_interface/srv/GradePointAverage_Response.msg
[6.973s] -- Up-to-date: /home/foiegreis/ros2_fndm_ws/install/ros2_fndm_interface/share/ros2_fndm_interface/action/Fibonacci.action
[6.973s] -- Up-to-date: /home/foiegreis/ros2_fndm_ws/install/ros2_fndm_interface/share/ament_index/resource_index/package_run_dependencies/ros2_fndm_interface
[6.973s] -- Installing: /home/foiegreis/ros2_fndm_ws/install/ros2_fndm_interface/share/ament_index/resource_index/parent_prefix_path/ros2_fndm_interface
[6.973s] -- Up-to-date: /home/foiegreis/ros2_fndm_ws/install/ros2_fndm_interface/share/ros2_fndm_interface/environment/ament_prefix_path.sh
[6.973s] -- Up-to-date: /home/foiegreis/ros2_fndm_ws/install/ros2_fndm_interface/share/ros2_fndm_interface/environment/ament_prefix_path.dsv
[6.973s] -- Up-to-date: /home/foiegreis/ros2_fndm_ws/install/ros2_fndm_interface/share/ros2_fndm_interface/environment/path.sh
[6.973s] -- Up-to-date: /home/foiegreis/ros2_fndm_ws/install/ros2_fndm_interface/share/ros2_fndm_interface/environment/path.dsv
[6.973s] -- Up-to-date: /home/foiegreis/ros2_fndm_ws/install/ros2_fndm_interface/share/ros2_fndm_interface/local_setup.bash
[6.974s] -- Up-to-date: /home/foiegreis/ros2_fndm_ws/install/ros2_fndm_interface/share/ros2_fndm_interface/local_setup.sh
[6.974s] -- Up-to-date: /home/foiegreis/ros2_fndm_ws/install/ros2_fndm_interface/share/ros2_fndm_interface/local_setup.zsh
[6.974s] -- Up-to-date: /home/foiegreis/ros2_fndm_ws/install/ros2_fndm_interface/share/ros2_fndm_interface/local_setup.dsv
[6.974s] -- Installing: /home/foiegreis/ros2_fndm_ws/install/ros2_fndm_interface/share/ros2_fndm_interface/package.dsv
[6.974s] -- Up-to-date: /home/foiegreis/ros2_fndm_ws/install/ros2_fndm_interface/share/ament_index/resource_index/packages/ros2_fndm_interface
[6.974s] -- Up-to-date: /home/foiegreis/ros2_fndm_ws/install/ros2_fndm_interface/share/ros2_fndm_interface/cmake/export_ros2_fndm_interface__rosidl_generator_cExport.cmake
[6.974s] -- Up-to-date: /home/foiegreis/ros2_fndm_ws/install/ros2_fndm_interface/share/ros2_fndm_interface/cmake/export_ros2_fndm_interface__rosidl_generator_cExport-noconfig.cmake
[6.974s] -- Up-to-date: /home/foiegreis/ros2_fndm_ws/install/ros2_fndm_interface/share/ros2_fndm_interface/cmake/export_ros2_fndm_interface__rosidl_typesupport_fastrtps_cExport.cmake
[6.974s] -- Up-to-date: /home/foiegreis/ros2_fndm_ws/install/ros2_fndm_interface/share/ros2_fndm_interface/cmake/export_ros2_fndm_interface__rosidl_typesupport_fastrtps_cExport-noconfig.cmake
[6.974s] -- Up-to-date: /home/foiegreis/ros2_fndm_ws/install/ros2_fndm_interface/share/ros2_fndm_interface/cmake/ros2_fndm_interface__rosidl_typesupport_introspection_cExport.cmake
[6.974s] -- Up-to-date: /home/foiegreis/ros2_fndm_ws/install/ros2_fndm_interface/share/ros2_fndm_interface/cmake/ros2_fndm_interface__rosidl_typesupport_introspection_cExport-noconfig.cmake
[6.975s] -- Up-to-date: /home/foiegreis/ros2_fndm_ws/install/ros2_fndm_interface/share/ros2_fndm_interface/cmake/ros2_fndm_interface__rosidl_typesupport_cExport.cmake
[6.975s] -- Up-to-date: /home/foiegreis/ros2_fndm_ws/install/ros2_fndm_interface/share/ros2_fndm_interface/cmake/ros2_fndm_interface__rosidl_typesupport_cExport-noconfig.cmake
[6.975s] -- Up-to-date: /home/foiegreis/ros2_fndm_ws/install/ros2_fndm_interface/share/ros2_fndm_interface/cmake/export_ros2_fndm_interface__rosidl_generator_cppExport.cmake
[6.975s] -- Up-to-date: /home/foiegreis/ros2_fndm_ws/install/ros2_fndm_interface/share/ros2_fndm_interface/cmake/export_ros2_fndm_interface__rosidl_typesupport_fastrtps_cppExport.cmake
[6.975s] -- Up-to-date: /home/foiegreis/ros2_fndm_ws/install/ros2_fndm_interface/share/ros2_fndm_interface/cmake/export_ros2_fndm_interface__rosidl_typesupport_fastrtps_cppExport-noconfig.cmake
[6.975s] -- Up-to-date: /home/foiegreis/ros2_fndm_ws/install/ros2_fndm_interface/share/ros2_fndm_interface/cmake/ros2_fndm_interface__rosidl_typesupport_introspection_cppExport.cmake
[6.975s] -- Up-to-date: /home/foiegreis/ros2_fndm_ws/install/ros2_fndm_interface/share/ros2_fndm_interface/cmake/ros2_fndm_interface__rosidl_typesupport_introspection_cppExport-noconfig.cmake
[6.975s] -- Up-to-date: /home/foiegreis/ros2_fndm_ws/install/ros2_fndm_interface/share/ros2_fndm_interface/cmake/ros2_fndm_interface__rosidl_typesupport_cppExport.cmake
[6.975s] -- Up-to-date: /home/foiegreis/ros2_fndm_ws/install/ros2_fndm_interface/share/ros2_fndm_interface/cmake/ros2_fndm_interface__rosidl_typesupport_cppExport-noconfig.cmake
[6.975s] -- Up-to-date: /home/foiegreis/ros2_fndm_ws/install/ros2_fndm_interface/share/ros2_fndm_interface/cmake/export_ros2_fndm_interface__rosidl_generator_pyExport.cmake
[6.976s] -- Up-to-date: /home/foiegreis/ros2_fndm_ws/install/ros2_fndm_interface/share/ros2_fndm_interface/cmake/export_ros2_fndm_interface__rosidl_generator_pyExport-noconfig.cmake
[6.976s] -- Installing: /home/foiegreis/ros2_fndm_ws/install/ros2_fndm_interface/share/ros2_fndm_interface/cmake/rosidl_cmake-extras.cmake
[6.976s] -- Up-to-date: /home/foiegreis/ros2_fndm_ws/install/ros2_fndm_interface/share/ros2_fndm_interface/cmake/ament_cmake_export_dependencies-extras.cmake
[6.976s] -- Up-to-date: /home/foiegreis/ros2_fndm_ws/install/ros2_fndm_interface/share/ros2_fndm_interface/cmake/ament_cmake_export_include_directories-extras.cmake
[6.976s] -- Up-to-date: /home/foiegreis/ros2_fndm_ws/install/ros2_fndm_interface/share/ros2_fndm_interface/cmake/ament_cmake_export_libraries-extras.cmake
[6.976s] -- Up-to-date: /home/foiegreis/ros2_fndm_ws/install/ros2_fndm_interface/share/ros2_fndm_interface/cmake/ament_cmake_export_targets-extras.cmake
[6.976s] -- Up-to-date: /home/foiegreis/ros2_fndm_ws/install/ros2_fndm_interface/share/ros2_fndm_interface/cmake/rosidl_cmake_export_typesupport_targets-extras.cmake
[6.976s] -- Up-to-date: /home/foiegreis/ros2_fndm_ws/install/ros2_fndm_interface/share/ros2_fndm_interface/cmake/rosidl_cmake_export_typesupport_libraries-extras.cmake
[6.976s] -- Up-to-date: /home/foiegreis/ros2_fndm_ws/install/ros2_fndm_interface/share/ros2_fndm_interface/cmake/ros2_fndm_interfaceConfig.cmake
[6.976s] -- Up-to-date: /home/foiegreis/ros2_fndm_ws/install/ros2_fndm_interface/share/ros2_fndm_interface/cmake/ros2_fndm_interfaceConfig-version.cmake
[6.976s] -- Up-to-date: /home/foiegreis/ros2_fndm_ws/install/ros2_fndm_interface/share/ros2_fndm_interface/package.xml
[6.979s] Invoked command in '/home/foiegreis/ros2_fndm_ws/build/ros2_fndm_interface' returned '0': CMAKE_PREFIX_PATH=${CMAKE_PREFIX_PATH}:/home/foiegreis/ros2_fndm_ws/install/py_actions:/home/foiegreis/ros2_fndm_ws/install/py_pkg:/home/foiegreis/ros2_ws_book/install/py_pkg:/home/foiegreis/ros2_ws/install/my_py_pkg:/home/foiegreis/ros2_ws/install/lab4:/home/foiegreis/ros2_ws/install/lab3:/home/foiegreis/ros2_ws/install/lab2:/home/foiegreis/ros2_ws/install/lab1:/opt/ros/iron /usr/bin/cmake --install /home/foiegreis/ros2_fndm_ws/build/ros2_fndm_interface
