[0.173s] Invoking command in '/home/foiegreis/ros2_fndm_ws/build/cpp_actions': CMAKE_PREFIX_PATH=/home/foiegreis/ros2_fndm_ws/install/ros2_fndm_interface:/home/foiegreis/ros2_fndm_ws/install/ros2_fndm_bringup:/home/foiegreis/ros2_fndm_ws/install/cpp_actions:/home/foiegreis/ros2_fndm_ws/install/cpp_py_pkg:/home/foiegreis/ros2_fndm_ws/install/cpp_pkg:/home/foiegreis/ros2_ws_book/install/cpp_pkg:/home/foiegreis/ros2_ws/install/my_bringup:/home/foiegreis/ros2_ws/install/my_interface:/home/foiegreis/ros2_ws/install/my_description:/home/foiegreis/ros2_ws_yolo3d/install/yolo3d:/home/foiegreis/ros2_ws_yolo3d/install/omni_robot_description:/home/foiegreis/ros2_ws_yolo3d/install/omni_control:/home/foiegreis/ros2_ws_yolo3d/install/gazebo_simulation:/home/foiegreis/ros2_fndm_ws/install/py_actions:/home/foiegreis/ros2_fndm_ws/install/py_pkg:/home/foiegreis/ros2_ws_book/install/py_pkg:/home/foiegreis/ros2_ws/install/my_py_pkg:/home/foiegreis/ros2_ws/install/lab4:/home/foiegreis/ros2_ws/install/lab3:/home/foiegreis/ros2_ws/install/lab2:/home/foiegreis/ros2_ws/install/lab1:/opt/ros/iron: PYTHONPATH=/home/foiegreis/ros2_fndm_ws/install/ros2_fndm_interface/lib/python3.10/site-packages:/home/foiegreis/ros2_fndm_ws/build/py_actions:/home/foiegreis/ros2_fndm_ws/install/py_actions/lib/python3.10/site-packages:/home/foiegreis/ros2_fndm_ws/install/my_ros2_interface/lib/python3.10/site-packages:/home/foiegreis/ros2_fndm_ws/install/cpp_py_pkg/lib/python3.10/site-packages:/home/foiegreis/ros2_fndm_ws/build/py_pkg:/home/foiegreis/ros2_fndm_ws/install/py_pkg/lib/python3.10/site-packages:/home/foiegreis/ros2_ws_book/install/py_pkg/lib/python3.10/site-packages:/home/foiegreis/ros2_ws/install/my_py_pkg/lib/python3.10/site-packages:/home/foiegreis/ros2_ws/install/lab4/lib/python3.10/site-packages:/home/foiegreis/ros2_ws/install/lab3/lib/python3.10/site-packages:/home/foiegreis/ros2_ws/install/my_interface/lib/python3.10/site-packages:/home/foiegreis/ros2_ws/install/lab2/lib/python3.10/site-packages:/home/foiegreis/ros2_ws/install/lab1/lib/python3.10/site-packages:/opt/ros/iron/lib/python3.10/site-packages /usr/bin/cmake --build /home/foiegreis/ros2_fndm_ws/build/cpp_actions -- -j12 -l12
[0.209s] -- Found ament_cmake: 2.0.4 (/opt/ros/iron/share/ament_cmake/cmake)
[0.361s] -- Found rclcpp: 21.0.5 (/opt/ros/iron/share/rclcpp/cmake)
[0.393s] -- Found rosidl_generator_c: 4.0.1 (/opt/ros/iron/share/rosidl_generator_c/cmake)
[0.401s] -- Found rosidl_generator_cpp: 4.0.1 (/opt/ros/iron/share/rosidl_generator_cpp/cmake)
[0.414s] -- Using all available rosidl_typesupport_c: rosidl_typesupport_fastrtps_c;rosidl_typesupport_introspection_c
[0.430s] -- Using all available rosidl_typesupport_cpp: rosidl_typesupport_fastrtps_cpp;rosidl_typesupport_introspection_cpp
[0.594s] -- Found rmw_implementation_cmake: 7.1.0 (/opt/ros/iron/share/rmw_implementation_cmake/cmake)
[0.595s] -- Found rmw_fastrtps_cpp: 7.1.3 (/opt/ros/iron/share/rmw_fastrtps_cpp/cmake)
[0.731s] -- Using RMW implementation 'rmw_fastrtps_cpp' as default
[0.892s] -- Found rclcpp_action: 21.0.5 (/opt/ros/iron/share/rclcpp_action/cmake)
[1.016s] -- Found rclcpp_components: 21.0.5 (/opt/ros/iron/share/rclcpp_components/cmake)
[1.122s] -- Found ros2_fndm_interface: 0.0.0 (/home/foiegreis/ros2_fndm_ws/install/ros2_fndm_interface/share/ros2_fndm_interface/cmake)
[1.279s] -- Configuring done
[1.297s] -- Generating done
[1.299s] -- Build files have been written to: /home/foiegreis/ros2_fndm_ws/build/cpp_actions
[1.324s] [35m[1mConsolidate compiler generated dependencies of target fibonacci_server[0m
[1.326s] [35m[1mConsolidate compiler generated dependencies of target fibonacci_client[0m
[1.345s] [ 25%] [32mBuilding CXX object CMakeFiles/fibonacci_server.dir/src/fibonacci_server.cpp.o[0m
[1.346s] [ 50%] [32mBuilding CXX object CMakeFiles/fibonacci_client.dir/src/fibonacci_client.cpp.o[0m
[5.979s] [ 75%] [32m[1mLinking CXX executable fibonacci_server[0m
[6.198s] [ 75%] Built target fibonacci_server
[6.255s] [100%] [32m[1mLinking CXX executable fibonacci_client[0m
[6.480s] [100%] Built target fibonacci_client
[6.491s] Invoked command in '/home/foiegreis/ros2_fndm_ws/build/cpp_actions' returned '0': CMAKE_PREFIX_PATH=/home/foiegreis/ros2_fndm_ws/install/ros2_fndm_interface:/home/foiegreis/ros2_fndm_ws/install/ros2_fndm_bringup:/home/foiegreis/ros2_fndm_ws/install/cpp_actions:/home/foiegreis/ros2_fndm_ws/install/cpp_py_pkg:/home/foiegreis/ros2_fndm_ws/install/cpp_pkg:/home/foiegreis/ros2_ws_book/install/cpp_pkg:/home/foiegreis/ros2_ws/install/my_bringup:/home/foiegreis/ros2_ws/install/my_interface:/home/foiegreis/ros2_ws/install/my_description:/home/foiegreis/ros2_ws_yolo3d/install/yolo3d:/home/foiegreis/ros2_ws_yolo3d/install/omni_robot_description:/home/foiegreis/ros2_ws_yolo3d/install/omni_control:/home/foiegreis/ros2_ws_yolo3d/install/gazebo_simulation:/home/foiegreis/ros2_fndm_ws/install/py_actions:/home/foiegreis/ros2_fndm_ws/install/py_pkg:/home/foiegreis/ros2_ws_book/install/py_pkg:/home/foiegreis/ros2_ws/install/my_py_pkg:/home/foiegreis/ros2_ws/install/lab4:/home/foiegreis/ros2_ws/install/lab3:/home/foiegreis/ros2_ws/install/lab2:/home/foiegreis/ros2_ws/install/lab1:/opt/ros/iron: PYTHONPATH=/home/foiegreis/ros2_fndm_ws/install/ros2_fndm_interface/lib/python3.10/site-packages:/home/foiegreis/ros2_fndm_ws/build/py_actions:/home/foiegreis/ros2_fndm_ws/install/py_actions/lib/python3.10/site-packages:/home/foiegreis/ros2_fndm_ws/install/my_ros2_interface/lib/python3.10/site-packages:/home/foiegreis/ros2_fndm_ws/install/cpp_py_pkg/lib/python3.10/site-packages:/home/foiegreis/ros2_fndm_ws/build/py_pkg:/home/foiegreis/ros2_fndm_ws/install/py_pkg/lib/python3.10/site-packages:/home/foiegreis/ros2_ws_book/install/py_pkg/lib/python3.10/site-packages:/home/foiegreis/ros2_ws/install/my_py_pkg/lib/python3.10/site-packages:/home/foiegreis/ros2_ws/install/lab4/lib/python3.10/site-packages:/home/foiegreis/ros2_ws/install/lab3/lib/python3.10/site-packages:/home/foiegreis/ros2_ws/install/my_interface/lib/python3.10/site-packages:/home/foiegreis/ros2_ws/install/lab2/lib/python3.10/site-packages:/home/foiegreis/ros2_ws/install/lab1/lib/python3.10/site-packages:/opt/ros/iron/lib/python3.10/site-packages /usr/bin/cmake --build /home/foiegreis/ros2_fndm_ws/build/cpp_actions -- -j12 -l12
[6.531s] Invoking command in '/home/foiegreis/ros2_fndm_ws/build/cpp_actions': CMAKE_PREFIX_PATH=/home/foiegreis/ros2_fndm_ws/install/ros2_fndm_interface:/home/foiegreis/ros2_fndm_ws/install/ros2_fndm_bringup:/home/foiegreis/ros2_fndm_ws/install/cpp_actions:/home/foiegreis/ros2_fndm_ws/install/cpp_py_pkg:/home/foiegreis/ros2_fndm_ws/install/cpp_pkg:/home/foiegreis/ros2_ws_book/install/cpp_pkg:/home/foiegreis/ros2_ws/install/my_bringup:/home/foiegreis/ros2_ws/install/my_interface:/home/foiegreis/ros2_ws/install/my_description:/home/foiegreis/ros2_ws_yolo3d/install/yolo3d:/home/foiegreis/ros2_ws_yolo3d/install/omni_robot_description:/home/foiegreis/ros2_ws_yolo3d/install/omni_control:/home/foiegreis/ros2_ws_yolo3d/install/gazebo_simulation:/home/foiegreis/ros2_fndm_ws/install/py_actions:/home/foiegreis/ros2_fndm_ws/install/py_pkg:/home/foiegreis/ros2_ws_book/install/py_pkg:/home/foiegreis/ros2_ws/install/my_py_pkg:/home/foiegreis/ros2_ws/install/lab4:/home/foiegreis/ros2_ws/install/lab3:/home/foiegreis/ros2_ws/install/lab2:/home/foiegreis/ros2_ws/install/lab1:/opt/ros/iron: PYTHONPATH=/home/foiegreis/ros2_fndm_ws/install/ros2_fndm_interface/lib/python3.10/site-packages:/home/foiegreis/ros2_fndm_ws/build/py_actions:/home/foiegreis/ros2_fndm_ws/install/py_actions/lib/python3.10/site-packages:/home/foiegreis/ros2_fndm_ws/install/my_ros2_interface/lib/python3.10/site-packages:/home/foiegreis/ros2_fndm_ws/install/cpp_py_pkg/lib/python3.10/site-packages:/home/foiegreis/ros2_fndm_ws/build/py_pkg:/home/foiegreis/ros2_fndm_ws/install/py_pkg/lib/python3.10/site-packages:/home/foiegreis/ros2_ws_book/install/py_pkg/lib/python3.10/site-packages:/home/foiegreis/ros2_ws/install/my_py_pkg/lib/python3.10/site-packages:/home/foiegreis/ros2_ws/install/lab4/lib/python3.10/site-packages:/home/foiegreis/ros2_ws/install/lab3/lib/python3.10/site-packages:/home/foiegreis/ros2_ws/install/my_interface/lib/python3.10/site-packages:/home/foiegreis/ros2_ws/install/lab2/lib/python3.10/site-packages:/home/foiegreis/ros2_ws/install/lab1/lib/python3.10/site-packages:/opt/ros/iron/lib/python3.10/site-packages /usr/bin/cmake --install /home/foiegreis/ros2_fndm_ws/build/cpp_actions
[6.538s] -- Install configuration: ""
[6.539s] -- Installing: /home/foiegreis/ros2_fndm_ws/install/cpp_actions/lib/cpp_actions/fibonacci_server
[6.541s] -- Set runtime path of "/home/foiegreis/ros2_fndm_ws/install/cpp_actions/lib/cpp_actions/fibonacci_server" to ""
[6.541s] -- Installing: /home/foiegreis/ros2_fndm_ws/install/cpp_actions/lib/cpp_actions/fibonacci_client
[6.543s] -- Set runtime path of "/home/foiegreis/ros2_fndm_ws/install/cpp_actions/lib/cpp_actions/fibonacci_client" to ""
[6.543s] -- Up-to-date: /home/foiegreis/ros2_fndm_ws/install/cpp_actions/share/ament_index/resource_index/package_run_dependencies/cpp_actions
[6.543s] -- Installing: /home/foiegreis/ros2_fndm_ws/install/cpp_actions/share/ament_index/resource_index/parent_prefix_path/cpp_actions
[6.544s] -- Up-to-date: /home/foiegreis/ros2_fndm_ws/install/cpp_actions/share/cpp_actions/environment/ament_prefix_path.sh
[6.544s] -- Up-to-date: /home/foiegreis/ros2_fndm_ws/install/cpp_actions/share/cpp_actions/environment/ament_prefix_path.dsv
[6.544s] -- Up-to-date: /home/foiegreis/ros2_fndm_ws/install/cpp_actions/share/cpp_actions/environment/path.sh
[6.544s] -- Up-to-date: /home/foiegreis/ros2_fndm_ws/install/cpp_actions/share/cpp_actions/environment/path.dsv
[6.545s] -- Up-to-date: /home/foiegreis/ros2_fndm_ws/install/cpp_actions/share/cpp_actions/local_setup.bash
[6.546s] -- Up-to-date: /home/foiegreis/ros2_fndm_ws/install/cpp_actions/share/cpp_actions/local_setup.sh
[6.546s] -- Up-to-date: /home/foiegreis/ros2_fndm_ws/install/cpp_actions/share/cpp_actions/local_setup.zsh
[6.547s] -- Up-to-date: /home/foiegreis/ros2_fndm_ws/install/cpp_actions/share/cpp_actions/local_setup.dsv
[6.547s] -- Installing: /home/foiegreis/ros2_fndm_ws/install/cpp_actions/share/cpp_actions/package.dsv
[6.548s] -- Up-to-date: /home/foiegreis/ros2_fndm_ws/install/cpp_actions/share/ament_index/resource_index/packages/cpp_actions
[6.548s] -- Up-to-date: /home/foiegreis/ros2_fndm_ws/install/cpp_actions/share/cpp_actions/cmake/ament_cmake_export_dependencies-extras.cmake
[6.548s] -- Up-to-date: /home/foiegreis/ros2_fndm_ws/install/cpp_actions/share/cpp_actions/cmake/cpp_actionsConfig.cmake
[6.549s] -- Up-to-date: /home/foiegreis/ros2_fndm_ws/install/cpp_actions/share/cpp_actions/cmake/cpp_actionsConfig-version.cmake
[6.549s] -- Up-to-date: /home/foiegreis/ros2_fndm_ws/install/cpp_actions/share/cpp_actions/package.xml
[6.553s] Invoked command in '/home/foiegreis/ros2_fndm_ws/build/cpp_actions' returned '0': CMAKE_PREFIX_PATH=/home/foiegreis/ros2_fndm_ws/install/ros2_fndm_interface:/home/foiegreis/ros2_fndm_ws/install/ros2_fndm_bringup:/home/foiegreis/ros2_fndm_ws/install/cpp_actions:/home/foiegreis/ros2_fndm_ws/install/cpp_py_pkg:/home/foiegreis/ros2_fndm_ws/install/cpp_pkg:/home/foiegreis/ros2_ws_book/install/cpp_pkg:/home/foiegreis/ros2_ws/install/my_bringup:/home/foiegreis/ros2_ws/install/my_interface:/home/foiegreis/ros2_ws/install/my_description:/home/foiegreis/ros2_ws_yolo3d/install/yolo3d:/home/foiegreis/ros2_ws_yolo3d/install/omni_robot_description:/home/foiegreis/ros2_ws_yolo3d/install/omni_control:/home/foiegreis/ros2_ws_yolo3d/install/gazebo_simulation:/home/foiegreis/ros2_fndm_ws/install/py_actions:/home/foiegreis/ros2_fndm_ws/install/py_pkg:/home/foiegreis/ros2_ws_book/install/py_pkg:/home/foiegreis/ros2_ws/install/my_py_pkg:/home/foiegreis/ros2_ws/install/lab4:/home/foiegreis/ros2_ws/install/lab3:/home/foiegreis/ros2_ws/install/lab2:/home/foiegreis/ros2_ws/install/lab1:/opt/ros/iron: PYTHONPATH=/home/foiegreis/ros2_fndm_ws/install/ros2_fndm_interface/lib/python3.10/site-packages:/home/foiegreis/ros2_fndm_ws/build/py_actions:/home/foiegreis/ros2_fndm_ws/install/py_actions/lib/python3.10/site-packages:/home/foiegreis/ros2_fndm_ws/install/my_ros2_interface/lib/python3.10/site-packages:/home/foiegreis/ros2_fndm_ws/install/cpp_py_pkg/lib/python3.10/site-packages:/home/foiegreis/ros2_fndm_ws/build/py_pkg:/home/foiegreis/ros2_fndm_ws/install/py_pkg/lib/python3.10/site-packages:/home/foiegreis/ros2_ws_book/install/py_pkg/lib/python3.10/site-packages:/home/foiegreis/ros2_ws/install/my_py_pkg/lib/python3.10/site-packages:/home/foiegreis/ros2_ws/install/lab4/lib/python3.10/site-packages:/home/foiegreis/ros2_ws/install/lab3/lib/python3.10/site-packages:/home/foiegreis/ros2_ws/install/my_interface/lib/python3.10/site-packages:/home/foiegreis/ros2_ws/install/lab2/lib/python3.10/site-packages:/home/foiegreis/ros2_ws/install/lab1/lib/python3.10/site-packages:/opt/ros/iron/lib/python3.10/site-packages /usr/bin/cmake --install /home/foiegreis/ros2_fndm_ws/build/cpp_actions
