[1.516s] DEBUG:colcon:Command line arguments: ['/usr/bin/colcon', 'build']
[1.516s] DEBUG:colcon:Parsed command line arguments: Namespace(log_base=None, log_level=None, verb_name='build', build_base='build', install_base='install', merge_install=False, symlink_install=False, test_result_base=None, continue_on_error=False, executor='parallel', parallel_workers=12, event_handlers=None, ignore_user_meta=False, metas=['./colcon.meta'], base_paths=['.'], packages_ignore=None, packages_ignore_regex=None, paths=None, packages_up_to=None, packages_up_to_regex=None, packages_above=None, packages_above_and_dependencies=None, packages_above_depth=None, packages_select_by_dep=None, packages_skip_by_dep=None, packages_skip_up_to=None, packages_select_build_failed=False, packages_skip_build_finished=False, packages_select_test_failures=False, packages_skip_test_passed=False, packages_select=None, packages_skip=None, packages_select_regex=None, packages_skip_regex=None, packages_start=None, packages_end=None, allow_overriding=[], cmake_args=None, cmake_target=None, cmake_target_skip_unavailable=False, cmake_clean_cache=False, cmake_clean_first=False, cmake_force_configure=False, ament_cmake_args=None, catkin_cmake_args=None, catkin_skip_building_tests=False, verb_parser=<colcon_defaults.argument_parser.defaults.DefaultArgumentsDecorator object at 0x74a1243efd90>, verb_extension=<colcon_core.verb.build.BuildVerb object at 0x74a1243efd30>, main=<bound method BuildVerb.main of <colcon_core.verb.build.BuildVerb object at 0x74a1243efd30>>)
[1.579s] Level 1:colcon.colcon_core.package_discovery:discover_packages(colcon_meta) check parameters
[1.579s] Level 1:colcon.colcon_core.package_discovery:discover_packages(recursive) check parameters
[1.579s] Level 1:colcon.colcon_core.package_discovery:discover_packages(ignore) check parameters
[1.579s] Level 1:colcon.colcon_core.package_discovery:discover_packages(path) check parameters
[1.579s] Level 1:colcon.colcon_core.package_discovery:discover_packages(colcon_meta) discover
[1.579s] Level 1:colcon.colcon_core.package_discovery:discover_packages(recursive) discover
[1.579s] INFO:colcon.colcon_core.package_discovery:Crawling recursively for packages in '/home/foiegreis/ros2_fndm_ws'
[1.579s] Level 1:colcon.colcon_core.package_identification:_identify(.) by extensions ['ignore', 'ignore_ament_install']
[1.579s] Level 1:colcon.colcon_core.package_identification:_identify(.) by extension 'ignore'
[1.579s] Level 1:colcon.colcon_core.package_identification:_identify(.) by extension 'ignore_ament_install'
[1.579s] Level 1:colcon.colcon_core.package_identification:_identify(.) by extensions ['colcon_pkg']
[1.580s] Level 1:colcon.colcon_core.package_identification:_identify(.) by extension 'colcon_pkg'
[1.580s] Level 1:colcon.colcon_core.package_identification:_identify(.) by extensions ['colcon_meta']
[1.580s] Level 1:colcon.colcon_core.package_identification:_identify(.) by extension 'colcon_meta'
[1.580s] Level 1:colcon.colcon_core.package_identification:_identify(.) by extensions ['ros']
[1.580s] Level 1:colcon.colcon_core.package_identification:_identify(.) by extension 'ros'
[1.590s] Level 1:colcon.colcon_core.package_identification:_identify(.) by extensions ['cmake', 'python']
[1.590s] Level 1:colcon.colcon_core.package_identification:_identify(.) by extension 'cmake'
[1.590s] Level 1:colcon.colcon_core.package_identification:_identify(.) by extension 'python'
[1.590s] Level 1:colcon.colcon_core.package_identification:_identify(.) by extensions ['python_setup_py']
[1.590s] Level 1:colcon.colcon_core.package_identification:_identify(.) by extension 'python_setup_py'
[1.590s] Level 1:colcon.colcon_core.package_identification:_identify(build) by extensions ['ignore', 'ignore_ament_install']
[1.590s] Level 1:colcon.colcon_core.package_identification:_identify(build) by extension 'ignore'
[1.590s] Level 1:colcon.colcon_core.package_identification:_identify(build) ignored
[1.590s] Level 1:colcon.colcon_core.package_identification:_identify(install) by extensions ['ignore', 'ignore_ament_install']
[1.590s] Level 1:colcon.colcon_core.package_identification:_identify(install) by extension 'ignore'
[1.590s] Level 1:colcon.colcon_core.package_identification:_identify(install) ignored
[1.591s] Level 1:colcon.colcon_core.package_identification:_identify(log) by extensions ['ignore', 'ignore_ament_install']
[1.591s] Level 1:colcon.colcon_core.package_identification:_identify(log) by extension 'ignore'
[1.591s] Level 1:colcon.colcon_core.package_identification:_identify(log) ignored
[1.591s] Level 1:colcon.colcon_core.package_identification:_identify(src) by extensions ['ignore', 'ignore_ament_install']
[1.591s] Level 1:colcon.colcon_core.package_identification:_identify(src) by extension 'ignore'
[1.591s] Level 1:colcon.colcon_core.package_identification:_identify(src) by extension 'ignore_ament_install'
[1.591s] Level 1:colcon.colcon_core.package_identification:_identify(src) by extensions ['colcon_pkg']
[1.591s] Level 1:colcon.colcon_core.package_identification:_identify(src) by extension 'colcon_pkg'
[1.591s] Level 1:colcon.colcon_core.package_identification:_identify(src) by extensions ['colcon_meta']
[1.591s] Level 1:colcon.colcon_core.package_identification:_identify(src) by extension 'colcon_meta'
[1.591s] Level 1:colcon.colcon_core.package_identification:_identify(src) by extensions ['ros']
[1.591s] Level 1:colcon.colcon_core.package_identification:_identify(src) by extension 'ros'
[1.591s] Level 1:colcon.colcon_core.package_identification:_identify(src) by extensions ['cmake', 'python']
[1.591s] Level 1:colcon.colcon_core.package_identification:_identify(src) by extension 'cmake'
[1.591s] Level 1:colcon.colcon_core.package_identification:_identify(src) by extension 'python'
[1.591s] Level 1:colcon.colcon_core.package_identification:_identify(src) by extensions ['python_setup_py']
[1.591s] Level 1:colcon.colcon_core.package_identification:_identify(src) by extension 'python_setup_py'
[1.591s] Level 1:colcon.colcon_core.package_identification:_identify(src/build) by extensions ['ignore', 'ignore_ament_install']
[1.591s] Level 1:colcon.colcon_core.package_identification:_identify(src/build) by extension 'ignore'
[1.592s] Level 1:colcon.colcon_core.package_identification:_identify(src/build) ignored
[1.592s] Level 1:colcon.colcon_core.package_identification:_identify(src/cpp_actions) by extensions ['ignore', 'ignore_ament_install']
[1.592s] Level 1:colcon.colcon_core.package_identification:_identify(src/cpp_actions) by extension 'ignore'
[1.592s] Level 1:colcon.colcon_core.package_identification:_identify(src/cpp_actions) by extension 'ignore_ament_install'
[1.592s] Level 1:colcon.colcon_core.package_identification:_identify(src/cpp_actions) by extensions ['colcon_pkg']
[1.592s] Level 1:colcon.colcon_core.package_identification:_identify(src/cpp_actions) by extension 'colcon_pkg'
[1.592s] Level 1:colcon.colcon_core.package_identification:_identify(src/cpp_actions) by extensions ['colcon_meta']
[1.592s] Level 1:colcon.colcon_core.package_identification:_identify(src/cpp_actions) by extension 'colcon_meta'
[1.592s] Level 1:colcon.colcon_core.package_identification:_identify(src/cpp_actions) by extensions ['ros']
[1.592s] Level 1:colcon.colcon_core.package_identification:_identify(src/cpp_actions) by extension 'ros'
[1.594s] DEBUG:colcon.colcon_core.package_identification:Package 'src/cpp_actions' with type 'ros.ament_cmake' and name 'cpp_actions'
[1.595s] Level 1:colcon.colcon_core.package_identification:_identify(src/cpp_pkg) by extensions ['ignore', 'ignore_ament_install']
[1.595s] Level 1:colcon.colcon_core.package_identification:_identify(src/cpp_pkg) by extension 'ignore'
[1.595s] Level 1:colcon.colcon_core.package_identification:_identify(src/cpp_pkg) by extension 'ignore_ament_install'
[1.595s] Level 1:colcon.colcon_core.package_identification:_identify(src/cpp_pkg) by extensions ['colcon_pkg']
[1.595s] Level 1:colcon.colcon_core.package_identification:_identify(src/cpp_pkg) by extension 'colcon_pkg'
[1.595s] Level 1:colcon.colcon_core.package_identification:_identify(src/cpp_pkg) by extensions ['colcon_meta']
[1.595s] Level 1:colcon.colcon_core.package_identification:_identify(src/cpp_pkg) by extension 'colcon_meta'
[1.595s] Level 1:colcon.colcon_core.package_identification:_identify(src/cpp_pkg) by extensions ['ros']
[1.595s] Level 1:colcon.colcon_core.package_identification:_identify(src/cpp_pkg) by extension 'ros'
[1.595s] DEBUG:colcon.colcon_core.package_identification:Package 'src/cpp_pkg' with type 'ros.ament_cmake' and name 'cpp_pkg'
[1.596s] Level 1:colcon.colcon_core.package_identification:_identify(src/cpp_py_pkg) by extensions ['ignore', 'ignore_ament_install']
[1.596s] Level 1:colcon.colcon_core.package_identification:_identify(src/cpp_py_pkg) by extension 'ignore'
[1.596s] Level 1:colcon.colcon_core.package_identification:_identify(src/cpp_py_pkg) by extension 'ignore_ament_install'
[1.596s] Level 1:colcon.colcon_core.package_identification:_identify(src/cpp_py_pkg) by extensions ['colcon_pkg']
[1.596s] Level 1:colcon.colcon_core.package_identification:_identify(src/cpp_py_pkg) by extension 'colcon_pkg'
[1.596s] Level 1:colcon.colcon_core.package_identification:_identify(src/cpp_py_pkg) by extensions ['colcon_meta']
[1.596s] Level 1:colcon.colcon_core.package_identification:_identify(src/cpp_py_pkg) by extension 'colcon_meta'
[1.596s] Level 1:colcon.colcon_core.package_identification:_identify(src/cpp_py_pkg) by extensions ['ros']
[1.596s] Level 1:colcon.colcon_core.package_identification:_identify(src/cpp_py_pkg) by extension 'ros'
[1.597s] DEBUG:colcon.colcon_core.package_identification:Package 'src/cpp_py_pkg' with type 'ros.ament_cmake' and name 'cpp_py_pkg'
[1.597s] Level 1:colcon.colcon_core.package_identification:_identify(src/install) by extensions ['ignore', 'ignore_ament_install']
[1.597s] Level 1:colcon.colcon_core.package_identification:_identify(src/install) by extension 'ignore'
[1.597s] Level 1:colcon.colcon_core.package_identification:_identify(src/install) ignored
[1.597s] Level 1:colcon.colcon_core.package_identification:_identify(src/log) by extensions ['ignore', 'ignore_ament_install']
[1.597s] Level 1:colcon.colcon_core.package_identification:_identify(src/log) by extension 'ignore'
[1.597s] Level 1:colcon.colcon_core.package_identification:_identify(src/log) ignored
[1.597s] Level 1:colcon.colcon_core.package_identification:_identify(src/py_actions) by extensions ['ignore', 'ignore_ament_install']
[1.597s] Level 1:colcon.colcon_core.package_identification:_identify(src/py_actions) by extension 'ignore'
[1.597s] Level 1:colcon.colcon_core.package_identification:_identify(src/py_actions) by extension 'ignore_ament_install'
[1.597s] Level 1:colcon.colcon_core.package_identification:_identify(src/py_actions) by extensions ['colcon_pkg']
[1.597s] Level 1:colcon.colcon_core.package_identification:_identify(src/py_actions) by extension 'colcon_pkg'
[1.597s] Level 1:colcon.colcon_core.package_identification:_identify(src/py_actions) by extensions ['colcon_meta']
[1.597s] Level 1:colcon.colcon_core.package_identification:_identify(src/py_actions) by extension 'colcon_meta'
[1.597s] Level 1:colcon.colcon_core.package_identification:_identify(src/py_actions) by extensions ['ros']
[1.597s] Level 1:colcon.colcon_core.package_identification:_identify(src/py_actions) by extension 'ros'
[1.598s] DEBUG:colcon.colcon_core.package_identification:Package 'src/py_actions' with type 'ros.ament_python' and name 'py_actions'
[1.598s] Level 1:colcon.colcon_core.package_identification:_identify(src/py_pkg) by extensions ['ignore', 'ignore_ament_install']
[1.598s] Level 1:colcon.colcon_core.package_identification:_identify(src/py_pkg) by extension 'ignore'
[1.598s] Level 1:colcon.colcon_core.package_identification:_identify(src/py_pkg) by extension 'ignore_ament_install'
[1.598s] Level 1:colcon.colcon_core.package_identification:_identify(src/py_pkg) by extensions ['colcon_pkg']
[1.598s] Level 1:colcon.colcon_core.package_identification:_identify(src/py_pkg) by extension 'colcon_pkg'
[1.598s] Level 1:colcon.colcon_core.package_identification:_identify(src/py_pkg) by extensions ['colcon_meta']
[1.598s] Level 1:colcon.colcon_core.package_identification:_identify(src/py_pkg) by extension 'colcon_meta'
[1.598s] Level 1:colcon.colcon_core.package_identification:_identify(src/py_pkg) by extensions ['ros']
[1.599s] Level 1:colcon.colcon_core.package_identification:_identify(src/py_pkg) by extension 'ros'
[1.599s] DEBUG:colcon.colcon_core.package_identification:Package 'src/py_pkg' with type 'ros.ament_python' and name 'py_pkg'
[1.599s] Level 1:colcon.colcon_core.package_identification:_identify(src/ros2_fndm_bringup) by extensions ['ignore', 'ignore_ament_install']
[1.599s] Level 1:colcon.colcon_core.package_identification:_identify(src/ros2_fndm_bringup) by extension 'ignore'
[1.599s] Level 1:colcon.colcon_core.package_identification:_identify(src/ros2_fndm_bringup) by extension 'ignore_ament_install'
[1.599s] Level 1:colcon.colcon_core.package_identification:_identify(src/ros2_fndm_bringup) by extensions ['colcon_pkg']
[1.599s] Level 1:colcon.colcon_core.package_identification:_identify(src/ros2_fndm_bringup) by extension 'colcon_pkg'
[1.599s] Level 1:colcon.colcon_core.package_identification:_identify(src/ros2_fndm_bringup) by extensions ['colcon_meta']
[1.599s] Level 1:colcon.colcon_core.package_identification:_identify(src/ros2_fndm_bringup) by extension 'colcon_meta'
[1.599s] Level 1:colcon.colcon_core.package_identification:_identify(src/ros2_fndm_bringup) by extensions ['ros']
[1.600s] Level 1:colcon.colcon_core.package_identification:_identify(src/ros2_fndm_bringup) by extension 'ros'
[1.600s] DEBUG:colcon.colcon_core.package_identification:Package 'src/ros2_fndm_bringup' with type 'ros.ament_cmake' and name 'ros2_fndm_bringup'
[1.600s] Level 1:colcon.colcon_core.package_identification:_identify(src/ros2_fndm_interface) by extensions ['ignore', 'ignore_ament_install']
[1.600s] Level 1:colcon.colcon_core.package_identification:_identify(src/ros2_fndm_interface) by extension 'ignore'
[1.600s] Level 1:colcon.colcon_core.package_identification:_identify(src/ros2_fndm_interface) by extension 'ignore_ament_install'
[1.600s] Level 1:colcon.colcon_core.package_identification:_identify(src/ros2_fndm_interface) by extensions ['colcon_pkg']
[1.600s] Level 1:colcon.colcon_core.package_identification:_identify(src/ros2_fndm_interface) by extension 'colcon_pkg'
[1.600s] Level 1:colcon.colcon_core.package_identification:_identify(src/ros2_fndm_interface) by extensions ['colcon_meta']
[1.601s] Level 1:colcon.colcon_core.package_identification:_identify(src/ros2_fndm_interface) by extension 'colcon_meta'
[1.601s] Level 1:colcon.colcon_core.package_identification:_identify(src/ros2_fndm_interface) by extensions ['ros']
[1.601s] Level 1:colcon.colcon_core.package_identification:_identify(src/ros2_fndm_interface) by extension 'ros'
[1.601s] DEBUG:colcon.colcon_core.package_identification:Package 'src/ros2_fndm_interface' with type 'ros.ament_cmake' and name 'ros2_fndm_interface'
[1.601s] Level 1:colcon.colcon_core.package_discovery:discover_packages(recursive) using defaults
[1.601s] Level 1:colcon.colcon_core.package_discovery:discover_packages(ignore) discover
[1.601s] Level 1:colcon.colcon_core.package_discovery:discover_packages(ignore) using defaults
[1.601s] Level 1:colcon.colcon_core.package_discovery:discover_packages(path) discover
[1.601s] Level 1:colcon.colcon_core.package_discovery:discover_packages(path) using defaults
[1.744s] Level 1:colcon.colcon_core.package_discovery:discover_packages(prefix_path) check parameters
[1.744s] Level 1:colcon.colcon_core.package_discovery:discover_packages(prefix_path) discover
[1.767s] WARNING:colcon.colcon_ros.prefix_path.ament:The path '/home/foiegreis/ros2_fndm_ws/install/my_ros2_bringup' in the environment variable AMENT_PREFIX_PATH doesn't exist
[1.767s] WARNING:colcon.colcon_ros.prefix_path.ament:The path '/home/foiegreis/ros2_fndm_ws/install/py_actions' in the environment variable AMENT_PREFIX_PATH doesn't exist
[1.767s] WARNING:colcon.colcon_ros.prefix_path.ament:The path '/home/foiegreis/ros2_fndm_ws/install/cpp_actions' in the environment variable AMENT_PREFIX_PATH doesn't exist
[1.767s] WARNING:colcon.colcon_ros.prefix_path.ament:The path '/home/foiegreis/ros2_fndm_ws/install/my_ros2_interface' in the environment variable AMENT_PREFIX_PATH doesn't exist
[1.768s] WARNING:colcon.colcon_ros.prefix_path.ament:The path '/home/foiegreis/ros2_fndm_ws/install/cpp_py_pkg' in the environment variable AMENT_PREFIX_PATH doesn't exist
[1.768s] WARNING:colcon.colcon_ros.prefix_path.ament:The path '/home/foiegreis/ros2_fndm_ws/install/cpp_pkg' in the environment variable AMENT_PREFIX_PATH doesn't exist
[1.768s] WARNING:colcon.colcon_ros.prefix_path.ament:The path '/home/foiegreis/ros2_fndm_ws/install/py_pkg' in the environment variable AMENT_PREFIX_PATH doesn't exist
[1.768s] WARNING:colcon.colcon_ros.prefix_path.catkin:The path '/home/foiegreis/ros2_fndm_ws/install/my_ros2_bringup' in the environment variable CMAKE_PREFIX_PATH doesn't exist
[1.768s] WARNING:colcon.colcon_ros.prefix_path.catkin:The path '/home/foiegreis/ros2_fndm_ws/install/cpp_actions' in the environment variable CMAKE_PREFIX_PATH doesn't exist
[1.768s] WARNING:colcon.colcon_ros.prefix_path.catkin:The path '/home/foiegreis/ros2_fndm_ws/install/my_ros2_interface' in the environment variable CMAKE_PREFIX_PATH doesn't exist
[1.768s] WARNING:colcon.colcon_ros.prefix_path.catkin:The path '/home/foiegreis/ros2_fndm_ws/install/cpp_py_pkg' in the environment variable CMAKE_PREFIX_PATH doesn't exist
[1.768s] WARNING:colcon.colcon_ros.prefix_path.catkin:The path '/home/foiegreis/ros2_fndm_ws/install/cpp_pkg' in the environment variable CMAKE_PREFIX_PATH doesn't exist
[1.791s] DEBUG:colcon.colcon_installed_package_information.package_discovery:Found 0 installed packages in /home/foiegreis/ros2_fndm_ws/install
[1.814s] DEBUG:colcon.colcon_installed_package_information.package_discovery:Found 2 installed packages in /home/foiegreis/ros2_ws_book/install
[1.837s] DEBUG:colcon.colcon_installed_package_information.package_discovery:Found 4 installed packages in /home/foiegreis/ros2_ws_yolo3d/install
[1.859s] DEBUG:colcon.colcon_installed_package_information.package_discovery:Found 8 installed packages in /home/foiegreis/ros2_ws/install
[1.883s] DEBUG:colcon.colcon_installed_package_information.package_discovery:Found 408 installed packages in /opt/ros/iron
[1.885s] Level 1:colcon.colcon_core.package_discovery:discover_packages(prefix_path) using defaults
[2.032s] Level 5:colcon.colcon_core.verb:set package 'cpp_actions' build argument 'cmake_args' from command line to 'None'
[2.032s] Level 5:colcon.colcon_core.verb:set package 'cpp_actions' build argument 'cmake_target' from command line to 'None'
[2.032s] Level 5:colcon.colcon_core.verb:set package 'cpp_actions' build argument 'cmake_target_skip_unavailable' from command line to 'False'
[2.032s] Level 5:colcon.colcon_core.verb:set package 'cpp_actions' build argument 'cmake_clean_cache' from command line to 'False'
[2.032s] Level 5:colcon.colcon_core.verb:set package 'cpp_actions' build argument 'cmake_clean_first' from command line to 'False'
[2.032s] Level 5:colcon.colcon_core.verb:set package 'cpp_actions' build argument 'cmake_force_configure' from command line to 'False'
[2.032s] Level 5:colcon.colcon_core.verb:set package 'cpp_actions' build argument 'ament_cmake_args' from command line to 'None'
[2.032s] Level 5:colcon.colcon_core.verb:set package 'cpp_actions' build argument 'catkin_cmake_args' from command line to 'None'
[2.032s] Level 5:colcon.colcon_core.verb:set package 'cpp_actions' build argument 'catkin_skip_building_tests' from command line to 'False'
[2.032s] DEBUG:colcon.colcon_core.verb:Building package 'cpp_actions' with the following arguments: {'ament_cmake_args': None, 'build_base': '/home/foiegreis/ros2_fndm_ws/build/cpp_actions', 'catkin_cmake_args': None, 'catkin_skip_building_tests': False, 'cmake_args': None, 'cmake_clean_cache': False, 'cmake_clean_first': False, 'cmake_force_configure': False, 'cmake_target': None, 'cmake_target_skip_unavailable': False, 'install_base': '/home/foiegreis/ros2_fndm_ws/install/cpp_actions', 'merge_install': False, 'path': '/home/foiegreis/ros2_fndm_ws/src/cpp_actions', 'symlink_install': False, 'test_result_base': None}
[2.053s] Level 5:colcon.colcon_core.verb:set package 'cpp_pkg' build argument 'cmake_args' from command line to 'None'
[2.053s] Level 5:colcon.colcon_core.verb:set package 'cpp_pkg' build argument 'cmake_target' from command line to 'None'
[2.053s] Level 5:colcon.colcon_core.verb:set package 'cpp_pkg' build argument 'cmake_target_skip_unavailable' from command line to 'False'
[2.053s] Level 5:colcon.colcon_core.verb:set package 'cpp_pkg' build argument 'cmake_clean_cache' from command line to 'False'
[2.053s] Level 5:colcon.colcon_core.verb:set package 'cpp_pkg' build argument 'cmake_clean_first' from command line to 'False'
[2.053s] Level 5:colcon.colcon_core.verb:set package 'cpp_pkg' build argument 'cmake_force_configure' from command line to 'False'
[2.054s] Level 5:colcon.colcon_core.verb:set package 'cpp_pkg' build argument 'ament_cmake_args' from command line to 'None'
[2.054s] Level 5:colcon.colcon_core.verb:set package 'cpp_pkg' build argument 'catkin_cmake_args' from command line to 'None'
[2.054s] Level 5:colcon.colcon_core.verb:set package 'cpp_pkg' build argument 'catkin_skip_building_tests' from command line to 'False'
[2.054s] DEBUG:colcon.colcon_core.verb:Building package 'cpp_pkg' with the following arguments: {'ament_cmake_args': None, 'build_base': '/home/foiegreis/ros2_fndm_ws/build/cpp_pkg', 'catkin_cmake_args': None, 'catkin_skip_building_tests': False, 'cmake_args': None, 'cmake_clean_cache': False, 'cmake_clean_first': False, 'cmake_force_configure': False, 'cmake_target': None, 'cmake_target_skip_unavailable': False, 'install_base': '/home/foiegreis/ros2_fndm_ws/install/cpp_pkg', 'merge_install': False, 'path': '/home/foiegreis/ros2_fndm_ws/src/cpp_pkg', 'symlink_install': False, 'test_result_base': None}
[2.075s] Level 5:colcon.colcon_core.verb:set package 'cpp_py_pkg' build argument 'cmake_args' from command line to 'None'
[2.075s] Level 5:colcon.colcon_core.verb:set package 'cpp_py_pkg' build argument 'cmake_target' from command line to 'None'
[2.075s] Level 5:colcon.colcon_core.verb:set package 'cpp_py_pkg' build argument 'cmake_target_skip_unavailable' from command line to 'False'
[2.075s] Level 5:colcon.colcon_core.verb:set package 'cpp_py_pkg' build argument 'cmake_clean_cache' from command line to 'False'
[2.075s] Level 5:colcon.colcon_core.verb:set package 'cpp_py_pkg' build argument 'cmake_clean_first' from command line to 'False'
[2.075s] Level 5:colcon.colcon_core.verb:set package 'cpp_py_pkg' build argument 'cmake_force_configure' from command line to 'False'
[2.075s] Level 5:colcon.colcon_core.verb:set package 'cpp_py_pkg' build argument 'ament_cmake_args' from command line to 'None'
[2.075s] Level 5:colcon.colcon_core.verb:set package 'cpp_py_pkg' build argument 'catkin_cmake_args' from command line to 'None'
[2.075s] Level 5:colcon.colcon_core.verb:set package 'cpp_py_pkg' build argument 'catkin_skip_building_tests' from command line to 'False'
[2.075s] DEBUG:colcon.colcon_core.verb:Building package 'cpp_py_pkg' with the following arguments: {'ament_cmake_args': None, 'build_base': '/home/foiegreis/ros2_fndm_ws/build/cpp_py_pkg', 'catkin_cmake_args': None, 'catkin_skip_building_tests': False, 'cmake_args': None, 'cmake_clean_cache': False, 'cmake_clean_first': False, 'cmake_force_configure': False, 'cmake_target': None, 'cmake_target_skip_unavailable': False, 'install_base': '/home/foiegreis/ros2_fndm_ws/install/cpp_py_pkg', 'merge_install': False, 'path': '/home/foiegreis/ros2_fndm_ws/src/cpp_py_pkg', 'symlink_install': False, 'test_result_base': None}
[2.097s] Level 5:colcon.colcon_core.verb:set package 'py_actions' build argument 'cmake_args' from command line to 'None'
[2.097s] Level 5:colcon.colcon_core.verb:set package 'py_actions' build argument 'cmake_target' from command line to 'None'
[2.097s] Level 5:colcon.colcon_core.verb:set package 'py_actions' build argument 'cmake_target_skip_unavailable' from command line to 'False'
[2.097s] Level 5:colcon.colcon_core.verb:set package 'py_actions' build argument 'cmake_clean_cache' from command line to 'False'
[2.097s] Level 5:colcon.colcon_core.verb:set package 'py_actions' build argument 'cmake_clean_first' from command line to 'False'
[2.097s] Level 5:colcon.colcon_core.verb:set package 'py_actions' build argument 'cmake_force_configure' from command line to 'False'
[2.097s] Level 5:colcon.colcon_core.verb:set package 'py_actions' build argument 'ament_cmake_args' from command line to 'None'
[2.098s] Level 5:colcon.colcon_core.verb:set package 'py_actions' build argument 'catkin_cmake_args' from command line to 'None'
[2.098s] Level 5:colcon.colcon_core.verb:set package 'py_actions' build argument 'catkin_skip_building_tests' from command line to 'False'
[2.098s] DEBUG:colcon.colcon_core.verb:Building package 'py_actions' with the following arguments: {'ament_cmake_args': None, 'build_base': '/home/foiegreis/ros2_fndm_ws/build/py_actions', 'catkin_cmake_args': None, 'catkin_skip_building_tests': False, 'cmake_args': None, 'cmake_clean_cache': False, 'cmake_clean_first': False, 'cmake_force_configure': False, 'cmake_target': None, 'cmake_target_skip_unavailable': False, 'install_base': '/home/foiegreis/ros2_fndm_ws/install/py_actions', 'merge_install': False, 'path': '/home/foiegreis/ros2_fndm_ws/src/py_actions', 'symlink_install': False, 'test_result_base': None}
[2.119s] Level 5:colcon.colcon_core.verb:set package 'py_pkg' build argument 'cmake_args' from command line to 'None'
[2.119s] Level 5:colcon.colcon_core.verb:set package 'py_pkg' build argument 'cmake_target' from command line to 'None'
[2.119s] Level 5:colcon.colcon_core.verb:set package 'py_pkg' build argument 'cmake_target_skip_unavailable' from command line to 'False'
[2.119s] Level 5:colcon.colcon_core.verb:set package 'py_pkg' build argument 'cmake_clean_cache' from command line to 'False'
[2.119s] Level 5:colcon.colcon_core.verb:set package 'py_pkg' build argument 'cmake_clean_first' from command line to 'False'
[2.119s] Level 5:colcon.colcon_core.verb:set package 'py_pkg' build argument 'cmake_force_configure' from command line to 'False'
[2.119s] Level 5:colcon.colcon_core.verb:set package 'py_pkg' build argument 'ament_cmake_args' from command line to 'None'
[2.119s] Level 5:colcon.colcon_core.verb:set package 'py_pkg' build argument 'catkin_cmake_args' from command line to 'None'
[2.119s] Level 5:colcon.colcon_core.verb:set package 'py_pkg' build argument 'catkin_skip_building_tests' from command line to 'False'
[2.119s] DEBUG:colcon.colcon_core.verb:Building package 'py_pkg' with the following arguments: {'ament_cmake_args': None, 'build_base': '/home/foiegreis/ros2_fndm_ws/build/py_pkg', 'catkin_cmake_args': None, 'catkin_skip_building_tests': False, 'cmake_args': None, 'cmake_clean_cache': False, 'cmake_clean_first': False, 'cmake_force_configure': False, 'cmake_target': None, 'cmake_target_skip_unavailable': False, 'install_base': '/home/foiegreis/ros2_fndm_ws/install/py_pkg', 'merge_install': False, 'path': '/home/foiegreis/ros2_fndm_ws/src/py_pkg', 'symlink_install': False, 'test_result_base': None}
[2.141s] Level 5:colcon.colcon_core.verb:set package 'ros2_fndm_interface' build argument 'cmake_args' from command line to 'None'
[2.141s] Level 5:colcon.colcon_core.verb:set package 'ros2_fndm_interface' build argument 'cmake_target' from command line to 'None'
[2.141s] Level 5:colcon.colcon_core.verb:set package 'ros2_fndm_interface' build argument 'cmake_target_skip_unavailable' from command line to 'False'
[2.141s] Level 5:colcon.colcon_core.verb:set package 'ros2_fndm_interface' build argument 'cmake_clean_cache' from command line to 'False'
[2.141s] Level 5:colcon.colcon_core.verb:set package 'ros2_fndm_interface' build argument 'cmake_clean_first' from command line to 'False'
[2.141s] Level 5:colcon.colcon_core.verb:set package 'ros2_fndm_interface' build argument 'cmake_force_configure' from command line to 'False'
[2.141s] Level 5:colcon.colcon_core.verb:set package 'ros2_fndm_interface' build argument 'ament_cmake_args' from command line to 'None'
[2.141s] Level 5:colcon.colcon_core.verb:set package 'ros2_fndm_interface' build argument 'catkin_cmake_args' from command line to 'None'
[2.141s] Level 5:colcon.colcon_core.verb:set package 'ros2_fndm_interface' build argument 'catkin_skip_building_tests' from command line to 'False'
[2.141s] DEBUG:colcon.colcon_core.verb:Building package 'ros2_fndm_interface' with the following arguments: {'ament_cmake_args': None, 'build_base': '/home/foiegreis/ros2_fndm_ws/build/ros2_fndm_interface', 'catkin_cmake_args': None, 'catkin_skip_building_tests': False, 'cmake_args': None, 'cmake_clean_cache': False, 'cmake_clean_first': False, 'cmake_force_configure': False, 'cmake_target': None, 'cmake_target_skip_unavailable': False, 'install_base': '/home/foiegreis/ros2_fndm_ws/install/ros2_fndm_interface', 'merge_install': False, 'path': '/home/foiegreis/ros2_fndm_ws/src/ros2_fndm_interface', 'symlink_install': False, 'test_result_base': None}
[2.163s] Level 5:colcon.colcon_core.verb:set package 'ros2_fndm_bringup' build argument 'cmake_args' from command line to 'None'
[2.163s] Level 5:colcon.colcon_core.verb:set package 'ros2_fndm_bringup' build argument 'cmake_target' from command line to 'None'
[2.163s] Level 5:colcon.colcon_core.verb:set package 'ros2_fndm_bringup' build argument 'cmake_target_skip_unavailable' from command line to 'False'
[2.163s] Level 5:colcon.colcon_core.verb:set package 'ros2_fndm_bringup' build argument 'cmake_clean_cache' from command line to 'False'
[2.163s] Level 5:colcon.colcon_core.verb:set package 'ros2_fndm_bringup' build argument 'cmake_clean_first' from command line to 'False'
[2.163s] Level 5:colcon.colcon_core.verb:set package 'ros2_fndm_bringup' build argument 'cmake_force_configure' from command line to 'False'
[2.163s] Level 5:colcon.colcon_core.verb:set package 'ros2_fndm_bringup' build argument 'ament_cmake_args' from command line to 'None'
[2.163s] Level 5:colcon.colcon_core.verb:set package 'ros2_fndm_bringup' build argument 'catkin_cmake_args' from command line to 'None'
[2.163s] Level 5:colcon.colcon_core.verb:set package 'ros2_fndm_bringup' build argument 'catkin_skip_building_tests' from command line to 'False'
[2.163s] DEBUG:colcon.colcon_core.verb:Building package 'ros2_fndm_bringup' with the following arguments: {'ament_cmake_args': None, 'build_base': '/home/foiegreis/ros2_fndm_ws/build/ros2_fndm_bringup', 'catkin_cmake_args': None, 'catkin_skip_building_tests': False, 'cmake_args': None, 'cmake_clean_cache': False, 'cmake_clean_first': False, 'cmake_force_configure': False, 'cmake_target': None, 'cmake_target_skip_unavailable': False, 'install_base': '/home/foiegreis/ros2_fndm_ws/install/ros2_fndm_bringup', 'merge_install': False, 'path': '/home/foiegreis/ros2_fndm_ws/src/ros2_fndm_bringup', 'symlink_install': False, 'test_result_base': None}
[2.184s] INFO:colcon.colcon_core.executor:Executing jobs using 'parallel' executor
[2.206s] DEBUG:colcon.colcon_parallel_executor.executor.parallel:run_until_complete
[2.206s] INFO:colcon.colcon_ros.task.ament_cmake.build:Building ROS package in '/home/foiegreis/ros2_fndm_ws/src/cpp_pkg' with build type 'ament_cmake'
[2.207s] INFO:colcon.colcon_cmake.task.cmake.build:Building CMake package in '/home/foiegreis/ros2_fndm_ws/src/cpp_pkg'
[2.231s] INFO:colcon.colcon_core.plugin_system:Skipping extension 'colcon_core.shell.bat': Not used on non-Windows systems
[2.232s] INFO:colcon.colcon_core.shell:Skip shell extension 'powershell' for command environment: Not usable outside of PowerShell
[2.232s] DEBUG:colcon.colcon_core.shell:Skip shell extension 'dsv' for command environment
[2.365s] INFO:colcon.colcon_ros.task.ament_python.build:Building ROS package in '/home/foiegreis/ros2_fndm_ws/src/py_pkg' with build type 'ament_python'
[2.365s] Level 1:colcon.colcon_core.shell:create_environment_hook('py_pkg', 'ament_prefix_path')
[2.387s] INFO:colcon.colcon_core.shell:Creating environment hook '/home/foiegreis/ros2_fndm_ws/install/py_pkg/share/py_pkg/hook/ament_prefix_path.ps1'
[2.388s] INFO:colcon.colcon_core.shell:Creating environment descriptor '/home/foiegreis/ros2_fndm_ws/install/py_pkg/share/py_pkg/hook/ament_prefix_path.dsv'
[2.388s] INFO:colcon.colcon_core.shell:Creating environment hook '/home/foiegreis/ros2_fndm_ws/install/py_pkg/share/py_pkg/hook/ament_prefix_path.sh'
[2.410s] INFO:colcon.colcon_core.shell:Skip shell extension 'powershell' for command environment: Not usable outside of PowerShell
[2.410s] DEBUG:colcon.colcon_core.shell:Skip shell extension 'dsv' for command environment
[2.543s] INFO:colcon.colcon_ros.task.ament_cmake.build:Building ROS package in '/home/foiegreis/ros2_fndm_ws/src/cpp_actions' with build type 'ament_cmake'
[2.543s] INFO:colcon.colcon_cmake.task.cmake.build:Building CMake package in '/home/foiegreis/ros2_fndm_ws/src/cpp_actions'
[2.565s] INFO:colcon.colcon_core.shell:Skip shell extension 'powershell' for command environment: Not usable outside of PowerShell
[2.566s] DEBUG:colcon.colcon_core.shell:Skip shell extension 'dsv' for command environment
[2.700s] INFO:colcon.colcon_ros.task.ament_cmake.build:Building ROS package in '/home/foiegreis/ros2_fndm_ws/src/cpp_py_pkg' with build type 'ament_cmake'
[2.700s] INFO:colcon.colcon_cmake.task.cmake.build:Building CMake package in '/home/foiegreis/ros2_fndm_ws/src/cpp_py_pkg'
[2.722s] INFO:colcon.colcon_core.shell:Skip shell extension 'powershell' for command environment: Not usable outside of PowerShell
[2.722s] DEBUG:colcon.colcon_core.shell:Skip shell extension 'dsv' for command environment
[2.868s] INFO:colcon.colcon_ros.task.ament_python.build:Building ROS package in '/home/foiegreis/ros2_fndm_ws/src/py_actions' with build type 'ament_python'
[2.868s] Level 1:colcon.colcon_core.shell:create_environment_hook('py_actions', 'ament_prefix_path')
[2.891s] INFO:colcon.colcon_core.shell:Creating environment hook '/home/foiegreis/ros2_fndm_ws/install/py_actions/share/py_actions/hook/ament_prefix_path.ps1'
[2.892s] INFO:colcon.colcon_core.shell:Creating environment descriptor '/home/foiegreis/ros2_fndm_ws/install/py_actions/share/py_actions/hook/ament_prefix_path.dsv'
[2.892s] INFO:colcon.colcon_core.shell:Creating environment hook '/home/foiegreis/ros2_fndm_ws/install/py_actions/share/py_actions/hook/ament_prefix_path.sh'
[2.915s] INFO:colcon.colcon_core.shell:Skip shell extension 'powershell' for command environment: Not usable outside of PowerShell
[2.915s] DEBUG:colcon.colcon_core.shell:Skip shell extension 'dsv' for command environment
[3.050s] INFO:colcon.colcon_ros.task.ament_cmake.build:Building ROS package in '/home/foiegreis/ros2_fndm_ws/src/ros2_fndm_interface' with build type 'ament_cmake'
[3.050s] INFO:colcon.colcon_cmake.task.cmake.build:Building CMake package in '/home/foiegreis/ros2_fndm_ws/src/ros2_fndm_interface'
[3.079s] INFO:colcon.colcon_core.shell:Skip shell extension 'powershell' for command environment: Not usable outside of PowerShell
[3.079s] DEBUG:colcon.colcon_core.shell:Skip shell extension 'dsv' for command environment
[3.215s] DEBUG:colcon.colcon_core.event_handler.log_command:Invoking command in '/home/foiegreis/ros2_fndm_ws/build/cpp_pkg': CMAKE_PREFIX_PATH=${CMAKE_PREFIX_PATH}:/home/foiegreis/ros2_fndm_ws/install/py_actions:/home/foiegreis/ros2_fndm_ws/install/py_pkg:/home/foiegreis/ros2_ws_book/install/py_pkg:/home/foiegreis/ros2_ws/install/my_py_pkg:/home/foiegreis/ros2_ws/install/lab4:/home/foiegreis/ros2_ws/install/lab3:/home/foiegreis/ros2_ws/install/lab2:/home/foiegreis/ros2_ws/install/lab1:/opt/ros/iron /usr/bin/cmake /home/foiegreis/ros2_fndm_ws/src/cpp_pkg -DCMAKE_INSTALL_PREFIX=/home/foiegreis/ros2_fndm_ws/install/cpp_pkg
[3.546s] INFO:colcon.colcon_core.task.python.build:Building Python package in '/home/foiegreis/ros2_fndm_ws/src/py_pkg'
[3.568s] INFO:colcon.colcon_core.shell:Skip shell extension 'powershell' for command environment: Not usable outside of PowerShell
[3.568s] DEBUG:colcon.colcon_core.shell:Skip shell extension 'dsv' for command environment
[3.711s] DEBUG:colcon.colcon_core.event_handler.log_command:Invoking command in '/home/foiegreis/ros2_fndm_ws/build/cpp_actions': CMAKE_PREFIX_PATH=${CMAKE_PREFIX_PATH}:/home/foiegreis/ros2_fndm_ws/install/py_actions:/home/foiegreis/ros2_fndm_ws/install/py_pkg:/home/foiegreis/ros2_ws_book/install/py_pkg:/home/foiegreis/ros2_ws/install/my_py_pkg:/home/foiegreis/ros2_ws/install/lab4:/home/foiegreis/ros2_ws/install/lab3:/home/foiegreis/ros2_ws/install/lab2:/home/foiegreis/ros2_ws/install/lab1:/opt/ros/iron /usr/bin/cmake /home/foiegreis/ros2_fndm_ws/src/cpp_actions -DCMAKE_INSTALL_PREFIX=/home/foiegreis/ros2_fndm_ws/install/cpp_actions
[3.713s] DEBUG:colcon.colcon_core.event_handler.log_command:Invoking command in '/home/foiegreis/ros2_fndm_ws/build/cpp_py_pkg': CMAKE_PREFIX_PATH=${CMAKE_PREFIX_PATH}:/home/foiegreis/ros2_fndm_ws/install/py_actions:/home/foiegreis/ros2_fndm_ws/install/py_pkg:/home/foiegreis/ros2_ws_book/install/py_pkg:/home/foiegreis/ros2_ws/install/my_py_pkg:/home/foiegreis/ros2_ws/install/lab4:/home/foiegreis/ros2_ws/install/lab3:/home/foiegreis/ros2_ws/install/lab2:/home/foiegreis/ros2_ws/install/lab1:/opt/ros/iron /usr/bin/cmake /home/foiegreis/ros2_fndm_ws/src/cpp_py_pkg -DCMAKE_INSTALL_PREFIX=/home/foiegreis/ros2_fndm_ws/install/cpp_py_pkg
[4.059s] INFO:colcon.colcon_core.task.python.build:Building Python package in '/home/foiegreis/ros2_fndm_ws/src/py_actions'
[4.084s] INFO:colcon.colcon_core.shell:Skip shell extension 'powershell' for command environment: Not usable outside of PowerShell
[4.084s] DEBUG:colcon.colcon_core.shell:Skip shell extension 'dsv' for command environment
[4.265s] DEBUG:colcon.colcon_core.event_handler.log_command:Invoking command in '/home/foiegreis/ros2_fndm_ws/build/ros2_fndm_interface': CMAKE_PREFIX_PATH=${CMAKE_PREFIX_PATH}:/home/foiegreis/ros2_fndm_ws/install/py_actions:/home/foiegreis/ros2_fndm_ws/install/py_pkg:/home/foiegreis/ros2_ws_book/install/py_pkg:/home/foiegreis/ros2_ws/install/my_py_pkg:/home/foiegreis/ros2_ws/install/lab4:/home/foiegreis/ros2_ws/install/lab3:/home/foiegreis/ros2_ws/install/lab2:/home/foiegreis/ros2_ws/install/lab1:/opt/ros/iron /usr/bin/cmake /home/foiegreis/ros2_fndm_ws/src/ros2_fndm_interface -DCMAKE_INSTALL_PREFIX=/home/foiegreis/ros2_fndm_ws/install/ros2_fndm_interface
[4.775s] DEBUG:colcon.colcon_core.event_handler.log_command:Invoking command in '/home/foiegreis/ros2_fndm_ws/src/py_pkg': PYTHONPATH=/home/foiegreis/ros2_fndm_ws/build/py_pkg/prefix_override:/home/foiegreis/ros2_fndm_ws/install/py_pkg/lib/python3.10/site-packages:${PYTHONPATH} /usr/bin/python3 setup.py egg_info --egg-base ../../build/py_pkg build --build-base /home/foiegreis/ros2_fndm_ws/build/py_pkg/build install --record /home/foiegreis/ros2_fndm_ws/build/py_pkg/install.log --single-version-externally-managed
[4.969s] DEBUG:colcon.colcon_core.event_handler.log_command:Invoking command in '/home/foiegreis/ros2_fndm_ws/src/py_actions': PYTHONPATH=/home/foiegreis/ros2_fndm_ws/build/py_actions/prefix_override:/home/foiegreis/ros2_fndm_ws/install/py_actions/lib/python3.10/site-packages:${PYTHONPATH} /usr/bin/python3 setup.py egg_info --egg-base ../../build/py_actions build --build-base /home/foiegreis/ros2_fndm_ws/build/py_actions/build install --record /home/foiegreis/ros2_fndm_ws/build/py_actions/install.log --single-version-externally-managed
[5.219s] DEBUG:colcon.colcon_core.event_handler.log_command:Invoked command in '/home/foiegreis/ros2_fndm_ws/build/cpp_pkg' returned '0': CMAKE_PREFIX_PATH=${CMAKE_PREFIX_PATH}:/home/foiegreis/ros2_fndm_ws/install/py_actions:/home/foiegreis/ros2_fndm_ws/install/py_pkg:/home/foiegreis/ros2_ws_book/install/py_pkg:/home/foiegreis/ros2_ws/install/my_py_pkg:/home/foiegreis/ros2_ws/install/lab4:/home/foiegreis/ros2_ws/install/lab3:/home/foiegreis/ros2_ws/install/lab2:/home/foiegreis/ros2_ws/install/lab1:/opt/ros/iron /usr/bin/cmake /home/foiegreis/ros2_fndm_ws/src/cpp_pkg -DCMAKE_INSTALL_PREFIX=/home/foiegreis/ros2_fndm_ws/install/cpp_pkg
[5.224s] DEBUG:colcon.colcon_core.event_handler.log_command:Invoking command in '/home/foiegreis/ros2_fndm_ws/build/cpp_pkg': CMAKE_PREFIX_PATH=${CMAKE_PREFIX_PATH}:/home/foiegreis/ros2_fndm_ws/install/py_actions:/home/foiegreis/ros2_fndm_ws/install/py_pkg:/home/foiegreis/ros2_ws_book/install/py_pkg:/home/foiegreis/ros2_ws/install/my_py_pkg:/home/foiegreis/ros2_ws/install/lab4:/home/foiegreis/ros2_ws/install/lab3:/home/foiegreis/ros2_ws/install/lab2:/home/foiegreis/ros2_ws/install/lab1:/opt/ros/iron /usr/bin/cmake --build /home/foiegreis/ros2_fndm_ws/build/cpp_pkg -- -j12 -l12
[5.463s] DEBUG:colcon.colcon_core.event_handler.log_command:Invoked command in '/home/foiegreis/ros2_fndm_ws/src/py_pkg' returned '0': PYTHONPATH=/home/foiegreis/ros2_fndm_ws/build/py_pkg/prefix_override:/home/foiegreis/ros2_fndm_ws/install/py_pkg/lib/python3.10/site-packages:${PYTHONPATH} /usr/bin/python3 setup.py egg_info --egg-base ../../build/py_pkg build --build-base /home/foiegreis/ros2_fndm_ws/build/py_pkg/build install --record /home/foiegreis/ros2_fndm_ws/build/py_pkg/install.log --single-version-externally-managed
[5.511s] Level 1:colcon.colcon_core.environment:checking '/home/foiegreis/ros2_fndm_ws/install/py_pkg' for CMake module files
[5.512s] Level 1:colcon.colcon_core.environment:checking '/home/foiegreis/ros2_fndm_ws/install/py_pkg' for CMake config files
[5.513s] Level 1:colcon.colcon_core.environment:checking '/home/foiegreis/ros2_fndm_ws/install/py_pkg/lib'
[5.514s] Level 1:colcon.colcon_core.environment:checking '/home/foiegreis/ros2_fndm_ws/install/py_pkg/bin'
[5.514s] Level 1:colcon.colcon_core.environment:checking '/home/foiegreis/ros2_fndm_ws/install/py_pkg/lib/pkgconfig/py_pkg.pc'
[5.514s] Level 1:colcon.colcon_core.environment:checking '/home/foiegreis/ros2_fndm_ws/install/py_pkg/lib/python3.10/site-packages'
[5.515s] Level 1:colcon.colcon_core.shell:create_environment_hook('py_pkg', 'pythonpath')
[5.572s] INFO:colcon.colcon_core.shell:Creating environment hook '/home/foiegreis/ros2_fndm_ws/install/py_pkg/share/py_pkg/hook/pythonpath.ps1'
[5.573s] INFO:colcon.colcon_core.shell:Creating environment descriptor '/home/foiegreis/ros2_fndm_ws/install/py_pkg/share/py_pkg/hook/pythonpath.dsv'
[5.573s] INFO:colcon.colcon_core.shell:Creating environment hook '/home/foiegreis/ros2_fndm_ws/install/py_pkg/share/py_pkg/hook/pythonpath.sh'
[5.574s] Level 1:colcon.colcon_core.environment:checking '/home/foiegreis/ros2_fndm_ws/install/py_pkg/bin'
[5.574s] Level 1:colcon.colcon_core.environment:create_environment_scripts_only(py_pkg)
[5.642s] INFO:colcon.colcon_core.shell:Creating package script '/home/foiegreis/ros2_fndm_ws/install/py_pkg/share/py_pkg/package.ps1'
[5.645s] INFO:colcon.colcon_core.shell:Creating package descriptor '/home/foiegreis/ros2_fndm_ws/install/py_pkg/share/py_pkg/package.dsv'
[5.647s] INFO:colcon.colcon_core.shell:Creating package script '/home/foiegreis/ros2_fndm_ws/install/py_pkg/share/py_pkg/package.sh'
[5.673s] INFO:colcon.colcon_core.shell:Creating package script '/home/foiegreis/ros2_fndm_ws/install/py_pkg/share/py_pkg/package.bash'
[5.676s] INFO:colcon.colcon_core.shell:Creating package script '/home/foiegreis/ros2_fndm_ws/install/py_pkg/share/py_pkg/package.zsh'
[5.680s] Level 1:colcon.colcon_core.environment:create_file_with_runtime_dependencies(/home/foiegreis/ros2_fndm_ws/install/py_pkg/share/colcon-core/packages/py_pkg)
[5.779s] DEBUG:colcon.colcon_core.event_handler.log_command:Invoked command in '/home/foiegreis/ros2_fndm_ws/src/py_actions' returned '0': PYTHONPATH=/home/foiegreis/ros2_fndm_ws/build/py_actions/prefix_override:/home/foiegreis/ros2_fndm_ws/install/py_actions/lib/python3.10/site-packages:${PYTHONPATH} /usr/bin/python3 setup.py egg_info --egg-base ../../build/py_actions build --build-base /home/foiegreis/ros2_fndm_ws/build/py_actions/build install --record /home/foiegreis/ros2_fndm_ws/build/py_actions/install.log --single-version-externally-managed
[5.846s] Level 1:colcon.colcon_core.environment:checking '/home/foiegreis/ros2_fndm_ws/install/py_actions' for CMake module files
[5.846s] Level 1:colcon.colcon_core.environment:checking '/home/foiegreis/ros2_fndm_ws/install/py_actions' for CMake config files
[5.847s] Level 1:colcon.colcon_core.environment:checking '/home/foiegreis/ros2_fndm_ws/install/py_actions/lib'
[5.847s] Level 1:colcon.colcon_core.environment:checking '/home/foiegreis/ros2_fndm_ws/install/py_actions/bin'
[5.847s] Level 1:colcon.colcon_core.environment:checking '/home/foiegreis/ros2_fndm_ws/install/py_actions/lib/pkgconfig/py_actions.pc'
[5.848s] Level 1:colcon.colcon_core.environment:checking '/home/foiegreis/ros2_fndm_ws/install/py_actions/lib/python3.10/site-packages'
[5.848s] Level 1:colcon.colcon_core.shell:create_environment_hook('py_actions', 'pythonpath')
[5.904s] INFO:colcon.colcon_core.shell:Creating environment hook '/home/foiegreis/ros2_fndm_ws/install/py_actions/share/py_actions/hook/pythonpath.ps1'
[5.905s] INFO:colcon.colcon_core.shell:Creating environment descriptor '/home/foiegreis/ros2_fndm_ws/install/py_actions/share/py_actions/hook/pythonpath.dsv'
[5.905s] INFO:colcon.colcon_core.shell:Creating environment hook '/home/foiegreis/ros2_fndm_ws/install/py_actions/share/py_actions/hook/pythonpath.sh'
[5.906s] Level 1:colcon.colcon_core.environment:checking '/home/foiegreis/ros2_fndm_ws/install/py_actions/bin'
[5.906s] Level 1:colcon.colcon_core.environment:create_environment_scripts_only(py_actions)
[5.958s] INFO:colcon.colcon_core.shell:Creating package script '/home/foiegreis/ros2_fndm_ws/install/py_actions/share/py_actions/package.ps1'
[5.959s] INFO:colcon.colcon_core.shell:Creating package descriptor '/home/foiegreis/ros2_fndm_ws/install/py_actions/share/py_actions/package.dsv'
[5.960s] INFO:colcon.colcon_core.shell:Creating package script '/home/foiegreis/ros2_fndm_ws/install/py_actions/share/py_actions/package.sh'
[5.961s] INFO:colcon.colcon_core.shell:Creating package script '/home/foiegreis/ros2_fndm_ws/install/py_actions/share/py_actions/package.bash'
[5.962s] INFO:colcon.colcon_core.shell:Creating package script '/home/foiegreis/ros2_fndm_ws/install/py_actions/share/py_actions/package.zsh'
[5.963s] Level 1:colcon.colcon_core.environment:create_file_with_runtime_dependencies(/home/foiegreis/ros2_fndm_ws/install/py_actions/share/colcon-core/packages/py_actions)
[5.966s] DEBUG:colcon.colcon_core.event_handler.log_command:Invoked command in '/home/foiegreis/ros2_fndm_ws/build/cpp_py_pkg' returned '0': CMAKE_PREFIX_PATH=${CMAKE_PREFIX_PATH}:/home/foiegreis/ros2_fndm_ws/install/py_actions:/home/foiegreis/ros2_fndm_ws/install/py_pkg:/home/foiegreis/ros2_ws_book/install/py_pkg:/home/foiegreis/ros2_ws/install/my_py_pkg:/home/foiegreis/ros2_ws/install/lab4:/home/foiegreis/ros2_ws/install/lab3:/home/foiegreis/ros2_ws/install/lab2:/home/foiegreis/ros2_ws/install/lab1:/opt/ros/iron /usr/bin/cmake /home/foiegreis/ros2_fndm_ws/src/cpp_py_pkg -DCMAKE_INSTALL_PREFIX=/home/foiegreis/ros2_fndm_ws/install/cpp_py_pkg
[5.969s] DEBUG:colcon.colcon_core.event_handler.log_command:Invoking command in '/home/foiegreis/ros2_fndm_ws/build/cpp_py_pkg': CMAKE_PREFIX_PATH=${CMAKE_PREFIX_PATH}:/home/foiegreis/ros2_fndm_ws/install/py_actions:/home/foiegreis/ros2_fndm_ws/install/py_pkg:/home/foiegreis/ros2_ws_book/install/py_pkg:/home/foiegreis/ros2_ws/install/my_py_pkg:/home/foiegreis/ros2_ws/install/lab4:/home/foiegreis/ros2_ws/install/lab3:/home/foiegreis/ros2_ws/install/lab2:/home/foiegreis/ros2_ws/install/lab1:/opt/ros/iron /usr/bin/cmake --build /home/foiegreis/ros2_fndm_ws/build/cpp_py_pkg -- -j12 -l12
[6.027s] DEBUG:colcon.colcon_core.event_handler.log_command:Invoked command in '/home/foiegreis/ros2_fndm_ws/build/cpp_actions' returned '1': CMAKE_PREFIX_PATH=${CMAKE_PREFIX_PATH}:/home/foiegreis/ros2_fndm_ws/install/py_actions:/home/foiegreis/ros2_fndm_ws/install/py_pkg:/home/foiegreis/ros2_ws_book/install/py_pkg:/home/foiegreis/ros2_ws/install/my_py_pkg:/home/foiegreis/ros2_ws/install/lab4:/home/foiegreis/ros2_ws/install/lab3:/home/foiegreis/ros2_ws/install/lab2:/home/foiegreis/ros2_ws/install/lab1:/opt/ros/iron /usr/bin/cmake /home/foiegreis/ros2_fndm_ws/src/cpp_actions -DCMAKE_INSTALL_PREFIX=/home/foiegreis/ros2_fndm_ws/install/cpp_actions
[6.052s] Level 1:colcon.colcon_core.environment:create_environment_scripts_only(cpp_actions)
[6.104s] Level 1:colcon.colcon_core.environment:checking '/home/foiegreis/ros2_fndm_ws/install/cpp_actions' for CMake module files
[6.105s] Level 1:colcon.colcon_core.environment:checking '/home/foiegreis/ros2_fndm_ws/install/cpp_actions' for CMake config files
[6.105s] Level 1:colcon.colcon_core.environment:checking '/home/foiegreis/ros2_fndm_ws/install/cpp_actions/bin'
[6.105s] Level 1:colcon.colcon_core.environment:checking '/home/foiegreis/ros2_fndm_ws/install/cpp_actions/lib/pkgconfig/cpp_actions.pc'
[6.105s] Level 1:colcon.colcon_core.environment:checking '/home/foiegreis/ros2_fndm_ws/install/cpp_actions/lib/python3.10/site-packages'
[6.106s] Level 1:colcon.colcon_core.environment:checking '/home/foiegreis/ros2_fndm_ws/install/cpp_actions/bin'
[6.158s] INFO:colcon.colcon_core.shell:Creating package script '/home/foiegreis/ros2_fndm_ws/install/cpp_actions/share/cpp_actions/package.ps1'
[6.159s] INFO:colcon.colcon_core.shell:Creating package descriptor '/home/foiegreis/ros2_fndm_ws/install/cpp_actions/share/cpp_actions/package.dsv'
[6.159s] INFO:colcon.colcon_core.shell:Creating package script '/home/foiegreis/ros2_fndm_ws/install/cpp_actions/share/cpp_actions/package.sh'
[6.160s] INFO:colcon.colcon_core.shell:Creating package script '/home/foiegreis/ros2_fndm_ws/install/cpp_actions/share/cpp_actions/package.bash'
[6.161s] INFO:colcon.colcon_core.shell:Creating package script '/home/foiegreis/ros2_fndm_ws/install/cpp_actions/share/cpp_actions/package.zsh'
[6.161s] Level 1:colcon.colcon_core.environment:create_file_with_runtime_dependencies(/home/foiegreis/ros2_fndm_ws/install/cpp_actions/share/colcon-core/packages/cpp_actions)
[14.829s] DEBUG:colcon.colcon_parallel_executor.executor.parallel:closing loop
[14.829s] DEBUG:colcon.colcon_parallel_executor.executor.parallel:loop closed
[14.829s] DEBUG:colcon.colcon_parallel_executor.executor.parallel:run_until_complete finished with '1'
[14.829s] DEBUG:colcon.colcon_core.event_reactor:joining thread
[14.859s] INFO:colcon.colcon_core.plugin_system:Skipping extension 'colcon_notification.desktop_notification.terminal_notifier': Not used on non-Darwin systems
[14.859s] INFO:colcon.colcon_core.plugin_system:Skipping extension 'colcon_notification.desktop_notification.win32': Not used on non-Windows systems
[14.859s] INFO:colcon.colcon_notification.desktop_notification:Sending desktop notification using 'notify2'
[14.871s] DEBUG:colcon.colcon_core.event_reactor:joined thread
[14.895s] INFO:colcon.colcon_core.shell:Creating prefix script '/home/foiegreis/ros2_fndm_ws/install/local_setup.ps1'
[14.896s] INFO:colcon.colcon_core.shell:Creating prefix util module '/home/foiegreis/ros2_fndm_ws/install/_local_setup_util_ps1.py'
[14.897s] INFO:colcon.colcon_core.shell:Creating prefix chain script '/home/foiegreis/ros2_fndm_ws/install/setup.ps1'
[14.923s] INFO:colcon.colcon_core.shell:Creating prefix script '/home/foiegreis/ros2_fndm_ws/install/local_setup.sh'
[14.924s] INFO:colcon.colcon_core.shell:Creating prefix util module '/home/foiegreis/ros2_fndm_ws/install/_local_setup_util_sh.py'
[14.924s] INFO:colcon.colcon_core.shell:Creating prefix chain script '/home/foiegreis/ros2_fndm_ws/install/setup.sh'
[14.950s] INFO:colcon.colcon_core.shell:Creating prefix script '/home/foiegreis/ros2_fndm_ws/install/local_setup.bash'
[14.951s] INFO:colcon.colcon_core.shell:Creating prefix chain script '/home/foiegreis/ros2_fndm_ws/install/setup.bash'
[14.977s] INFO:colcon.colcon_core.shell:Creating prefix script '/home/foiegreis/ros2_fndm_ws/install/local_setup.zsh'
[14.977s] INFO:colcon.colcon_core.shell:Creating prefix chain script '/home/foiegreis/ros2_fndm_ws/install/setup.zsh'
