[1.215s] Invoking command in '/home/foiegreis/ros2_fndm_ws/build/ros2_fndm_interface': CMAKE_PREFIX_PATH=${CMAKE_PREFIX_PATH}:/home/foiegreis/ros2_fndm_ws/install/py_actions:/home/foiegreis/ros2_fndm_ws/install/py_pkg:/home/foiegreis/ros2_ws_book/install/py_pkg:/home/foiegreis/ros2_ws/install/my_py_pkg:/home/foiegreis/ros2_ws/install/lab4:/home/foiegreis/ros2_ws/install/lab3:/home/foiegreis/ros2_ws/install/lab2:/home/foiegreis/ros2_ws/install/lab1:/opt/ros/iron /usr/bin/cmake /home/foiegreis/ros2_fndm_ws/src/ros2_fndm_interface -DCMAKE_INSTALL_PREFIX=/home/foiegreis/ros2_fndm_ws/install/ros2_fndm_interface
[1.267s] -- The C compiler identification is GNU 11.4.0
[1.331s] -- The CXX compiler identification is GNU 11.4.0
[1.338s] -- Detecting C compiler ABI info
[1.417s] -- Detecting C compiler ABI info - done
[1.433s] -- Check for working C compiler: /usr/bin/cc - skipped
[1.434s] -- Detecting C compile features
[1.434s] -- Detecting C compile features - done
[1.440s] -- Detecting CXX compiler ABI info
[1.534s] -- Detecting CXX compiler ABI info - done
[1.543s] -- Check for working CXX compiler: /usr/bin/c++ - skipped
[1.543s] -- Detecting CXX compile features
[1.543s] -- Detecting CXX compile features - done
[1.549s] -- Found ament_cmake: 2.0.4 (/opt/ros/iron/share/ament_cmake/cmake)
[1.800s] -- Found Python3: /usr/bin/python3.10 (found version "3.10.12") found components: Interpreter 
[1.961s] -- Found rosidl_default_generators: 1.5.0 (/opt/ros/iron/share/rosidl_default_generators/cmake)
[1.981s] -- Using all available rosidl_typesupport_c: rosidl_typesupport_fastrtps_c;rosidl_typesupport_introspection_c
[2.107s] -- Using all available rosidl_typesupport_cpp: rosidl_typesupport_fastrtps_cpp;rosidl_typesupport_introspection_cpp
[2.206s] -- Found rosidl_adapter: 4.0.1 (/opt/ros/iron/share/rosidl_adapter/cmake)
[3.366s] -- Found ament_cmake_ros: 0.11.2 (/opt/ros/iron/share/ament_cmake_ros/cmake)
[3.780s] -- Using all available rosidl_typesupport_c: rosidl_typesupport_fastrtps_c;rosidl_typesupport_introspection_c
[4.397s] -- Using all available rosidl_typesupport_cpp: rosidl_typesupport_fastrtps_cpp;rosidl_typesupport_introspection_cpp
[4.466s] -- Found PythonInterp: /usr/bin/python3 (found suitable version "3.10.12", minimum required is "3.6") 
[4.475s] -- Found python_cmake_module: 0.10.2 (/opt/ros/iron/share/python_cmake_module/cmake)
[4.555s] -- Found PythonLibs: /usr/lib/x86_64-linux-gnu/libpython3.10.so (found suitable version "3.10.12", minimum required is "3.5") 
[4.555s] -- Using PYTHON_EXECUTABLE: /usr/bin/python3
[4.555s] -- Using PYTHON_INCLUDE_DIRS: /usr/include/python3.10
[4.555s] -- Using PYTHON_LIBRARIES: /usr/lib/x86_64-linux-gnu/libpython3.10.so
[4.623s] -- Found PythonExtra: .so  
[4.787s] -- Configuring done
[4.869s] -- Generating done
[4.874s] -- Build files have been written to: /home/foiegreis/ros2_fndm_ws/build/ros2_fndm_interface
