[1.069s] Invoking command in '/home/foiegreis/ros2_fndm_ws/build/py_actions': CMAKE_PREFIX_PATH=/home/foiegreis/ros2_fndm_ws/install/ros2_fndm_interface:/home/foiegreis/ros2_fndm_ws/install/ros2_fndm_bringup:/home/foiegreis/ros2_fndm_ws/install/cpp_actions:/home/foiegreis/ros2_fndm_ws/install/cpp_py_pkg:/home/foiegreis/ros2_fndm_ws/install/cpp_pkg:/home/foiegreis/ros2_ws_book/install/cpp_pkg:/home/foiegreis/ros2_ws/install/my_bringup:/home/foiegreis/ros2_ws/install/my_interface:/home/foiegreis/ros2_ws/install/my_description:/home/foiegreis/ros2_ws_yolo3d/install/yolo3d:/home/foiegreis/ros2_ws_yolo3d/install/omni_robot_description:/home/foiegreis/ros2_ws_yolo3d/install/omni_control:/home/foiegreis/ros2_ws_yolo3d/install/gazebo_simulation PYTHONPATH=/home/foiegreis/ros2_fndm_ws/build/py_actions/prefix_override:/home/foiegreis/ros2_fndm_ws/install/py_actions/lib/python3.10/site-packages:${PYTHONPATH} /usr/bin/python3 setup.py develop --editable --build-directory /home/foiegreis/ros2_fndm_ws/build/py_actions/build --no-deps install_data
[1.380s] running develop
[1.619s] running egg_info
[1.619s] writing py_actions.egg-info/PKG-INFO
[1.619s] writing dependency_links to py_actions.egg-info/dependency_links.txt
[1.619s] writing entry points to py_actions.egg-info/entry_points.txt
[1.619s] writing requirements to py_actions.egg-info/requires.txt
[1.619s] writing top-level names to py_actions.egg-info/top_level.txt
[1.621s] reading manifest file 'py_actions.egg-info/SOURCES.txt'
[1.622s] writing manifest file 'py_actions.egg-info/SOURCES.txt'
[1.623s] running build_ext
[1.623s] Creating /home/foiegreis/ros2_fndm_ws/install/py_actions/lib/python3.10/site-packages/py-actions.egg-link (link to .)
[1.624s] Installing fibonacci_cancel_client script to /home/foiegreis/ros2_fndm_ws/install/py_actions/lib/py_actions
[1.624s] Installing fibonacci_cancel_server script to /home/foiegreis/ros2_fndm_ws/install/py_actions/lib/py_actions
[1.624s] Installing fibonacci_client script to /home/foiegreis/ros2_fndm_ws/install/py_actions/lib/py_actions
[1.624s] Installing fibonacci_server script to /home/foiegreis/ros2_fndm_ws/install/py_actions/lib/py_actions
[1.625s] 
[1.625s] Installed /home/foiegreis/ros2_fndm_ws/build/py_actions
[1.625s] running install_data
[1.652s] Invoked command in '/home/foiegreis/ros2_fndm_ws/build/py_actions' returned '0': CMAKE_PREFIX_PATH=/home/foiegreis/ros2_fndm_ws/install/ros2_fndm_interface:/home/foiegreis/ros2_fndm_ws/install/ros2_fndm_bringup:/home/foiegreis/ros2_fndm_ws/install/cpp_actions:/home/foiegreis/ros2_fndm_ws/install/cpp_py_pkg:/home/foiegreis/ros2_fndm_ws/install/cpp_pkg:/home/foiegreis/ros2_ws_book/install/cpp_pkg:/home/foiegreis/ros2_ws/install/my_bringup:/home/foiegreis/ros2_ws/install/my_interface:/home/foiegreis/ros2_ws/install/my_description:/home/foiegreis/ros2_ws_yolo3d/install/yolo3d:/home/foiegreis/ros2_ws_yolo3d/install/omni_robot_description:/home/foiegreis/ros2_ws_yolo3d/install/omni_control:/home/foiegreis/ros2_ws_yolo3d/install/gazebo_simulation PYTHONPATH=/home/foiegreis/ros2_fndm_ws/build/py_actions/prefix_override:/home/foiegreis/ros2_fndm_ws/install/py_actions/lib/python3.10/site-packages:${PYTHONPATH} /usr/bin/python3 setup.py develop --editable --build-directory /home/foiegreis/ros2_fndm_ws/build/py_actions/build --no-deps install_data
